{'dt': 1.173577, 'sns': [289, 310, 365, 281, 312]}
{'dt': 11.697928, 'sns': [289, 310, 365, 281, 312]}
{'dt': 11.548467, 'sns': [289, 310, 366, 281, 312]}
{'dt': 11.511912, 'sns': [289, 310, 366, 281, 312]}
{'dt': 11.505208, 'sns': [288, 310, 366, 282, 313]}
{'dt': 11.507393, 'sns': [288, 310, 366, 282, 313]}
{'dt': 11.514042, 'sns': [289, 310, 366, 282, 312]}
{'dt': 11.502263, 'sns': [288, 310, 366, 282, 312]}
{'dt': 11.517264, 'sns': [289, 310, 366, 282, 313]}
{'dt': 11.506189, 'sns': [288, 310, 366, 282, 313]}
{'dt': 11.49382, 'sns': [288, 310, 366, 282, 313]}
{'dt': 11.489115, 'sns': [288, 310, 366, 282, 313]}
{'dt': 11.489357, 'sns': [288, 310, 366, 281, 313]}
{'dt': 11.490745, 'sns': [288, 310, 366, 282, 312]}
{'dt': 11.487875, 'sns': [288, 310, 366, 282, 313]}
{'dt': 11.499264, 'sns': [288, 310, 366, 282, 313]}
{'dt': 11.491412, 'sns': [288, 310, 366, 282, 313]}
{'dt': 11.491912, 'sns': [288, 310, 366, 282, 313]}
{'dt': 11.493986, 'sns': [289, 310, 366, 282, 313]}
{'dt': 11.490467, 'sns': [288, 310, 366, 281, 313]}
{'dt': 11.480801, 'sns': [288, 310, 366, 282, 313]}
{'dt': 11.492634, 'sns': [288, 310, 366, 282, 313]}
{'dt': 11.492042, 'sns': [288, 310, 366, 282, 313]}
{'dt': 11.485393, 'sns': [288, 310, 366, 282, 313]}
{'dt': 11.484561, 'sns': [289, 310, 366, 282, 313]}
{'dt': 11.481708, 'sns': [288, 310, 366, 282, 313]}
{'dt': 11.488819, 'sns': [288, 310, 366, 282, 313]}
{'dt': 11.474505, 'sns': [288, 310, 366, 282, 312]}
{'dt': 11.497356, 'sns': [288, 310, 367, 282, 313]}
{'dt': 11.496672, 'sns': [288, 310, 366, 282, 313]}
{'dt': 11.488264, 'sns': [288, 310, 367, 282, 313]}
{'dt': 11.484986, 'sns': [288, 310, 366, 282, 313]}
{'dt': 11.488819, 'sns': [289, 310, 366, 282, 313]}
{'dt': 11.513467, 'sns': [288, 310, 366, 282, 313]}
{'dt': 11.492208, 'sns': [288, 310, 366, 282, 313]}
{'dt': 11.489709, 'sns': [288, 310, 366, 282, 313]}
{'dt': 11.492319, 'sns': [288, 310, 366, 282, 313]}
{'dt': 11.488931, 'sns': [288, 310, 366, 282, 313]}
{'dt': 11.488578, 'sns': [288, 310, 366, 282, 313]}
{'dt': 11.488172, 'sns': [289, 310, 366, 282, 313]}
{'dt': 11.494578, 'sns': [288, 310, 367, 282, 314]}
{'dt': 11.528652, 'sns': [281, 299, 364, 282, 313]}
{'dt': 11.500227, 'sns': [288, 310, 366, 282, 313]}
{'dt': 11.492079, 'sns': [288, 310, 366, 282, 313]}
{'dt': 11.485134, 'sns': [288, 310, 367, 282, 313]}
{'dt': 11.471171, 'sns': [288, 310, 366, 282, 313]}
{'dt': 11.490838, 'sns': [288, 310, 367, 282, 313]}
{'dt': 11.514838, 'sns': [288, 310, 367, 282, 313]}
{'dt': 11.478505, 'sns': [288, 310, 366, 282, 313]}
{'dt': 11.502726, 'sns': [288, 310, 366, 282, 313]}
{'dt': 11.515653, 'sns': [288, 310, 367, 282, 313]}
{'dt': 11.496689, 'sns': [288, 310, 367, 282, 313]}
{'dt': 11.486931, 'sns': [288, 310, 366, 282, 313]}
{'dt': 11.489282, 'sns': [289, 310, 367, 282, 313]}
{'dt': 11.50006, 'sns': [288, 310, 367, 282, 313]}
{'dt': 11.495653, 'sns': [288, 310, 367, 282, 313]}
{'dt': 11.496078, 'sns': [288, 310, 367, 282, 313]}
{'dt': 11.490301, 'sns': [288, 310, 367, 282, 313]}
{'dt': 11.561282, 'sns': [288, 310, 367, 283, 313]}
{'dt': 12.019924, 'sns': [288, 310, 367, 282, 314]}
{'dt': 12.29205, 'sns': [288, 310, 367, 282, 313]}
{'dt': 12.25731, 'sns': [288, 310, 367, 283, 314]}
{'dt': 12.250772, 'sns': [288, 310, 367, 283, 314]}
{'dt': 12.27094, 'sns': [288, 310, 366, 283, 314]}
{'dt': 12.231199, 'sns': [287, 310, 366, 283, 314]}
{'dt': 12.265754, 'sns': [288, 310, 367, 283, 314]}
{'dt': 12.239347, 'sns': [288, 309, 366, 283, 314]}
{'dt': 12.260995, 'sns': [288, 310, 367, 282, 314]}
{'dt': 12.233995, 'sns': [288, 311, 367, 282, 313]}
{'dt': 12.286606, 'sns': [288, 310, 367, 282, 313]}
{'dt': 12.247644, 'sns': [288, 310, 367, 282, 313]}
{'dt': 12.230922, 'sns': [288, 310, 367, 282, 313]}
{'dt': 12.239514, 'sns': [288, 310, 367, 282, 313]}
{'dt': 12.2312, 'sns': [288, 310, 367, 282, 313]}
{'dt': 12.258366, 'sns': [288, 310, 366, 282, 313]}
{'dt': 12.266811, 'sns': [288, 310, 367, 282, 313]}
{'dt': 12.234107, 'sns': [288, 310, 367, 282, 313]}
{'dt': 12.24231, 'sns': [288, 310, 366, 282, 313]}
{'dt': 12.274625, 'sns': [288, 310, 367, 282, 314]}
{'dt': 12.242404, 'sns': [289, 310, 366, 282, 314]}
{'dt': 12.224959, 'sns': [288, 310, 366, 282, 314]}
{'dt': 12.232348, 'sns': [289, 310, 367, 281, 313]}
{'dt': 12.259255, 'sns': [288, 310, 366, 281, 314]}
{'dt': 12.281551, 'sns': [288, 310, 367, 281, 313]}
{'dt': 12.235255, 'sns': [288, 311, 367, 281, 313]}
{'dt': 12.230996, 'sns': [288, 310, 367, 282, 313]}
{'dt': 12.236663, 'sns': [288, 310, 367, 282, 313]}
{'dt': 12.22994, 'sns': [288, 310, 367, 282, 313]}
{'dt': 12.232681, 'sns': [288, 311, 367, 282, 313]}
{'dt': 12.226478, 'sns': [288, 311, 367, 282, 313]}
{'dt': 12.2297, 'sns': [288, 310, 367, 282, 313]}
{'dt': 12.209663, 'sns': [288, 311, 367, 282, 313]}
{'dt': 12.363568, 'sns': [288, 310, 367, 281, 313]}
{'dt': 12.245607, 'sns': [288, 310, 367, 281, 313]}
{'dt': 12.238626, 'sns': [289, 310, 367, 281, 313]}
{'dt': 12.264884, 'sns': [289, 310, 366, 281, 313]}
{'dt': 12.325273, 'sns': [289, 311, 367, 281, 313]}
{'dt': 12.247292, 'sns': [289, 310, 367, 281, 313]}
{'dt': 12.231941, 'sns': [289, 310, 367, 281, 313]}
{'dt': 12.243514, 'sns': [289, 311, 367, 281, 313]}
{'dt': 12.230829, 'sns': [288, 310, 367, 281, 313]}
{'dt': 12.049999, 'sns': [289, 300, 366, 281, 313]}
{'dt': 12.241977, 'sns': [289, 310, 367, 281, 313]}
{'dt': 12.244366, 'sns': [289, 310, 366, 281, 313]}
{'dt': 12.231182, 'sns': [289, 311, 367, 281, 313]}
{'dt': 12.223255, 'sns': [288, 310, 367, 281, 313]}
{'dt': 12.2392, 'sns': [288, 310, 367, 282, 313]}
{'dt': 12.23944, 'sns': [289, 311, 367, 282, 313]}
{'dt': 12.232774, 'sns': [289, 310, 367, 281, 314]}
{'dt': 12.272569, 'sns': [288, 310, 367, 282, 313]}
{'dt': 12.231145, 'sns': [288, 310, 366, 282, 314]}
{'dt': 12.22657, 'sns': [288, 311, 367, 282, 314]}
{'dt': 12.234366, 'sns': [288, 310, 367, 283, 314]}
{'dt': 12.232607, 'sns': [287, 311, 367, 282, 314]}
{'dt': 12.233182, 'sns': [288, 310, 367, 282, 314]}
{'dt': 12.236718, 'sns': [288, 310, 367, 282, 313]}
{'dt': 12.234273, 'sns': [287, 311, 367, 282, 314]}
{'dt': 12.259922, 'sns': [288, 310, 367, 282, 313]}
{'dt': 12.26994, 'sns': [288, 310, 367, 282, 313]}
{'dt': 12.239755, 'sns': [288, 311, 367, 282, 313]}
{'dt': 12.239293, 'sns': [288, 311, 368, 282, 313]}
{'dt': 12.22994, 'sns': [288, 310, 367, 282, 314]}
{'dt': 12.212922, 'sns': [288, 310, 367, 282, 313]}
{'dt': 12.256329, 'sns': [288, 310, 367, 282, 314]}
{'dt': 12.233256, 'sns': [288, 311, 367, 282, 313]}
{'dt': 12.229014, 'sns': [288, 311, 367, 282, 313]}
{'dt': 12.224126, 'sns': [287, 311, 367, 282, 314]}
{'dt': 12.28081, 'sns': [288, 310, 367, 282, 313]}
{'dt': 12.238829, 'sns': [288, 311, 367, 282, 313]}
{'dt': 12.235774, 'sns': [288, 310, 367, 282, 314]}
{'dt': 12.218422, 'sns': [288, 310, 368, 282, 314]}
{'dt': 12.263459, 'sns': [288, 310, 367, 282, 314]}
{'dt': 12.310773, 'sns': [288, 311, 367, 282, 313]}
{'dt': 12.081961, 'sns': [288, 310, 367, 282, 313]}
{'dt': 12.060942, 'sns': [288, 311, 367, 282, 313]}
{'dt': 12.043536, 'sns': [288, 311, 367, 282, 313]}
{'dt': 12.038702, 'sns': [288, 310, 367, 282, 313]}
{'dt': 12.041795, 'sns': [288, 310, 367, 282, 313]}
{'dt': 12.02622, 'sns': [288, 311, 367, 282, 314]}
{'dt': 12.027406, 'sns': [288, 310, 367, 282, 313]}
{'dt': 12.039777, 'sns': [288, 310, 367, 282, 313]}
{'dt': 12.170459, 'sns': [288, 310, 367, 282, 314]}
{'dt': 12.080239, 'sns': [288, 311, 367, 283, 314]}
{'dt': 12.036795, 'sns': [288, 310, 367, 282, 314]}
{'dt': 12.062054, 'sns': [288, 311, 367, 282, 314]}
{'dt': 12.022202, 'sns': [288, 311, 368, 282, 314]}
{'dt': 12.05098, 'sns': [288, 310, 367, 282, 313]}
{'dt': 12.030072, 'sns': [288, 310, 367, 282, 314]}
{'dt': 12.032832, 'sns': [288, 311, 367, 282, 314]}
{'dt': 12.033332, 'sns': [288, 311, 367, 282, 313]}
{'dt': 12.008462, 'sns': [288, 311, 368, 282, 313]}
{'dt': 12.031072, 'sns': [288, 311, 368, 282, 313]}
{'dt': 12.027537, 'sns': [288, 311, 367, 281, 313]}
{'dt': 12.022277, 'sns': [288, 311, 368, 281, 313]}
{'dt': 12.020851, 'sns': [288, 311, 368, 281, 313]}
{'dt': 12.019611, 'sns': [288, 311, 368, 281, 312]}
{'dt': 12.065906, 'sns': [288, 310, 367, 281, 313]}
{'dt': 12.032925, 'sns': [289, 311, 367, 281, 313]}
{'dt': 12.026518, 'sns': [289, 311, 367, 281, 313]}
{'dt': 12.057017, 'sns': [288, 311, 367, 281, 313]}
{'dt': 12.065129, 'sns': [288, 311, 368, 281, 313]}
{'dt': 12.047795, 'sns': [288, 310, 368, 282, 313]}
{'dt': 12.027833, 'sns': [288, 311, 367, 281, 313]}
{'dt': 12.015962, 'sns': [289, 311, 368, 281, 313]}
{'dt': 12.054314, 'sns': [289, 310, 367, 281, 313]}
{'dt': 12.021184, 'sns': [289, 311, 367, 281, 313]}
{'dt': 12.028815, 'sns': [289, 311, 367, 281, 313]}
{'dt': 12.045999, 'sns': [289, 311, 367, 281, 313]}
{'dt': 12.025166, 'sns': [289, 311, 367, 281, 313]}
{'dt': 12.019869, 'sns': [288, 310, 367, 281, 314]}
{'dt': 12.022592, 'sns': [289, 311, 367, 281, 313]}
{'dt': 12.024888, 'sns': [289, 311, 367, 281, 313]}
{'dt': 12.016055, 'sns': [289, 310, 367, 281, 313]}
{'dt': 12.02187, 'sns': [289, 311, 367, 281, 313]}
{'dt': 12.038462, 'sns': [289, 311, 367, 281, 313]}
{'dt': 12.002944, 'sns': [289, 311, 367, 281, 313]}
{'dt': 12.086314, 'sns': [289, 311, 367, 281, 313]}
{'dt': 12.043925, 'sns': [288, 311, 367, 281, 313]}
{'dt': 12.025721, 'sns': [289, 311, 367, 281, 314]}
{'dt': 12.014129, 'sns': [288, 310, 367, 281, 314]}
{'dt': 12.017185, 'sns': [289, 311, 367, 282, 313]}
{'dt': 12.044295, 'sns': [288, 311, 367, 282, 314]}
{'dt': 12.021889, 'sns': [289, 311, 367, 282, 313]}
{'dt': 12.021092, 'sns': [289, 310, 367, 282, 314]}
{'dt': 12.020018, 'sns': [288, 310, 367, 282, 314]}
{'dt': 12.02361, 'sns': [289, 310, 367, 282, 313]}
{'dt': 12.051369, 'sns': [288, 310, 368, 282, 314]}
{'dt': 12.046425, 'sns': [288, 311, 368, 282, 314]}
{'dt': 12.018092, 'sns': [288, 310, 368, 282, 314]}
{'dt': 12.013222, 'sns': [288, 310, 368, 282, 314]}
{'dt': 12.019185, 'sns': [288, 311, 368, 282, 314]}
{'dt': 12.025314, 'sns': [287, 311, 368, 282, 313]}
{'dt': 12.016907, 'sns': [288, 311, 368, 282, 313]}
{'dt': 12.047443, 'sns': [288, 311, 368, 283, 314]}
{'dt': 12.020055, 'sns': [287, 311, 368, 282, 314]}
{'dt': 12.017573, 'sns': [288, 310, 368, 283, 313]}
{'dt': 12.01763, 'sns': [288, 311, 368, 283, 314]}
{'dt': 12.022369, 'sns': [287, 311, 368, 283, 314]}
{'dt': 12.011648, 'sns': [288, 311, 368, 283, 314]}
{'dt': 12.023814, 'sns': [287, 311, 368, 282, 314]}
{'dt': 12.04811, 'sns': [287, 311, 368, 282, 313]}
{'dt': 12.021925, 'sns': [287, 311, 368, 283, 314]}
{'dt': 12.051407, 'sns': [288, 311, 368, 282, 314]}
{'dt': 12.019499, 'sns': [288, 311, 368, 282, 313]}
{'dt': 12.014407, 'sns': [288, 310, 367, 282, 314]}
{'dt': 12.024685, 'sns': [288, 311, 367, 282, 313]}
{'dt': 12.008351, 'sns': [288, 310, 367, 282, 314]}
{'dt': 12.011, 'sns': [288, 311, 368, 282, 314]}
{'dt': 12.024054, 'sns': [288, 311, 368, 282, 314]}
{'dt': 12.020518, 'sns': [288, 310, 368, 282, 314]}
{'dt': 12.080906, 'sns': [288, 311, 368, 282, 314]}
{'dt': 12.026407, 'sns': [288, 310, 368, 282, 314]}
{'dt': 12.020222, 'sns': [288, 310, 368, 282, 314]}
{'dt': 12.01537, 'sns': [288, 311, 368, 282, 314]}
{'dt': 12.019462, 'sns': [287, 311, 368, 282, 314]}
{'dt': 12.054647, 'sns': [288, 311, 368, 282, 314]}
{'dt': 12.024166, 'sns': [288, 311, 368, 282, 314]}
{'dt': 12.026907, 'sns': [288, 311, 368, 283, 314]}
{'dt': 12.015425, 'sns': [287, 311, 368, 283, 314]}
{'dt': 12.026092, 'sns': [287, 311, 368, 283, 314]}
{'dt': 12.021888, 'sns': [287, 311, 368, 283, 314]}
{'dt': 12.019574, 'sns': [287, 311, 368, 283, 314]}
{'dt': 12.016703, 'sns': [288, 311, 368, 283, 314]}
{'dt': 12.011555, 'sns': [288, 311, 368, 283, 314]}
{'dt': 12.01861, 'sns': [287, 311, 368, 282, 314]}
{'dt': 12.042314, 'sns': [288, 310, 368, 283, 314]}
{'dt': 12.018129, 'sns': [287, 311, 368, 283, 314]}
{'dt': 12.041111, 'sns': [288, 311, 368, 283, 314]}
{'dt': 12.005444, 'sns': [288, 310, 368, 283, 314]}
{'dt': 12.020906, 'sns': [287, 311, 368, 282, 314]}
{'dt': 12.009074, 'sns': [288, 311, 368, 282, 313]}
{'dt': 12.012203, 'sns': [288, 311, 368, 282, 314]}
{'dt': 12.018296, 'sns': [288, 311, 368, 282, 314]}
{'dt': 12.045554, 'sns': [288, 311, 368, 282, 314]}
{'dt': 12.019, 'sns': [287, 311, 368, 282, 314]}
{'dt': 12.019444, 'sns': [288, 311, 368, 283, 314]}
{'dt': 12.022186, 'sns': [287, 312, 368, 282, 314]}
{'dt': 12.013907, 'sns': [288, 311, 368, 282, 313]}
{'dt': 12.006463, 'sns': [288, 311, 368, 282, 313]}
{'dt': 12.017797, 'sns': [288, 310, 368, 282, 313]}
{'dt': 12.040537, 'sns': [288, 311, 368, 282, 313]}
{'dt': 12.021518, 'sns': [288, 311, 368, 282, 313]}
{'dt': 12.021056, 'sns': [288, 311, 368, 282, 313]}
{'dt': 12.014833, 'sns': [288, 311, 368, 282, 313]}
{'dt': 12.069092, 'sns': [288, 311, 368, 281, 313]}
{'dt': 12.023815, 'sns': [288, 311, 368, 281, 313]}
{'dt': 12.015945, 'sns': [288, 311, 368, 281, 314]}
{'dt': 12.015315, 'sns': [288, 311, 368, 282, 314]}
{'dt': 12.011815, 'sns': [288, 311, 368, 282, 313]}
{'dt': 12.005315, 'sns': [288, 311, 368, 282, 313]}
{'dt': 12.010074, 'sns': [288, 311, 368, 282, 313]}
{'dt': 12.012908, 'sns': [288, 311, 368, 281, 313]}
{'dt': 12.01037, 'sns': [288, 311, 368, 281, 313]}
{'dt': 12.008871, 'sns': [288, 311, 368, 281, 313]}
{'dt': 12.020944, 'sns': [289, 311, 368, 281, 313]}
{'dt': 12.046778, 'sns': [289, 311, 368, 281, 311]}
{'dt': 12.022741, 'sns': [289, 311, 367, 281, 313]}
{'dt': 12.017018, 'sns': [289, 311, 367, 281, 314]}
{'dt': 12.013593, 'sns': [289, 311, 368, 281, 313]}
{'dt': 12.008593, 'sns': [288, 310, 368, 281, 314]}
{'dt': 12.041518, 'sns': [288, 311, 368, 282, 313]}
{'dt': 12.06313, 'sns': [288, 310, 368, 281, 313]}
{'dt': 12.024018, 'sns': [289, 311, 368, 282, 313]}
{'dt': 12.01213, 'sns': [288, 311, 368, 282, 314]}
{'dt': 12.01487, 'sns': [288, 311, 368, 282, 314]}
{'dt': 12.088555, 'sns': [288, 311, 368, 282, 314]}
{'dt': 12.032241, 'sns': [288, 311, 368, 282, 314]}
{'dt': 12.027241, 'sns': [288, 311, 368, 282, 314]}
{'dt': 12.024055, 'sns': [288, 311, 368, 282, 314]}
{'dt': 12.022574, 'sns': [288, 311, 368, 282, 314]}
{'dt': 12.055889, 'sns': [288, 311, 368, 282, 313]}
{'dt': 12.02387, 'sns': [288, 311, 368, 282, 313]}
{'dt': 12.020537, 'sns': [288, 311, 368, 282, 314]}
{'dt': 12.022519, 'sns': [288, 311, 369, 282, 313]}
{'dt': 12.023352, 'sns': [288, 311, 368, 282, 313]}
{'dt': 12.023611, 'sns': [288, 311, 368, 282, 313]}
{'dt': 12.023148, 'sns': [288, 311, 369, 282, 313]}
{'dt': 12.022797, 'sns': [288, 311, 368, 282, 313]}
{'dt': 12.039888, 'sns': [288, 311, 369, 282, 313]}
{'dt': 12.089, 'sns': [287, 311, 369, 282, 313]}
{'dt': 12.029111, 'sns': [288, 311, 369, 282, 313]}
{'dt': 12.029611, 'sns': [288, 311, 369, 281, 313]}
{'dt': 12.021129, 'sns': [288, 311, 369, 281, 313]}
{'dt': 12.015519, 'sns': [289, 311, 369, 281, 312]}
{'dt': 12.0225, 'sns': [288, 311, 369, 282, 313]}
{'dt': 12.021815, 'sns': [288, 311, 369, 282, 313]}
{'dt': 12.012537, 'sns': [288, 311, 369, 282, 313]}
{'dt': 12.058592, 'sns': [288, 311, 369, 281, 313]}
{'dt': 12.025982, 'sns': [289, 311, 369, 282, 313]}
{'dt': 12.054703, 'sns': [288, 311, 368, 281, 313]}
{'dt': 12.020926, 'sns': [288, 311, 368, 281, 313]}
{'dt': 12.030685, 'sns': [288, 311, 369, 281, 313]}
{'dt': 12.016445, 'sns': [288, 311, 369, 282, 314]}
{'dt': 12.020315, 'sns': [288, 311, 369, 282, 313]}
{'dt': 12.016944, 'sns': [287, 311, 369, 282, 313]}
{'dt': 12.053815, 'sns': [287, 311, 369, 283, 313]}
{'dt': 12.019537, 'sns': [288, 311, 369, 282, 313]}
{'dt': 12.013852, 'sns': [288, 311, 369, 283, 314]}
{'dt': 12.04613, 'sns': [287, 312, 369, 283, 313]}
{'dt': 12.32807, 'sns': [287, 311, 369, 283, 314]}
{'dt': 12.058944, 'sns': [287, 312, 369, 283, 313]}
{'dt': 12.028389, 'sns': [287, 311, 369, 283, 313]}
{'dt': 12.016315, 'sns': [287, 311, 369, 282, 314]}
{'dt': 12.024815, 'sns': [287, 312, 369, 283, 313]}
{'dt': 12.059721, 'sns': [288, 311, 369, 282, 313]}
{'dt': 12.034648, 'sns': [288, 311, 369, 282, 313]}
{'dt': 12.023723, 'sns': [288, 311, 369, 282, 313]}
{'dt': 12.030389, 'sns': [287, 312, 369, 282, 313]}
{'dt': 12.014296, 'sns': [288, 312, 369, 282, 313]}
{'dt': 12.024019, 'sns': [287, 311, 369, 282, 313]}
{'dt': 12.056277, 'sns': [288, 311, 369, 282, 313]}
{'dt': 12.03463, 'sns': [288, 311, 369, 282, 313]}
{'dt': 12.047851, 'sns': [288, 311, 369, 281, 313]}
{'dt': 12.014519, 'sns': [288, 311, 369, 281, 312]}
{'dt': 12.05474, 'sns': [288, 311, 369, 281, 313]}
{'dt': 12.02363, 'sns': [288, 311, 370, 281, 313]}
{'dt': 12.022981, 'sns': [288, 311, 369, 281, 312]}
{'dt': 12.004001, 'sns': [288, 311, 369, 281, 312]}
{'dt': 12.019018, 'sns': [288, 311, 369, 281, 312]}
{'dt': 12.044945, 'sns': [288, 311, 369, 281, 312]}
{'dt': 12.012946, 'sns': [288, 311, 369, 281, 313]}
{'dt': 12.014019, 'sns': [288, 311, 369, 281, 313]}
{'dt': 12.01476, 'sns': [288, 311, 369, 281, 313]}
{'dt': 12.020149, 'sns': [288, 312, 369, 281, 313]}
{'dt': 12.045223, 'sns': [288, 311, 369, 282, 313]}
{'dt': 12.064519, 'sns': [288, 311, 369, 282, 313]}
{'dt': 12.021074, 'sns': [288, 311, 369, 282, 313]}
{'dt': 12.021205, 'sns': [288, 311, 369, 282, 313]}
{'dt': 12.016927, 'sns': [288, 311, 369, 282, 313]}
{'dt': 12.093351, 'sns': [288, 311, 370, 282, 312]}
{'dt': 12.035668, 'sns': [287, 311, 369, 282, 313]}
{'dt': 12.023204, 'sns': [287, 312, 370, 282, 313]}
{'dt': 12.018538, 'sns': [287, 312, 370, 282, 313]}
{'dt': 12.055241, 'sns': [288, 312, 370, 282, 313]}
{'dt': 12.030834, 'sns': [287, 312, 370, 282, 313]}
{'dt': 12.029834, 'sns': [287, 312, 370, 283, 313]}
{'dt': 12.021649, 'sns': [287, 312, 370, 283, 313]}
{'dt': 12.015223, 'sns': [287, 312, 370, 282, 313]}
{'dt': 12.026093, 'sns': [287, 312, 370, 283, 313]}
{'dt': 12.028001, 'sns': [287, 311, 370, 283, 313]}
{'dt': 12.169851, 'sns': [287, 312, 369, 283, 313]}
{'dt': 12.048537, 'sns': [287, 312, 370, 283, 313]}
{'dt': 12.025038, 'sns': [287, 312, 369, 282, 314]}
{'dt': 12.044908, 'sns': [287, 311, 369, 282, 313]}
{'dt': 12.016204, 'sns': [288, 311, 369, 282, 313]}
{'dt': 12.01139, 'sns': [288, 311, 369, 282, 313]}
{'dt': 12.059852, 'sns': [288, 311, 369, 282, 314]}
{'dt': 12.037204, 'sns': [288, 311, 369, 282, 314]}
{'dt': 12.015205, 'sns': [288, 311, 369, 282, 313]}
{'dt': 12.022371, 'sns': [287, 312, 369, 282, 313]}
{'dt': 12.020927, 'sns': [288, 311, 369, 282, 313]}
{'dt': 12.021149, 'sns': [287, 312, 370, 282, 313]}
{'dt': 12.01076, 'sns': [287, 312, 370, 283, 313]}
{'dt': 12.046815, 'sns': [287, 312, 370, 283, 313]}
{'dt': 12.026779, 'sns': [287, 312, 370, 282, 313]}
{'dt': 12.031315, 'sns': [287, 312, 370, 282, 313]}
{'dt': 12.021038, 'sns': [287, 312, 370, 283, 313]}
{'dt': 12.024482, 'sns': [287, 312, 370, 283, 313]}
{'dt': 12.009964, 'sns': [287, 312, 370, 283, 313]}
{'dt': 12.024778, 'sns': [287, 312, 370, 283, 313]}
{'dt': 12.020483, 'sns': [287, 312, 370, 283, 313]}
{'dt': 12.019482, 'sns': [287, 312, 370, 283, 313]}
{'dt': 12.015945, 'sns': [287, 312, 370, 283, 313]}
{'dt': 12.075963, 'sns': [287, 312, 370, 283, 313]}
{'dt': 12.023001, 'sns': [287, 312, 370, 283, 313]}
{'dt': 12.023649, 'sns': [287, 312, 370, 283, 313]}
{'dt': 12.061389, 'sns': [287, 312, 370, 283, 313]}
{'dt': 12.019223, 'sns': [286, 311, 370, 283, 314]}
{'dt': 12.009334, 'sns': [287, 312, 370, 284, 314]}
{'dt': 12.017075, 'sns': [287, 312, 370, 284, 313]}
{'dt': 12.010223, 'sns': [287, 311, 370, 283, 314]}
{'dt': 12.061019, 'sns': [287, 311, 370, 284, 314]}
{'dt': 12.076815, 'sns': [286, 311, 370, 283, 314]}
{'dt': 12.105426, 'sns': [287, 312, 370, 284, 314]}
{'dt': 12.045389, 'sns': [287, 312, 370, 283, 313]}
{'dt': 12.033149, 'sns': [286, 312, 370, 283, 313]}
{'dt': 12.020241, 'sns': [286, 312, 370, 283, 313]}
{'dt': 12.024649, 'sns': [286, 312, 370, 283, 313]}
{'dt': 12.061075, 'sns': [286, 312, 371, 283, 313]}
{'dt': 12.040426, 'sns': [286, 312, 371, 283, 313]}
{'dt': 12.063241, 'sns': [286, 312, 370, 283, 312]}
{'dt': 12.048593, 'sns': [286, 312, 371, 283, 313]}
{'dt': 12.051241, 'sns': [286, 312, 371, 283, 312]}
{'dt': 12.070908, 'sns': [286, 312, 371, 283, 312]}
{'dt': 12.030889, 'sns': [286, 312, 371, 283, 312]}
{'dt': 12.026538, 'sns': [286, 312, 360, 283, 312]}
{'dt': 12.027278, 'sns': [287, 312, 371, 284, 312]}
{'dt': 12.051779, 'sns': [286, 312, 371, 283, 312]}
{'dt': 12.023649, 'sns': [286, 312, 371, 283, 312]}
{'dt': 12.018871, 'sns': [287, 312, 371, 284, 312]}
{'dt': 12.034871, 'sns': [286, 312, 371, 283, 312]}
{'dt': 12.024686, 'sns': [287, 312, 372, 284, 312]}
{'dt': 12.027648, 'sns': [286, 312, 371, 283, 312]}
{'dt': 12.020131, 'sns': [286, 312, 371, 283, 312]}
{'dt': 12.019223, 'sns': [286, 312, 372, 283, 312]}
{'dt': 12.019778, 'sns': [286, 312, 372, 283, 312]}
{'dt': 12.014705, 'sns': [287, 312, 372, 283, 312]}
{'dt': 12.048056, 'sns': [286, 312, 372, 283, 312]}
{'dt': 12.02626, 'sns': [286, 312, 372, 283, 311]}
{'dt': 12.024927, 'sns': [286, 312, 372, 283, 311]}
{'dt': 12.018871, 'sns': [286, 312, 372, 284, 312]}
{'dt': 12.017297, 'sns': [286, 312, 372, 284, 312]}
{'dt': 12.054001, 'sns': [286, 312, 372, 283, 312]}
{'dt': 12.028131, 'sns': [286, 312, 372, 284, 311]}
{'dt': 12.014946, 'sns': [286, 312, 372, 284, 311]}
{'dt': 12.01652, 'sns': [286, 312, 372, 283, 311]}
{'dt': 12.028927, 'sns': [286, 313, 372, 284, 311]}
{'dt': 12.033465, 'sns': [286, 312, 372, 284, 311]}
{'dt': 12.020742, 'sns': [286, 312, 372, 283, 311]}
{'dt': 12.023872, 'sns': [286, 312, 372, 283, 311]}
{'dt': 12.034723, 'sns': [286, 312, 372, 283, 311]}
{'dt': 12.019724, 'sns': [286, 312, 373, 283, 311]}
{'dt': 12.051501, 'sns': [286, 312, 372, 284, 311]}
{'dt': 12.026298, 'sns': [286, 312, 373, 283, 311]}
{'dt': 12.102926, 'sns': [286, 312, 373, 283, 311]}
{'dt': 12.01865, 'sns': [286, 312, 373, 283, 311]}
{'dt': 12.016853, 'sns': [286, 313, 373, 283, 311]}
{'dt': 12.045464, 'sns': [286, 312, 372, 283, 311]}
{'dt': 12.025242, 'sns': [287, 312, 372, 283, 311]}
{'dt': 12.01228, 'sns': [287, 312, 372, 283, 311]}
{'dt': 12.029575, 'sns': [287, 312, 372, 283, 312]}
{'dt': 12.018316, 'sns': [287, 312, 372, 283, 312]}
{'dt': 12.051001, 'sns': [286, 312, 372, 283, 312]}
{'dt': 12.045557, 'sns': [287, 312, 372, 283, 312]}
{'dt': 12.027187, 'sns': [287, 312, 372, 283, 309]}
{'dt': 12.015983, 'sns': [286, 312, 372, 283, 311]}
{'dt': 12.021186, 'sns': [286, 312, 373, 284, 311]}
{'dt': 12.02765, 'sns': [286, 312, 372, 284, 311]}
{'dt': 12.015797, 'sns': [286, 312, 372, 283, 311]}
{'dt': 12.01665, 'sns': [286, 312, 372, 283, 311]}
{'dt': 12.008317, 'sns': [286, 312, 372, 284, 311]}
{'dt': 12.015186, 'sns': [286, 313, 373, 284, 311]}
{'dt': 12.021409, 'sns': [286, 312, 372, 283, 311]}
{'dt': 12.015816, 'sns': [286, 313, 373, 284, 311]}
{'dt': 12.014835, 'sns': [286, 312, 372, 284, 311]}
{'dt': 12.015631, 'sns': [286, 312, 372, 284, 311]}
{'dt': 12.015113, 'sns': [286, 312, 373, 284, 311]}
{'dt': 12.045057, 'sns': [285, 312, 372, 284, 311]}
{'dt': 12.023186, 'sns': [286, 312, 372, 284, 311]}
{'dt': 12.02052, 'sns': [285, 312, 372, 284, 311]}
{'dt': 12.046946, 'sns': [286, 312, 372, 284, 311]}
{'dt': 12.021761, 'sns': [286, 312, 372, 284, 311]}
{'dt': 12.020779, 'sns': [285, 312, 372, 284, 312]}
{'dt': 12.022279, 'sns': [286, 312, 372, 284, 312]}
{'dt': 12.017594, 'sns': [286, 312, 372, 284, 312]}
{'dt': 12.024316, 'sns': [286, 312, 372, 284, 312]}
{'dt': 12.010428, 'sns': [286, 312, 372, 284, 312]}
{'dt': 12.04889, 'sns': [286, 312, 372, 284, 312]}
{'dt': 12.020223, 'sns': [286, 312, 372, 284, 312]}
{'dt': 12.016391, 'sns': [286, 312, 372, 284, 312]}
{'dt': 12.01815, 'sns': [286, 312, 372, 284, 312]}
{'dt': 12.008538, 'sns': [286, 312, 372, 284, 312]}
{'dt': 12.054372, 'sns': [286, 312, 372, 284, 312]}
{'dt': 12.009242, 'sns': [286, 312, 372, 284, 312]}
{'dt': 12.01189, 'sns': [286, 312, 372, 284, 312]}
{'dt': 12.023057, 'sns': [286, 312, 372, 284, 312]}
{'dt': 12.063742, 'sns': [286, 312, 372, 284, 311]}
{'dt': 12.068982, 'sns': [286, 312, 372, 284, 312]}
{'dt': 12.067372, 'sns': [286, 312, 372, 284, 311]}
{'dt': 12.030723, 'sns': [286, 312, 372, 284, 311]}
{'dt': 12.013576, 'sns': [286, 312, 372, 284, 311]}
{'dt': 12.058408, 'sns': [286, 312, 373, 284, 311]}
{'dt': 12.025039, 'sns': [285, 312, 372, 284, 311]}
{'dt': 12.14837, 'sns': [286, 312, 373, 284, 311]}
{'dt': 12.109574, 'sns': [285, 312, 372, 284, 311]}
{'dt': 12.108075, 'sns': [286, 312, 372, 284, 311]}
{'dt': 12.129666, 'sns': [286, 312, 372, 284, 312]}
{'dt': 12.132612, 'sns': [286, 312, 372, 284, 311]}
{'dt': 12.03102, 'sns': [286, 312, 372, 284, 312]}
{'dt': 12.032556, 'sns': [286, 312, 372, 284, 312]}
{'dt': 12.020706, 'sns': [286, 312, 372, 284, 312]}
{'dt': 12.028353, 'sns': [286, 312, 372, 284, 311]}
{'dt': 12.027094, 'sns': [286, 312, 372, 284, 312]}
{'dt': 12.018983, 'sns': [286, 312, 372, 284, 312]}
{'dt': 12.059093, 'sns': [286, 312, 372, 284, 312]}
{'dt': 12.025316, 'sns': [286, 312, 372, 284, 312]}
{'dt': 12.050613, 'sns': [286, 312, 372, 284, 312]}
{'dt': 12.016316, 'sns': [286, 312, 372, 284, 311]}
{'dt': 12.018983, 'sns': [286, 312, 372, 283, 311]}
{'dt': 12.044483, 'sns': [286, 312, 372, 284, 311]}
{'dt': 12.03176, 'sns': [285, 311, 372, 283, 311]}
{'dt': 12.010168, 'sns': [286, 312, 372, 284, 311]}
{'dt': 12.018354, 'sns': [286, 312, 372, 284, 311]}
{'dt': 12.025594, 'sns': [286, 312, 372, 283, 311]}
{'dt': 12.015649, 'sns': [286, 312, 372, 283, 311]}
{'dt': 12.013132, 'sns': [285, 312, 372, 283, 311]}
{'dt': 12.020947, 'sns': [286, 312, 372, 284, 310]}
{'dt': 12.022317, 'sns': [286, 312, 372, 284, 311]}
{'dt': 12.016928, 'sns': [286, 312, 372, 283, 311]}
{'dt': 12.021058, 'sns': [286, 312, 373, 284, 311]}
{'dt': 12.015298, 'sns': [286, 312, 372, 283, 311]}
{'dt': 12.079724, 'sns': [286, 312, 372, 283, 311]}
{'dt': 12.019613, 'sns': [286, 312, 372, 284, 311]}
{'dt': 12.017428, 'sns': [286, 312, 372, 284, 311]}
{'dt': 12.007224, 'sns': [286, 312, 372, 284, 312]}
{'dt': 12.01341, 'sns': [286, 312, 372, 283, 312]}
{'dt': 12.034021, 'sns': [286, 312, 372, 283, 312]}
{'dt': 12.02102, 'sns': [286, 312, 372, 284, 312]}
{'dt': 12.046058, 'sns': [286, 312, 371, 283, 312]}
{'dt': 12.031002, 'sns': [287, 312, 372, 283, 312]}
{'dt': 12.029113, 'sns': [287, 312, 371, 283, 312]}
{'dt': 12.061483, 'sns': [287, 312, 371, 283, 311]}
{'dt': 12.015928, 'sns': [287, 312, 372, 282, 312]}
{'dt': 12.020576, 'sns': [287, 312, 371, 282, 312]}
{'dt': 12.022187, 'sns': [287, 312, 371, 282, 311]}
{'dt': 12.01828, 'sns': [287, 312, 371, 282, 312]}
{'dt': 12.056669, 'sns': [287, 312, 371, 282, 312]}
{'dt': 12.028131, 'sns': [287, 312, 372, 283, 311]}
{'dt': 12.053317, 'sns': [287, 312, 372, 283, 311]}
{'dt': 12.05689, 'sns': [287, 312, 372, 283, 311]}
{'dt': 12.020354, 'sns': [286, 312, 371, 283, 311]}
{'dt': 12.024632, 'sns': [286, 312, 372, 284, 311]}
{'dt': 12.013373, 'sns': [286, 312, 372, 283, 311]}
{'dt': 12.035279, 'sns': [286, 312, 360, 283, 311]}
{'dt': 12.03228, 'sns': [286, 312, 372, 283, 311]}
{'dt': 12.118983, 'sns': [286, 311, 371, 283, 311]}
{'dt': 12.030539, 'sns': [287, 312, 371, 282, 311]}
{'dt': 12.023891, 'sns': [287, 312, 371, 282, 311]}
{'dt': 12.021613, 'sns': [288, 311, 371, 282, 311]}
{'dt': 12.02328, 'sns': [288, 311, 371, 281, 312]}
{'dt': 12.055205, 'sns': [288, 311, 370, 280, 312]}
{'dt': 12.019335, 'sns': [289, 311, 370, 280, 311]}
{'dt': 12.01604, 'sns': [289, 311, 370, 281, 312]}
{'dt': 12.02265, 'sns': [289, 311, 370, 281, 311]}
{'dt': 12.01728, 'sns': [289, 311, 370, 281, 311]}
{'dt': 12.075501, 'sns': [289, 311, 370, 281, 312]}
{'dt': 12.019262, 'sns': [288, 311, 370, 281, 312]}
{'dt': 12.026354, 'sns': [288, 311, 371, 281, 311]}
{'dt': 12.013613, 'sns': [288, 311, 371, 282, 311]}
{'dt': 12.010891, 'sns': [288, 311, 371, 282, 311]}
{'dt': 12.012595, 'sns': [288, 311, 370, 281, 311]}
{'dt': 12.01415, 'sns': [288, 311, 371, 281, 311]}
{'dt': 12.018243, 'sns': [288, 311, 371, 281, 311]}
{'dt': 12.014188, 'sns': [288, 311, 371, 281, 311]}
{'dt': 12.014576, 'sns': [288, 311, 371, 281, 311]}
{'dt': 12.05452, 'sns': [288, 311, 371, 281, 311]}
{'dt': 12.010187, 'sns': [288, 311, 371, 281, 311]}
{'dt': 12.016317, 'sns': [288, 311, 371, 281, 311]}
{'dt': 12.012892, 'sns': [288, 311, 371, 281, 311]}
{'dt': 12.013872, 'sns': [288, 311, 371, 281, 311]}
{'dt': 12.038058, 'sns': [288, 311, 371, 281, 311]}
{'dt': 12.058298, 'sns': [288, 311, 371, 282, 311]}
{'dt': 12.051149, 'sns': [288, 311, 371, 281, 311]}
{'dt': 12.022373, 'sns': [288, 311, 371, 281, 311]}
{'dt': 12.025854, 'sns': [288, 311, 371, 281, 311]}
{'dt': 12.009409, 'sns': [288, 311, 370, 281, 311]}
{'dt': 12.012725, 'sns': [288, 311, 371, 281, 311]}
{'dt': 12.008873, 'sns': [288, 311, 371, 281, 311]}
{'dt': 12.021242, 'sns': [288, 311, 371, 282, 311]}
{'dt': 12.016984, 'sns': [288, 311, 371, 282, 311]}
{'dt': 12.033706, 'sns': [288, 311, 371, 282, 311]}
{'dt': 12.048909, 'sns': [288, 311, 371, 282, 311]}
{'dt': 12.028057, 'sns': [287, 312, 371, 282, 311]}
{'dt': 12.009447, 'sns': [287, 312, 372, 282, 311]}
{'dt': 12.014836, 'sns': [287, 312, 372, 282, 311]}
{'dt': 12.043113, 'sns': [287, 312, 371, 282, 311]}
{'dt': 12.019168, 'sns': [287, 312, 372, 283, 310]}
{'dt': 12.020169, 'sns': [287, 312, 372, 283, 311]}
{'dt': 12.020021, 'sns': [287, 312, 372, 283, 311]}
{'dt': 12.050724, 'sns': [287, 312, 372, 283, 311]}
{'dt': 12.048946, 'sns': [287, 312, 372, 282, 311]}
{'dt': 12.016799, 'sns': [287, 312, 372, 283, 311]}
{'dt': 12.02602, 'sns': [287, 312, 372, 283, 311]}
{'dt': 12.011576, 'sns': [287, 312, 371, 283, 311]}
{'dt': 12.017262, 'sns': [287, 312, 371, 283, 311]}
{'dt': 12.039835, 'sns': [287, 311, 371, 283, 311]}
{'dt': 12.026465, 'sns': [287, 312, 371, 283, 311]}
{'dt': 12.015799, 'sns': [287, 312, 372, 284, 312]}
{'dt': 12.085853, 'sns': [286, 311, 371, 284, 312]}
{'dt': 12.010892, 'sns': [286, 311, 371, 284, 312]}
{'dt': 12.055354, 'sns': [286, 311, 371, 284, 312]}
{'dt': 12.018374, 'sns': [287, 311, 371, 284, 312]}
{'dt': 12.023502, 'sns': [287, 311, 370, 283, 312]}
{'dt': 12.010188, 'sns': [287, 311, 370, 282, 312]}
{'dt': 12.017503, 'sns': [287, 311, 371, 282, 311]}
{'dt': 12.047632, 'sns': [287, 311, 370, 282, 312]}
{'dt': 12.021874, 'sns': [288, 311, 371, 282, 311]}
{'dt': 12.009039, 'sns': [287, 312, 371, 282, 311]}
{'dt': 12.022744, 'sns': [287, 312, 371, 282, 311]}
{'dt': 12.009373, 'sns': [287, 312, 371, 282, 311]}
{'dt': 12.014781, 'sns': [287, 311, 371, 282, 311]}
{'dt': 12.006318, 'sns': [287, 312, 371, 282, 311]}
{'dt': 12.01478, 'sns': [287, 312, 371, 283, 312]}
{'dt': 12.053743, 'sns': [287, 311, 371, 283, 311]}
{'dt': 12.024059, 'sns': [286, 312, 372, 283, 311]}
{'dt': 12.041817, 'sns': [286, 312, 372, 284, 311]}
{'dt': 12.019818, 'sns': [286, 312, 372, 283, 311]}
{'dt': 12.019762, 'sns': [286, 312, 371, 283, 311]}
{'dt': 12.021502, 'sns': [286, 312, 372, 283, 311]}
{'dt': 12.041318, 'sns': [287, 312, 371, 283, 311]}
{'dt': 12.012614, 'sns': [286, 312, 372, 283, 311]}
{'dt': 12.009484, 'sns': [286, 312, 372, 283, 311]}
{'dt': 12.002929, 'sns': [286, 312, 372, 282, 310]}
{'dt': 12.002633, 'sns': [287, 312, 372, 282, 310]}
{'dt': 12.04815, 'sns': [286, 312, 372, 282, 310]}
{'dt': 12.017966, 'sns': [286, 312, 372, 282, 309]}
{'dt': 12.016577, 'sns': [287, 312, 372, 282, 310]}
{'dt': 12.009577, 'sns': [287, 312, 372, 282, 310]}
{'dt': 12.01067, 'sns': [287, 312, 372, 282, 310]}
{'dt': 12.022391, 'sns': [287, 312, 372, 282, 310]}
{'dt': 12.036688, 'sns': [287, 311, 371, 282, 310]}
{'dt': 12.06341, 'sns': [287, 311, 371, 282, 311]}
{'dt': 12.011077, 'sns': [288, 311, 371, 282, 310]}
{'dt': 12.014336, 'sns': [288, 311, 371, 281, 311]}
{'dt': 12.115779, 'sns': [289, 311, 371, 281, 310]}
{'dt': 12.021355, 'sns': [289, 311, 370, 280, 311]}
{'dt': 12.014095, 'sns': [289, 311, 370, 280, 311]}
{'dt': 12.019355, 'sns': [289, 311, 371, 281, 311]}
{'dt': 12.010632, 'sns': [289, 311, 370, 280, 311]}
{'dt': 12.016688, 'sns': [289, 311, 371, 281, 311]}
{'dt': 12.013522, 'sns': [288, 311, 371, 281, 311]}
{'dt': 12.03991, 'sns': [288, 311, 371, 281, 311]}
{'dt': 12.028058, 'sns': [289, 311, 371, 281, 311]}
{'dt': 12.004762, 'sns': [288, 311, 371, 281, 311]}
{'dt': 12.041281, 'sns': [289, 311, 371, 281, 310]}
{'dt': 12.017039, 'sns': [288, 311, 371, 281, 311]}
{'dt': 12.016448, 'sns': [288, 311, 371, 281, 311]}
{'dt': 12.005262, 'sns': [288, 311, 371, 281, 310]}
{'dt': 12.006633, 'sns': [288, 311, 371, 281, 310]}
{'dt': 12.041224, 'sns': [288, 311, 372, 281, 310]}
{'dt': 12.052855, 'sns': [288, 311, 371, 281, 310]}
{'dt': 12.014743, 'sns': [288, 311, 371, 281, 310]}
{'dt': 12.023077, 'sns': [287, 311, 371, 282, 310]}
{'dt': 12.011169, 'sns': [287, 311, 371, 282, 310]}
{'dt': 12.020374, 'sns': [287, 312, 372, 282, 310]}
{'dt': 12.048039, 'sns': [287, 312, 372, 282, 310]}
{'dt': 12.026447, 'sns': [287, 312, 372, 282, 310]}
{'dt': 12.016503, 'sns': [288, 311, 372, 281, 310]}
{'dt': 12.015262, 'sns': [288, 311, 371, 281, 310]}
{'dt': 12.048651, 'sns': [288, 311, 371, 281, 310]}
{'dt': 12.018651, 'sns': [288, 311, 371, 280, 310]}
{'dt': 12.022558, 'sns': [288, 311, 371, 280, 310]}
{'dt': 12.011596, 'sns': [288, 312, 371, 280, 310]}
{'dt': 12.013225, 'sns': [289, 311, 371, 280, 310]}
{'dt': 12.020539, 'sns': [289, 311, 371, 280, 310]}
{'dt': 12.044577, 'sns': [289, 311, 370, 280, 311]}
{'dt': 12.020558, 'sns': [289, 311, 371, 281, 311]}
{'dt': 12.043503, 'sns': [288, 311, 371, 281, 311]}
{'dt': 12.018392, 'sns': [288, 311, 371, 281, 311]}
{'dt': 12.008077, 'sns': [288, 311, 372, 282, 310]}
{'dt': 12.02641, 'sns': [287, 312, 371, 282, 311]}
{'dt': 12.01741, 'sns': [287, 312, 372, 282, 311]}
{'dt': 12.011003, 'sns': [287, 312, 371, 282, 311]}
{'dt': 12.015966, 'sns': [287, 312, 371, 282, 311]}
{'dt': 12.03941, 'sns': [287, 312, 372, 282, 311]}
{'dt': 12.017447, 'sns': [287, 311, 372, 282, 311]}
{'dt': 12.046243, 'sns': [287, 312, 372, 282, 311]}
{'dt': 12.065002, 'sns': [287, 312, 372, 282, 310]}
{'dt': 12.2405, 'sns': [287, 312, 372, 282, 311]}
{'dt': 12.06404, 'sns': [287, 312, 372, 282, 311]}
{'dt': 12.072946, 'sns': [287, 311, 372, 282, 311]}
{'dt': 12.025448, 'sns': [287, 311, 371, 282, 311]}
{'dt': 12.028929, 'sns': [287, 311, 371, 282, 311]}
{'dt': 12.050818, 'sns': [288, 311, 371, 281, 311]}
{'dt': 12.026004, 'sns': [287, 311, 371, 281, 310]}
{'dt': 12.015614, 'sns': [288, 311, 371, 281, 310]}
{'dt': 12.019485, 'sns': [288, 311, 371, 281, 310]}
{'dt': 12.008004, 'sns': [288, 311, 371, 280, 310]}
{'dt': 12.052447, 'sns': [288, 311, 371, 280, 310]}
{'dt': 12.015782, 'sns': [289, 311, 371, 280, 310]}
{'dt': 12.014485, 'sns': [289, 311, 370, 280, 311]}
{'dt': 12.020096, 'sns': [289, 311, 371, 279, 310]}
{'dt': 12.022318, 'sns': [289, 311, 370, 279, 310]}
{'dt': 12.050577, 'sns': [290, 311, 370, 279, 310]}
{'dt': 12.020392, 'sns': [290, 311, 370, 279, 310]}
{'dt': 12.01217, 'sns': [290, 311, 370, 279, 310]}
{'dt': 12.020615, 'sns': [290, 311, 370, 279, 310]}
{'dt': 12.015948, 'sns': [290, 311, 371, 279, 310]}
{'dt': 12.098632, 'sns': [289, 311, 370, 279, 311]}
{'dt': 12.052892, 'sns': [289, 311, 371, 280, 310]}
{'dt': 12.022948, 'sns': [289, 311, 370, 280, 311]}
{'dt': 12.018892, 'sns': [289, 311, 370, 280, 311]}
{'dt': 12.062114, 'sns': [289, 311, 371, 280, 311]}
{'dt': 12.018022, 'sns': [289, 311, 370, 280, 311]}
{'dt': 12.018948, 'sns': [289, 311, 370, 280, 311]}
{'dt': 12.012004, 'sns': [289, 311, 370, 280, 311]}
{'dt': 12.024651, 'sns': [289, 311, 371, 281, 311]}
{'dt': 12.012189, 'sns': [288, 311, 371, 281, 311]}
{'dt': 12.101262, 'sns': [288, 311, 371, 281, 311]}
{'dt': 12.021133, 'sns': [288, 311, 371, 281, 310]}
{'dt': 12.02454, 'sns': [287, 312, 372, 281, 310]}
{'dt': 12.007115, 'sns': [288, 311, 372, 281, 311]}
{'dt': 12.018799, 'sns': [288, 311, 372, 282, 310]}
{'dt': 12.014171, 'sns': [287, 311, 371, 281, 311]}
{'dt': 12.020707, 'sns': [287, 312, 371, 282, 311]}
{'dt': 12.018096, 'sns': [287, 312, 372, 282, 310]}
{'dt': 12.028059, 'sns': [287, 312, 371, 282, 310]}
{'dt': 12.015911, 'sns': [288, 311, 372, 281, 310]}
{'dt': 12.017077, 'sns': [288, 311, 371, 281, 311]}
{'dt': 12.050411, 'sns': [288, 311, 371, 281, 311]}
{'dt': 12.026799, 'sns': [288, 311, 371, 281, 311]}
{'dt': 12.009226, 'sns': [289, 311, 371, 281, 311]}
{'dt': 12.018596, 'sns': [289, 311, 371, 281, 311]}
{'dt': 12.086169, 'sns': [289, 311, 371, 281, 311]}
{'dt': 12.031855, 'sns': [289, 311, 371, 281, 311]}
{'dt': 12.016356, 'sns': [288, 306, 370, 281, 311]}
{'dt': 12.020003, 'sns': [288, 311, 371, 281, 311]}
{'dt': 11.998893, 'sns': [288, 311, 371, 281, 311]}
{'dt': 12.050114, 'sns': [287, 311, 371, 281, 311]}
{'dt': 12.0323, 'sns': [287, 311, 371, 282, 311]}
{'dt': 12.021447, 'sns': [288, 311, 371, 282, 311]}
{'dt': 12.020096, 'sns': [288, 311, 372, 282, 311]}
{'dt': 12.017393, 'sns': [288, 311, 372, 282, 311]}
{'dt': 12.049725, 'sns': [287, 311, 371, 282, 311]}
{'dt': 12.026263, 'sns': [287, 311, 371, 282, 311]}
{'dt': 12.009448, 'sns': [288, 311, 371, 281, 311]}
{'dt': 12.0108, 'sns': [288, 311, 371, 282, 311]}
{'dt': 12.01267, 'sns': [288, 311, 371, 281, 311]}
{'dt': 12.042392, 'sns': [288, 311, 371, 281, 311]}
{'dt': 12.015966, 'sns': [288, 311, 371, 281, 311]}
{'dt': 12.059207, 'sns': [288, 311, 371, 281, 311]}
{'dt': 12.020466, 'sns': [288, 311, 371, 281, 311]}
{'dt': 12.023689, 'sns': [288, 311, 371, 281, 311]}
{'dt': 12.048096, 'sns': [288, 311, 370, 280, 311]}
{'dt': 12.070336, 'sns': [289, 311, 371, 280, 311]}
{'dt': 12.057132, 'sns': [289, 311, 370, 281, 311]}
{'dt': 12.034578, 'sns': [289, 311, 370, 281, 311]}
{'dt': 12.009818, 'sns': [289, 311, 371, 281, 311]}
{'dt': 12.022892, 'sns': [289, 311, 370, 280, 311]}
{'dt': 12.045615, 'sns': [289, 311, 370, 280, 311]}
{'dt': 12.023151, 'sns': [289, 311, 370, 280, 311]}
{'dt': 12.018263, 'sns': [289, 311, 370, 280, 311]}
{'dt': 12.015429, 'sns': [290, 311, 371, 280, 311]}
{'dt': 12.013633, 'sns': [289, 311, 370, 279, 311]}
{'dt': 12.0473, 'sns': [289, 311, 370, 280, 311]}
{'dt': 12.023818, 'sns': [281, 311, 371, 280, 310]}
{'dt': 12.017652, 'sns': [289, 311, 371, 280, 310]}
{'dt': 12.036966, 'sns': [290, 311, 371, 280, 310]}
{'dt': 12.020114, 'sns': [289, 311, 370, 280, 311]}
{'dt': 12.012393, 'sns': [289, 311, 370, 280, 310]}
{'dt': 12.019096, 'sns': [289, 311, 371, 279, 310]}
{'dt': 12.011003, 'sns': [289, 311, 370, 279, 310]}
{'dt': 12.02243, 'sns': [289, 311, 371, 280, 310]}
{'dt': 12.018818, 'sns': [289, 311, 370, 280, 310]}
{'dt': 12.01193, 'sns': [289, 311, 371, 280, 310]}
{'dt': 12.012338, 'sns': [289, 311, 371, 280, 310]}
{'dt': 12.021559, 'sns': [289, 311, 371, 280, 310]}
{'dt': 12.011727, 'sns': [289, 311, 371, 280, 310]}
{'dt': 12.008282, 'sns': [289, 311, 370, 280, 311]}
{'dt': 12.038781, 'sns': [289, 311, 371, 280, 310]}
{'dt': 12.01456, 'sns': [289, 311, 371, 280, 311]}
{'dt': 12.044448, 'sns': [289, 311, 370, 280, 311]}
{'dt': 12.055467, 'sns': [290, 311, 371, 280, 310]}
{'dt': 12.015726, 'sns': [289, 311, 370, 280, 310]}
{'dt': 12.020097, 'sns': [289, 311, 371, 280, 311]}
{'dt': 12.009504, 'sns': [289, 311, 370, 280, 311]}
{'dt': 12.018486, 'sns': [289, 311, 371, 281, 311]}
{'dt': 12.012281, 'sns': [289, 311, 371, 281, 311]}
{'dt': 12.015875, 'sns': [289, 311, 371, 280, 311]}
{'dt': 12.017041, 'sns': [289, 311, 370, 280, 311]}
{'dt': 12.056319, 'sns': [289, 311, 370, 280, 311]}
{'dt': 12.020818, 'sns': [289, 311, 366, 279, 311]}
{'dt': 12.0518, 'sns': [289, 311, 371, 280, 310]}
{'dt': 12.030745, 'sns': [289, 311, 370, 280, 311]}
{'dt': 12.02593, 'sns': [289, 311, 370, 280, 311]}
{'dt': 12.010856, 'sns': [289, 311, 370, 280, 310]}
{'dt': 12.017004, 'sns': [290, 311, 370, 279, 311]}
{'dt': 12.042467, 'sns': [290, 311, 370, 279, 310]}
{'dt': 12.030708, 'sns': [290, 311, 370, 279, 310]}
{'dt': 12.015096, 'sns': [290, 311, 370, 279, 310]}
{'dt': 12.023097, 'sns': [290, 311, 370, 279, 310]}
{'dt': 12.006597, 'sns': [289, 311, 370, 279, 310]}
{'dt': 12.023689, 'sns': [289, 311, 371, 280, 310]}
{'dt': 12.015115, 'sns': [289, 311, 371, 280, 310]}
{'dt': 12.018764, 'sns': [289, 311, 371, 281, 310]}
{'dt': 12.014541, 'sns': [288, 311, 371, 281, 310]}
{'dt': 12.02243, 'sns': [288, 311, 371, 281, 311]}
{'dt': 12.129595, 'sns': [288, 311, 372, 281, 310]}
{'dt': 12.033337, 'sns': [288, 311, 372, 281, 310]}
{'dt': 12.013338, 'sns': [288, 311, 371, 281, 310]}
{'dt': 12.056281, 'sns': [288, 311, 372, 282, 310]}
{'dt': 12.01606, 'sns': [288, 311, 371, 281, 310]}
{'dt': 12.026115, 'sns': [288, 311, 372, 282, 310]}
{'dt': 12.033374, 'sns': [288, 311, 371, 281, 311]}
{'dt': 12.022412, 'sns': [288, 311, 371, 281, 310]}
{'dt': 12.024633, 'sns': [289, 311, 371, 281, 311]}
{'dt': 12.071689, 'sns': [288, 311, 371, 281, 311]}
{'dt': 12.059356, 'sns': [288, 311, 371, 281, 310]}
{'dt': 12.025004, 'sns': [288, 311, 371, 281, 311]}
{'dt': 12.022337, 'sns': [288, 311, 372, 281, 311]}
{'dt': 12.021634, 'sns': [288, 311, 371, 282, 311]}
{'dt': 12.012133, 'sns': [287, 311, 371, 282, 311]}
{'dt': 12.019356, 'sns': [288, 311, 371, 281, 311]}
{'dt': 12.026634, 'sns': [288, 311, 371, 281, 311]}
{'dt': 12.031541, 'sns': [288, 311, 371, 282, 311]}
{'dt': 12.054244, 'sns': [287, 311, 372, 282, 311]}
{'dt': 12.031875, 'sns': [287, 311, 371, 282, 311]}
{'dt': 12.051651, 'sns': [288, 311, 372, 282, 311]}
{'dt': 12.023875, 'sns': [288, 311, 371, 282, 311]}
{'dt': 12.016874, 'sns': [287, 312, 372, 282, 311]}
{'dt': 12.02356, 'sns': [288, 311, 372, 282, 311]}
{'dt': 12.019819, 'sns': [287, 311, 371, 281, 310]}
{'dt': 12.024874, 'sns': [288, 311, 372, 281, 310]}
{'dt': 12.049189, 'sns': [287, 312, 371, 282, 310]}
{'dt': 12.024282, 'sns': [288, 311, 371, 282, 311]}
{'dt': 12.047948, 'sns': [288, 311, 372, 281, 310]}
{'dt': 12.059263, 'sns': [288, 311, 371, 281, 311]}
{'dt': 12.017023, 'sns': [288, 311, 371, 281, 310]}
{'dt': 12.021522, 'sns': [288, 311, 371, 281, 311]}
{'dt': 12.020375, 'sns': [288, 311, 371, 280, 310]}
{'dt': 12.015578, 'sns': [289, 311, 371, 281, 310]}
{'dt': 12.049133, 'sns': [289, 311, 371, 280, 311]}
{'dt': 12.044115, 'sns': [289, 311, 371, 280, 311]}
{'dt': 12.053133, 'sns': [289, 311, 371, 280, 310]}
{'dt': 12.024319, 'sns': [289, 311, 371, 280, 311]}
{'dt': 12.012004, 'sns': [289, 311, 371, 280, 310]}
{'dt': 12.050967, 'sns': [288, 311, 371, 280, 310]}
{'dt': 12.023708, 'sns': [289, 311, 371, 280, 310]}
{'dt': 12.019782, 'sns': [288, 311, 371, 280, 310]}
{'dt': 12.008374, 'sns': [288, 312, 371, 281, 310]}
{'dt': 12.012523, 'sns': [289, 311, 371, 281, 310]}
{'dt': 12.030633, 'sns': [288, 311, 371, 280, 310]}
{'dt': 12.015856, 'sns': [288, 311, 371, 281, 310]}
{'dt': 12.021708, 'sns': [289, 311, 371, 280, 310]}
{'dt': 12.023523, 'sns': [289, 311, 371, 280, 310]}
{'dt': 12.012374, 'sns': [289, 311, 371, 280, 310]}
{'dt': 12.017782, 'sns': [289, 311, 371, 280, 311]}
{'dt': 12.050264, 'sns': [289, 311, 370, 280, 310]}
{'dt': 12.034449, 'sns': [289, 311, 370, 280, 311]}
{'dt': 12.053504, 'sns': [290, 311, 370, 280, 311]}
{'dt': 12.034579, 'sns': [289, 311, 370, 281, 311]}
{'dt': 12.041504, 'sns': [289, 311, 370, 280, 311]}
{'dt': 12.02469, 'sns': [290, 311, 370, 280, 311]}
{'dt': 12.02269, 'sns': [289, 311, 370, 280, 312]}
{'dt': 12.020116, 'sns': [289, 311, 370, 281, 312]}
{'dt': 12.012264, 'sns': [289, 311, 370, 280, 311]}
{'dt': 12.017727, 'sns': [289, 310, 370, 280, 312]}
{'dt': 12.008819, 'sns': [289, 311, 370, 281, 311]}
{'dt': 12.057449, 'sns': [289, 311, 371, 281, 311]}
{'dt': 12.004005, 'sns': [289, 311, 370, 281, 311]}
{'dt': 12.020968, 'sns': [289, 311, 371, 281, 311]}
{'dt': 12.066856, 'sns': [288, 310, 371, 281, 312]}
{'dt': 12.025226, 'sns': [288, 311, 371, 281, 311]}
{'dt': 12.018098, 'sns': [288, 311, 371, 281, 311]}
{'dt': 12.02393, 'sns': [289, 311, 371, 281, 311]}
{'dt': 12.012079, 'sns': [289, 311, 371, 280, 311]}
{'dt': 12.039171, 'sns': [288, 311, 370, 280, 311]}
{'dt': 12.078634, 'sns': [289, 311, 371, 281, 311]}
{'dt': 12.038579, 'sns': [289, 311, 371, 281, 311]}
{'dt': 12.018023, 'sns': [289, 311, 370, 280, 311]}
{'dt': 12.028023, 'sns': [289, 311, 370, 280, 311]}
{'dt': 12.076059, 'sns': [289, 310, 370, 280, 311]}
{'dt': 12.030579, 'sns': [289, 311, 370, 280, 311]}
{'dt': 12.024153, 'sns': [290, 311, 369, 280, 311]}
{'dt': 12.020005, 'sns': [290, 311, 369, 279, 311]}
{'dt': 12.043134, 'sns': [291, 311, 369, 279, 311]}
{'dt': 12.034782, 'sns': [291, 311, 368, 278, 311]}
{'dt': 12.020782, 'sns': [292, 311, 368, 278, 311]}
{'dt': 12.02069, 'sns': [292, 311, 368, 277, 311]}
{'dt': 12.029635, 'sns': [292, 311, 368, 277, 311]}
{'dt': 12.0318, 'sns': [293, 311, 368, 277, 311]}
{'dt': 12.101097, 'sns': [293, 311, 367, 276, 311]}
{'dt': 12.022912, 'sns': [294, 311, 367, 275, 311]}
{'dt': 12.023079, 'sns': [294, 311, 367, 275, 311]}
{'dt': 12.016782, 'sns': [295, 311, 367, 275, 311]}
{'dt': 12.045412, 'sns': [295, 312, 367, 275, 311]}
{'dt': 12.024597, 'sns': [294, 311, 367, 275, 311]}
{'dt': 12.007783, 'sns': [294, 311, 367, 275, 311]}
{'dt': 12.017949, 'sns': [294, 311, 367, 275, 311]}
{'dt': 12.029134, 'sns': [294, 311, 367, 275, 311]}
{'dt': 12.018912, 'sns': [294, 311, 368, 276, 311]}
{'dt': 12.023505, 'sns': [294, 311, 366, 275, 311]}
{'dt': 12.04906, 'sns': [294, 312, 368, 275, 311]}
{'dt': 12.017301, 'sns': [294, 311, 368, 275, 311]}
{'dt': 12.021079, 'sns': [294, 311, 368, 275, 310]}
{'dt': 12.03693, 'sns': [295, 312, 368, 275, 310]}
{'dt': 12.040597, 'sns': [295, 311, 367, 274, 311]}
{'dt': 12.014264, 'sns': [295, 311, 367, 274, 310]}
{'dt': 12.022912, 'sns': [295, 311, 367, 275, 310]}
{'dt': 12.012801, 'sns': [294, 311, 367, 275, 311]}
{'dt': 12.006987, 'sns': [294, 311, 368, 275, 310]}
{'dt': 12.056948, 'sns': [294, 312, 368, 275, 310]}
{'dt': 12.028209, 'sns': [294, 311, 367, 275, 310]}
{'dt': 12.015541, 'sns': [294, 312, 368, 275, 310]}
{'dt': 12.008931, 'sns': [294, 311, 368, 275, 310]}
{'dt': 12.027338, 'sns': [294, 312, 325, 275, 310]}
{'dt': 12.018468, 'sns': [293, 311, 368, 275, 310]}
{'dt': 12.049949, 'sns': [294, 311, 368, 275, 310]}
{'dt': 12.01693, 'sns': [293, 311, 368, 276, 310]}
{'dt': 12.045486, 'sns': [294, 312, 368, 275, 310]}
{'dt': 12.052227, 'sns': [294, 312, 368, 276, 310]}
{'dt': 12.023967, 'sns': [294, 311, 368, 275, 310]}
{'dt': 12.020672, 'sns': [294, 311, 368, 275, 310]}
{'dt': 12.010338, 'sns': [293, 311, 368, 276, 310]}
{'dt': 12.014449, 'sns': [293, 311, 368, 276, 310]}
{'dt': 12.020079, 'sns': [294, 311, 368, 276, 310]}
{'dt': 12.021301, 'sns': [293, 311, 368, 276, 311]}
{'dt': 12.0428, 'sns': [294, 312, 368, 275, 310]}
{'dt': 12.04456, 'sns': [294, 312, 368, 275, 310]}
{'dt': 12.019153, 'sns': [294, 311, 367, 275, 311]}
{'dt': 12.049208, 'sns': [294, 312, 368, 275, 310]}
{'dt': 12.017487, 'sns': [294, 311, 367, 275, 311]}
{'dt': 12.009504, 'sns': [294, 311, 367, 275, 310]}
{'dt': 12.006709, 'sns': [294, 311, 368, 275, 311]}
{'dt': 12.015468, 'sns': [295, 311, 368, 275, 311]}
{'dt': 12.006949, 'sns': [294, 311, 368, 275, 310]}
{'dt': 12.011042, 'sns': [294, 311, 367, 275, 311]}
{'dt': 12.019616, 'sns': [294, 311, 368, 275, 310]}
{'dt': 12.020208, 'sns': [294, 311, 368, 275, 310]}
{'dt': 12.004672, 'sns': [294, 312, 367, 275, 310]}
{'dt': 12.009264, 'sns': [294, 312, 365, 275, 310]}
{'dt': 12.019895, 'sns': [294, 311, 368, 275, 310]}
{'dt': 12.015264, 'sns': [294, 311, 368, 275, 310]}
{'dt': 12.006209, 'sns': [294, 312, 368, 275, 310]}
{'dt': 12.016543, 'sns': [294, 311, 368, 275, 310]}
{'dt': 12.073745, 'sns': [294, 312, 368, 275, 309]}
{'dt': 12.018543, 'sns': [294, 311, 368, 275, 310]}
{'dt': 12.014616, 'sns': [294, 311, 368, 275, 310]}
{'dt': 12.016617, 'sns': [294, 311, 368, 275, 310]}
{'dt': 12.005246, 'sns': [294, 311, 368, 275, 310]}
{'dt': 12.043301, 'sns': [294, 311, 368, 275, 310]}
{'dt': 12.021357, 'sns': [294, 311, 368, 275, 311]}
{'dt': 12.011117, 'sns': [295, 311, 368, 275, 310]}
{'dt': 12.009005, 'sns': [295, 311, 367, 274, 310]}
{'dt': 12.042154, 'sns': [295, 311, 367, 274, 310]}
{'dt': 12.015042, 'sns': [295, 312, 367, 275, 310]}
{'dt': 12.014672, 'sns': [295, 311, 367, 274, 311]}
{'dt': 12.01045, 'sns': [291, 311, 367, 275, 311]}
{'dt': 12.019116, 'sns': [295, 311, 367, 275, 310]}
{'dt': 12.003691, 'sns': [294, 311, 367, 275, 311]}
{'dt': 12.012598, 'sns': [294, 312, 368, 275, 310]}
{'dt': 12.014672, 'sns': [294, 311, 368, 275, 311]}
{'dt': 12.051227, 'sns': [294, 311, 368, 275, 310]}
{'dt': 12.40926, 'sns': [294, 311, 368, 275, 310]}
{'dt': 12.106727, 'sns': [294, 311, 368, 275, 310]}
{'dt': 12.024412, 'sns': [295, 312, 368, 275, 310]}
{'dt': 12.041246, 'sns': [294, 311, 368, 275, 310]}
{'dt': 12.04232, 'sns': [294, 311, 368, 275, 310]}
{'dt': 12.030709, 'sns': [294, 311, 368, 275, 310]}
{'dt': 12.045468, 'sns': [294, 311, 368, 275, 310]}
{'dt': 12.018635, 'sns': [294, 311, 368, 275, 310]}
{'dt': 12.052931, 'sns': [294, 311, 368, 275, 311]}
{'dt': 12.033153, 'sns': [294, 311, 367, 275, 310]}
{'dt': 12.017394, 'sns': [295, 311, 368, 275, 310]}
{'dt': 12.016617, 'sns': [294, 311, 367, 275, 310]}
{'dt': 12.027079, 'sns': [294, 311, 367, 275, 310]}
{'dt': 12.019431, 'sns': [294, 311, 368, 275, 310]}
{'dt': 12.001672, 'sns': [294, 311, 368, 276, 311]}
{'dt': 12.01808, 'sns': [294, 311, 368, 276, 311]}
{'dt': 12.015746, 'sns': [293, 311, 368, 277, 311]}
{'dt': 12.061449, 'sns': [293, 311, 369, 277, 311]}
{'dt': 12.019524, 'sns': [292, 311, 369, 277, 310]}
{'dt': 12.020913, 'sns': [292, 311, 369, 277, 310]}
{'dt': 12.015153, 'sns': [292, 311, 369, 277, 311]}
{'dt': 12.068913, 'sns': [292, 311, 369, 277, 311]}
{'dt': 12.037394, 'sns': [292, 311, 369, 277, 311]}
{'dt': 12.025949, 'sns': [292, 311, 369, 277, 310]}
{'dt': 12.014117, 'sns': [293, 311, 369, 276, 310]}
{'dt': 12.026227, 'sns': [293, 311, 368, 276, 310]}
{'dt': 12.021043, 'sns': [293, 311, 368, 276, 310]}
{'dt': 12.019079, 'sns': [293, 311, 368, 276, 310]}
{'dt': 12.018394, 'sns': [294, 311, 368, 275, 310]}
{'dt': 12.023283, 'sns': [293, 311, 368, 276, 310]}
{'dt': 12.01595, 'sns': [294, 312, 368, 275, 310]}
{'dt': 12.055857, 'sns': [294, 311, 368, 275, 311]}
{'dt': 12.026375, 'sns': [294, 311, 368, 275, 310]}
{'dt': 12.013117, 'sns': [294, 311, 368, 275, 310]}
{'dt': 12.040283, 'sns': [295, 311, 368, 274, 310]}
{'dt': 12.018264, 'sns': [295, 311, 367, 274, 310]}
{'dt': 12.022728, 'sns': [294, 311, 367, 274, 311]}
{'dt': 12.015561, 'sns': [295, 311, 367, 274, 310]}
{'dt': 12.015264, 'sns': [295, 311, 367, 274, 311]}
{'dt': 12.017876, 'sns': [295, 311, 367, 274, 310]}
{'dt': 12.013654, 'sns': [295, 311, 367, 275, 311]}
{'dt': 12.073449, 'sns': [295, 311, 367, 275, 310]}
{'dt': 12.030949, 'sns': [295, 311, 367, 275, 310]}
{'dt': 12.060413, 'sns': [295, 311, 367, 275, 310]}
{'dt': 12.024042, 'sns': [294, 311, 367, 275, 311]}
{'dt': 12.024709, 'sns': [294, 311, 368, 275, 310]}
{'dt': 12.077393, 'sns': [294, 311, 367, 275, 311]}
{'dt': 12.032598, 'sns': [294, 311, 368, 275, 311]}
{'dt': 12.021357, 'sns': [294, 311, 368, 275, 310]}
{'dt': 12.074783, 'sns': [294, 311, 367, 275, 310]}
{'dt': 12.014153, 'sns': [294, 311, 368, 275, 310]}
{'dt': 12.047394, 'sns': [294, 311, 367, 275, 311]}
{'dt': 12.021598, 'sns': [295, 311, 367, 275, 310]}
{'dt': 12.021913, 'sns': [294, 311, 367, 275, 311]}
{'dt': 12.011783, 'sns': [294, 311, 368, 275, 310]}
{'dt': 12.021413, 'sns': [295, 311, 368, 275, 310]}
{'dt': 12.04456, 'sns': [294, 311, 367, 275, 311]}
{'dt': 12.024932, 'sns': [294, 311, 367, 275, 310]}
{'dt': 12.013746, 'sns': [294, 311, 367, 275, 310]}
{'dt': 12.02219, 'sns': [295, 311, 367, 275, 311]}
{'dt': 12.045265, 'sns': [295, 311, 367, 275, 311]}
{'dt': 12.054524, 'sns': [294, 311, 367, 275, 311]}
{'dt': 12.01758, 'sns': [294, 311, 367, 275, 311]}
{'dt': 12.048617, 'sns': [294, 311, 368, 275, 310]}
{'dt': 12.016561, 'sns': [294, 311, 368, 275, 310]}
{'dt': 12.015544, 'sns': [294, 311, 368, 276, 310]}
{'dt': 12.044987, 'sns': [293, 311, 368, 275, 311]}
{'dt': 12.016654, 'sns': [294, 311, 368, 275, 310]}
{'dt': 12.015006, 'sns': [294, 311, 368, 275, 310]}
{'dt': 12.054264, 'sns': [294, 311, 367, 275, 310]}
{'dt': 12.015914, 'sns': [294, 311, 368, 276, 310]}
{'dt': 12.01945, 'sns': [293, 311, 368, 276, 311]}
{'dt': 12.015747, 'sns': [293, 311, 368, 276, 310]}
{'dt': 12.016469, 'sns': [293, 311, 368, 276, 310]}
{'dt': 12.226003, 'sns': [293, 311, 368, 276, 310]}
{'dt': 12.034525, 'sns': [293, 311, 369, 276, 310]}
{'dt': 12.023172, 'sns': [293, 311, 368, 276, 311]}
