{'dt': 1.334985, 'sns': [327, 277, 259, 237, 275]}
{'dt': 11.531583, 'sns': [327, 276, 259, 237, 275]}
{'dt': 11.404123, 'sns': [327, 276, 259, 237, 275]}
{'dt': 11.402438, 'sns': [327, 276, 259, 237, 275]}
{'dt': 11.393031, 'sns': [327, 277, 259, 237, 275]}
{'dt': 11.384642, 'sns': [327, 277, 259, 237, 275]}
{'dt': 11.379105, 'sns': [327, 276, 259, 237, 275]}
{'dt': 11.375179, 'sns': [327, 277, 259, 237, 275]}
{'dt': 11.38279, 'sns': [327, 276, 259, 237, 275]}
{'dt': 11.378327, 'sns': [327, 277, 259, 237, 275]}
{'dt': 11.400086, 'sns': [327, 277, 259, 237, 275]}
{'dt': 11.378439, 'sns': [327, 277, 259, 237, 274]}
{'dt': 11.432567, 'sns': [326, 276, 259, 237, 275]}
{'dt': 11.385012, 'sns': [327, 277, 259, 237, 275]}
{'dt': 11.381772, 'sns': [327, 277, 259, 237, 275]}
{'dt': 11.380012, 'sns': [327, 277, 259, 237, 275]}
{'dt': 11.374679, 'sns': [327, 277, 259, 237, 274]}
{'dt': 11.377013, 'sns': [327, 277, 259, 237, 275]}
{'dt': 11.380994, 'sns': [327, 277, 259, 237, 275]}
{'dt': 11.377922, 'sns': [327, 277, 259, 237, 275]}
{'dt': 11.378252, 'sns': [327, 277, 259, 237, 275]}
{'dt': 11.47725, 'sns': [327, 277, 251, 238, 275]}
{'dt': 11.375679, 'sns': [327, 277, 259, 237, 275]}
{'dt': 11.374511, 'sns': [327, 277, 259, 237, 275]}
{'dt': 11.374401, 'sns': [327, 276, 259, 237, 275]}
{'dt': 11.375623, 'sns': [327, 277, 259, 237, 275]}
{'dt': 11.373067, 'sns': [327, 277, 259, 237, 275]}
{'dt': 11.369457, 'sns': [327, 277, 259, 237, 275]}
{'dt': 11.370827, 'sns': [327, 277, 259, 237, 275]}
{'dt': 11.376196, 'sns': [327, 276, 259, 237, 275]}
{'dt': 11.370809, 'sns': [327, 277, 259, 237, 275]}
{'dt': 11.388826, 'sns': [327, 277, 259, 237, 275]}
{'dt': 11.374345, 'sns': [327, 277, 259, 237, 275]}
{'dt': 11.373271, 'sns': [327, 277, 259, 237, 275]}
{'dt': 11.372586, 'sns': [327, 277, 259, 237, 275]}
{'dt': 11.373308, 'sns': [327, 277, 259, 237, 275]}
{'dt': 11.374068, 'sns': [327, 277, 259, 237, 275]}
{'dt': 11.370475, 'sns': [327, 277, 259, 237, 275]}
{'dt': 11.371641, 'sns': [327, 276, 259, 237, 275]}
{'dt': 11.370734, 'sns': [327, 277, 259, 237, 275]}
{'dt': 11.391752, 'sns': [327, 277, 259, 237, 275]}
{'dt': 11.378253, 'sns': [327, 277, 259, 237, 275]}
{'dt': 11.377437, 'sns': [327, 277, 259, 237, 275]}
{'dt': 11.375494, 'sns': [327, 277, 259, 237, 275]}
{'dt': 11.372215, 'sns': [327, 277, 259, 237, 275]}
{'dt': 11.370864, 'sns': [327, 277, 259, 237, 275]}
{'dt': 11.370827, 'sns': [327, 277, 259, 237, 275]}
{'dt': 11.370938, 'sns': [327, 277, 259, 237, 275]}
{'dt': 11.372882, 'sns': [327, 277, 259, 237, 275]}
{'dt': 11.391456, 'sns': [327, 277, 259, 237, 275]}
{'dt': 11.391974, 'sns': [327, 277, 259, 237, 275]}
{'dt': 11.374475, 'sns': [327, 277, 259, 237, 275]}
{'dt': 11.372864, 'sns': [327, 276, 259, 237, 275]}
{'dt': 11.391955, 'sns': [327, 277, 259, 237, 275]}
{'dt': 11.382327, 'sns': [327, 276, 259, 237, 275]}
{'dt': 11.373567, 'sns': [327, 277, 259, 237, 275]}
{'dt': 11.373938, 'sns': [327, 277, 259, 237, 275]}
{'dt': 11.368123, 'sns': [327, 277, 259, 237, 275]}
{'dt': 11.368586, 'sns': [328, 277, 259, 237, 275]}
{'dt': 11.372068, 'sns': [327, 276, 259, 237, 275]}
{'dt': 11.375197, 'sns': [327, 277, 259, 237, 275]}
{'dt': 11.370585, 'sns': [327, 277, 259, 237, 275]}
{'dt': 11.472251, 'sns': [327, 277, 259, 237, 275]}
{'dt': 11.905221, 'sns': [327, 277, 259, 237, 275]}
{'dt': 12.022664, 'sns': [327, 277, 259, 237, 275]}
{'dt': 12.009719, 'sns': [327, 277, 259, 237, 274]}
{'dt': 12.018645, 'sns': [327, 276, 259, 237, 275]}
{'dt': 12.020126, 'sns': [327, 276, 259, 237, 275]}
{'dt': 12.013534, 'sns': [327, 277, 259, 237, 275]}
{'dt': 12.011238, 'sns': [327, 277, 259, 237, 275]}
{'dt': 12.013811, 'sns': [327, 277, 259, 237, 275]}
{'dt': 12.03396, 'sns': [327, 276, 259, 237, 275]}
{'dt': 12.023589, 'sns': [327, 276, 259, 237, 275]}
{'dt': 12.014793, 'sns': [327, 277, 259, 237, 275]}
{'dt': 12.007016, 'sns': [327, 277, 258, 237, 275]}
{'dt': 12.005275, 'sns': [327, 277, 259, 237, 275]}
{'dt': 12.033311, 'sns': [327, 277, 259, 237, 275]}
{'dt': 12.01546, 'sns': [327, 277, 259, 237, 275]}
{'dt': 12.006737, 'sns': [328, 277, 259, 237, 275]}
{'dt': 12.033256, 'sns': [327, 276, 259, 237, 275]}
{'dt': 12.005849, 'sns': [327, 277, 259, 237, 275]}
{'dt': 12.000275, 'sns': [327, 277, 259, 237, 275]}
{'dt': 12.006089, 'sns': [327, 277, 259, 237, 275]}
{'dt': 12.008775, 'sns': [327, 277, 259, 237, 275]}
{'dt': 12.008331, 'sns': [327, 277, 259, 237, 275]}
{'dt': 12.004034, 'sns': [327, 277, 259, 237, 275]}
{'dt': 12.009293, 'sns': [327, 276, 259, 237, 275]}
{'dt': 12.006516, 'sns': [327, 277, 259, 237, 275]}
{'dt': 12.021996, 'sns': [327, 277, 259, 237, 275]}
{'dt': 12.009405, 'sns': [327, 277, 259, 237, 275]}
{'dt': 12.588557, 'sns': [327, 277, 259, 237, 275]}
{'dt': 12.021867, 'sns': [327, 276, 259, 237, 275]}
{'dt': 12.068236, 'sns': [327, 277, 259, 237, 275]}
{'dt': 12.060385, 'sns': [327, 277, 259, 237, 275]}
{'dt': 12.064181, 'sns': [327, 276, 259, 237, 275]}
{'dt': 12.121217, 'sns': [327, 276, 259, 237, 275]}
{'dt': 12.069662, 'sns': [328, 277, 259, 237, 275]}
{'dt': 12.058681, 'sns': [327, 277, 259, 237, 275]}
{'dt': 12.049718, 'sns': [327, 277, 259, 237, 275]}
{'dt': 12.058774, 'sns': [327, 276, 259, 237, 275]}
{'dt': 12.097976, 'sns': [328, 277, 259, 237, 274]}
{'dt': 12.052922, 'sns': [327, 276, 259, 237, 275]}
{'dt': 12.050329, 'sns': [327, 277, 259, 237, 275]}
{'dt': 12.072477, 'sns': [327, 277, 259, 237, 275]}
{'dt': 12.094884, 'sns': [327, 277, 259, 237, 275]}
{'dt': 12.104423, 'sns': [327, 277, 259, 237, 275]}
{'dt': 12.05718, 'sns': [327, 277, 259, 237, 275]}
{'dt': 12.082217, 'sns': [327, 277, 259, 237, 275]}
{'dt': 12.073865, 'sns': [327, 277, 259, 237, 275]}
{'dt': 12.052143, 'sns': [327, 277, 259, 237, 275]}
{'dt': 12.061495, 'sns': [327, 277, 259, 237, 275]}
{'dt': 12.046255, 'sns': [327, 277, 259, 237, 275]}
{'dt': 12.078846, 'sns': [327, 277, 259, 237, 275]}
{'dt': 12.058569, 'sns': [328, 277, 259, 237, 275]}
{'dt': 12.052495, 'sns': [327, 277, 259, 237, 275]}
{'dt': 12.065217, 'sns': [327, 277, 259, 237, 275]}
{'dt': 12.072106, 'sns': [328, 277, 259, 237, 275]}
{'dt': 12.053958, 'sns': [327, 276, 259, 237, 275]}
{'dt': 12.057717, 'sns': [327, 277, 259, 237, 275]}
{'dt': 12.053273, 'sns': [327, 277, 259, 237, 275]}
{'dt': 12.119549, 'sns': [327, 277, 259, 237, 275]}
{'dt': 12.049884, 'sns': [328, 277, 259, 237, 275]}
{'dt': 12.062828, 'sns': [327, 277, 259, 237, 275]}
{'dt': 12.059402, 'sns': [327, 277, 259, 237, 275]}
{'dt': 12.111309, 'sns': [327, 277, 258, 237, 275]}
{'dt': 12.073476, 'sns': [327, 277, 259, 237, 274]}
{'dt': 12.062587, 'sns': [327, 277, 259, 237, 275]}
{'dt': 12.070847, 'sns': [327, 277, 259, 237, 275]}
{'dt': 12.062458, 'sns': [327, 277, 259, 237, 274]}
{'dt': 12.097123, 'sns': [327, 277, 259, 237, 275]}
{'dt': 12.061403, 'sns': [327, 276, 259, 237, 275]}
{'dt': 12.051532, 'sns': [327, 277, 259, 237, 275]}
{'dt': 12.055847, 'sns': [328, 276, 259, 237, 275]}
{'dt': 12.086938, 'sns': [327, 277, 259, 237, 275]}
{'dt': 12.069014, 'sns': [327, 277, 259, 237, 275]}
{'dt': 12.050828, 'sns': [327, 276, 259, 237, 275]}
{'dt': 12.062532, 'sns': [327, 277, 259, 237, 275]}
{'dt': 12.043514, 'sns': [327, 276, 259, 237, 275]}
{'dt': 12.055458, 'sns': [327, 277, 259, 237, 275]}
{'dt': 12.091883, 'sns': [327, 276, 259, 237, 275]}
{'dt': 12.060476, 'sns': [327, 276, 259, 237, 275]}
{'dt': 12.119142, 'sns': [327, 277, 259, 237, 275]}
{'dt': 12.05905, 'sns': [327, 276, 259, 237, 275]}
{'dt': 12.090624, 'sns': [327, 277, 259, 237, 275]}
{'dt': 12.125531, 'sns': [327, 277, 259, 237, 275]}
{'dt': 12.061994, 'sns': [328, 277, 259, 237, 275]}
{'dt': 12.082736, 'sns': [328, 277, 259, 237, 275]}
{'dt': 12.075587, 'sns': [327, 277, 259, 237, 275]}
{'dt': 12.080457, 'sns': [327, 277, 259, 237, 275]}
{'dt': 12.072458, 'sns': [327, 277, 259, 237, 275]}
{'dt': 12.074383, 'sns': [327, 277, 259, 237, 275]}
{'dt': 12.071717, 'sns': [327, 277, 259, 237, 275]}
{'dt': 12.081902, 'sns': [327, 276, 259, 237, 275]}
{'dt': 12.081494, 'sns': [327, 276, 259, 237, 275]}
{'dt': 12.067402, 'sns': [327, 276, 259, 237, 275]}
{'dt': 12.057625, 'sns': [327, 277, 259, 237, 275]}
{'dt': 12.058347, 'sns': [327, 277, 259, 237, 275]}
{'dt': 12.085198, 'sns': [327, 277, 258, 237, 275]}
{'dt': 12.070013, 'sns': [327, 224, 257, 237, 275]}
{'dt': 12.062273, 'sns': [327, 277, 259, 237, 275]}
{'dt': 12.058976, 'sns': [327, 277, 259, 237, 275]}
{'dt': 12.058236, 'sns': [328, 277, 259, 237, 275]}
{'dt': 12.081716, 'sns': [327, 276, 259, 237, 275]}
{'dt': 12.156474, 'sns': [327, 277, 259, 237, 275]}
{'dt': 12.068088, 'sns': [327, 277, 259, 237, 275]}
{'dt': 12.046328, 'sns': [327, 277, 259, 237, 275]}
{'dt': 12.04507, 'sns': [327, 277, 259, 237, 275]}
{'dt': 12.080068, 'sns': [327, 277, 259, 237, 275]}
{'dt': 12.088828, 'sns': [327, 277, 259, 237, 275]}
{'dt': 12.060476, 'sns': [327, 277, 259, 237, 275]}
{'dt': 12.077995, 'sns': [327, 276, 259, 237, 275]}
{'dt': 12.054458, 'sns': [327, 277, 259, 237, 275]}
{'dt': 12.077864, 'sns': [327, 277, 259, 237, 275]}
{'dt': 12.094569, 'sns': [327, 276, 259, 237, 275]}
{'dt': 12.070476, 'sns': [327, 277, 259, 237, 275]}
{'dt': 12.047569, 'sns': [320, 276, 259, 237, 275]}
{'dt': 12.072624, 'sns': [327, 277, 259, 237, 275]}
{'dt': 12.096587, 'sns': [327, 277, 258, 237, 275]}
{'dt': 12.065939, 'sns': [327, 277, 259, 237, 275]}
{'dt': 12.056384, 'sns': [327, 277, 259, 237, 275]}
{'dt': 12.082513, 'sns': [327, 277, 259, 237, 275]}
{'dt': 12.072421, 'sns': [327, 277, 259, 237, 274]}
{'dt': 12.096234, 'sns': [327, 277, 259, 237, 275]}
{'dt': 12.048607, 'sns': [327, 277, 259, 237, 275]}
{'dt': 12.07355, 'sns': [327, 277, 259, 237, 275]}
{'dt': 12.047013, 'sns': [327, 277, 259, 237, 275]}
{'dt': 12.499189, 'sns': [327, 277, 259, 237, 274]}
{'dt': 12.091589, 'sns': [327, 277, 259, 237, 275]}
{'dt': 12.049845, 'sns': [327, 276, 259, 237, 275]}
{'dt': 12.048086, 'sns': [327, 277, 259, 237, 275]}
{'dt': 12.056882, 'sns': [327, 276, 259, 237, 275]}
{'dt': 12.040437, 'sns': [327, 277, 259, 237, 275]}
{'dt': 12.183991, 'sns': [328, 277, 259, 237, 275]}
{'dt': 12.074307, 'sns': [328, 277, 259, 237, 275]}
{'dt': 12.069215, 'sns': [327, 277, 259, 237, 275]}
{'dt': 12.05853, 'sns': [327, 277, 259, 237, 275]}
{'dt': 12.103585, 'sns': [327, 277, 259, 237, 275]}
{'dt': 12.092288, 'sns': [327, 276, 259, 237, 275]}
{'dt': 12.059086, 'sns': [327, 276, 259, 237, 275]}
{'dt': 12.060048, 'sns': [327, 277, 259, 237, 275]}
{'dt': 12.052345, 'sns': [327, 276, 259, 237, 275]}
{'dt': 12.43093, 'sns': [327, 277, 259, 237, 275]}
{'dt': 12.069974, 'sns': [327, 277, 259, 237, 275]}
{'dt': 12.050993, 'sns': [327, 276, 259, 237, 275]}
{'dt': 12.050845, 'sns': [327, 277, 259, 237, 275]}
{'dt': 12.042178, 'sns': [327, 276, 259, 237, 275]}
{'dt': 12.072308, 'sns': [327, 277, 259, 237, 275]}
{'dt': 12.061659, 'sns': [327, 276, 259, 237, 275]}
{'dt': 12.060993, 'sns': [327, 276, 259, 237, 275]}
{'dt': 12.05366, 'sns': [328, 277, 259, 237, 275]}
{'dt': 12.077974, 'sns': [327, 277, 259, 237, 275]}
{'dt': 12.051882, 'sns': [327, 277, 259, 237, 275]}
{'dt': 12.05316, 'sns': [327, 276, 259, 237, 275]}
{'dt': 12.056307, 'sns': [327, 277, 259, 237, 275]}
{'dt': 12.082919, 'sns': [327, 277, 259, 237, 275]}
{'dt': 12.080863, 'sns': [327, 276, 259, 237, 275]}
{'dt': 12.071566, 'sns': [327, 277, 259, 237, 275]}
{'dt': 12.090567, 'sns': [327, 277, 259, 237, 275]}
{'dt': 12.086733, 'sns': [327, 277, 259, 237, 275]}
{'dt': 12.050585, 'sns': [328, 277, 259, 237, 275]}
{'dt': 12.065512, 'sns': [327, 277, 259, 237, 275]}
{'dt': 12.093362, 'sns': [327, 276, 259, 237, 275]}
{'dt': 12.059086, 'sns': [327, 277, 259, 237, 275]}
{'dt': 12.052234, 'sns': [327, 277, 259, 237, 275]}
{'dt': 12.050808, 'sns': [327, 277, 259, 237, 275]}
{'dt': 12.096436, 'sns': [327, 276, 259, 237, 275]}
{'dt': 12.0614, 'sns': [328, 277, 259, 237, 275]}
{'dt': 12.059901, 'sns': [327, 277, 259, 237, 275]}
{'dt': 12.066955, 'sns': [328, 276, 259, 237, 275]}
{'dt': 12.069234, 'sns': [328, 277, 259, 237, 274]}
{'dt': 12.099251, 'sns': [327, 277, 259, 237, 275]}
{'dt': 12.083622, 'sns': [328, 277, 259, 237, 275]}
{'dt': 12.057197, 'sns': [327, 277, 259, 237, 275]}
{'dt': 12.088437, 'sns': [327, 276, 259, 237, 275]}
{'dt': 12.066363, 'sns': [327, 277, 259, 237, 275]}
{'dt': 12.073863, 'sns': [327, 277, 259, 237, 275]}
{'dt': 12.060715, 'sns': [327, 276, 259, 237, 275]}
{'dt': 12.067252, 'sns': [327, 277, 259, 237, 275]}
{'dt': 12.053604, 'sns': [327, 276, 259, 237, 275]}
{'dt': 12.085715, 'sns': [327, 277, 259, 237, 275]}
{'dt': 12.085066, 'sns': [327, 276, 259, 237, 275]}
{'dt': 12.061974, 'sns': [327, 276, 259, 237, 275]}
{'dt': 12.058697, 'sns': [327, 277, 259, 237, 275]}
{'dt': 12.095437, 'sns': [327, 276, 259, 237, 275]}
{'dt': 12.078344, 'sns': [327, 277, 259, 237, 274]}
{'dt': 12.103066, 'sns': [327, 277, 259, 237, 275]}
{'dt': 12.068845, 'sns': [327, 277, 259, 237, 275]}
{'dt': 12.057696, 'sns': [327, 277, 259, 237, 275]}
{'dt': 12.099881, 'sns': [327, 277, 259, 237, 275]}
{'dt': 12.085215, 'sns': [327, 277, 259, 237, 275]}
{'dt': 12.046308, 'sns': [328, 277, 259, 237, 275]}
{'dt': 12.056974, 'sns': [327, 277, 259, 237, 275]}
{'dt': 12.045271, 'sns': [327, 277, 259, 237, 275]}
{'dt': 12.04929, 'sns': [327, 276, 259, 237, 275]}
{'dt': 12.481928, 'sns': [320, 276, 259, 237, 275]}
{'dt': 12.052142, 'sns': [327, 277, 259, 237, 275]}
{'dt': 12.043326, 'sns': [327, 277, 259, 237, 275]}
{'dt': 12.060604, 'sns': [327, 277, 259, 237, 275]}
{'dt': 12.058104, 'sns': [327, 276, 259, 237, 275]}
{'dt': 12.072363, 'sns': [327, 276, 259, 237, 275]}
{'dt': 12.061919, 'sns': [327, 277, 259, 237, 275]}
{'dt': 12.045586, 'sns': [327, 276, 259, 237, 275]}
{'dt': 12.052067, 'sns': [327, 277, 259, 237, 275]}
{'dt': 12.049382, 'sns': [327, 276, 259, 237, 275]}
{'dt': 12.105696, 'sns': [327, 276, 259, 237, 275]}
{'dt': 12.489947, 'sns': [327, 276, 259, 237, 275]}
{'dt': 12.085751, 'sns': [327, 277, 259, 237, 275]}
{'dt': 12.062012, 'sns': [327, 277, 259, 237, 275]}
{'dt': 12.088584, 'sns': [327, 277, 259, 237, 275]}
{'dt': 12.059901, 'sns': [327, 277, 259, 237, 275]}
{'dt': 12.067921, 'sns': [328, 277, 259, 237, 275]}
{'dt': 12.055564, 'sns': [327, 276, 259, 237, 275]}
{'dt': 12.053527, 'sns': [328, 277, 259, 237, 274]}
{'dt': 12.074952, 'sns': [327, 276, 259, 237, 275]}
{'dt': 12.05862, 'sns': [328, 277, 259, 237, 275]}
{'dt': 12.058193, 'sns': [327, 277, 259, 237, 275]}
{'dt': 12.061157, 'sns': [327, 276, 259, 237, 275]}
{'dt': 12.057379, 'sns': [327, 277, 259, 237, 275]}
{'dt': 12.074323, 'sns': [327, 277, 259, 237, 275]}
{'dt': 12.090415, 'sns': [327, 277, 259, 237, 275]}
{'dt': 12.057693, 'sns': [327, 277, 259, 237, 275]}
{'dt': 12.048065, 'sns': [327, 276, 258, 237, 275]}
{'dt': 12.074248, 'sns': [327, 277, 259, 237, 274]}
{'dt': 12.067842, 'sns': [327, 277, 259, 237, 275]}
{'dt': 12.05486, 'sns': [327, 277, 259, 237, 275]}
{'dt': 12.050657, 'sns': [327, 277, 259, 237, 275]}
{'dt': 12.072619, 'sns': [327, 276, 259, 237, 275]}
{'dt': 12.076453, 'sns': [327, 277, 259, 237, 275]}
{'dt': 12.06536, 'sns': [327, 277, 259, 237, 275]}
{'dt': 12.048064, 'sns': [327, 276, 259, 237, 275]}
{'dt': 12.051212, 'sns': [327, 277, 259, 237, 275]}
{'dt': 12.082508, 'sns': [327, 277, 259, 237, 275]}
{'dt': 12.035991, 'sns': [327, 277, 259, 237, 275]}
{'dt': 12.073286, 'sns': [327, 277, 259, 237, 275]}
{'dt': 12.107377, 'sns': [327, 276, 259, 237, 275]}
{'dt': 12.054027, 'sns': [327, 277, 259, 237, 275]}
{'dt': 12.055435, 'sns': [327, 276, 258, 237, 275]}
{'dt': 12.081693, 'sns': [327, 276, 259, 237, 275]}
{'dt': 12.095619, 'sns': [327, 277, 259, 237, 275]}
{'dt': 12.339188, 'sns': [327, 277, 259, 237, 275]}
{'dt': 12.115174, 'sns': [327, 277, 259, 237, 275]}
{'dt': 12.134785, 'sns': [327, 277, 259, 237, 275]}
{'dt': 12.088156, 'sns': [327, 277, 259, 237, 275]}
{'dt': 12.04999, 'sns': [327, 277, 259, 237, 274]}
{'dt': 12.058416, 'sns': [327, 277, 259, 237, 275]}
{'dt': 12.05686, 'sns': [327, 277, 259, 237, 275]}
{'dt': 12.08473, 'sns': [327, 277, 259, 237, 275]}
{'dt': 12.063601, 'sns': [327, 276, 259, 237, 275]}
{'dt': 12.062175, 'sns': [327, 276, 259, 237, 275]}
{'dt': 11.950233, 'sns': [327, 277, 259, 237, 275]}
{'dt': 11.975269, 'sns': [327, 277, 259, 237, 275]}
{'dt': 11.912826, 'sns': [327, 277, 259, 237, 275]}
{'dt': 11.953214, 'sns': [327, 277, 259, 237, 275]}
{'dt': 11.912456, 'sns': [327, 277, 259, 237, 275]}
{'dt': 11.909085, 'sns': [327, 276, 259, 237, 275]}
{'dt': 11.905493, 'sns': [327, 277, 259, 237, 275]}
{'dt': 11.911178, 'sns': [327, 277, 259, 237, 275]}
{'dt': 12.070638, 'sns': [327, 277, 259, 237, 275]}
{'dt': 12.031453, 'sns': [327, 277, 259, 237, 275]}
{'dt': 12.063786, 'sns': [327, 276, 259, 237, 275]}
{'dt': 12.047898, 'sns': [327, 276, 259, 237, 275]}
{'dt': 12.048397, 'sns': [327, 276, 259, 237, 275]}
{'dt': 12.097193, 'sns': [327, 277, 259, 237, 274]}
{'dt': 12.058249, 'sns': [327, 277, 259, 237, 275]}
{'dt': 12.069083, 'sns': [327, 277, 259, 237, 275]}
{'dt': 12.087822, 'sns': [328, 277, 259, 237, 275]}
{'dt': 12.090897, 'sns': [327, 277, 259, 237, 275]}
{'dt': 12.162099, 'sns': [327, 277, 259, 237, 275]}
{'dt': 12.070749, 'sns': [327, 276, 259, 237, 275]}
{'dt': 12.083026, 'sns': [327, 276, 259, 237, 275]}
{'dt': 12.068638, 'sns': [327, 277, 259, 237, 275]}
{'dt': 12.082545, 'sns': [327, 276, 259, 237, 275]}
{'dt': 12.092323, 'sns': [327, 277, 259, 237, 275]}
{'dt': 12.065138, 'sns': [327, 277, 259, 237, 275]}
{'dt': 12.083952, 'sns': [327, 277, 259, 237, 275]}
{'dt': 12.047712, 'sns': [327, 277, 259, 237, 274]}
{'dt': 12.083805, 'sns': [327, 277, 259, 237, 275]}
{'dt': 12.063582, 'sns': [327, 277, 259, 237, 275]}
{'dt': 12.06249, 'sns': [327, 276, 259, 237, 275]}
{'dt': 12.082248, 'sns': [327, 276, 259, 237, 275]}
{'dt': 12.072694, 'sns': [327, 277, 259, 237, 275]}
{'dt': 12.075489, 'sns': [327, 276, 259, 237, 275]}
{'dt': 12.055194, 'sns': [327, 277, 259, 237, 275]}
{'dt': 12.062953, 'sns': [327, 277, 259, 237, 275]}
{'dt': 12.086193, 'sns': [327, 276, 259, 237, 275]}
{'dt': 12.063527, 'sns': [327, 277, 259, 237, 275]}
{'dt': 12.073193, 'sns': [327, 276, 259, 237, 275]}
{'dt': 12.051231, 'sns': [328, 277, 259, 237, 275]}
{'dt': 12.054934, 'sns': [328, 277, 259, 237, 275]}
{'dt': 12.053786, 'sns': [327, 277, 259, 237, 275]}
{'dt': 12.07112, 'sns': [327, 277, 259, 237, 274]}
{'dt': 12.08923, 'sns': [327, 277, 259, 237, 275]}
{'dt': 12.06723, 'sns': [327, 277, 259, 237, 275]}
{'dt': 12.059233, 'sns': [327, 277, 259, 237, 275]}
{'dt': 12.077837, 'sns': [327, 277, 259, 237, 275]}
{'dt': 12.088375, 'sns': [327, 277, 259, 237, 275]}
{'dt': 12.063819, 'sns': [327, 276, 259, 237, 275]}
{'dt': 12.053226, 'sns': [328, 277, 259, 237, 275]}
{'dt': 12.072653, 'sns': [327, 277, 259, 237, 275]}
{'dt': 12.056208, 'sns': [327, 277, 259, 237, 275]}
{'dt': 12.079337, 'sns': [327, 277, 259, 237, 275]}
{'dt': 12.090115, 'sns': [327, 277, 259, 237, 275]}
{'dt': 12.062264, 'sns': [327, 277, 259, 237, 275]}
{'dt': 12.05656, 'sns': [327, 277, 259, 237, 275]}
{'dt': 12.072245, 'sns': [327, 277, 259, 237, 275]}
{'dt': 12.117596, 'sns': [327, 277, 259, 237, 275]}
{'dt': 12.059189, 'sns': [327, 276, 259, 237, 275]}
{'dt': 12.052783, 'sns': [327, 277, 259, 237, 275]}
{'dt': 12.082855, 'sns': [327, 277, 259, 237, 275]}
{'dt': 12.056449, 'sns': [327, 276, 259, 237, 275]}
{'dt': 12.069616, 'sns': [327, 276, 259, 237, 275]}
{'dt': 12.078819, 'sns': [327, 276, 259, 237, 275]}
{'dt': 12.065189, 'sns': [327, 276, 259, 237, 275]}
{'dt': 12.054801, 'sns': [327, 277, 259, 237, 275]}
{'dt': 12.059486, 'sns': [327, 276, 259, 237, 275]}
{'dt': 12.071337, 'sns': [328, 277, 259, 237, 275]}
{'dt': 12.055338, 'sns': [327, 277, 259, 237, 275]}
{'dt': 12.054782, 'sns': [327, 276, 259, 237, 275]}
{'dt': 12.05982, 'sns': [327, 277, 259, 237, 275]}
{'dt': 12.068078, 'sns': [327, 276, 259, 237, 275]}
{'dt': 12.465627, 'sns': [327, 277, 259, 237, 275]}
{'dt': 12.059208, 'sns': [327, 277, 259, 237, 275]}
{'dt': 12.089522, 'sns': [327, 276, 259, 237, 275]}
{'dt': 12.0813, 'sns': [328, 277, 259, 237, 275]}
{'dt': 12.081912, 'sns': [327, 276, 259, 237, 275]}
{'dt': 12.133318, 'sns': [327, 276, 259, 237, 275]}
{'dt': 12.027931, 'sns': [327, 277, 259, 237, 275]}
{'dt': 12.024912, 'sns': [327, 275, 259, 237, 275]}
{'dt': 12.012301, 'sns': [327, 277, 259, 237, 274]}
{'dt': 12.010135, 'sns': [327, 277, 259, 237, 275]}
{'dt': 12.055079, 'sns': [327, 276, 259, 237, 275]}
{'dt': 12.013135, 'sns': [328, 277, 259, 237, 275]}
{'dt': 12.024209, 'sns': [327, 277, 259, 237, 275]}
{'dt': 12.010597, 'sns': [327, 277, 259, 237, 275]}
{'dt': 12.016894, 'sns': [327, 277, 259, 237, 275]}
{'dt': 12.061283, 'sns': [327, 277, 259, 237, 275]}
{'dt': 12.03143, 'sns': [327, 277, 259, 237, 275]}
{'dt': 12.01008, 'sns': [327, 277, 259, 237, 275]}
{'dt': 12.01819, 'sns': [327, 276, 259, 237, 275]}
{'dt': 12.06419, 'sns': [327, 277, 259, 237, 275]}
{'dt': 12.023634, 'sns': [327, 277, 259, 237, 275]}
{'dt': 12.014339, 'sns': [327, 277, 259, 237, 275]}
{'dt': 12.05606, 'sns': [327, 277, 259, 237, 275]}
{'dt': 12.023172, 'sns': [327, 277, 259, 237, 275]}
{'dt': 12.016412, 'sns': [327, 277, 255, 237, 275]}
{'dt': 12.017061, 'sns': [327, 276, 259, 237, 275]}
{'dt': 12.02432, 'sns': [327, 277, 259, 237, 275]}
{'dt': 12.009153, 'sns': [327, 277, 259, 237, 275]}
{'dt': 12.018561, 'sns': [327, 277, 259, 237, 275]}
{'dt': 12.008487, 'sns': [327, 276, 259, 237, 275]}
{'dt': 12.009672, 'sns': [327, 276, 259, 237, 275]}
{'dt': 12.004727, 'sns': [327, 277, 259, 237, 275]}
{'dt': 12.019802, 'sns': [327, 276, 259, 237, 275]}
{'dt': 12.009561, 'sns': [327, 276, 259, 237, 275]}
{'dt': 12.057782, 'sns': [327, 277, 259, 237, 275]}
{'dt': 12.020209, 'sns': [327, 277, 259, 237, 275]}
{'dt': 12.00332, 'sns': [327, 277, 259, 237, 275]}
{'dt': 12.040208, 'sns': [327, 276, 259, 237, 275]}
{'dt': 12.005024, 'sns': [327, 276, 259, 237, 275]}
{'dt': 12.157855, 'sns': [327, 277, 259, 233, 275]}
{'dt': 12.030819, 'sns': [327, 277, 259, 237, 275]}
{'dt': 12.304908, 'sns': [327, 277, 252, 237, 275]}
{'dt': 12.297407, 'sns': [327, 276, 259, 237, 275]}
{'dt': 12.273982, 'sns': [327, 276, 259, 237, 275]}
{'dt': 12.318926, 'sns': [327, 277, 259, 237, 275]}
{'dt': 12.28013, 'sns': [327, 277, 259, 237, 275]}
{'dt': 12.261797, 'sns': [327, 277, 259, 237, 275]}
{'dt': 12.269149, 'sns': [327, 277, 259, 237, 275]}
{'dt': 12.072615, 'sns': [327, 277, 259, 237, 275]}
{'dt': 12.27063, 'sns': [327, 277, 259, 237, 275]}
{'dt': 12.260205, 'sns': [327, 277, 259, 237, 275]}
{'dt': 12.489885, 'sns': [327, 277, 259, 237, 274]}
{'dt': 12.302871, 'sns': [327, 277, 259, 237, 275]}
{'dt': 12.278444, 'sns': [327, 276, 259, 237, 275]}
{'dt': 12.272723, 'sns': [327, 277, 259, 237, 275]}
{'dt': 12.264093, 'sns': [327, 276, 259, 237, 275]}
{'dt': 12.291392, 'sns': [327, 277, 259, 237, 275]}
{'dt': 12.284532, 'sns': [327, 276, 259, 237, 275]}
{'dt': 12.275737, 'sns': [327, 277, 259, 237, 275]}
{'dt': 12.271088, 'sns': [327, 277, 259, 237, 275]}
{'dt': 12.25396, 'sns': [327, 277, 259, 237, 275]}
{'dt': 12.262384, 'sns': [327, 277, 259, 237, 275]}
{'dt': 12.262089, 'sns': [327, 276, 259, 237, 275]}
{'dt': 12.25657, 'sns': [327, 276, 259, 237, 275]}
{'dt': 12.258237, 'sns': [327, 277, 259, 237, 274]}
{'dt': 12.031241, 'sns': [327, 276, 259, 237, 275]}
{'dt': 12.386605, 'sns': [327, 277, 259, 236, 275]}
{'dt': 12.290607, 'sns': [327, 277, 259, 237, 275]}
{'dt': 12.263811, 'sns': [327, 276, 258, 237, 275]}
{'dt': 12.273125, 'sns': [327, 277, 259, 237, 275]}
{'dt': 12.295996, 'sns': [327, 277, 259, 237, 275]}
{'dt': 12.270477, 'sns': [327, 277, 259, 237, 275]}
{'dt': 12.260311, 'sns': [327, 277, 259, 237, 275]}
{'dt': 12.257589, 'sns': [327, 276, 259, 237, 275]}
{'dt': 12.264218, 'sns': [327, 277, 259, 237, 275]}
{'dt': 12.259255, 'sns': [327, 277, 259, 237, 275]}
{'dt': 12.262218, 'sns': [327, 277, 259, 237, 275]}
{'dt': 12.261978, 'sns': [327, 277, 259, 237, 275]}
{'dt': 12.260089, 'sns': [327, 277, 259, 237, 275]}
{'dt': 12.247366, 'sns': [327, 277, 259, 237, 275]}
{'dt': 12.250923, 'sns': [327, 277, 259, 237, 275]}
{'dt': 12.289588, 'sns': [327, 276, 259, 237, 275]}
{'dt': 12.267959, 'sns': [327, 277, 259, 237, 275]}
{'dt': 12.298532, 'sns': [325, 276, 259, 237, 275]}
{'dt': 12.254737, 'sns': [327, 276, 259, 237, 275]}
{'dt': 12.276903, 'sns': [327, 277, 259, 237, 275]}
{'dt': 12.552603, 'sns': [327, 276, 259, 237, 275]}
{'dt': 12.291291, 'sns': [327, 277, 259, 237, 275]}
{'dt': 12.314014, 'sns': [327, 276, 259, 237, 275]}
{'dt': 12.487807, 'sns': [327, 276, 259, 237, 275]}
{'dt': 12.328458, 'sns': [328, 277, 259, 237, 275]}
{'dt': 12.271977, 'sns': [327, 277, 259, 237, 275]}
{'dt': 12.298866, 'sns': [327, 277, 259, 237, 275]}
{'dt': 12.270644, 'sns': [327, 277, 259, 237, 275]}
{'dt': 12.270107, 'sns': [327, 276, 259, 237, 275]}
{'dt': 12.258719, 'sns': [327, 277, 259, 237, 275]}
{'dt': 12.29331, 'sns': [327, 277, 259, 237, 275]}
{'dt': 12.266552, 'sns': [327, 277, 259, 237, 275]}
{'dt': 12.292847, 'sns': [327, 277, 259, 237, 275]}
{'dt': 12.284107, 'sns': [327, 276, 259, 237, 275]}
{'dt': 12.26957, 'sns': [327, 277, 259, 237, 275]}
{'dt': 12.303625, 'sns': [327, 277, 259, 237, 275]}
{'dt': 12.281366, 'sns': [327, 277, 259, 237, 275]}
{'dt': 12.261903, 'sns': [327, 277, 259, 237, 275]}
{'dt': 12.256737, 'sns': [327, 276, 259, 237, 275]}
{'dt': 12.251515, 'sns': [327, 276, 259, 237, 275]}
{'dt': 12.257163, 'sns': [328, 276, 259, 237, 275]}
{'dt': 12.030852, 'sns': [327, 277, 259, 237, 275]}
{'dt': 12.267718, 'sns': [327, 276, 259, 237, 275]}
{'dt': 12.261774, 'sns': [327, 277, 259, 237, 275]}
{'dt': 12.295495, 'sns': [327, 276, 259, 237, 275]}
{'dt': 12.45353, 'sns': [327, 276, 259, 237, 275]}
{'dt': 12.266274, 'sns': [327, 276, 259, 237, 275]}
{'dt': 12.317976, 'sns': [327, 276, 259, 237, 275]}
{'dt': 12.364976, 'sns': [327, 277, 259, 237, 275]}
{'dt': 12.255737, 'sns': [327, 276, 259, 237, 275]}
{'dt': 12.262218, 'sns': [328, 277, 259, 237, 275]}
{'dt': 12.308255, 'sns': [327, 276, 259, 237, 275]}
{'dt': 12.278292, 'sns': [327, 277, 259, 237, 275]}
{'dt': 12.26007, 'sns': [327, 277, 259, 237, 275]}
{'dt': 12.257182, 'sns': [327, 276, 259, 237, 275]}
{'dt': 12.248477, 'sns': [327, 277, 259, 237, 275]}
{'dt': 12.243663, 'sns': [327, 277, 259, 237, 275]}
{'dt': 12.36318, 'sns': [327, 277, 259, 237, 275]}
{'dt': 12.267051, 'sns': [327, 277, 259, 237, 275]}
{'dt': 12.267182, 'sns': [327, 276, 259, 237, 275]}
{'dt': 12.242774, 'sns': [328, 277, 259, 237, 275]}
{'dt': 12.265311, 'sns': [328, 276, 259, 237, 275]}
{'dt': 12.268681, 'sns': [327, 277, 259, 237, 275]}
{'dt': 12.295606, 'sns': [327, 277, 259, 237, 275]}
{'dt': 12.252256, 'sns': [327, 276, 259, 237, 275]}
{'dt': 12.295273, 'sns': [327, 276, 259, 237, 275]}
{'dt': 12.035982, 'sns': [327, 277, 259, 237, 275]}
{'dt': 12.010167, 'sns': [327, 277, 259, 237, 275]}
{'dt': 12.068999, 'sns': [327, 277, 259, 237, 275]}
{'dt': 12.07274, 'sns': [327, 276, 259, 237, 275]}
{'dt': 12.107924, 'sns': [327, 276, 259, 237, 275]}
{'dt': 12.071224, 'sns': [327, 277, 259, 237, 275]}
{'dt': 12.089678, 'sns': [327, 277, 259, 237, 275]}
{'dt': 12.058235, 'sns': [327, 277, 259, 237, 274]}
{'dt': 12.091974, 'sns': [327, 276, 259, 237, 275]}
{'dt': 12.115623, 'sns': [327, 276, 259, 237, 275]}
{'dt': 12.05479, 'sns': [327, 277, 259, 237, 275]}
{'dt': 12.645707, 'sns': [327, 272, 258, 237, 275]}
{'dt': 12.057771, 'sns': [327, 277, 259, 237, 275]}
{'dt': 12.084771, 'sns': [327, 277, 259, 237, 275]}
{'dt': 12.160381, 'sns': [327, 276, 259, 237, 275]}
{'dt': 12.084308, 'sns': [327, 277, 259, 237, 275]}
{'dt': 12.06555, 'sns': [327, 276, 259, 237, 275]}
{'dt': 12.077549, 'sns': [327, 277, 259, 237, 275]}
{'dt': 12.098882, 'sns': [327, 277, 259, 237, 275]}
{'dt': 12.051753, 'sns': [327, 277, 259, 237, 275]}
{'dt': 12.055234, 'sns': [327, 277, 259, 237, 275]}
{'dt': 12.068587, 'sns': [327, 276, 259, 237, 275]}
{'dt': 12.048401, 'sns': [327, 277, 259, 237, 275]}
{'dt': 12.101567, 'sns': [328, 277, 259, 237, 275]}
{'dt': 12.054123, 'sns': [327, 277, 259, 237, 275]}
{'dt': 12.081235, 'sns': [327, 277, 259, 237, 275]}
{'dt': 12.059864, 'sns': [327, 276, 258, 237, 275]}
{'dt': 12.084382, 'sns': [327, 276, 259, 237, 275]}
{'dt': 12.100623, 'sns': [327, 277, 259, 237, 275]}
{'dt': 12.068345, 'sns': [327, 277, 259, 237, 275]}
{'dt': 12.047198, 'sns': [327, 277, 259, 237, 275]}
{'dt': 12.069808, 'sns': [327, 276, 259, 237, 275]}
{'dt': 12.060698, 'sns': [327, 277, 259, 237, 275]}
{'dt': 12.083382, 'sns': [327, 276, 259, 237, 275]}
{'dt': 12.055438, 'sns': [327, 277, 259, 237, 275]}
{'dt': 12.055753, 'sns': [327, 277, 259, 237, 275]}
{'dt': 12.107808, 'sns': [327, 276, 259, 237, 275]}
{'dt': 12.092456, 'sns': [327, 277, 259, 237, 275]}
{'dt': 12.064216, 'sns': [327, 276, 259, 237, 275]}
{'dt': 12.057809, 'sns': [327, 276, 259, 237, 275]}
{'dt': 12.068715, 'sns': [328, 277, 259, 237, 275]}
{'dt': 12.090531, 'sns': [327, 276, 259, 237, 275]}
{'dt': 12.117492, 'sns': [327, 277, 259, 237, 275]}
{'dt': 12.09342, 'sns': [327, 277, 259, 237, 275]}
{'dt': 12.063271, 'sns': [327, 277, 259, 237, 275]}
{'dt': 12.055198, 'sns': [328, 277, 259, 237, 275]}
{'dt': 12.072567, 'sns': [327, 277, 259, 237, 275]}
{'dt': 12.08953, 'sns': [327, 277, 259, 237, 275]}
{'dt': 12.054439, 'sns': [327, 277, 259, 237, 275]}
{'dt': 12.04842, 'sns': [327, 276, 259, 237, 275]}
{'dt': 12.065604, 'sns': [327, 277, 259, 237, 275]}
{'dt': 12.073994, 'sns': [327, 276, 259, 237, 275]}
{'dt': 12.073956, 'sns': [327, 276, 259, 237, 275]}
{'dt': 12.059938, 'sns': [327, 277, 259, 237, 275]}
{'dt': 12.068235, 'sns': [327, 277, 259, 237, 275]}
{'dt': 12.085882, 'sns': [327, 277, 259, 237, 274]}
{'dt': 12.056457, 'sns': [327, 276, 259, 237, 275]}
{'dt': 12.06766, 'sns': [327, 277, 259, 237, 275]}
{'dt': 12.054198, 'sns': [327, 276, 259, 237, 275]}
{'dt': 12.046419, 'sns': [328, 277, 259, 237, 275]}
{'dt': 12.072864, 'sns': [327, 277, 259, 237, 275]}
{'dt': 12.075549, 'sns': [327, 277, 259, 237, 275]}
{'dt': 12.069309, 'sns': [327, 276, 259, 237, 275]}
{'dt': 12.061623, 'sns': [327, 277, 259, 237, 275]}
{'dt': 12.063327, 'sns': [327, 277, 259, 237, 275]}
{'dt': 12.069975, 'sns': [327, 276, 259, 237, 275]}
{'dt': 12.065272, 'sns': [327, 277, 259, 237, 275]}
{'dt': 12.063123, 'sns': [327, 277, 259, 237, 275]}
{'dt': 12.067771, 'sns': [327, 277, 259, 237, 275]}
{'dt': 12.050828, 'sns': [327, 277, 259, 237, 275]}
{'dt': 12.065419, 'sns': [327, 277, 259, 237, 274]}
{'dt': 12.088364, 'sns': [327, 277, 259, 237, 275]}
{'dt': 12.106363, 'sns': [327, 277, 259, 237, 275]}
{'dt': 12.056253, 'sns': [327, 277, 259, 237, 275]}
{'dt': 12.049105, 'sns': [327, 276, 259, 237, 275]}
{'dt': 12.060086, 'sns': [327, 277, 259, 237, 275]}
{'dt': 12.149048, 'sns': [327, 277, 259, 237, 275]}
{'dt': 12.071475, 'sns': [327, 276, 259, 237, 275]}
{'dt': 12.064772, 'sns': [327, 277, 259, 237, 275]}
{'dt': 12.064716, 'sns': [327, 277, 259, 237, 275]}
{'dt': 12.083438, 'sns': [327, 277, 259, 237, 275]}
{'dt': 12.079178, 'sns': [327, 277, 259, 237, 275]}
{'dt': 12.060457, 'sns': [327, 277, 259, 237, 275]}
{'dt': 12.059531, 'sns': [328, 277, 259, 237, 275]}
{'dt': 12.055197, 'sns': [327, 276, 258, 237, 275]}
{'dt': 12.103104, 'sns': [327, 276, 259, 237, 275]}
{'dt': 12.072031, 'sns': [327, 276, 259, 237, 275]}
{'dt': 12.102808, 'sns': [327, 277, 259, 237, 275]}
{'dt': 12.509322, 'sns': [327, 277, 259, 237, 275]}
{'dt': 12.092505, 'sns': [327, 276, 259, 237, 275]}
{'dt': 12.073691, 'sns': [327, 276, 259, 237, 275]}
{'dt': 12.10156, 'sns': [327, 277, 259, 237, 275]}
{'dt': 12.056265, 'sns': [328, 276, 259, 237, 275]}
{'dt': 12.056673, 'sns': [327, 277, 259, 237, 275]}
{'dt': 12.052209, 'sns': [327, 274, 259, 237, 275]}
{'dt': 12.112561, 'sns': [327, 277, 259, 237, 275]}
{'dt': 12.054783, 'sns': [327, 276, 259, 237, 275]}
{'dt': 12.082876, 'sns': [327, 277, 259, 237, 275]}
{'dt': 12.064894, 'sns': [327, 277, 259, 237, 275]}
{'dt': 12.07808, 'sns': [327, 276, 259, 237, 275]}
{'dt': 12.170189, 'sns': [327, 277, 259, 237, 275]}
{'dt': 12.061691, 'sns': [327, 277, 259, 237, 275]}
{'dt': 12.082283, 'sns': [327, 277, 259, 237, 275]}
{'dt': 12.044136, 'sns': [327, 277, 259, 237, 274]}
{'dt': 12.05832, 'sns': [327, 276, 259, 237, 275]}
{'dt': 12.069858, 'sns': [327, 277, 259, 237, 275]}
{'dt': 12.062339, 'sns': [327, 276, 259, 237, 275]}
{'dt': 12.047006, 'sns': [327, 276, 259, 237, 275]}
{'dt': 12.074227, 'sns': [327, 277, 259, 237, 275]}
{'dt': 12.05458, 'sns': [327, 277, 259, 237, 275]}
{'dt': 12.060654, 'sns': [327, 276, 259, 237, 275]}
{'dt': 12.049098, 'sns': [325, 277, 259, 237, 275]}
{'dt': 12.061117, 'sns': [327, 276, 259, 237, 275]}
{'dt': 12.077172, 'sns': [327, 276, 259, 237, 275]}
{'dt': 12.056321, 'sns': [327, 277, 259, 237, 275]}
{'dt': 12.073283, 'sns': [327, 276, 259, 237, 275]}
{'dt': 12.061543, 'sns': [328, 277, 259, 237, 275]}
{'dt': 12.056154, 'sns': [327, 277, 259, 237, 275]}
{'dt': 12.069283, 'sns': [327, 277, 259, 237, 275]}
{'dt': 12.097339, 'sns': [327, 277, 259, 237, 275]}
{'dt': 12.084894, 'sns': [327, 276, 259, 237, 275]}
{'dt': 12.04895, 'sns': [328, 276, 259, 237, 275]}
{'dt': 12.047617, 'sns': [327, 276, 259, 237, 275]}
{'dt': 12.069376, 'sns': [327, 277, 259, 237, 275]}
{'dt': 12.100412, 'sns': [327, 277, 259, 237, 275]}
{'dt': 12.083506, 'sns': [327, 277, 259, 237, 275]}
{'dt': 12.056135, 'sns': [327, 277, 259, 237, 275]}
{'dt': 12.036488, 'sns': [327, 277, 259, 237, 275]}
{'dt': 12.057728, 'sns': [327, 276, 259, 237, 275]}
{'dt': 12.109431, 'sns': [327, 276, 259, 237, 275]}
{'dt': 12.059116, 'sns': [327, 276, 259, 237, 275]}
{'dt': 12.061988, 'sns': [327, 277, 259, 237, 275]}
{'dt': 12.059283, 'sns': [327, 276, 259, 237, 275]}
{'dt': 12.070135, 'sns': [327, 276, 259, 237, 275]}
{'dt': 12.095339, 'sns': [327, 276, 259, 237, 275]}
{'dt': 12.091727, 'sns': [327, 277, 259, 237, 275]}
{'dt': 12.292613, 'sns': [328, 277, 259, 237, 275]}
{'dt': 12.089506, 'sns': [327, 276, 259, 237, 275]}
{'dt': 12.137523, 'sns': [327, 276, 259, 237, 275]}
{'dt': 12.097486, 'sns': [328, 277, 259, 237, 274]}
{'dt': 12.070469, 'sns': [327, 277, 259, 237, 275]}
{'dt': 12.082579, 'sns': [327, 276, 259, 237, 275]}
{'dt': 12.074135, 'sns': [327, 276, 259, 237, 275]}
{'dt': 12.106098, 'sns': [327, 276, 259, 237, 275]}
{'dt': 12.06445, 'sns': [327, 277, 259, 237, 275]}
{'dt': 12.075357, 'sns': [327, 276, 259, 237, 275]}
{'dt': 12.060802, 'sns': [327, 277, 259, 237, 275]}
{'dt': 12.083302, 'sns': [327, 277, 259, 237, 275]}
{'dt': 12.07932, 'sns': [327, 276, 259, 237, 275]}
{'dt': 12.06258, 'sns': [327, 277, 259, 237, 275]}
{'dt': 12.060524, 'sns': [327, 277, 258, 237, 275]}
{'dt': 12.061913, 'sns': [327, 277, 259, 237, 275]}
{'dt': 12.067987, 'sns': [327, 277, 259, 237, 275]}
{'dt': 12.105598, 'sns': [327, 277, 259, 237, 275]}
{'dt': 12.058246, 'sns': [327, 277, 259, 237, 275]}
{'dt': 12.049895, 'sns': [327, 277, 259, 237, 275]}
{'dt': 12.106357, 'sns': [327, 277, 259, 237, 275]}
{'dt': 12.09145, 'sns': [327, 277, 259, 237, 275]}
{'dt': 12.084246, 'sns': [327, 277, 259, 237, 275]}
{'dt': 12.047117, 'sns': [327, 277, 259, 237, 275]}
{'dt': 12.054339, 'sns': [327, 276, 259, 237, 275]}
{'dt': 12.065839, 'sns': [327, 277, 259, 237, 275]}
{'dt': 12.086079, 'sns': [327, 277, 259, 237, 275]}
{'dt': 12.075265, 'sns': [327, 277, 259, 237, 275]}
{'dt': 12.07682, 'sns': [327, 277, 259, 237, 275]}
{'dt': 12.062543, 'sns': [327, 276, 258, 237, 275]}
{'dt': 12.050154, 'sns': [327, 277, 259, 237, 275]}
{'dt': 12.079191, 'sns': [327, 277, 259, 237, 275]}
{'dt': 12.093005, 'sns': [327, 276, 259, 237, 275]}
{'dt': 12.053061, 'sns': [328, 277, 259, 237, 275]}
{'dt': 12.080894, 'sns': [327, 276, 259, 237, 275]}
{'dt': 12.066656, 'sns': [327, 277, 259, 237, 275]}
{'dt': 12.82871, 'sns': [327, 277, 259, 237, 275]}
{'dt': 12.062979, 'sns': [327, 277, 259, 237, 275]}
{'dt': 12.064295, 'sns': [328, 277, 259, 237, 275]}
{'dt': 12.061091, 'sns': [327, 276, 259, 237, 275]}
{'dt': 12.078294, 'sns': [327, 277, 259, 237, 275]}
{'dt': 12.152498, 'sns': [327, 277, 259, 237, 275]}
{'dt': 12.097794, 'sns': [327, 277, 259, 237, 275]}
{'dt': 12.062646, 'sns': [327, 277, 259, 237, 275]}
{'dt': 12.072924, 'sns': [327, 276, 259, 237, 275]}
{'dt': 12.111572, 'sns': [328, 277, 259, 237, 275]}
{'dt': 12.061832, 'sns': [327, 276, 259, 237, 275]}
{'dt': 12.061294, 'sns': [327, 276, 259, 237, 275]}
{'dt': 12.047018, 'sns': [327, 277, 259, 237, 275]}
{'dt': 12.085849, 'sns': [327, 277, 259, 237, 275]}
{'dt': 12.075517, 'sns': [327, 277, 259, 237, 275]}
{'dt': 12.088406, 'sns': [327, 276, 259, 237, 275]}
{'dt': 12.096405, 'sns': [327, 276, 259, 237, 275]}
{'dt': 12.073054, 'sns': [327, 277, 259, 237, 275]}
{'dt': 12.087775, 'sns': [327, 277, 259, 237, 275]}
{'dt': 12.406309, 'sns': [327, 277, 259, 237, 275]}
{'dt': 12.06735, 'sns': [327, 277, 259, 237, 275]}
{'dt': 12.052239, 'sns': [327, 276, 259, 237, 275]}
{'dt': 12.052054, 'sns': [327, 277, 259, 237, 275]}
{'dt': 12.082109, 'sns': [327, 276, 259, 237, 275]}
{'dt': 12.076702, 'sns': [327, 277, 259, 237, 275]}
{'dt': 12.062517, 'sns': [327, 277, 259, 237, 275]}
{'dt': 12.061573, 'sns': [327, 276, 259, 237, 275]}
{'dt': 12.056757, 'sns': [327, 277, 259, 237, 275]}
{'dt': 12.063628, 'sns': [327, 276, 259, 237, 275]}
{'dt': 12.066054, 'sns': [327, 276, 259, 237, 275]}
{'dt': 12.054388, 'sns': [327, 277, 259, 237, 275]}
{'dt': 12.054128, 'sns': [327, 277, 259, 237, 275]}
{'dt': 12.041813, 'sns': [327, 276, 259, 237, 275]}
{'dt': 12.04598, 'sns': [328, 276, 259, 237, 275]}
{'dt': 12.097813, 'sns': [327, 277, 259, 237, 275]}
{'dt': 12.06035, 'sns': [327, 277, 259, 237, 275]}
{'dt': 12.042202, 'sns': [327, 276, 259, 237, 275]}
{'dt': 12.091572, 'sns': [327, 276, 259, 237, 275]}
{'dt': 12.082128, 'sns': [327, 276, 259, 237, 275]}
{'dt': 12.107368, 'sns': [327, 277, 259, 237, 275]}
{'dt': 12.078202, 'sns': [327, 277, 259, 237, 275]}
{'dt': 12.065887, 'sns': [327, 277, 258, 237, 275]}
{'dt': 12.078813, 'sns': [327, 277, 259, 237, 275]}
{'dt': 12.104776, 'sns': [328, 276, 259, 237, 275]}
{'dt': 12.059776, 'sns': [327, 276, 259, 237, 275]}
{'dt': 12.064109, 'sns': [327, 277, 259, 237, 275]}
{'dt': 12.062999, 'sns': [327, 277, 259, 237, 275]}
{'dt': 12.049091, 'sns': [327, 276, 259, 237, 275]}
{'dt': 12.094313, 'sns': [327, 277, 259, 237, 275]}
{'dt': 12.060887, 'sns': [327, 277, 259, 237, 275]}
{'dt': 12.060054, 'sns': [327, 277, 259, 237, 275]}
{'dt': 12.048054, 'sns': [327, 277, 259, 237, 275]}
{'dt': 12.038814, 'sns': [327, 277, 259, 237, 275]}
{'dt': 12.100497, 'sns': [327, 277, 259, 237, 275]}
{'dt': 12.057314, 'sns': [327, 276, 259, 237, 275]}
{'dt': 12.096609, 'sns': [328, 277, 259, 237, 275]}
{'dt': 12.065165, 'sns': [327, 276, 259, 237, 275]}
{'dt': 12.085201, 'sns': [327, 277, 259, 237, 275]}
{'dt': 12.066962, 'sns': [327, 277, 259, 237, 275]}
{'dt': 12.053091, 'sns': [327, 276, 259, 237, 275]}
{'dt': 12.061091, 'sns': [327, 277, 259, 237, 275]}
{'dt': 12.053128, 'sns': [327, 277, 259, 237, 275]}
{'dt': 12.077442, 'sns': [327, 277, 259, 237, 275]}
{'dt': 12.076184, 'sns': [327, 277, 259, 237, 275]}
{'dt': 12.054554, 'sns': [327, 276, 259, 237, 275]}
{'dt': 12.050869, 'sns': [327, 277, 259, 237, 275]}
{'dt': 12.060591, 'sns': [327, 277, 259, 237, 275]}
{'dt': 12.113831, 'sns': [327, 277, 259, 237, 275]}
{'dt': 12.095757, 'sns': [327, 277, 259, 237, 275]}
{'dt': 12.059109, 'sns': [327, 277, 259, 237, 275]}
{'dt': 12.060128, 'sns': [327, 277, 259, 237, 275]}
{'dt': 12.091072, 'sns': [327, 277, 259, 237, 275]}
{'dt': 12.079628, 'sns': [327, 277, 259, 237, 275]}
{'dt': 12.048036, 'sns': [327, 277, 259, 237, 275]}
{'dt': 12.083627, 'sns': [327, 277, 259, 237, 275]}
{'dt': 12.051184, 'sns': [327, 277, 259, 237, 275]}
{'dt': 12.046591, 'sns': [327, 277, 259, 237, 275]}
{'dt': 12.101831, 'sns': [327, 276, 259, 237, 275]}
{'dt': 12.065739, 'sns': [327, 277, 259, 237, 275]}
{'dt': 12.05424, 'sns': [327, 276, 259, 237, 275]}
{'dt': 12.07435, 'sns': [327, 276, 259, 237, 275]}
{'dt': 12.058461, 'sns': [327, 277, 259, 237, 275]}
{'dt': 12.063877, 'sns': [327, 276, 259, 237, 275]}
{'dt': 12.054287, 'sns': [327, 277, 259, 235, 275]}
{'dt': 12.049712, 'sns': [327, 276, 259, 237, 275]}
{'dt': 12.093527, 'sns': [327, 277, 259, 237, 275]}
{'dt': 12.087194, 'sns': [327, 276, 259, 237, 275]}
{'dt': 12.066657, 'sns': [327, 277, 259, 237, 275]}
{'dt': 12.066768, 'sns': [327, 277, 259, 237, 275]}
{'dt': 12.063102, 'sns': [327, 276, 258, 237, 275]}
{'dt': 12.06736, 'sns': [327, 277, 259, 237, 275]}
{'dt': 12.103212, 'sns': [327, 277, 259, 237, 275]}
{'dt': 12.063824, 'sns': [327, 276, 259, 237, 275]}
{'dt': 12.056157, 'sns': [328, 277, 259, 237, 275]}
{'dt': 12.057102, 'sns': [327, 276, 259, 237, 275]}
{'dt': 12.055897, 'sns': [327, 276, 259, 237, 275]}
{'dt': 12.084342, 'sns': [327, 277, 259, 237, 275]}
{'dt': 12.132971, 'sns': [327, 276, 259, 237, 275]}
{'dt': 12.060824, 'sns': [327, 277, 259, 237, 275]}
{'dt': 12.052639, 'sns': [327, 276, 259, 237, 275]}
{'dt': 12.055712, 'sns': [327, 277, 240, 237, 275]}
{'dt': 12.107323, 'sns': [327, 276, 259, 237, 275]}
{'dt': 12.493504, 'sns': [328, 277, 258, 237, 275]}
{'dt': 12.063879, 'sns': [327, 277, 259, 237, 275]}
{'dt': 12.052676, 'sns': [327, 276, 259, 237, 275]}
{'dt': 12.066768, 'sns': [327, 276, 259, 237, 275]}
{'dt': 12.103082, 'sns': [327, 277, 259, 237, 275]}
{'dt': 12.052842, 'sns': [327, 277, 259, 237, 275]}
{'dt': 12.056787, 'sns': [328, 277, 259, 237, 275]}
{'dt': 12.055509, 'sns': [327, 276, 259, 237, 275]}
{'dt': 12.077027, 'sns': [327, 276, 259, 237, 275]}
{'dt': 12.076453, 'sns': [327, 277, 259, 237, 275]}
{'dt': 12.056769, 'sns': [328, 277, 259, 237, 275]}
{'dt': 12.047564, 'sns': [327, 277, 259, 237, 275]}
{'dt': 12.077009, 'sns': [327, 276, 259, 237, 275]}
{'dt': 12.078046, 'sns': [327, 276, 259, 237, 275]}
{'dt': 12.128989, 'sns': [327, 276, 259, 237, 275]}
{'dt': 12.061083, 'sns': [327, 277, 259, 237, 275]}
{'dt': 12.102194, 'sns': [327, 277, 259, 237, 275]}
{'dt': 12.093453, 'sns': [327, 276, 259, 237, 275]}
{'dt': 12.106267, 'sns': [328, 277, 259, 237, 275]}
{'dt': 12.080805, 'sns': [327, 277, 259, 237, 275]}
{'dt': 12.054176, 'sns': [327, 276, 259, 237, 275]}
{'dt': 12.060212, 'sns': [327, 277, 259, 237, 275]}
{'dt': 12.475541, 'sns': [327, 277, 259, 237, 275]}
{'dt': 12.09836, 'sns': [327, 276, 259, 237, 275]}
{'dt': 12.06925, 'sns': [328, 277, 259, 237, 275]}
{'dt': 12.073731, 'sns': [327, 276, 258, 237, 275]}
{'dt': 12.059175, 'sns': [327, 277, 259, 237, 275]}
{'dt': 12.083675, 'sns': [327, 276, 259, 237, 275]}
{'dt': 12.066065, 'sns': [327, 277, 259, 237, 275]}
{'dt': 12.073509, 'sns': [327, 277, 259, 237, 275]}
{'dt': 12.059675, 'sns': [327, 276, 258, 237, 275]}
{'dt': 12.13749, 'sns': [327, 277, 259, 237, 275]}
{'dt': 12.072156, 'sns': [327, 276, 259, 237, 275]}
{'dt': 12.121379, 'sns': [327, 277, 259, 237, 275]}
{'dt': 12.060083, 'sns': [328, 277, 259, 237, 275]}
{'dt': 12.065601, 'sns': [327, 276, 259, 237, 275]}
{'dt': 12.049361, 'sns': [327, 277, 259, 237, 275]}
{'dt': 12.076213, 'sns': [327, 276, 259, 237, 275]}
{'dt': 12.054138, 'sns': [327, 277, 259, 237, 275]}
{'dt': 12.050769, 'sns': [327, 277, 259, 237, 275]}
{'dt': 12.053657, 'sns': [327, 277, 259, 237, 275]}
{'dt': 12.074731, 'sns': [327, 277, 259, 237, 275]}
{'dt': 12.073508, 'sns': [327, 276, 259, 237, 275]}
{'dt': 12.057824, 'sns': [327, 277, 259, 237, 275]}
{'dt': 12.067009, 'sns': [327, 277, 259, 237, 275]}
{'dt': 12.091083, 'sns': [327, 277, 259, 237, 275]}
{'dt': 12.075082, 'sns': [327, 276, 259, 237, 275]}
{'dt': 12.066194, 'sns': [327, 276, 259, 237, 275]}
{'dt': 12.084435, 'sns': [327, 277, 259, 237, 275]}
{'dt': 12.05912, 'sns': [327, 277, 259, 237, 275]}
{'dt': 12.053564, 'sns': [327, 276, 259, 237, 275]}
{'dt': 12.053065, 'sns': [327, 277, 259, 237, 275]}
{'dt': 12.064713, 'sns': [327, 277, 259, 237, 275]}
{'dt': 12.056509, 'sns': [327, 277, 259, 237, 275]}
{'dt': 12.043009, 'sns': [327, 276, 259, 237, 275]}
{'dt': 12.081527, 'sns': [327, 276, 259, 237, 275]}
{'dt': 12.077323, 'sns': [327, 276, 259, 237, 275]}
{'dt': 12.057028, 'sns': [327, 276, 259, 237, 275]}
{'dt': 12.052379, 'sns': [327, 277, 259, 237, 275]}
{'dt': 12.056824, 'sns': [327, 277, 259, 237, 275]}
{'dt': 12.064064, 'sns': [327, 277, 259, 237, 275]}
{'dt': 12.074213, 'sns': [327, 276, 259, 237, 275]}
{'dt': 12.073991, 'sns': [327, 276, 259, 237, 275]}
{'dt': 12.060889, 'sns': [327, 277, 258, 237, 275]}
{'dt': 12.063501, 'sns': [327, 277, 259, 237, 275]}
{'dt': 12.074963, 'sns': [327, 276, 259, 237, 275]}
{'dt': 12.07624, 'sns': [327, 277, 259, 237, 275]}
{'dt': 12.128352, 'sns': [327, 277, 259, 237, 275]}
{'dt': 12.058444, 'sns': [327, 276, 259, 237, 275]}
{'dt': 12.054667, 'sns': [327, 277, 259, 237, 274]}
{'dt': 12.063797, 'sns': [327, 277, 259, 237, 275]}
{'dt': 12.141684, 'sns': [327, 276, 259, 237, 275]}
{'dt': 12.049167, 'sns': [327, 277, 259, 237, 275]}
{'dt': 12.061001, 'sns': [327, 276, 259, 237, 275]}
{'dt': 12.052741, 'sns': [327, 276, 259, 237, 274]}
{'dt': 12.084315, 'sns': [327, 277, 259, 237, 275]}
{'dt': 12.075722, 'sns': [327, 277, 259, 237, 275]}
{'dt': 12.063982, 'sns': [327, 277, 259, 237, 275]}
{'dt': 12.061185, 'sns': [327, 276, 258, 237, 275]}
{'dt': 12.068111, 'sns': [327, 277, 259, 237, 274]}
{'dt': 12.053389, 'sns': [327, 277, 259, 237, 275]}
{'dt': 12.053704, 'sns': [327, 277, 259, 237, 275]}
{'dt': 12.088593, 'sns': [327, 277, 259, 237, 275]}
{'dt': 12.055334, 'sns': [327, 276, 259, 237, 275]}
{'dt': 12.087814, 'sns': [327, 276, 259, 237, 275]}
{'dt': 12.083, 'sns': [327, 277, 259, 237, 275]}
{'dt': 12.068297, 'sns': [327, 276, 259, 237, 275]}
{'dt': 12.058537, 'sns': [327, 276, 259, 237, 275]}
{'dt': 12.081278, 'sns': [327, 276, 259, 237, 275]}
{'dt': 12.061056, 'sns': [327, 276, 259, 237, 275]}
{'dt': 12.075166, 'sns': [327, 277, 259, 237, 275]}
{'dt': 12.114907, 'sns': [327, 277, 259, 237, 275]}
{'dt': 12.060889, 'sns': [328, 277, 259, 237, 275]}
{'dt': 12.057223, 'sns': [327, 276, 259, 237, 275]}
{'dt': 12.062926, 'sns': [327, 276, 259, 237, 275]}
{'dt': 12.081185, 'sns': [327, 277, 259, 237, 275]}
{'dt': 12.043816, 'sns': [327, 277, 259, 237, 275]}
{'dt': 12.053611, 'sns': [328, 277, 259, 237, 275]}
{'dt': 12.058871, 'sns': [327, 276, 259, 237, 275]}
{'dt': 12.069666, 'sns': [327, 277, 259, 237, 275]}
{'dt': 12.117722, 'sns': [327, 276, 259, 237, 275]}
{'dt': 12.057186, 'sns': [328, 276, 259, 237, 275]}
{'dt': 12.056667, 'sns': [327, 277, 259, 237, 275]}
{'dt': 12.108814, 'sns': [327, 277, 259, 237, 275]}
{'dt': 12.07863, 'sns': [327, 277, 259, 237, 275]}
{'dt': 12.071111, 'sns': [327, 276, 259, 237, 275]}
{'dt': 12.055723, 'sns': [327, 276, 259, 237, 275]}
{'dt': 12.053778, 'sns': [327, 277, 259, 237, 275]}
{'dt': 12.065574, 'sns': [327, 276, 259, 237, 275]}
{'dt': 12.07037, 'sns': [328, 277, 259, 237, 275]}
{'dt': 12.067426, 'sns': [327, 276, 259, 237, 275]}
{'dt': 12.061075, 'sns': [327, 277, 259, 237, 275]}
{'dt': 12.057704, 'sns': [327, 277, 259, 237, 275]}
{'dt': 12.065463, 'sns': [327, 276, 259, 237, 275]}
{'dt': 12.080722, 'sns': [327, 277, 259, 237, 275]}
{'dt': 12.073222, 'sns': [327, 277, 259, 237, 275]}
{'dt': 12.08826, 'sns': [327, 276, 259, 237, 275]}
{'dt': 12.053241, 'sns': [327, 277, 259, 237, 275]}
{'dt': 12.082722, 'sns': [327, 276, 259, 237, 275]}
{'dt': 12.082055, 'sns': [327, 276, 259, 237, 275]}
{'dt': 12.097815, 'sns': [327, 277, 259, 237, 275]}
{'dt': 12.055371, 'sns': [327, 276, 259, 237, 275]}
{'dt': 12.052185, 'sns': [327, 277, 259, 237, 275]}
{'dt': 12.05213, 'sns': [327, 277, 259, 237, 275]}
{'dt': 12.0725, 'sns': [327, 276, 259, 237, 275]}
{'dt': 12.051186, 'sns': [327, 277, 259, 237, 275]}
{'dt': 12.066833, 'sns': [327, 276, 259, 237, 275]}
{'dt': 12.070038, 'sns': [327, 277, 259, 237, 274]}
{'dt': 12.062222, 'sns': [327, 277, 259, 237, 275]}
{'dt': 12.085704, 'sns': [327, 277, 259, 237, 275]}
{'dt': 12.049482, 'sns': [327, 276, 259, 237, 275]}
{'dt': 12.05287, 'sns': [327, 276, 259, 237, 275]}
{'dt': 12.061223, 'sns': [327, 277, 259, 237, 275]}
{'dt': 12.085351, 'sns': [327, 277, 259, 237, 275]}
{'dt': 12.073426, 'sns': [327, 277, 259, 237, 275]}
{'dt': 12.056667, 'sns': [328, 277, 259, 237, 275]}
{'dt': 12.051556, 'sns': [327, 276, 259, 237, 275]}
{'dt': 12.095019, 'sns': [327, 276, 259, 237, 275]}
{'dt': 12.048722, 'sns': [327, 276, 259, 237, 275]}
{'dt': 12.066001, 'sns': [327, 276, 259, 237, 275]}
{'dt': 12.073259, 'sns': [327, 276, 259, 237, 275]}
{'dt': 12.084852, 'sns': [327, 277, 259, 237, 275]}
{'dt': 12.050241, 'sns': [327, 276, 259, 237, 275]}
{'dt': 12.089111, 'sns': [327, 277, 259, 237, 275]}
{'dt': 12.062833, 'sns': [327, 277, 259, 237, 275]}
{'dt': 12.060243, 'sns': [327, 277, 259, 237, 275]}
{'dt': 12.04425, 'sns': [327, 276, 259, 237, 275]}
{'dt': 12.079009, 'sns': [327, 277, 259, 237, 275]}
{'dt': 12.02201, 'sns': [327, 277, 259, 237, 275]}
{'dt': 12.037066, 'sns': [327, 276, 259, 237, 275]}
{'dt': 12.04975, 'sns': [327, 277, 259, 237, 275]}
{'dt': 12.021936, 'sns': [327, 276, 259, 237, 275]}
{'dt': 12.01238, 'sns': [327, 277, 259, 237, 275]}
{'dt': 12.011103, 'sns': [327, 277, 259, 237, 275]}
{'dt': 12.018584, 'sns': [327, 277, 259, 237, 275]}
{'dt': 12.024584, 'sns': [327, 277, 259, 237, 275]}
{'dt': 12.018769, 'sns': [327, 276, 259, 237, 275]}
{'dt': 12.002566, 'sns': [327, 277, 259, 237, 275]}
{'dt': 12.015991, 'sns': [327, 276, 259, 237, 275]}
{'dt': 12.049343, 'sns': [327, 276, 259, 237, 275]}
{'dt': 12.011529, 'sns': [328, 277, 259, 237, 275]}
{'dt': 12.019343, 'sns': [327, 276, 259, 237, 275]}
{'dt': 12.012992, 'sns': [327, 276, 259, 237, 275]}
{'dt': 12.003028, 'sns': [327, 277, 259, 237, 275]}
{'dt': 12.052158, 'sns': [327, 277, 259, 237, 275]}
{'dt': 12.009695, 'sns': [328, 276, 259, 237, 275]}
{'dt': 12.011066, 'sns': [327, 276, 259, 237, 275]}
{'dt': 12.037861, 'sns': [327, 276, 259, 237, 275]}
{'dt': 12.273563, 'sns': [327, 277, 259, 237, 275]}
{'dt': 12.05501, 'sns': [327, 277, 259, 237, 275]}
{'dt': 12.014047, 'sns': [328, 277, 259, 237, 275]}
{'dt': 12.011213, 'sns': [327, 277, 259, 237, 275]}
{'dt': 12.015566, 'sns': [327, 277, 259, 237, 275]}
{'dt': 12.016251, 'sns': [327, 276, 259, 237, 275]}
{'dt': 12.011232, 'sns': [327, 276, 259, 237, 275]}
{'dt': 12.012492, 'sns': [327, 277, 259, 237, 275]}
{'dt': 12.039028, 'sns': [327, 276, 259, 237, 275]}
{'dt': 12.009862, 'sns': [327, 277, 259, 237, 275]}
{'dt': 12.020899, 'sns': [327, 277, 259, 237, 275]}
{'dt': 12.278136, 'sns': [328, 277, 259, 237, 275]}
{'dt': 12.017547, 'sns': [327, 277, 259, 237, 275]}
{'dt': 12.020918, 'sns': [327, 276, 259, 237, 275]}
{'dt': 12.00538, 'sns': [327, 276, 259, 237, 275]}
{'dt': 12.078454, 'sns': [327, 277, 259, 237, 275]}
{'dt': 12.02001, 'sns': [327, 277, 259, 237, 275]}
{'dt': 12.021158, 'sns': [327, 277, 259, 237, 275]}
{'dt': 12.049324, 'sns': [327, 276, 259, 237, 275]}
{'dt': 12.050917, 'sns': [327, 277, 259, 237, 275]}
{'dt': 12.01514, 'sns': [327, 276, 259, 237, 275]}
{'dt': 12.011343, 'sns': [327, 276, 259, 237, 275]}
{'dt': 12.019418, 'sns': [327, 277, 259, 237, 275]}
{'dt': 12.002547, 'sns': [327, 276, 259, 237, 275]}
{'dt': 12.006751, 'sns': [327, 277, 259, 237, 275]}
{'dt': 12.031084, 'sns': [327, 276, 259, 237, 275]}
{'dt': 12.012584, 'sns': [327, 276, 258, 237, 275]}
{'dt': 12.009417, 'sns': [327, 276, 259, 237, 275]}
{'dt': 12.007158, 'sns': [327, 276, 259, 237, 275]}
{'dt': 12.006455, 'sns': [327, 276, 259, 237, 275]}
{'dt': 12.042232, 'sns': [327, 276, 259, 237, 275]}
{'dt': 12.021325, 'sns': [327, 277, 258, 237, 275]}
{'dt': 12.03138, 'sns': [328, 277, 259, 237, 275]}
{'dt': 12.01714, 'sns': [327, 277, 259, 237, 275]}
{'dt': 12.020417, 'sns': [327, 277, 259, 237, 275]}
{'dt': 12.037954, 'sns': [327, 276, 259, 237, 275]}
{'dt': 12.011399, 'sns': [327, 276, 258, 237, 275]}
{'dt': 12.013954, 'sns': [327, 277, 259, 237, 275]}
{'dt': 12.064177, 'sns': [327, 277, 259, 237, 275]}
{'dt': 12.081231, 'sns': [327, 276, 259, 237, 275]}
{'dt': 12.080157, 'sns': [328, 277, 259, 237, 275]}
{'dt': 12.056584, 'sns': [327, 276, 258, 237, 275]}
{'dt': 12.095176, 'sns': [327, 277, 259, 237, 275]}
{'dt': 12.290136, 'sns': [328, 277, 259, 237, 275]}
{'dt': 12.109028, 'sns': [327, 277, 259, 237, 275]}
{'dt': 12.076083, 'sns': [328, 276, 259, 237, 275]}
