{'dt': 1.17443, 'sns': [790, 732, 860, 668, 683]}
{'dt': 11.574353, 'sns': [790, 732, 861, 668, 683]}
{'dt': 11.399837, 'sns': [790, 732, 860, 668, 684]}
{'dt': 11.383633, 'sns': [790, 732, 860, 668, 684]}
{'dt': 11.386671, 'sns': [790, 732, 860, 668, 684]}
{'dt': 11.39167, 'sns': [790, 733, 860, 668, 683]}
{'dt': 11.394818, 'sns': [790, 733, 860, 668, 683]}
{'dt': 11.383319, 'sns': [790, 732, 860, 668, 684]}
{'dt': 11.400152, 'sns': [790, 732, 860, 668, 683]}
{'dt': 11.389466, 'sns': [789, 732, 861, 668, 684]}
{'dt': 11.38493, 'sns': [789, 732, 860, 668, 683]}
{'dt': 11.370596, 'sns': [790, 733, 860, 668, 684]}
{'dt': 11.380838, 'sns': [790, 733, 861, 668, 683]}
{'dt': 11.386966, 'sns': [790, 732, 860, 668, 683]}
{'dt': 11.370838, 'sns': [790, 732, 861, 668, 683]}
{'dt': 11.389318, 'sns': [790, 732, 860, 668, 683]}
{'dt': 11.387707, 'sns': [790, 732, 860, 668, 684]}
{'dt': 11.379467, 'sns': [790, 733, 861, 668, 684]}
{'dt': 11.378134, 'sns': [790, 733, 861, 668, 684]}
{'dt': 11.377763, 'sns': [790, 732, 861, 668, 684]}
{'dt': 11.378967, 'sns': [790, 732, 861, 668, 683]}
{'dt': 11.377969, 'sns': [790, 732, 860, 668, 684]}
{'dt': 11.375506, 'sns': [790, 732, 860, 668, 683]}
{'dt': 11.378062, 'sns': [790, 732, 860, 668, 683]}
{'dt': 11.373007, 'sns': [790, 732, 860, 668, 683]}
{'dt': 11.374913, 'sns': [790, 732, 860, 668, 683]}
{'dt': 11.375136, 'sns': [790, 732, 861, 668, 684]}
{'dt': 11.371155, 'sns': [790, 732, 861, 668, 684]}
{'dt': 11.371543, 'sns': [790, 732, 860, 668, 684]}
{'dt': 11.386932, 'sns': [790, 732, 860, 668, 684]}
{'dt': 11.374803, 'sns': [790, 732, 860, 668, 684]}
{'dt': 11.375562, 'sns': [790, 732, 860, 668, 683]}
{'dt': 11.37671, 'sns': [790, 732, 860, 668, 683]}
{'dt': 11.398728, 'sns': [790, 732, 860, 668, 683]}
{'dt': 11.376747, 'sns': [790, 732, 860, 668, 684]}
{'dt': 11.375155, 'sns': [790, 732, 860, 668, 684]}
{'dt': 11.375395, 'sns': [790, 732, 861, 668, 683]}
{'dt': 11.416246, 'sns': [790, 732, 860, 668, 683]}
{'dt': 11.381488, 'sns': [790, 733, 860, 668, 683]}
{'dt': 11.378007, 'sns': [790, 732, 860, 668, 683]}
{'dt': 11.376969, 'sns': [790, 732, 860, 668, 683]}
{'dt': 11.380136, 'sns': [790, 732, 860, 668, 683]}
{'dt': 11.37521, 'sns': [790, 732, 860, 668, 684]}
{'dt': 11.374654, 'sns': [790, 733, 860, 668, 683]}
{'dt': 11.384562, 'sns': [790, 732, 861, 668, 683]}
{'dt': 11.374914, 'sns': [790, 733, 861, 669, 683]}
{'dt': 11.379265, 'sns': [790, 732, 860, 668, 684]}
{'dt': 11.394747, 'sns': [790, 732, 860, 668, 683]}
{'dt': 11.375321, 'sns': [790, 733, 860, 668, 683]}
{'dt': 11.386192, 'sns': [790, 732, 860, 668, 683]}
{'dt': 11.369654, 'sns': [790, 732, 861, 668, 683]}
{'dt': 11.374192, 'sns': [790, 732, 860, 668, 684]}
{'dt': 11.370358, 'sns': [790, 732, 861, 668, 683]}
{'dt': 11.371506, 'sns': [790, 732, 860, 668, 684]}
{'dt': 11.374211, 'sns': [789, 732, 860, 668, 683]}
{'dt': 11.370728, 'sns': [790, 732, 860, 668, 683]}
{'dt': 11.367914, 'sns': [790, 733, 860, 668, 683]}
{'dt': 11.371303, 'sns': [790, 732, 860, 668, 683]}
{'dt': 11.385858, 'sns': [790, 732, 860, 668, 684]}
{'dt': 11.406265, 'sns': [790, 732, 861, 669, 683]}
{'dt': 12.151052, 'sns': [790, 732, 860, 668, 684]}
{'dt': 12.01661, 'sns': [790, 732, 861, 668, 683]}
{'dt': 12.02309, 'sns': [790, 732, 860, 668, 683]}
{'dt': 12.045035, 'sns': [790, 733, 860, 668, 683]}
{'dt': 12.043684, 'sns': [790, 733, 861, 668, 684]}
{'dt': 12.011202, 'sns': [790, 732, 860, 668, 684]}
{'dt': 12.00585, 'sns': [790, 733, 861, 668, 684]}
{'dt': 12.004499, 'sns': [790, 732, 861, 668, 683]}
{'dt': 12.003498, 'sns': [790, 733, 860, 668, 683]}
{'dt': 12.046443, 'sns': [791, 733, 860, 668, 683]}
{'dt': 12.005757, 'sns': [790, 733, 860, 668, 684]}
{'dt': 12.00411, 'sns': [790, 732, 861, 668, 683]}
{'dt': 12.003961, 'sns': [790, 732, 861, 668, 684]}
{'dt': 12.033221, 'sns': [790, 733, 861, 668, 684]}
{'dt': 12.023091, 'sns': [790, 733, 860, 668, 684]}
{'dt': 12.057257, 'sns': [790, 732, 861, 668, 684]}
{'dt': 12.052868, 'sns': [790, 733, 861, 668, 683]}
{'dt': 12.004739, 'sns': [790, 733, 861, 668, 683]}
{'dt': 12.006202, 'sns': [790, 732, 860, 668, 684]}
{'dt': 12.004925, 'sns': [790, 732, 861, 668, 684]}
{'dt': 12.007757, 'sns': [790, 732, 860, 668, 684]}
{'dt': 12.009351, 'sns': [790, 733, 861, 668, 684]}
{'dt': 11.994387, 'sns': [790, 732, 861, 668, 683]}
{'dt': 12.026202, 'sns': [790, 732, 861, 668, 684]}
{'dt': 12.006073, 'sns': [790, 732, 861, 668, 683]}
{'dt': 12.040868, 'sns': [790, 733, 860, 668, 684]}
{'dt': 12.001369, 'sns': [790, 732, 861, 668, 683]}
{'dt': 12.005906, 'sns': [790, 733, 861, 668, 683]}
{'dt': 12.034109, 'sns': [790, 732, 861, 668, 684]}
{'dt': 12.006147, 'sns': [791, 733, 861, 668, 683]}
{'dt': 12.007776, 'sns': [790, 732, 860, 668, 683]}
{'dt': 11.999147, 'sns': [790, 733, 861, 668, 684]}
{'dt': 11.996572, 'sns': [790, 732, 861, 668, 684]}
{'dt': 12.03061, 'sns': [790, 732, 861, 668, 683]}
{'dt': 12.006498, 'sns': [791, 733, 861, 668, 683]}
{'dt': 12.047591, 'sns': [790, 733, 861, 668, 684]}
{'dt': 12.015183, 'sns': [790, 732, 861, 668, 683]}
{'dt': 12.008499, 'sns': [790, 733, 861, 668, 683]}
{'dt': 12.001498, 'sns': [791, 692, 853, 668, 684]}
{'dt': 12.007517, 'sns': [791, 733, 861, 668, 683]}
{'dt': 11.98624, 'sns': [790, 733, 861, 668, 684]}
{'dt': 11.973665, 'sns': [790, 733, 860, 668, 684]}
{'dt': 12.014665, 'sns': [790, 732, 860, 668, 684]}
{'dt': 12.024276, 'sns': [790, 732, 860, 668, 684]}
{'dt': 12.004295, 'sns': [790, 732, 861, 668, 684]}
{'dt': 12.002406, 'sns': [790, 732, 861, 668, 683]}
{'dt': 11.995333, 'sns': [790, 732, 860, 668, 683]}
{'dt': 12.006112, 'sns': [791, 732, 861, 668, 684]}
{'dt': 11.993446, 'sns': [790, 732, 860, 668, 684]}
{'dt': 12.012149, 'sns': [790, 733, 861, 668, 683]}
{'dt': 12.036519, 'sns': [790, 733, 860, 668, 683]}
{'dt': 12.010297, 'sns': [790, 733, 861, 668, 684]}
{'dt': 11.997779, 'sns': [790, 732, 861, 668, 684]}
{'dt': 12.000483, 'sns': [791, 733, 861, 668, 684]}
{'dt': 12.00152, 'sns': [790, 732, 861, 668, 683]}
{'dt': 12.003704, 'sns': [790, 732, 861, 668, 683]}
{'dt': 12.003668, 'sns': [790, 732, 861, 668, 683]}
{'dt': 12.036667, 'sns': [791, 733, 860, 668, 684]}
{'dt': 12.106482, 'sns': [790, 732, 860, 667, 684]}
{'dt': 12.017667, 'sns': [790, 732, 861, 668, 683]}
{'dt': 12.009242, 'sns': [790, 732, 860, 668, 683]}
{'dt': 12.010538, 'sns': [790, 733, 860, 668, 684]}
{'dt': 12.007538, 'sns': [791, 732, 860, 668, 684]}
{'dt': 12.011427, 'sns': [790, 732, 860, 668, 684]}
{'dt': 12.00863, 'sns': [790, 733, 860, 668, 683]}
{'dt': 12.004724, 'sns': [790, 733, 861, 668, 683]}
{'dt': 12.010038, 'sns': [790, 733, 860, 668, 683]}
{'dt': 12.042778, 'sns': [789, 733, 861, 668, 683]}
{'dt': 12.015056, 'sns': [790, 732, 860, 668, 684]}
{'dt': 12.005205, 'sns': [790, 733, 860, 668, 684]}
{'dt': 12.003927, 'sns': [790, 732, 860, 668, 684]}
{'dt': 12.036223, 'sns': [790, 732, 861, 668, 684]}
{'dt': 12.009353, 'sns': [790, 732, 860, 668, 684]}
{'dt': 12.011556, 'sns': [790, 732, 861, 668, 684]}
{'dt': 12.01302, 'sns': [790, 732, 861, 668, 683]}
{'dt': 12.004075, 'sns': [790, 733, 861, 668, 683]}
{'dt': 12.007631, 'sns': [790, 733, 860, 668, 683]}
{'dt': 12.002038, 'sns': [791, 733, 860, 668, 683]}
{'dt': 12.028241, 'sns': [790, 733, 860, 668, 683]}
{'dt': 12.008649, 'sns': [790, 732, 861, 668, 683]}
{'dt': 12.008909, 'sns': [790, 732, 860, 668, 683]}
{'dt': 12.026556, 'sns': [790, 732, 860, 668, 683]}
{'dt': 12.007168, 'sns': [790, 732, 860, 668, 684]}
{'dt': 12.03176, 'sns': [790, 733, 860, 668, 684]}
{'dt': 12.06587, 'sns': [790, 726, 859, 668, 683]}
{'dt': 12.022371, 'sns': [791, 732, 860, 668, 683]}
{'dt': 12.017372, 'sns': [790, 733, 860, 668, 683]}
{'dt': 12.010852, 'sns': [790, 733, 860, 668, 683]}
{'dt': 12.006798, 'sns': [790, 732, 860, 668, 684]}
{'dt': 12.012075, 'sns': [790, 733, 861, 668, 683]}
{'dt': 12.007279, 'sns': [791, 732, 860, 668, 683]}
{'dt': 12.009482, 'sns': [791, 732, 861, 668, 683]}
{'dt': 12.010297, 'sns': [790, 732, 860, 668, 684]}
{'dt': 12.031908, 'sns': [790, 733, 860, 668, 683]}
{'dt': 12.010964, 'sns': [790, 732, 861, 668, 684]}
{'dt': 12.007242, 'sns': [790, 732, 861, 668, 683]}
{'dt': 12.003705, 'sns': [790, 732, 861, 668, 684]}
{'dt': 12.005742, 'sns': [790, 732, 860, 668, 683]}
{'dt': 12.035371, 'sns': [790, 732, 861, 668, 684]}
{'dt': 12.00489, 'sns': [790, 733, 861, 668, 683]}
{'dt': 12.035111, 'sns': [790, 732, 861, 668, 684]}
{'dt': 12.011594, 'sns': [790, 732, 778, 667, 683]}
{'dt': 12.018427, 'sns': [791, 733, 861, 668, 683]}
{'dt': 12.03626, 'sns': [790, 732, 860, 668, 684]}
{'dt': 12.043907, 'sns': [791, 733, 860, 668, 684]}
{'dt': 12.005039, 'sns': [790, 733, 860, 668, 684]}
{'dt': 12.016223, 'sns': [790, 732, 860, 668, 683]}
{'dt': 12.008927, 'sns': [790, 732, 861, 668, 683]}
{'dt': 12.009519, 'sns': [790, 732, 861, 668, 683]}
{'dt': 12.002279, 'sns': [790, 732, 860, 668, 684]}
{'dt': 12.041149, 'sns': [790, 732, 860, 668, 684]}
{'dt': 12.007593, 'sns': [790, 732, 861, 668, 684]}
{'dt': 12.005168, 'sns': [790, 733, 860, 668, 684]}
{'dt': 12.008519, 'sns': [790, 732, 860, 668, 683]}
{'dt': 12.011964, 'sns': [790, 732, 860, 668, 683]}
{'dt': 12.018464, 'sns': [790, 732, 860, 668, 684]}
{'dt': 12.016464, 'sns': [790, 732, 860, 668, 684]}
{'dt': 12.00739, 'sns': [790, 733, 861, 669, 683]}
{'dt': 12.034815, 'sns': [790, 732, 860, 668, 684]}
{'dt': 12.016131, 'sns': [790, 732, 860, 668, 683]}
{'dt': 12.000964, 'sns': [790, 732, 860, 668, 684]}
{'dt': 12.009538, 'sns': [790, 732, 861, 668, 684]}
{'dt': 12.014964, 'sns': [790, 732, 861, 669, 683]}
{'dt': 12.045741, 'sns': [790, 733, 861, 668, 684]}
{'dt': 12.00889, 'sns': [790, 733, 861, 668, 684]}
{'dt': 12.004927, 'sns': [790, 732, 860, 668, 683]}
{'dt': 11.986446, 'sns': [790, 733, 860, 668, 684]}
{'dt': 12.05163, 'sns': [790, 732, 861, 668, 683]}
{'dt': 12.033445, 'sns': [790, 732, 860, 668, 684]}
{'dt': 12.032871, 'sns': [790, 732, 861, 668, 684]}
{'dt': 12.0228, 'sns': [790, 732, 860, 668, 684]}
{'dt': 12.007985, 'sns': [790, 732, 860, 668, 683]}
{'dt': 12.011874, 'sns': [790, 733, 861, 668, 684]}
{'dt': 12.037429, 'sns': [790, 732, 860, 668, 684]}
{'dt': 12.014021, 'sns': [790, 733, 860, 668, 683]}
{'dt': 12.010708, 'sns': [790, 732, 860, 664, 684]}
{'dt': 12.012596, 'sns': [790, 733, 860, 668, 683]}
{'dt': 12.002503, 'sns': [791, 732, 861, 668, 684]}
{'dt': 12.103484, 'sns': [790, 733, 860, 668, 684]}
{'dt': 12.006577, 'sns': [790, 732, 861, 668, 684]}
{'dt': 12.008708, 'sns': [790, 732, 860, 668, 684]}
{'dt': 12.007836, 'sns': [790, 732, 860, 668, 683]}
{'dt': 12.044077, 'sns': [790, 732, 861, 668, 684]}
{'dt': 12.008893, 'sns': [790, 732, 860, 668, 684]}
{'dt': 12.03867, 'sns': [790, 733, 860, 668, 683]}
{'dt': 12.013484, 'sns': [790, 732, 861, 668, 684]}
{'dt': 11.999689, 'sns': [790, 732, 861, 668, 684]}
{'dt': 12.006337, 'sns': [790, 733, 860, 668, 684]}
{'dt': 12.002189, 'sns': [790, 732, 860, 668, 684]}
{'dt': 12.008448, 'sns': [790, 732, 860, 668, 683]}
{'dt': 12.006855, 'sns': [790, 733, 861, 668, 683]}
{'dt': 12.004337, 'sns': [790, 732, 861, 668, 684]}
{'dt': 12.005059, 'sns': [791, 733, 861, 668, 684]}
{'dt': 11.997337, 'sns': [790, 732, 861, 668, 684]}
{'dt': 12.004059, 'sns': [790, 732, 860, 668, 684]}
{'dt': 12.045058, 'sns': [790, 732, 860, 668, 683]}
{'dt': 12.0088, 'sns': [790, 732, 860, 668, 683]}
{'dt': 12.026466, 'sns': [790, 732, 861, 668, 684]}
{'dt': 12.008022, 'sns': [790, 732, 860, 668, 684]}
{'dt': 12.009244, 'sns': [790, 733, 860, 668, 683]}
{'dt': 12.003319, 'sns': [790, 732, 860, 668, 683]}
{'dt': 12.030818, 'sns': [790, 732, 861, 668, 683]}
{'dt': 12.039892, 'sns': [790, 733, 861, 668, 684]}
{'dt': 12.007151, 'sns': [790, 732, 860, 668, 684]}
{'dt': 12.011189, 'sns': [790, 732, 860, 668, 684]}
{'dt': 12.003355, 'sns': [790, 732, 860, 668, 683]}
{'dt': 12.00643, 'sns': [790, 733, 861, 668, 683]}
{'dt': 12.005114, 'sns': [790, 733, 861, 668, 684]}
{'dt': 11.97793, 'sns': [790, 732, 860, 668, 684]}
{'dt': 11.9988, 'sns': [790, 732, 860, 668, 684]}
{'dt': 12.014189, 'sns': [790, 732, 861, 668, 683]}
{'dt': 12.011707, 'sns': [790, 733, 861, 668, 684]}
{'dt': 12.002725, 'sns': [790, 732, 861, 668, 684]}
{'dt': 12.031726, 'sns': [790, 732, 860, 668, 684]}
{'dt': 12.017725, 'sns': [790, 733, 861, 668, 684]}
{'dt': 12.007448, 'sns': [790, 733, 861, 668, 684]}
{'dt': 12.018152, 'sns': [790, 733, 860, 668, 683]}
{'dt': 12.011522, 'sns': [790, 733, 861, 668, 684]}
{'dt': 12.034021, 'sns': [790, 732, 860, 668, 684]}
{'dt': 12.004393, 'sns': [790, 733, 860, 668, 684]}
{'dt': 12.003818, 'sns': [790, 732, 861, 668, 684]}
{'dt': 12.006226, 'sns': [790, 732, 861, 668, 684]}
{'dt': 12.042892, 'sns': [791, 732, 861, 668, 683]}
{'dt': 12.010429, 'sns': [790, 732, 861, 668, 684]}
{'dt': 12.041725, 'sns': [790, 732, 861, 668, 683]}
{'dt': 12.007207, 'sns': [790, 732, 860, 668, 684]}
{'dt': 12.002948, 'sns': [791, 732, 860, 668, 683]}
{'dt': 12.051651, 'sns': [790, 733, 861, 668, 684]}
{'dt': 12.0103, 'sns': [790, 732, 861, 668, 684]}
{'dt': 12.010467, 'sns': [790, 732, 860, 668, 683]}
{'dt': 12.018392, 'sns': [790, 733, 861, 668, 684]}
{'dt': 12.005188, 'sns': [790, 732, 860, 668, 684]}
{'dt': 12.006282, 'sns': [790, 733, 861, 668, 683]}
{'dt': 12.000911, 'sns': [790, 732, 861, 668, 684]}
{'dt': 12.001411, 'sns': [790, 732, 860, 668, 684]}
{'dt': 11.999503, 'sns': [790, 732, 861, 668, 684]}
{'dt': 11.995726, 'sns': [791, 732, 860, 668, 684]}
{'dt': 12.011077, 'sns': [790, 733, 860, 668, 684]}
{'dt': 12.005911, 'sns': [790, 732, 860, 668, 684]}
{'dt': 12.001171, 'sns': [790, 732, 860, 668, 684]}
{'dt': 12.003466, 'sns': [790, 732, 861, 668, 683]}
{'dt': 11.991356, 'sns': [790, 732, 861, 668, 684]}
{'dt': 11.997744, 'sns': [791, 732, 861, 668, 683]}
{'dt': 12.005392, 'sns': [790, 733, 861, 668, 684]}
{'dt': 12.035726, 'sns': [790, 732, 861, 668, 684]}
{'dt': 12.037336, 'sns': [790, 732, 861, 668, 684]}
{'dt': 12.019429, 'sns': [790, 732, 860, 668, 684]}
{'dt': 12.010115, 'sns': [790, 733, 860, 668, 683]}
{'dt': 12.015225, 'sns': [791, 733, 860, 668, 684]}
{'dt': 12.008208, 'sns': [790, 733, 861, 668, 684]}
{'dt': 12.005966, 'sns': [790, 732, 861, 668, 683]}
{'dt': 11.978559, 'sns': [790, 733, 861, 668, 683]}
{'dt': 12.042818, 'sns': [790, 733, 861, 668, 684]}
{'dt': 11.986377, 'sns': [790, 733, 860, 668, 684]}
{'dt': 12.019617, 'sns': [790, 733, 861, 668, 683]}
{'dt': 12.022505, 'sns': [790, 732, 860, 668, 683]}
{'dt': 12.010173, 'sns': [790, 732, 861, 668, 684]}
{'dt': 12.034894, 'sns': [790, 733, 861, 668, 683]}
{'dt': 12.013525, 'sns': [790, 732, 860, 668, 684]}
{'dt': 12.040079, 'sns': [790, 732, 860, 668, 684]}
{'dt': 12.014339, 'sns': [790, 732, 861, 668, 683]}
{'dt': 12.03708, 'sns': [791, 733, 861, 668, 684]}
{'dt': 12.010913, 'sns': [790, 732, 861, 668, 684]}
{'dt': 12.003691, 'sns': [790, 732, 860, 668, 684]}
{'dt': 12.013117, 'sns': [790, 733, 861, 668, 684]}
{'dt': 12.001006, 'sns': [791, 732, 861, 668, 684]}
{'dt': 11.999709, 'sns': [790, 732, 860, 668, 684]}
{'dt': 12.051117, 'sns': [791, 733, 861, 668, 683]}
{'dt': 12.012376, 'sns': [790, 732, 860, 668, 684]}
{'dt': 12.000432, 'sns': [790, 732, 860, 668, 683]}
{'dt': 12.009376, 'sns': [790, 733, 861, 668, 684]}
{'dt': 12.016784, 'sns': [790, 733, 860, 668, 684]}
{'dt': 12.038116, 'sns': [791, 732, 861, 668, 683]}
{'dt': 12.011562, 'sns': [790, 732, 861, 668, 684]}
{'dt': 12.008394, 'sns': [790, 732, 860, 668, 684]}
{'dt': 11.999691, 'sns': [790, 733, 861, 668, 683]}
{'dt': 12.000506, 'sns': [790, 732, 860, 668, 683]}
{'dt': 12.035599, 'sns': [791, 733, 861, 668, 683]}
{'dt': 12.024968, 'sns': [790, 732, 860, 668, 684]}
{'dt': 12.324632, 'sns': [790, 733, 860, 668, 683]}
{'dt': 12.034561, 'sns': [791, 733, 861, 668, 684]}
{'dt': 12.00558, 'sns': [790, 733, 860, 668, 684]}
{'dt': 12.036691, 'sns': [790, 732, 860, 668, 683]}
{'dt': 12.013839, 'sns': [790, 732, 860, 668, 684]}
{'dt': 12.008728, 'sns': [790, 733, 861, 668, 683]}
{'dt': 12.022413, 'sns': [790, 732, 861, 668, 684]}
{'dt': 12.006432, 'sns': [790, 732, 860, 668, 684]}
{'dt': 12.034672, 'sns': [790, 732, 860, 668, 683]}
{'dt': 12.015894, 'sns': [790, 732, 860, 668, 684]}
{'dt': 12.014636, 'sns': [790, 733, 861, 668, 683]}
{'dt': 12.041505, 'sns': [790, 733, 861, 668, 684]}
{'dt': 12.015876, 'sns': [790, 732, 860, 668, 684]}
{'dt': 12.046395, 'sns': [790, 733, 861, 668, 683]}
{'dt': 11.995228, 'sns': [790, 732, 861, 668, 684]}
{'dt': 12.014024, 'sns': [790, 732, 861, 668, 684]}
{'dt': 12.045913, 'sns': [778, 731, 860, 668, 684]}
{'dt': 12.047265, 'sns': [790, 732, 861, 668, 684]}
{'dt': 12.019061, 'sns': [790, 733, 860, 668, 684]}
{'dt': 12.014487, 'sns': [790, 732, 860, 668, 684]}
{'dt': 12.015561, 'sns': [791, 733, 861, 668, 684]}
{'dt': 11.99671, 'sns': [790, 733, 861, 668, 684]}
{'dt': 12.008154, 'sns': [790, 732, 860, 668, 684]}
{'dt': 12.000339, 'sns': [790, 732, 860, 668, 683]}
{'dt': 12.001858, 'sns': [790, 732, 860, 668, 684]}
{'dt': 12.001339, 'sns': [790, 732, 860, 668, 684]}
{'dt': 12.026636, 'sns': [790, 732, 860, 668, 684]}
{'dt': 12.014765, 'sns': [790, 732, 860, 668, 684]}
{'dt': 12.02832, 'sns': [790, 732, 861, 668, 683]}
{'dt': 12.011895, 'sns': [790, 732, 860, 668, 684]}
{'dt': 12.039005, 'sns': [790, 732, 861, 668, 684]}
{'dt': 12.007691, 'sns': [790, 733, 861, 668, 684]}
{'dt': 12.044006, 'sns': [790, 732, 861, 668, 684]}
{'dt': 12.049227, 'sns': [790, 732, 860, 668, 684]}
{'dt': 12.008376, 'sns': [790, 732, 861, 668, 684]}
{'dt': 12.017839, 'sns': [790, 732, 861, 668, 683]}
{'dt': 12.004432, 'sns': [790, 732, 860, 668, 684]}
{'dt': 12.028006, 'sns': [790, 733, 860, 668, 684]}
{'dt': 12.014524, 'sns': [790, 732, 860, 668, 684]}
{'dt': 11.997154, 'sns': [790, 733, 861, 668, 684]}
{'dt': 12.003006, 'sns': [790, 732, 861, 668, 684]}
{'dt': 12.003247, 'sns': [776, 731, 860, 668, 683]}
{'dt': 12.000672, 'sns': [790, 732, 860, 668, 684]}
{'dt': 12.004432, 'sns': [791, 732, 861, 668, 683]}
{'dt': 12.00608, 'sns': [790, 732, 861, 668, 684]}
{'dt': 12.006969, 'sns': [790, 733, 860, 668, 684]}
{'dt': 11.992895, 'sns': [790, 732, 861, 668, 684]}
{'dt': 12.005135, 'sns': [791, 733, 860, 668, 684]}
{'dt': 12.001747, 'sns': [791, 732, 860, 668, 684]}
{'dt': 12.003062, 'sns': [790, 733, 860, 668, 684]}
{'dt': 12.029357, 'sns': [790, 733, 860, 668, 684]}
{'dt': 12.007228, 'sns': [791, 733, 861, 668, 684]}
{'dt': 12.00458, 'sns': [790, 732, 861, 668, 684]}
{'dt': 12.003358, 'sns': [790, 733, 861, 668, 683]}
{'dt': 12.000543, 'sns': [790, 732, 860, 668, 683]}
{'dt': 12.000487, 'sns': [791, 733, 860, 668, 684]}
{'dt': 12.02271, 'sns': [790, 732, 861, 668, 684]}
{'dt': 11.985712, 'sns': [790, 732, 860, 668, 684]}
{'dt': 12.017138, 'sns': [790, 733, 777, 667, 683]}
{'dt': 12.009786, 'sns': [791, 732, 861, 668, 684]}
{'dt': 12.006045, 'sns': [791, 733, 861, 668, 684]}
{'dt': 11.980305, 'sns': [791, 732, 861, 668, 684]}
{'dt': 12.018582, 'sns': [790, 732, 860, 668, 684]}
{'dt': 12.031619, 'sns': [790, 732, 860, 668, 684]}
{'dt': 12.008823, 'sns': [790, 732, 860, 668, 684]}
{'dt': 12.007693, 'sns': [790, 732, 861, 668, 684]}
{'dt': 12.00486, 'sns': [790, 733, 861, 668, 684]}
{'dt': 12.104674, 'sns': [790, 732, 861, 668, 684]}
{'dt': 12.014415, 'sns': [790, 733, 861, 668, 684]}
{'dt': 11.997582, 'sns': [790, 733, 860, 668, 684]}
{'dt': 11.999638, 'sns': [790, 733, 861, 668, 684]}
{'dt': 12.001916, 'sns': [790, 732, 861, 668, 684]}
{'dt': 12.037508, 'sns': [790, 732, 860, 668, 684]}
{'dt': 12.044674, 'sns': [790, 733, 860, 668, 684]}
{'dt': 12.014175, 'sns': [790, 733, 861, 668, 684]}
{'dt': 12.010712, 'sns': [790, 733, 860, 668, 683]}
{'dt': 12.008193, 'sns': [790, 733, 861, 668, 683]}
{'dt': 12.001453, 'sns': [791, 732, 860, 668, 684]}
{'dt': 11.996804, 'sns': [790, 732, 860, 668, 684]}
{'dt': 12.009064, 'sns': [790, 733, 861, 668, 684]}
{'dt': 11.99586, 'sns': [790, 732, 861, 668, 683]}
{'dt': 12.00736, 'sns': [790, 733, 861, 668, 683]}
{'dt': 12.016712, 'sns': [790, 733, 860, 668, 684]}
{'dt': 12.00373, 'sns': [790, 733, 860, 668, 684]}
{'dt': 12.066138, 'sns': [790, 732, 861, 668, 684]}
{'dt': 12.0131, 'sns': [790, 732, 860, 668, 684]}
{'dt': 12.004194, 'sns': [791, 733, 861, 668, 684]}
{'dt': 12.039174, 'sns': [790, 732, 860, 668, 684]}
{'dt': 12.002693, 'sns': [790, 732, 861, 668, 683]}
{'dt': 12.014194, 'sns': [791, 733, 861, 668, 684]}
{'dt': 12.003286, 'sns': [790, 732, 861, 668, 684]}
{'dt': 12.007804, 'sns': [791, 733, 861, 668, 684]}
{'dt': 12.029341, 'sns': [790, 732, 860, 668, 684]}
{'dt': 12.036434, 'sns': [790, 726, 858, 668, 684]}
{'dt': 12.005434, 'sns': [790, 732, 861, 668, 684]}
{'dt': 12.006508, 'sns': [790, 732, 861, 668, 684]}
{'dt': 12.006842, 'sns': [791, 733, 861, 668, 684]}
{'dt': 11.998342, 'sns': [790, 732, 860, 668, 684]}
{'dt': 12.00086, 'sns': [790, 732, 861, 668, 684]}
{'dt': 11.975045, 'sns': [790, 732, 861, 668, 684]}
{'dt': 12.003916, 'sns': [790, 732, 861, 668, 684]}
{'dt': 12.008489, 'sns': [791, 733, 861, 668, 684]}
{'dt': 11.999453, 'sns': [790, 732, 860, 668, 684]}
{'dt': 12.006175, 'sns': [790, 732, 861, 668, 684]}
{'dt': 12.00336, 'sns': [790, 733, 860, 668, 684]}
{'dt': 12.004249, 'sns': [791, 733, 861, 668, 683]}
{'dt': 11.998212, 'sns': [791, 733, 860, 668, 684]}
{'dt': 12.010915, 'sns': [790, 732, 860, 668, 684]}
{'dt': 12.001453, 'sns': [790, 732, 860, 668, 683]}
{'dt': 11.991786, 'sns': [790, 733, 861, 668, 683]}
{'dt': 12.025675, 'sns': [790, 732, 861, 668, 684]}
{'dt': 12.000915, 'sns': [790, 733, 861, 668, 683]}
{'dt': 11.999416, 'sns': [790, 732, 860, 668, 684]}
{'dt': 12.006693, 'sns': [791, 733, 860, 668, 683]}
{'dt': 11.99962, 'sns': [790, 733, 860, 668, 684]}
{'dt': 12.037434, 'sns': [790, 733, 861, 668, 684]}
{'dt': 11.999175, 'sns': [790, 733, 861, 668, 684]}
{'dt': 12.000378, 'sns': [790, 733, 860, 668, 684]}
{'dt': 12.040045, 'sns': [790, 732, 861, 668, 683]}
{'dt': 11.99999, 'sns': [790, 732, 861, 668, 684]}
{'dt': 12.004804, 'sns': [790, 732, 860, 668, 684]}
{'dt': 11.997583, 'sns': [791, 733, 861, 668, 683]}
{'dt': 12.001471, 'sns': [790, 733, 860, 668, 684]}
{'dt': 11.995119, 'sns': [790, 732, 861, 668, 684]}
{'dt': 11.999953, 'sns': [790, 733, 860, 668, 684]}
{'dt': 11.998156, 'sns': [790, 733, 860, 668, 684]}
{'dt': 11.991897, 'sns': [790, 733, 861, 668, 684]}
{'dt': 12.057971, 'sns': [791, 732, 861, 668, 684]}
{'dt': 12.005082, 'sns': [790, 733, 861, 668, 684]}
{'dt': 12.005045, 'sns': [791, 732, 860, 668, 684]}
{'dt': 11.99325, 'sns': [790, 733, 861, 668, 684]}
{'dt': 11.988767, 'sns': [790, 733, 861, 668, 684]}
{'dt': 12.030619, 'sns': [790, 732, 861, 668, 684]}
{'dt': 11.999786, 'sns': [790, 733, 860, 668, 683]}
{'dt': 11.997027, 'sns': [790, 733, 861, 668, 684]}
{'dt': 11.99949, 'sns': [790, 732, 860, 668, 684]}
{'dt': 11.994415, 'sns': [791, 733, 861, 668, 683]}
{'dt': 12.031101, 'sns': [790, 733, 860, 668, 684]}
{'dt': 12.00386, 'sns': [791, 733, 861, 668, 683]}
{'dt': 11.998453, 'sns': [791, 733, 861, 668, 683]}
{'dt': 11.997083, 'sns': [790, 733, 861, 668, 684]}
{'dt': 11.994548, 'sns': [790, 732, 861, 668, 684]}
{'dt': 12.109749, 'sns': [790, 732, 860, 668, 684]}
{'dt': 12.019826, 'sns': [790, 733, 860, 668, 683]}
{'dt': 12.029195, 'sns': [790, 732, 860, 668, 683]}
{'dt': 11.999047, 'sns': [790, 732, 861, 668, 684]}
{'dt': 12.00377, 'sns': [791, 733, 861, 668, 684]}
{'dt': 11.983511, 'sns': [790, 732, 860, 668, 684]}
{'dt': 12.001233, 'sns': [790, 732, 860, 668, 683]}
{'dt': 12.011158, 'sns': [790, 732, 861, 668, 684]}
{'dt': 11.993325, 'sns': [790, 732, 860, 668, 684]}
{'dt': 12.000122, 'sns': [791, 733, 861, 668, 683]}
{'dt': 11.997622, 'sns': [790, 733, 860, 668, 684]}
{'dt': 11.988492, 'sns': [790, 732, 860, 668, 683]}
{'dt': 11.998288, 'sns': [790, 732, 860, 668, 684]}
{'dt': 11.995585, 'sns': [790, 732, 860, 668, 684]}
{'dt': 12.003399, 'sns': [790, 733, 861, 668, 684]}
{'dt': 12.038603, 'sns': [790, 732, 860, 668, 684]}
{'dt': 12.024973, 'sns': [791, 732, 861, 668, 683]}
{'dt': 12.011677, 'sns': [791, 732, 861, 668, 684]}
{'dt': 12.016195, 'sns': [790, 732, 861, 668, 683]}
{'dt': 12.005048, 'sns': [790, 733, 861, 668, 683]}
{'dt': 12.002788, 'sns': [790, 732, 860, 668, 684]}
{'dt': 12.009621, 'sns': [791, 732, 861, 668, 684]}
{'dt': 12.15375, 'sns': [790, 732, 861, 668, 683]}
{'dt': 12.100509, 'sns': [790, 732, 860, 668, 683]}
{'dt': 12.100121, 'sns': [790, 732, 861, 668, 684]}
{'dt': 12.139138, 'sns': [790, 732, 860, 668, 684]}
{'dt': 12.114139, 'sns': [790, 732, 861, 668, 684]}
{'dt': 12.033603, 'sns': [791, 732, 861, 668, 684]}
{'dt': 12.018732, 'sns': [790, 732, 860, 668, 683]}
{'dt': 12.011566, 'sns': [790, 732, 861, 668, 683]}
{'dt': 12.018325, 'sns': [790, 732, 860, 668, 684]}
{'dt': 12.011492, 'sns': [790, 733, 861, 668, 684]}
{'dt': 12.00464, 'sns': [790, 732, 861, 668, 684]}
{'dt': 12.008973, 'sns': [790, 733, 861, 668, 684]}
{'dt': 12.043047, 'sns': [791, 733, 860, 668, 684]}
{'dt': 12.018751, 'sns': [790, 732, 860, 668, 684]}
{'dt': 12.01477, 'sns': [790, 733, 860, 668, 682]}
{'dt': 12.03914, 'sns': [790, 733, 861, 668, 684]}
{'dt': 12.042658, 'sns': [790, 732, 860, 668, 684]}
{'dt': 12.02064, 'sns': [791, 732, 861, 668, 683]}
{'dt': 12.014788, 'sns': [790, 732, 861, 668, 683]}
{'dt': 12.017399, 'sns': [790, 733, 860, 668, 684]}
{'dt': 11.980603, 'sns': [790, 732, 861, 668, 683]}
{'dt': 12.003474, 'sns': [790, 732, 860, 668, 684]}
{'dt': 12.018251, 'sns': [791, 733, 860, 668, 683]}
{'dt': 12.003714, 'sns': [790, 732, 861, 668, 683]}
{'dt': 12.003084, 'sns': [790, 733, 860, 668, 684]}
{'dt': 12.008437, 'sns': [791, 732, 861, 668, 684]}
{'dt': 12.01051, 'sns': [790, 732, 860, 668, 684]}
{'dt': 12.005177, 'sns': [790, 733, 861, 668, 684]}
{'dt': 12.006881, 'sns': [790, 732, 860, 668, 683]}
{'dt': 12.007881, 'sns': [790, 732, 861, 668, 683]}
{'dt': 12.003677, 'sns': [791, 733, 861, 668, 684]}
{'dt': 12.003825, 'sns': [771, 729, 860, 668, 684]}
{'dt': 12.037862, 'sns': [791, 733, 861, 668, 683]}
{'dt': 12.003233, 'sns': [790, 732, 861, 668, 683]}
{'dt': 11.999195, 'sns': [790, 732, 860, 668, 683]}
{'dt': 12.028862, 'sns': [790, 733, 861, 668, 684]}
{'dt': 12.034029, 'sns': [791, 732, 860, 667, 684]}
{'dt': 12.040436, 'sns': [791, 732, 861, 668, 684]}
{'dt': 12.008862, 'sns': [790, 732, 861, 668, 683]}
{'dt': 12.011899, 'sns': [791, 732, 861, 668, 683]}
{'dt': 12.003751, 'sns': [790, 733, 861, 668, 684]}
{'dt': 12.007233, 'sns': [790, 732, 861, 668, 684]}
{'dt': 12.035288, 'sns': [790, 733, 861, 668, 684]}
{'dt': 12.00901, 'sns': [790, 733, 860, 668, 684]}
{'dt': 11.989122, 'sns': [790, 732, 860, 668, 684]}
{'dt': 12.003251, 'sns': [791, 733, 861, 668, 684]}
{'dt': 12.030436, 'sns': [790, 732, 860, 668, 683]}
{'dt': 12.006566, 'sns': [790, 733, 861, 668, 684]}
{'dt': 11.998492, 'sns': [790, 733, 804, 667, 684]}
{'dt': 12.034788, 'sns': [790, 733, 861, 668, 684]}
{'dt': 12.005511, 'sns': [790, 733, 861, 668, 684]}
{'dt': 12.001195, 'sns': [790, 732, 860, 668, 684]}
{'dt': 12.00414, 'sns': [791, 733, 860, 668, 684]}
{'dt': 11.993178, 'sns': [790, 732, 861, 668, 684]}
{'dt': 11.997473, 'sns': [791, 733, 861, 668, 684]}
{'dt': 12.000344, 'sns': [791, 733, 861, 668, 684]}
{'dt': 11.999621, 'sns': [758, 728, 859, 668, 684]}
{'dt': 12.000566, 'sns': [790, 733, 861, 668, 683]}
{'dt': 12.001733, 'sns': [790, 733, 861, 668, 684]}
{'dt': 12.007418, 'sns': [790, 733, 860, 668, 683]}
{'dt': 12.004661, 'sns': [790, 732, 860, 669, 684]}
{'dt': 11.995013, 'sns': [790, 732, 860, 668, 684]}
{'dt': 11.987753, 'sns': [791, 732, 860, 668, 684]}
{'dt': 11.997698, 'sns': [790, 732, 860, 668, 684]}
{'dt': 12.021124, 'sns': [790, 732, 861, 668, 684]}
{'dt': 12.014512, 'sns': [790, 733, 860, 668, 684]}
{'dt': 12.04092, 'sns': [790, 733, 861, 668, 683]}
{'dt': 12.008883, 'sns': [790, 733, 860, 668, 683]}
{'dt': 12.012494, 'sns': [790, 732, 861, 668, 684]}
{'dt': 12.001457, 'sns': [791, 733, 861, 668, 684]}
{'dt': 11.972753, 'sns': [790, 733, 861, 668, 684]}
{'dt': 12.008994, 'sns': [790, 732, 860, 668, 684]}
{'dt': 12.016143, 'sns': [791, 732, 860, 668, 683]}
{'dt': 12.007179, 'sns': [791, 733, 861, 668, 683]}
{'dt': 12.011512, 'sns': [790, 733, 861, 668, 684]}
{'dt': 12.007828, 'sns': [790, 733, 860, 668, 684]}
{'dt': 12.008994, 'sns': [790, 732, 860, 668, 684]}
{'dt': 12.024882, 'sns': [790, 732, 860, 668, 684]}
{'dt': 12.051272, 'sns': [784, 731, 860, 668, 684]}
{'dt': 12.009846, 'sns': [790, 732, 860, 668, 684]}
{'dt': 12.001679, 'sns': [790, 732, 861, 668, 683]}
{'dt': 11.995272, 'sns': [790, 733, 860, 668, 684]}
{'dt': 12.03442, 'sns': [790, 732, 861, 668, 683]}
{'dt': 12.04016, 'sns': [790, 732, 860, 668, 684]}
{'dt': 12.007198, 'sns': [790, 732, 860, 668, 684]}
{'dt': 12.005623, 'sns': [790, 732, 861, 668, 683]}
{'dt': 12.009791, 'sns': [790, 732, 861, 668, 684]}
{'dt': 12.012975, 'sns': [790, 733, 861, 668, 683]}
{'dt': 12.033179, 'sns': [790, 733, 860, 668, 683]}
{'dt': 12.011531, 'sns': [791, 733, 860, 668, 683]}
{'dt': 11.990439, 'sns': [790, 732, 809, 667, 684]}
{'dt': 12.006494, 'sns': [790, 733, 860, 668, 684]}
{'dt': 12.01792, 'sns': [790, 732, 860, 668, 683]}
{'dt': 12.003661, 'sns': [790, 732, 860, 667, 683]}
{'dt': 12.00592, 'sns': [790, 733, 861, 668, 683]}
{'dt': 12.003123, 'sns': [791, 733, 861, 668, 684]}
{'dt': 11.996754, 'sns': [790, 732, 860, 668, 684]}
{'dt': 12.000049, 'sns': [790, 732, 860, 668, 684]}
{'dt': 11.997698, 'sns': [790, 732, 861, 668, 684]}
{'dt': 11.998476, 'sns': [790, 732, 861, 668, 683]}
{'dt': 11.996661, 'sns': [790, 733, 861, 668, 683]}
{'dt': 12.027994, 'sns': [790, 732, 860, 668, 684]}
{'dt': 11.994401, 'sns': [790, 732, 860, 668, 683]}
{'dt': 12.001828, 'sns': [790, 732, 860, 668, 684]}
{'dt': 11.994216, 'sns': [790, 732, 860, 668, 684]}
{'dt': 12.008346, 'sns': [791, 733, 861, 668, 684]}
{'dt': 11.995161, 'sns': [790, 732, 860, 668, 684]}
{'dt': 12.007772, 'sns': [790, 733, 861, 668, 683]}
{'dt': 12.000105, 'sns': [790, 733, 860, 668, 683]}
{'dt': 12.011623, 'sns': [790, 732, 861, 668, 683]}
{'dt': 12.000235, 'sns': [790, 733, 860, 668, 684]}
{'dt': 11.996087, 'sns': [790, 732, 860, 668, 684]}
{'dt': 11.99942, 'sns': [791, 732, 861, 668, 684]}
{'dt': 12.007513, 'sns': [790, 732, 861, 668, 683]}
{'dt': 11.991216, 'sns': [791, 732, 860, 668, 684]}
{'dt': 11.989865, 'sns': [790, 733, 861, 668, 683]}
{'dt': 11.998494, 'sns': [790, 732, 860, 668, 684]}
{'dt': 12.00929, 'sns': [790, 733, 861, 668, 684]}
{'dt': 12.038013, 'sns': [790, 733, 860, 668, 683]}
{'dt': 12.018623, 'sns': [790, 733, 860, 668, 684]}
{'dt': 12.05016, 'sns': [791, 733, 861, 668, 683]}
{'dt': 12.013624, 'sns': [790, 732, 860, 668, 684]}
{'dt': 12.027197, 'sns': [790, 733, 861, 668, 683]}
{'dt': 12.008161, 'sns': [791, 732, 861, 668, 684]}
{'dt': 12.001402, 'sns': [790, 732, 860, 668, 684]}
{'dt': 11.99916, 'sns': [790, 732, 861, 668, 683]}
{'dt': 11.992291, 'sns': [790, 732, 860, 668, 684]}
{'dt': 12.027864, 'sns': [790, 732, 861, 668, 683]}
{'dt': 12.006642, 'sns': [790, 732, 860, 668, 684]}
{'dt': 12.010365, 'sns': [791, 733, 860, 668, 683]}
{'dt': 12.005086, 'sns': [790, 733, 860, 668, 684]}
{'dt': 11.999717, 'sns': [790, 732, 860, 668, 684]}
{'dt': 11.990883, 'sns': [790, 732, 861, 668, 683]}
{'dt': 12.00129, 'sns': [791, 732, 860, 668, 683]}
{'dt': 11.995846, 'sns': [790, 732, 861, 668, 684]}
{'dt': 11.996772, 'sns': [790, 732, 860, 668, 683]}
{'dt': 12.003976, 'sns': [790, 732, 860, 668, 684]}
{'dt': 12.00505, 'sns': [790, 733, 861, 668, 683]}
{'dt': 12.029716, 'sns': [790, 732, 860, 668, 684]}
{'dt': 12.000642, 'sns': [790, 732, 861, 668, 684]}
{'dt': 12.00129, 'sns': [790, 733, 860, 668, 684]}
{'dt': 11.996069, 'sns': [790, 733, 860, 668, 684]}
{'dt': 12.000253, 'sns': [791, 733, 860, 668, 684]}
{'dt': 11.993422, 'sns': [790, 732, 860, 668, 683]}
{'dt': 12.022515, 'sns': [790, 733, 861, 668, 684]}
{'dt': 12.004866, 'sns': [790, 733, 860, 668, 684]}
{'dt': 11.998793, 'sns': [790, 732, 860, 668, 684]}
{'dt': 11.986033, 'sns': [790, 733, 861, 668, 684]}
{'dt': 12.002071, 'sns': [790, 732, 861, 668, 684]}
{'dt': 12.006514, 'sns': [790, 732, 860, 668, 684]}
{'dt': 12.008034, 'sns': [790, 733, 861, 668, 684]}
{'dt': 12.010385, 'sns': [790, 732, 861, 668, 684]}
{'dt': 12.004292, 'sns': [790, 732, 860, 668, 683]}
{'dt': 12.030274, 'sns': [790, 732, 860, 668, 684]}
{'dt': 12.006459, 'sns': [790, 732, 860, 668, 684]}
{'dt': 11.996737, 'sns': [790, 732, 861, 668, 684]}
{'dt': 11.999218, 'sns': [790, 732, 860, 668, 684]}
{'dt': 12.136495, 'sns': [790, 733, 861, 668, 684]}
{'dt': 12.011922, 'sns': [790, 732, 861, 668, 683]}
{'dt': 12.005681, 'sns': [790, 732, 861, 668, 684]}
{'dt': 12.005626, 'sns': [790, 733, 861, 668, 683]}
{'dt': 12.007385, 'sns': [790, 732, 861, 668, 684]}
{'dt': 12.05457, 'sns': [790, 732, 861, 668, 684]}
{'dt': 12.025274, 'sns': [790, 732, 861, 668, 684]}
{'dt': 12.002348, 'sns': [790, 733, 860, 668, 684]}
{'dt': 12.0017, 'sns': [790, 733, 861, 668, 683]}
{'dt': 12.004644, 'sns': [790, 732, 861, 668, 684]}
{'dt': 12.012329, 'sns': [790, 732, 860, 668, 683]}
{'dt': 12.000904, 'sns': [790, 732, 861, 668, 683]}
{'dt': 12.007292, 'sns': [790, 732, 860, 668, 683]}
{'dt': 12.027589, 'sns': [790, 733, 861, 668, 683]}
{'dt': 12.000941, 'sns': [790, 732, 860, 668, 684]}
{'dt': 12.06181, 'sns': [790, 732, 861, 668, 684]}
{'dt': 12.01257, 'sns': [790, 732, 860, 668, 684]}
{'dt': 12.003533, 'sns': [790, 732, 860, 668, 683]}
{'dt': 12.005589, 'sns': [790, 732, 861, 668, 684]}
{'dt': 11.99933, 'sns': [790, 732, 860, 668, 683]}
{'dt': 12.040625, 'sns': [791, 732, 860, 668, 683]}
{'dt': 11.99807, 'sns': [790, 732, 860, 668, 684]}
{'dt': 12.030441, 'sns': [790, 732, 860, 668, 684]}
{'dt': 12.000607, 'sns': [791, 733, 861, 668, 683]}
{'dt': 12.000719, 'sns': [790, 732, 860, 668, 684]}
{'dt': 12.027921, 'sns': [790, 733, 861, 668, 683]}
{'dt': 12.002126, 'sns': [790, 733, 861, 668, 684]}
{'dt': 12.047829, 'sns': [790, 732, 861, 668, 683]}
{'dt': 12.214679, 'sns': [790, 733, 861, 668, 683]}
{'dt': 12.045552, 'sns': [790, 732, 860, 668, 684]}
{'dt': 12.044606, 'sns': [791, 732, 860, 668, 683]}
{'dt': 12.010867, 'sns': [790, 733, 861, 668, 684]}
{'dt': 12.007163, 'sns': [790, 732, 860, 668, 683]}
{'dt': 11.977089, 'sns': [791, 732, 861, 668, 683]}
{'dt': 12.030348, 'sns': [791, 732, 860, 668, 684]}
{'dt': 12.010811, 'sns': [790, 733, 860, 668, 683]}
{'dt': 12.01307, 'sns': [790, 733, 861, 668, 684]}
{'dt': 12.000181, 'sns': [790, 732, 860, 668, 684]}
{'dt': 11.996941, 'sns': [791, 732, 861, 668, 683]}
{'dt': 12.029107, 'sns': [790, 732, 860, 668, 684]}
{'dt': 12.010811, 'sns': [790, 732, 860, 668, 684]}
{'dt': 12.005366, 'sns': [790, 733, 861, 668, 683]}
{'dt': 11.998274, 'sns': [790, 732, 861, 668, 684]}
{'dt': 11.995978, 'sns': [790, 733, 861, 668, 683]}
{'dt': 11.999274, 'sns': [790, 732, 860, 668, 684]}
{'dt': 12.005978, 'sns': [791, 733, 861, 668, 683]}
{'dt': 11.999922, 'sns': [790, 732, 860, 668, 684]}
{'dt': 11.993941, 'sns': [790, 732, 861, 668, 683]}
{'dt': 12.071051, 'sns': [790, 732, 861, 668, 684]}
{'dt': 12.034736, 'sns': [790, 732, 861, 668, 684]}
{'dt': 12.010533, 'sns': [790, 733, 860, 668, 683]}
{'dt': 12.005626, 'sns': [790, 733, 861, 668, 684]}
{'dt': 12.0057, 'sns': [790, 732, 860, 668, 684]}
{'dt': 12.004367, 'sns': [790, 732, 861, 668, 683]}
{'dt': 12.037236, 'sns': [791, 732, 860, 668, 684]}
{'dt': 12.0077, 'sns': [790, 733, 860, 668, 684]}
{'dt': 12.00557, 'sns': [790, 732, 861, 668, 683]}
{'dt': 12.003293, 'sns': [790, 732, 860, 668, 684]}
{'dt': 11.999996, 'sns': [791, 733, 861, 668, 684]}
{'dt': 12.024181, 'sns': [790, 732, 861, 668, 684]}
{'dt': 12.016922, 'sns': [790, 732, 860, 668, 683]}
{'dt': 11.994533, 'sns': [791, 732, 861, 668, 684]}
{'dt': 11.9912, 'sns': [790, 732, 861, 668, 684]}
{'dt': 12.001256, 'sns': [790, 733, 861, 668, 683]}
{'dt': 12.030125, 'sns': [790, 732, 861, 668, 682]}
{'dt': 12.049329, 'sns': [790, 732, 861, 668, 684]}
{'dt': 12.008182, 'sns': [791, 732, 861, 668, 683]}
{'dt': 11.997774, 'sns': [790, 732, 860, 668, 683]}
{'dt': 12.009218, 'sns': [791, 732, 861, 668, 683]}
{'dt': 11.996573, 'sns': [790, 732, 860, 668, 684]}
{'dt': 12.005368, 'sns': [790, 733, 861, 668, 683]}
{'dt': 11.996277, 'sns': [791, 732, 861, 668, 683]}
{'dt': 12.002201, 'sns': [791, 732, 861, 668, 683]}
{'dt': 12.025684, 'sns': [791, 733, 861, 668, 683]}
{'dt': 12.033516, 'sns': [790, 732, 861, 668, 684]}
{'dt': 12.005072, 'sns': [790, 733, 860, 668, 683]}
{'dt': 12.014943, 'sns': [790, 733, 861, 668, 683]}
{'dt': 12.021072, 'sns': [790, 732, 861, 668, 684]}
{'dt': 12.01322, 'sns': [782, 731, 860, 668, 683]}
{'dt': 12.008406, 'sns': [790, 733, 860, 668, 684]}
{'dt': 12.016183, 'sns': [790, 732, 860, 668, 684]}
{'dt': 12.017609, 'sns': [790, 733, 861, 668, 684]}
{'dt': 12.00585, 'sns': [790, 732, 860, 668, 684]}
{'dt': 12.017795, 'sns': [790, 733, 861, 668, 684]}
{'dt': 12.036461, 'sns': [790, 733, 860, 668, 684]}
{'dt': 12.00535, 'sns': [790, 732, 861, 668, 684]}
{'dt': 11.986313, 'sns': [790, 733, 861, 668, 684]}
{'dt': 12.007961, 'sns': [790, 733, 861, 668, 684]}
{'dt': 12.01448, 'sns': [791, 732, 861, 668, 683]}
{'dt': 12.034572, 'sns': [791, 732, 861, 668, 684]}
{'dt': 12.049849, 'sns': [790, 732, 860, 668, 684]}
{'dt': 12.039942, 'sns': [790, 732, 861, 668, 684]}
{'dt': 12.014647, 'sns': [790, 732, 860, 668, 684]}
{'dt': 12.006461, 'sns': [790, 732, 860, 668, 683]}
{'dt': 12.010498, 'sns': [790, 732, 860, 668, 683]}
{'dt': 12.011961, 'sns': [790, 685, 851, 668, 683]}
{'dt': 12.010702, 'sns': [790, 733, 861, 668, 684]}
{'dt': 12.003313, 'sns': [790, 732, 860, 668, 683]}
{'dt': 12.009998, 'sns': [790, 732, 860, 668, 684]}
{'dt': 12.03248, 'sns': [790, 733, 860, 668, 684]}
{'dt': 12.03696, 'sns': [790, 733, 860, 668, 683]}
{'dt': 12.010184, 'sns': [791, 733, 861, 669, 684]}
{'dt': 12.006831, 'sns': [790, 732, 860, 668, 684]}
{'dt': 11.997239, 'sns': [790, 732, 860, 668, 683]}
{'dt': 12.032572, 'sns': [790, 732, 860, 668, 683]}
{'dt': 12.010313, 'sns': [790, 732, 861, 668, 683]}
{'dt': 12.008332, 'sns': [790, 732, 861, 668, 684]}
{'dt': 12.002035, 'sns': [781, 731, 860, 668, 684]}
{'dt': 12.00248, 'sns': [790, 732, 861, 668, 684]}
{'dt': 12.02535, 'sns': [790, 733, 861, 669, 683]}
{'dt': 12.006257, 'sns': [790, 733, 860, 668, 684]}
{'dt': 11.99385, 'sns': [790, 732, 861, 668, 683]}
{'dt': 11.997888, 'sns': [790, 732, 860, 664, 684]}
{'dt': 11.993498, 'sns': [790, 732, 860, 668, 683]}
{'dt': 12.038775, 'sns': [790, 732, 861, 668, 684]}
{'dt': 12.005369, 'sns': [791, 732, 861, 668, 684]}
{'dt': 12.012887, 'sns': [790, 732, 860, 668, 684]}
{'dt': 12.028554, 'sns': [790, 733, 860, 668, 684]}
{'dt': 11.990776, 'sns': [790, 732, 860, 668, 683]}
{'dt': 12.042423, 'sns': [790, 732, 860, 668, 684]}
{'dt': 12.026202, 'sns': [791, 732, 860, 668, 683]}
{'dt': 12.008109, 'sns': [790, 732, 861, 668, 684]}
{'dt': 12.004573, 'sns': [790, 732, 860, 668, 684]}
{'dt': 12.00222, 'sns': [790, 732, 860, 668, 683]}
{'dt': 12.00998, 'sns': [790, 733, 860, 668, 683]}
{'dt': 12.003702, 'sns': [790, 732, 860, 668, 684]}
{'dt': 12.030276, 'sns': [790, 732, 861, 668, 684]}
{'dt': 11.997664, 'sns': [790, 732, 860, 668, 684]}
{'dt': 12.005721, 'sns': [790, 733, 860, 668, 683]}
{'dt': 12.007257, 'sns': [790, 733, 860, 668, 683]}
{'dt': 12.016647, 'sns': [790, 732, 860, 668, 684]}
{'dt': 12.008831, 'sns': [790, 733, 861, 668, 684]}
{'dt': 12.034294, 'sns': [790, 733, 860, 668, 683]}
{'dt': 12.008332, 'sns': [790, 733, 861, 668, 684]}
{'dt': 12.034127, 'sns': [790, 733, 860, 668, 683]}
{'dt': 12.004739, 'sns': [790, 732, 860, 668, 683]}
{'dt': 12.004721, 'sns': [790, 732, 861, 668, 683]}
{'dt': 11.996461, 'sns': [790, 732, 860, 668, 684]}
{'dt': 12.001535, 'sns': [791, 732, 861, 668, 683]}
{'dt': 12.020646, 'sns': [790, 733, 861, 668, 684]}
{'dt': 12.016369, 'sns': [790, 732, 861, 668, 681]}
{'dt': 12.003331, 'sns': [790, 733, 861, 668, 683]}
{'dt': 12.00411, 'sns': [790, 732, 860, 668, 684]}
{'dt': 12.03185, 'sns': [790, 733, 861, 668, 683]}
{'dt': 12.029331, 'sns': [791, 732, 861, 668, 683]}
{'dt': 11.998369, 'sns': [790, 732, 860, 668, 684]}
{'dt': 12.001572, 'sns': [790, 733, 861, 668, 683]}
{'dt': 11.990869, 'sns': [790, 732, 860, 668, 684]}
{'dt': 12.002868, 'sns': [790, 732, 860, 668, 683]}
{'dt': 12.004295, 'sns': [790, 732, 860, 668, 684]}
{'dt': 12.041942, 'sns': [790, 732, 860, 668, 684]}
{'dt': 12.003943, 'sns': [790, 733, 861, 668, 684]}
{'dt': 12.041516, 'sns': [790, 733, 860, 668, 684]}
{'dt': 12.001889, 'sns': [790, 732, 860, 668, 683]}
{'dt': 12.097388, 'sns': [790, 732, 861, 668, 684]}
{'dt': 12.015315, 'sns': [790, 732, 860, 668, 683]}
{'dt': 12.006834, 'sns': [790, 732, 861, 668, 684]}
{'dt': 12.007741, 'sns': [790, 732, 860, 668, 684]}
{'dt': 12.000407, 'sns': [790, 732, 861, 668, 684]}
{'dt': 12.039574, 'sns': [790, 732, 860, 668, 684]}
{'dt': 11.987278, 'sns': [790, 732, 860, 668, 684]}
{'dt': 12.002593, 'sns': [790, 733, 861, 668, 684]}
{'dt': 12.016371, 'sns': [782, 731, 860, 668, 684]}
{'dt': 12.017185, 'sns': [790, 733, 860, 668, 683]}
{'dt': 12.044129, 'sns': [790, 732, 861, 668, 683]}
{'dt': 12.035741, 'sns': [790, 733, 860, 668, 684]}
{'dt': 12.008778, 'sns': [791, 733, 861, 668, 684]}
{'dt': 12.007481, 'sns': [790, 732, 860, 668, 684]}
{'dt': 12.008927, 'sns': [790, 733, 861, 668, 684]}
{'dt': 12.036351, 'sns': [790, 732, 860, 668, 683]}
{'dt': 11.999445, 'sns': [790, 732, 861, 668, 683]}
{'dt': 12.003537, 'sns': [790, 733, 861, 668, 683]}
{'dt': 12.001389, 'sns': [790, 732, 861, 668, 684]}
{'dt': 12.103073, 'sns': [790, 733, 860, 668, 684]}
{'dt': 12.025056, 'sns': [790, 732, 860, 668, 683]}
{'dt': 12.049666, 'sns': [790, 733, 861, 668, 683]}
{'dt': 12.005482, 'sns': [790, 732, 861, 668, 684]}
{'dt': 12.014408, 'sns': [790, 732, 860, 668, 684]}
{'dt': 12.02487, 'sns': [790, 733, 860, 668, 684]}
{'dt': 12.004482, 'sns': [791, 732, 860, 668, 683]}
{'dt': 12.013611, 'sns': [790, 733, 861, 668, 684]}
{'dt': 12.017981, 'sns': [790, 732, 861, 668, 683]}
{'dt': 11.999278, 'sns': [790, 733, 860, 668, 684]}
{'dt': 12.027093, 'sns': [790, 732, 861, 668, 683]}
{'dt': 12.013055, 'sns': [790, 733, 861, 668, 683]}
{'dt': 12.000149, 'sns': [790, 733, 860, 668, 684]}
{'dt': 12.000333, 'sns': [791, 733, 861, 668, 684]}
{'dt': 12.010797, 'sns': [790, 733, 861, 668, 683]}
{'dt': 11.995093, 'sns': [790, 732, 861, 668, 684]}
{'dt': 11.992407, 'sns': [790, 733, 860, 668, 684]}
{'dt': 11.999464, 'sns': [790, 733, 860, 668, 683]}
{'dt': 11.996555, 'sns': [791, 733, 861, 668, 683]}
{'dt': 11.998482, 'sns': [790, 732, 860, 668, 684]}
{'dt': 12.001297, 'sns': [790, 732, 860, 668, 684]}
{'dt': 12.001241, 'sns': [790, 732, 861, 668, 684]}
{'dt': 12.02787, 'sns': [791, 732, 861, 668, 684]}
{'dt': 12.009833, 'sns': [791, 733, 861, 668, 684]}
{'dt': 12.030056, 'sns': [790, 732, 860, 668, 684]}
{'dt': 12.007574, 'sns': [790, 732, 860, 668, 683]}
{'dt': 12.008593, 'sns': [791, 732, 861, 668, 683]}
{'dt': 12.002815, 'sns': [790, 732, 860, 668, 684]}
{'dt': 11.995574, 'sns': [790, 732, 861, 668, 684]}
{'dt': 12.002963, 'sns': [790, 732, 861, 668, 684]}
{'dt': 11.984445, 'sns': [790, 732, 861, 668, 683]}
{'dt': 12.010408, 'sns': [790, 732, 861, 668, 684]}
{'dt': 12.007056, 'sns': [790, 733, 861, 668, 684]}
{'dt': 11.999018, 'sns': [790, 733, 860, 668, 684]}
{'dt': 11.99913, 'sns': [790, 732, 860, 668, 684]}
{'dt': 12.001519, 'sns': [790, 732, 860, 668, 683]}
{'dt': 12.002278, 'sns': [790, 733, 861, 668, 683]}
{'dt': 11.995537, 'sns': [790, 732, 860, 668, 684]}
{'dt': 12.030797, 'sns': [791, 733, 860, 668, 684]}
{'dt': 12.023722, 'sns': [790, 732, 860, 668, 684]}
{'dt': 12.032259, 'sns': [791, 733, 861, 668, 684]}
{'dt': 12.005889, 'sns': [790, 732, 860, 668, 683]}
{'dt': 12.001352, 'sns': [790, 732, 860, 668, 684]}
{'dt': 11.995223, 'sns': [791, 732, 860, 669, 683]}
{'dt': 12.051462, 'sns': [790, 733, 860, 668, 683]}
{'dt': 12.044685, 'sns': [790, 733, 861, 668, 684]}
{'dt': 12.00663, 'sns': [791, 732, 860, 668, 684]}
{'dt': 12.006463, 'sns': [791, 732, 860, 668, 684]}
{'dt': 12.040148, 'sns': [791, 733, 861, 669, 683]}
{'dt': 12.004204, 'sns': [790, 732, 860, 668, 684]}
{'dt': 12.007889, 'sns': [790, 732, 861, 668, 684]}
{'dt': 12.008704, 'sns': [790, 733, 861, 668, 683]}
{'dt': 11.99, 'sns': [790, 733, 860, 668, 683]}
{'dt': 11.99563, 'sns': [790, 733, 861, 669, 684]}
{'dt': 11.993445, 'sns': [790, 733, 860, 668, 684]}
{'dt': 11.992204, 'sns': [790, 733, 860, 668, 684]}
{'dt': 12.002722, 'sns': [790, 733, 860, 668, 683]}
{'dt': 12.002019, 'sns': [790, 733, 861, 668, 684]}
{'dt': 12.007556, 'sns': [790, 733, 861, 668, 683]}
{'dt': 11.995685, 'sns': [790, 732, 861, 668, 684]}
{'dt': 11.997982, 'sns': [790, 732, 861, 668, 684]}
{'dt': 11.994241, 'sns': [790, 732, 860, 668, 684]}
{'dt': 12.010945, 'sns': [791, 733, 861, 668, 684]}
{'dt': 11.998409, 'sns': [790, 732, 861, 668, 683]}
{'dt': 12.006577, 'sns': [790, 732, 860, 668, 684]}
{'dt': 12.027798, 'sns': [790, 732, 860, 668, 683]}
{'dt': 12.008446, 'sns': [790, 733, 860, 668, 683]}
{'dt': 12.003947, 'sns': [790, 732, 861, 668, 683]}
{'dt': 12.002854, 'sns': [790, 732, 861, 668, 684]}
{'dt': 12.002817, 'sns': [790, 732, 860, 668, 683]}
{'dt': 11.997613, 'sns': [790, 732, 861, 668, 683]}
{'dt': 12.001224, 'sns': [790, 732, 861, 668, 683]}
{'dt': 11.981336, 'sns': [790, 733, 860, 668, 684]}
{'dt': 12.001113, 'sns': [790, 732, 860, 668, 683]}
{'dt': 12.036557, 'sns': [790, 732, 860, 667, 684]}
{'dt': 11.997966, 'sns': [791, 732, 860, 668, 683]}
{'dt': 12.005965, 'sns': [790, 733, 860, 668, 683]}
{'dt': 12.001372, 'sns': [790, 732, 861, 668, 684]}
{'dt': 12.034261, 'sns': [790, 733, 861, 668, 683]}
{'dt': 11.998169, 'sns': [790, 732, 861, 668, 684]}
{'dt': 12.029983, 'sns': [790, 733, 860, 668, 683]}
{'dt': 12.010762, 'sns': [790, 733, 861, 668, 684]}
{'dt': 12.019113, 'sns': [790, 733, 861, 668, 684]}
{'dt': 12.000409, 'sns': [790, 732, 861, 668, 683]}
{'dt': 12.03365, 'sns': [790, 732, 860, 668, 684]}
{'dt': 12.03428, 'sns': [790, 732, 861, 668, 684]}
{'dt': 11.999483, 'sns': [790, 733, 860, 668, 683]}
{'dt': 12.03891, 'sns': [790, 732, 861, 668, 683]}
{'dt': 12.025131, 'sns': [790, 732, 861, 668, 683]}
{'dt': 12.009002, 'sns': [791, 733, 861, 668, 684]}
{'dt': 12.011928, 'sns': [790, 732, 860, 668, 683]}
{'dt': 12.034187, 'sns': [790, 733, 861, 668, 684]}
{'dt': 12.006965, 'sns': [790, 732, 861, 668, 684]}
{'dt': 12.008891, 'sns': [791, 733, 861, 668, 683]}
{'dt': 12.033094, 'sns': [790, 733, 860, 668, 684]}
{'dt': 12.007262, 'sns': [790, 732, 861, 668, 683]}
{'dt': 12.010354, 'sns': [791, 732, 860, 668, 683]}
{'dt': 12.001428, 'sns': [790, 732, 861, 668, 683]}
{'dt': 12.007409, 'sns': [791, 732, 860, 668, 684]}
{'dt': 12.000076, 'sns': [790, 732, 860, 668, 683]}
{'dt': 12.064817, 'sns': [790, 732, 860, 668, 683]}
{'dt': 12.011002, 'sns': [790, 733, 798, 668, 683]}
{'dt': 12.003613, 'sns': [790, 732, 861, 668, 684]}
{'dt': 12.003391, 'sns': [790, 733, 861, 668, 683]}
{'dt': 12.01515, 'sns': [790, 732, 860, 668, 684]}
{'dt': 12.022687, 'sns': [790, 732, 860, 668, 683]}
{'dt': 12.00915, 'sns': [791, 733, 861, 668, 684]}
{'dt': 12.004169, 'sns': [790, 733, 860, 668, 684]}
{'dt': 12.003891, 'sns': [790, 733, 861, 668, 683]}
{'dt': 12.001002, 'sns': [790, 732, 861, 668, 684]}
{'dt': 12.033521, 'sns': [790, 732, 861, 668, 683]}
{'dt': 12.012742, 'sns': [790, 733, 861, 668, 684]}
{'dt': 12.003836, 'sns': [790, 732, 860, 668, 683]}
{'dt': 12.004891, 'sns': [790, 733, 861, 668, 684]}
{'dt': 12.008872, 'sns': [791, 733, 860, 668, 684]}
{'dt': 12.025095, 'sns': [790, 732, 861, 668, 683]}
{'dt': 12.010039, 'sns': [790, 732, 861, 669, 684]}
{'dt': 12.015168, 'sns': [789, 732, 860, 668, 684]}
{'dt': 12.017002, 'sns': [791, 732, 861, 668, 683]}
{'dt': 11.99791, 'sns': [790, 733, 861, 668, 683]}
{'dt': 12.002187, 'sns': [790, 733, 860, 668, 684]}
{'dt': 12.001002, 'sns': [790, 733, 861, 668, 683]}
{'dt': 12.004817, 'sns': [790, 733, 860, 668, 684]}
{'dt': 11.998502, 'sns': [790, 733, 860, 668, 683]}
{'dt': 12.004947, 'sns': [790, 732, 860, 668, 684]}
{'dt': 11.998132, 'sns': [790, 732, 861, 668, 684]}
{'dt': 12.037576, 'sns': [791, 733, 861, 668, 683]}
{'dt': 11.999335, 'sns': [790, 732, 860, 668, 684]}
{'dt': 11.999391, 'sns': [791, 732, 861, 668, 683]}
{'dt': 12.033817, 'sns': [790, 732, 860, 668, 684]}
{'dt': 12.058946, 'sns': [791, 732, 860, 668, 684]}
{'dt': 12.008946, 'sns': [790, 733, 861, 668, 683]}
{'dt': 12.006002, 'sns': [790, 732, 860, 668, 683]}
{'dt': 11.992095, 'sns': [790, 733, 860, 668, 684]}
{'dt': 12.001928, 'sns': [790, 732, 861, 668, 684]}
{'dt': 12.015947, 'sns': [790, 732, 860, 668, 683]}
{'dt': 12.007631, 'sns': [790, 733, 861, 668, 684]}
{'dt': 11.996058, 'sns': [790, 732, 860, 668, 684]}
{'dt': 12.004965, 'sns': [790, 733, 861, 668, 683]}
{'dt': 11.995113, 'sns': [790, 733, 860, 668, 684]}
{'dt': 12.018262, 'sns': [790, 732, 861, 668, 684]}
{'dt': 11.996743, 'sns': [791, 733, 861, 668, 684]}
{'dt': 11.99852, 'sns': [790, 732, 860, 668, 684]}
{'dt': 12.021521, 'sns': [790, 732, 861, 668, 683]}
{'dt': 11.993446, 'sns': [790, 732, 860, 668, 684]}
{'dt': 12.025076, 'sns': [790, 732, 860, 668, 684]}
{'dt': 12.008208, 'sns': [790, 733, 860, 668, 684]}
{'dt': 11.996375, 'sns': [790, 732, 860, 668, 684]}
{'dt': 11.999004, 'sns': [790, 732, 860, 668, 683]}
{'dt': 11.998263, 'sns': [791, 726, 859, 668, 683]}
{'dt': 12.026504, 'sns': [790, 732, 860, 668, 683]}
{'dt': 12.004003, 'sns': [790, 733, 861, 668, 683]}
{'dt': 12.020819, 'sns': [790, 732, 860, 668, 684]}
{'dt': 11.995597, 'sns': [790, 732, 860, 668, 684]}
{'dt': 12.004522, 'sns': [790, 732, 860, 668, 683]}
{'dt': 12.001708, 'sns': [790, 732, 861, 668, 683]}
{'dt': 12.005985, 'sns': [790, 733, 861, 668, 684]}
{'dt': 11.975338, 'sns': [790, 732, 860, 668, 683]}
{'dt': 11.994208, 'sns': [790, 732, 860, 668, 683]}
{'dt': 12.000596, 'sns': [791, 732, 861, 668, 683]}
{'dt': 12.001523, 'sns': [790, 733, 861, 668, 684]}
{'dt': 11.998282, 'sns': [790, 732, 861, 668, 684]}
{'dt': 12.005189, 'sns': [790, 732, 860, 668, 683]}
{'dt': 12.0013, 'sns': [790, 732, 861, 668, 683]}
{'dt': 12.0018, 'sns': [790, 732, 861, 668, 684]}
{'dt': 11.998393, 'sns': [790, 732, 860, 668, 683]}
{'dt': 12.004911, 'sns': [790, 732, 861, 668, 684]}
{'dt': 11.994412, 'sns': [790, 732, 860, 668, 684]}
{'dt': 12.012541, 'sns': [790, 732, 860, 668, 684]}
{'dt': 12.032411, 'sns': [790, 732, 860, 668, 684]}
{'dt': 12.0038, 'sns': [790, 732, 861, 668, 684]}
{'dt': 12.051578, 'sns': [790, 733, 861, 668, 683]}
{'dt': 12.011892, 'sns': [790, 733, 861, 668, 684]}
{'dt': 11.975838, 'sns': [790, 733, 861, 668, 683]}
{'dt': 12.014004, 'sns': [790, 732, 861, 668, 684]}
{'dt': 12.057318, 'sns': [790, 733, 861, 668, 684]}
{'dt': 12.041856, 'sns': [790, 732, 860, 668, 684]}
{'dt': 11.999781, 'sns': [790, 732, 860, 668, 684]}
{'dt': 12.041226, 'sns': [790, 733, 860, 668, 683]}
{'dt': 12.086392, 'sns': [790, 733, 860, 668, 684]}
{'dt': 12.003485, 'sns': [790, 732, 861, 668, 683]}
{'dt': 12.012375, 'sns': [791, 732, 861, 668, 683]}
{'dt': 12.010467, 'sns': [790, 732, 860, 668, 684]}
{'dt': 11.998448, 'sns': [790, 732, 861, 668, 683]}
{'dt': 12.007448, 'sns': [790, 732, 861, 668, 683]}
{'dt': 12.007282, 'sns': [790, 732, 861, 668, 683]}
{'dt': 12.007726, 'sns': [791, 732, 861, 668, 683]}
{'dt': 12.031671, 'sns': [790, 732, 860, 668, 684]}
{'dt': 11.996337, 'sns': [790, 733, 861, 668, 683]}
{'dt': 12.009448, 'sns': [790, 732, 860, 668, 683]}
{'dt': 12.005967, 'sns': [790, 732, 860, 668, 684]}
{'dt': 11.99906, 'sns': [791, 732, 861, 668, 684]}
{'dt': 11.995615, 'sns': [790, 732, 861, 668, 684]}
{'dt': 12.039781, 'sns': [790, 732, 861, 668, 683]}
{'dt': 12.010375, 'sns': [790, 733, 860, 668, 684]}
{'dt': 12.013114, 'sns': [790, 732, 861, 668, 684]}
{'dt': 12.037745, 'sns': [790, 733, 861, 668, 683]}
{'dt': 12.004356, 'sns': [780, 731, 860, 668, 684]}
{'dt': 12.011615, 'sns': [790, 732, 860, 668, 683]}
{'dt': 12.026355, 'sns': [790, 732, 861, 668, 683]}
{'dt': 12.009671, 'sns': [790, 732, 861, 668, 683]}
{'dt': 12.003207, 'sns': [791, 732, 860, 668, 684]}
{'dt': 12.001671, 'sns': [790, 732, 860, 668, 684]}
{'dt': 12.001763, 'sns': [790, 732, 861, 668, 684]}
{'dt': 12.225946, 'sns': [790, 733, 860, 668, 684]}
{'dt': 12.054467, 'sns': [790, 732, 860, 668, 683]}
{'dt': 12.020985, 'sns': [790, 732, 860, 668, 683]}
