{'dt': 1.166939, 'sns': [823, 757, 857, 670, 689]}
{'dt': 11.584445, 'sns': [823, 757, 858, 670, 690]}
{'dt': 11.458427, 'sns': [823, 756, 857, 670, 690]}
{'dt': 11.42252, 'sns': [823, 757, 857, 670, 690]}
{'dt': 11.430519, 'sns': [822, 757, 857, 670, 690]}
{'dt': 11.435465, 'sns': [823, 757, 858, 670, 690]}
{'dt': 11.426575, 'sns': [824, 757, 857, 670, 689]}
{'dt': 11.427797, 'sns': [823, 757, 857, 670, 689]}
{'dt': 11.419317, 'sns': [823, 757, 858, 670, 689]}
{'dt': 11.417408, 'sns': [823, 756, 857, 670, 690]}
{'dt': 11.423316, 'sns': [823, 757, 858, 670, 690]}
{'dt': 11.423705, 'sns': [823, 757, 858, 670, 690]}
{'dt': 11.42202, 'sns': [823, 757, 858, 670, 690]}
{'dt': 11.420946, 'sns': [823, 757, 858, 670, 690]}
{'dt': 11.422242, 'sns': [824, 757, 857, 671, 690]}
{'dt': 11.419649, 'sns': [823, 757, 858, 670, 689]}
{'dt': 11.409076, 'sns': [823, 757, 857, 670, 690]}
{'dt': 11.415205, 'sns': [823, 757, 857, 670, 689]}
{'dt': 11.415909, 'sns': [823, 757, 857, 670, 689]}
{'dt': 11.413908, 'sns': [823, 757, 858, 670, 690]}
{'dt': 11.419242, 'sns': [824, 757, 858, 670, 690]}
{'dt': 11.419316, 'sns': [823, 757, 858, 670, 690]}
{'dt': 11.419446, 'sns': [823, 757, 858, 670, 689]}
{'dt': 11.419613, 'sns': [823, 756, 858, 670, 690]}
{'dt': 11.414593, 'sns': [823, 757, 857, 670, 689]}
{'dt': 11.420224, 'sns': [823, 756, 858, 670, 690]}
{'dt': 11.438872, 'sns': [823, 757, 858, 670, 689]}
{'dt': 11.419112, 'sns': [823, 757, 858, 670, 689]}
{'dt': 11.409038, 'sns': [823, 756, 858, 670, 690]}
{'dt': 11.409076, 'sns': [823, 757, 858, 670, 690]}
{'dt': 11.407964, 'sns': [823, 757, 857, 670, 690]}
{'dt': 11.418372, 'sns': [824, 757, 858, 670, 689]}
{'dt': 11.420705, 'sns': [823, 756, 858, 670, 690]}
{'dt': 11.468482, 'sns': [823, 757, 857, 670, 690]}
{'dt': 11.431224, 'sns': [824, 757, 858, 670, 690]}
{'dt': 11.427279, 'sns': [823, 757, 857, 670, 690]}
{'dt': 11.421409, 'sns': [823, 757, 858, 670, 690]}
{'dt': 11.414686, 'sns': [823, 757, 857, 670, 690]}
{'dt': 11.411964, 'sns': [823, 757, 857, 670, 689]}
{'dt': 11.411094, 'sns': [823, 757, 858, 670, 689]}
{'dt': 11.399631, 'sns': [823, 757, 857, 670, 690]}
{'dt': 11.371483, 'sns': [823, 757, 858, 670, 690]}
{'dt': 11.371835, 'sns': [823, 757, 858, 670, 690]}
{'dt': 11.370928, 'sns': [824, 757, 858, 670, 689]}
{'dt': 11.366557, 'sns': [823, 757, 857, 670, 690]}
{'dt': 11.363631, 'sns': [823, 757, 857, 670, 690]}
{'dt': 11.366538, 'sns': [823, 756, 857, 670, 690]}
{'dt': 11.367243, 'sns': [823, 757, 858, 670, 689]}
{'dt': 11.371742, 'sns': [823, 757, 857, 670, 689]}
{'dt': 11.393798, 'sns': [823, 757, 857, 670, 690]}
{'dt': 11.385186, 'sns': [823, 757, 858, 670, 689]}
{'dt': 11.377706, 'sns': [823, 757, 857, 670, 690]}
{'dt': 11.369427, 'sns': [823, 757, 858, 670, 690]}
{'dt': 11.368872, 'sns': [823, 757, 858, 670, 690]}
{'dt': 11.366539, 'sns': [823, 757, 858, 670, 690]}
{'dt': 11.370779, 'sns': [823, 757, 858, 670, 690]}
{'dt': 11.375316, 'sns': [823, 757, 857, 670, 690]}
{'dt': 11.368076, 'sns': [824, 757, 858, 670, 689]}
{'dt': 11.457594, 'sns': [823, 757, 857, 670, 690]}
{'dt': 11.878591, 'sns': [823, 749, 856, 670, 690]}
{'dt': 11.999017, 'sns': [823, 757, 858, 670, 690]}
{'dt': 12.03261, 'sns': [823, 757, 858, 670, 689]}
{'dt': 11.987369, 'sns': [824, 757, 858, 670, 689]}
{'dt': 11.980054, 'sns': [823, 756, 858, 670, 690]}
{'dt': 12.018239, 'sns': [823, 757, 858, 670, 690]}
{'dt': 11.993832, 'sns': [824, 756, 858, 670, 690]}
{'dt': 12.03185, 'sns': [824, 757, 858, 670, 689]}
{'dt': 12.029054, 'sns': [823, 757, 858, 670, 690]}
{'dt': 11.98761, 'sns': [823, 757, 858, 669, 690]}
{'dt': 11.978813, 'sns': [824, 757, 858, 670, 689]}
{'dt': 11.98674, 'sns': [823, 757, 858, 670, 690]}
{'dt': 12.023535, 'sns': [824, 757, 858, 670, 689]}
{'dt': 11.998499, 'sns': [823, 757, 858, 670, 690]}
{'dt': 11.991646, 'sns': [823, 757, 857, 670, 690]}
{'dt': 11.988647, 'sns': [824, 757, 858, 670, 690]}
{'dt': 12.020202, 'sns': [823, 757, 858, 670, 690]}
{'dt': 12.036462, 'sns': [823, 757, 858, 670, 690]}
{'dt': 12.004054, 'sns': [824, 757, 858, 670, 690]}
{'dt': 12.006221, 'sns': [823, 757, 857, 670, 690]}
{'dt': 11.988646, 'sns': [823, 757, 858, 670, 689]}
{'dt': 12.022943, 'sns': [823, 757, 858, 670, 690]}
{'dt': 12.076109, 'sns': [823, 757, 858, 670, 690]}
{'dt': 12.102739, 'sns': [824, 757, 858, 670, 690]}
{'dt': 12.063017, 'sns': [823, 757, 858, 670, 690]}
{'dt': 12.111591, 'sns': [824, 757, 858, 670, 690]}
{'dt': 12.098924, 'sns': [823, 757, 857, 670, 690]}
{'dt': 12.073627, 'sns': [823, 757, 858, 670, 690]}
{'dt': 12.086591, 'sns': [824, 757, 858, 670, 689]}
{'dt': 12.287868, 'sns': [824, 757, 857, 670, 690]}
{'dt': 12.142608, 'sns': [823, 757, 858, 670, 689]}
{'dt': 12.133517, 'sns': [823, 757, 858, 670, 690]}
{'dt': 12.096924, 'sns': [823, 757, 858, 670, 690]}
{'dt': 12.072128, 'sns': [824, 757, 858, 670, 689]}
{'dt': 12.069924, 'sns': [823, 756, 858, 670, 690]}
{'dt': 12.106776, 'sns': [824, 757, 858, 670, 690]}
{'dt': 12.099831, 'sns': [824, 757, 858, 670, 690]}
{'dt': 12.087461, 'sns': [823, 757, 858, 670, 689]}
{'dt': 12.07598, 'sns': [823, 757, 858, 670, 690]}
{'dt': 12.069072, 'sns': [823, 757, 858, 670, 690]}
{'dt': 12.065054, 'sns': [824, 757, 858, 670, 690]}
{'dt': 12.410552, 'sns': [823, 756, 858, 670, 690]}
{'dt': 12.115794, 'sns': [823, 757, 858, 670, 690]}
{'dt': 12.082424, 'sns': [824, 757, 858, 670, 689]}
{'dt': 12.067832, 'sns': [823, 757, 858, 670, 689]}
{'dt': 12.093387, 'sns': [824, 757, 858, 670, 690]}
{'dt': 12.07609, 'sns': [824, 757, 858, 670, 689]}
{'dt': 12.331849, 'sns': [823, 757, 858, 670, 690]}
{'dt': 12.08948, 'sns': [824, 757, 858, 670, 690]}
{'dt': 12.089146, 'sns': [823, 757, 858, 670, 690]}
{'dt': 12.083128, 'sns': [823, 757, 858, 670, 690]}
{'dt': 12.082942, 'sns': [823, 757, 858, 670, 690]}
{'dt': 12.078832, 'sns': [823, 757, 858, 670, 690]}
{'dt': 12.10035, 'sns': [824, 757, 858, 670, 690]}
{'dt': 12.112146, 'sns': [823, 757, 858, 670, 690]}
{'dt': 12.125905, 'sns': [824, 757, 858, 670, 690]}
{'dt': 12.09485, 'sns': [824, 757, 858, 670, 690]}
{'dt': 12.086461, 'sns': [823, 757, 857, 670, 690]}
{'dt': 12.132646, 'sns': [824, 757, 858, 670, 689]}
{'dt': 12.164183, 'sns': [824, 757, 858, 670, 689]}
{'dt': 12.070739, 'sns': [824, 757, 858, 670, 690]}
{'dt': 12.07635, 'sns': [824, 757, 858, 670, 689]}
{'dt': 12.066702, 'sns': [823, 756, 858, 670, 690]}
{'dt': 12.089091, 'sns': [824, 757, 858, 670, 689]}
{'dt': 12.085887, 'sns': [823, 757, 858, 670, 690]}
{'dt': 12.060405, 'sns': [823, 757, 857, 670, 690]}
{'dt': 12.078684, 'sns': [824, 757, 858, 670, 689]}
{'dt': 12.088535, 'sns': [823, 756, 858, 670, 690]}
{'dt': 12.114572, 'sns': [823, 756, 858, 670, 690]}
{'dt': 12.110794, 'sns': [823, 757, 858, 670, 690]}
{'dt': 12.088906, 'sns': [823, 757, 858, 670, 690]}
{'dt': 12.070757, 'sns': [824, 757, 858, 670, 690]}
{'dt': 12.058554, 'sns': [823, 757, 858, 670, 690]}
{'dt': 12.090331, 'sns': [824, 757, 858, 670, 690]}
{'dt': 12.167257, 'sns': [823, 757, 858, 670, 690]}
{'dt': 12.07398, 'sns': [823, 757, 857, 670, 690]}
{'dt': 12.083128, 'sns': [823, 757, 858, 670, 689]}
{'dt': 12.354663, 'sns': [824, 757, 858, 670, 690]}
{'dt': 12.155479, 'sns': [824, 757, 858, 670, 690]}
{'dt': 12.093369, 'sns': [824, 756, 858, 671, 690]}
{'dt': 12.134998, 'sns': [823, 757, 858, 669, 689]}
{'dt': 12.125664, 'sns': [824, 757, 858, 670, 689]}
{'dt': 12.128239, 'sns': [824, 757, 858, 670, 690]}
{'dt': 12.121479, 'sns': [823, 757, 858, 670, 690]}
{'dt': 12.084758, 'sns': [824, 757, 858, 670, 690]}
{'dt': 12.115072, 'sns': [823, 756, 858, 670, 690]}
{'dt': 12.077461, 'sns': [823, 757, 858, 670, 689]}
{'dt': 12.083442, 'sns': [823, 757, 858, 670, 690]}
{'dt': 12.063221, 'sns': [824, 757, 858, 670, 690]}
{'dt': 12.080053, 'sns': [824, 757, 858, 670, 690]}
{'dt': 12.08635, 'sns': [823, 757, 858, 670, 690]}
{'dt': 12.072924, 'sns': [823, 757, 858, 670, 690]}
{'dt': 12.071684, 'sns': [823, 757, 858, 670, 689]}
{'dt': 12.116516, 'sns': [824, 757, 858, 670, 690]}
{'dt': 12.110406, 'sns': [823, 757, 858, 670, 690]}
{'dt': 12.065313, 'sns': [823, 757, 858, 670, 690]}
{'dt': 12.074387, 'sns': [824, 757, 858, 670, 689]}
{'dt': 12.129109, 'sns': [823, 757, 857, 670, 689]}
{'dt': 12.226738, 'sns': [823, 757, 858, 670, 688]}
{'dt': 12.067591, 'sns': [824, 757, 858, 670, 690]}
{'dt': 12.080665, 'sns': [823, 757, 857, 670, 690]}
{'dt': 12.09559, 'sns': [824, 757, 858, 670, 690]}
{'dt': 12.079054, 'sns': [824, 757, 858, 670, 690]}
{'dt': 12.066183, 'sns': [824, 757, 858, 670, 690]}
{'dt': 12.080461, 'sns': [824, 757, 858, 670, 690]}
{'dt': 12.06848, 'sns': [823, 757, 858, 670, 690]}
{'dt': 12.116572, 'sns': [824, 757, 858, 670, 689]}
{'dt': 12.110294, 'sns': [823, 757, 858, 670, 690]}
{'dt': 12.07698, 'sns': [823, 757, 858, 670, 690]}
{'dt': 12.076924, 'sns': [824, 757, 858, 670, 690]}
{'dt': 12.061332, 'sns': [823, 757, 858, 670, 690]}
{'dt': 12.074127, 'sns': [824, 757, 858, 670, 689]}
{'dt': 12.125146, 'sns': [824, 757, 858, 670, 690]}
{'dt': 12.067906, 'sns': [824, 757, 858, 670, 690]}
{'dt': 12.08222, 'sns': [824, 757, 858, 670, 690]}
{'dt': 12.059739, 'sns': [823, 757, 857, 670, 690]}
{'dt': 12.068647, 'sns': [823, 757, 858, 670, 690]}
{'dt': 12.099442, 'sns': [824, 757, 858, 670, 690]}
{'dt': 12.060702, 'sns': [824, 757, 858, 670, 690]}
{'dt': 12.079776, 'sns': [824, 757, 859, 670, 689]}
{'dt': 12.100276, 'sns': [823, 757, 858, 670, 689]}
{'dt': 12.108257, 'sns': [823, 757, 858, 670, 689]}
{'dt': 12.074442, 'sns': [823, 757, 858, 671, 690]}
{'dt': 12.093943, 'sns': [823, 757, 858, 669, 690]}
{'dt': 12.068794, 'sns': [824, 757, 858, 670, 690]}
{'dt': 12.10161, 'sns': [824, 757, 858, 670, 690]}
{'dt': 12.119683, 'sns': [824, 757, 857, 670, 689]}
{'dt': 11.995239, 'sns': [824, 757, 858, 670, 690]}
{'dt': 12.039202, 'sns': [823, 757, 857, 670, 690]}
{'dt': 12.006184, 'sns': [824, 757, 858, 670, 689]}
{'dt': 12.000461, 'sns': [823, 757, 858, 670, 690]}
{'dt': 11.991869, 'sns': [824, 757, 858, 670, 689]}
{'dt': 12.008609, 'sns': [823, 757, 858, 670, 689]}
{'dt': 11.987258, 'sns': [823, 756, 857, 670, 690]}
{'dt': 11.996684, 'sns': [824, 757, 858, 670, 689]}
{'dt': 11.988332, 'sns': [824, 757, 858, 670, 690]}
{'dt': 11.989961, 'sns': [824, 757, 858, 670, 690]}
{'dt': 12.033017, 'sns': [824, 757, 858, 670, 690]}
{'dt': 11.994869, 'sns': [824, 757, 858, 670, 690]}
{'dt': 11.977573, 'sns': [824, 757, 858, 670, 689]}
{'dt': 11.999443, 'sns': [823, 757, 858, 669, 690]}
{'dt': 11.989109, 'sns': [823, 757, 858, 670, 690]}
{'dt': 11.99361, 'sns': [823, 757, 858, 670, 690]}
{'dt': 12.02635, 'sns': [824, 757, 858, 670, 690]}
{'dt': 11.994073, 'sns': [824, 757, 858, 670, 689]}
{'dt': 11.998017, 'sns': [823, 757, 858, 670, 690]}
{'dt': 12.032017, 'sns': [823, 757, 858, 670, 690]}
{'dt': 11.996795, 'sns': [823, 757, 858, 670, 690]}
{'dt': 11.999813, 'sns': [823, 757, 857, 670, 690]}
{'dt': 11.983535, 'sns': [824, 757, 858, 670, 689]}
{'dt': 11.990666, 'sns': [823, 757, 858, 670, 690]}
{'dt': 11.979943, 'sns': [824, 757, 858, 670, 690]}
{'dt': 11.993369, 'sns': [823, 757, 858, 670, 690]}
{'dt': 11.979165, 'sns': [823, 757, 858, 670, 690]}
{'dt': 11.986535, 'sns': [823, 757, 858, 670, 689]}
{'dt': 11.976332, 'sns': [823, 757, 858, 670, 690]}
{'dt': 11.991925, 'sns': [823, 757, 857, 670, 690]}
{'dt': 11.997776, 'sns': [823, 749, 855, 670, 690]}
{'dt': 12.03148, 'sns': [824, 757, 858, 670, 690]}
{'dt': 11.992461, 'sns': [824, 757, 858, 670, 689]}
{'dt': 11.987814, 'sns': [823, 757, 858, 670, 690]}
{'dt': 11.98235, 'sns': [824, 757, 858, 670, 690]}
{'dt': 11.980388, 'sns': [823, 757, 858, 670, 690]}
{'dt': 12.013813, 'sns': [823, 757, 857, 670, 690]}
{'dt': 11.994276, 'sns': [824, 757, 857, 670, 690]}
{'dt': 11.974388, 'sns': [823, 757, 858, 670, 690]}
{'dt': 12.069146, 'sns': [823, 757, 858, 670, 690]}
{'dt': 11.986573, 'sns': [823, 757, 858, 670, 689]}
{'dt': 11.983054, 'sns': [823, 757, 858, 670, 690]}
{'dt': 11.972147, 'sns': [823, 757, 858, 670, 689]}
{'dt': 11.981887, 'sns': [823, 757, 858, 670, 690]}
{'dt': 12.011776, 'sns': [823, 757, 858, 670, 690]}
{'dt': 12.01124, 'sns': [823, 757, 858, 670, 689]}
{'dt': 11.986739, 'sns': [823, 757, 857, 670, 690]}
{'dt': 12.009146, 'sns': [823, 757, 857, 670, 690]}
{'dt': 11.998629, 'sns': [823, 757, 857, 670, 690]}
{'dt': 12.025368, 'sns': [823, 756, 858, 670, 690]}
{'dt': 11.992462, 'sns': [824, 757, 858, 670, 690]}
{'dt': 11.992776, 'sns': [824, 757, 857, 670, 690]}
{'dt': 11.991776, 'sns': [824, 757, 858, 670, 690]}
{'dt': 11.972351, 'sns': [823, 757, 858, 670, 690]}
{'dt': 12.040257, 'sns': [824, 757, 858, 670, 689]}
{'dt': 11.994629, 'sns': [823, 757, 858, 670, 690]}
{'dt': 11.983702, 'sns': [824, 757, 857, 670, 690]}
{'dt': 11.979054, 'sns': [824, 757, 858, 670, 689]}
{'dt': 12.008684, 'sns': [824, 757, 858, 670, 689]}
{'dt': 11.999072, 'sns': [824, 757, 858, 670, 689]}
{'dt': 11.996499, 'sns': [824, 757, 858, 670, 690]}
{'dt': 11.988776, 'sns': [823, 757, 858, 670, 690]}
{'dt': 11.977388, 'sns': [824, 757, 858, 670, 690]}
{'dt': 12.010702, 'sns': [823, 757, 857, 670, 690]}
{'dt': 12.016461, 'sns': [824, 757, 858, 670, 690]}
{'dt': 11.978313, 'sns': [823, 757, 858, 670, 689]}
{'dt': 11.979573, 'sns': [823, 757, 858, 670, 690]}
{'dt': 11.979202, 'sns': [824, 757, 858, 670, 689]}
{'dt': 11.978814, 'sns': [823, 757, 858, 670, 690]}
{'dt': 12.015128, 'sns': [824, 757, 858, 670, 690]}
{'dt': 11.983258, 'sns': [823, 757, 858, 670, 690]}
{'dt': 11.988369, 'sns': [823, 757, 858, 670, 689]}
{'dt': 12.024239, 'sns': [824, 757, 858, 670, 689]}
{'dt': 11.979813, 'sns': [824, 757, 858, 670, 690]}
{'dt': 12.019572, 'sns': [823, 757, 858, 670, 690]}
{'dt': 11.989814, 'sns': [823, 757, 858, 670, 690]}
{'dt': 11.990665, 'sns': [824, 757, 858, 670, 690]}
{'dt': 11.987591, 'sns': [824, 757, 858, 670, 690]}
{'dt': 11.983128, 'sns': [824, 757, 858, 670, 690]}
{'dt': 11.974369, 'sns': [823, 757, 858, 670, 689]}
{'dt': 12.018036, 'sns': [824, 757, 858, 670, 690]}
{'dt': 11.986072, 'sns': [823, 757, 858, 670, 690]}
{'dt': 11.993684, 'sns': [824, 757, 858, 670, 689]}
{'dt': 11.992832, 'sns': [823, 757, 858, 670, 690]}
{'dt': 11.994535, 'sns': [823, 757, 858, 670, 689]}
{'dt': 11.980314, 'sns': [823, 757, 858, 670, 689]}
{'dt': 11.990757, 'sns': [823, 757, 857, 670, 690]}
{'dt': 11.98624, 'sns': [823, 757, 858, 670, 689]}
{'dt': 11.989498, 'sns': [824, 757, 858, 670, 690]}
{'dt': 12.012128, 'sns': [823, 757, 858, 670, 690]}
{'dt': 11.998554, 'sns': [824, 757, 858, 670, 690]}
{'dt': 11.98248, 'sns': [824, 757, 858, 670, 690]}
{'dt': 11.992054, 'sns': [823, 757, 858, 670, 690]}
{'dt': 12.010351, 'sns': [823, 757, 858, 670, 690]}
{'dt': 11.999332, 'sns': [824, 757, 858, 670, 690]}
{'dt': 11.985405, 'sns': [824, 757, 858, 670, 690]}
{'dt': 11.989406, 'sns': [824, 757, 857, 670, 690]}
{'dt': 11.980721, 'sns': [824, 757, 858, 670, 690]}
{'dt': 12.027813, 'sns': [824, 757, 858, 670, 689]}
{'dt': 11.995128, 'sns': [823, 753, 856, 670, 690]}
{'dt': 11.997425, 'sns': [824, 757, 858, 670, 690]}
{'dt': 12.019109, 'sns': [823, 757, 858, 670, 690]}
{'dt': 11.969518, 'sns': [824, 757, 858, 670, 689]}
{'dt': 11.985461, 'sns': [823, 757, 858, 670, 689]}
{'dt': 11.993332, 'sns': [824, 757, 858, 670, 689]}
{'dt': 11.980721, 'sns': [824, 757, 858, 670, 690]}
{'dt': 11.990461, 'sns': [823, 757, 857, 670, 690]}
{'dt': 11.986999, 'sns': [823, 757, 858, 670, 689]}
{'dt': 11.992591, 'sns': [824, 757, 858, 670, 690]}
{'dt': 12.027924, 'sns': [823, 757, 858, 670, 690]}
{'dt': 11.986054, 'sns': [824, 757, 858, 670, 690]}
{'dt': 11.97911, 'sns': [824, 757, 858, 670, 690]}
{'dt': 11.981258, 'sns': [824, 757, 858, 670, 689]}
{'dt': 12.248441, 'sns': [824, 757, 858, 670, 690]}
{'dt': 12.041628, 'sns': [824, 757, 858, 670, 689]}
{'dt': 12.06798, 'sns': [824, 757, 858, 670, 690]}
{'dt': 11.994721, 'sns': [824, 757, 857, 670, 690]}
{'dt': 11.990257, 'sns': [823, 757, 858, 670, 689]}
{'dt': 11.991036, 'sns': [824, 757, 858, 670, 690]}
{'dt': 12.027628, 'sns': [824, 757, 858, 670, 690]}
{'dt': 12.002832, 'sns': [824, 758, 858, 670, 690]}
{'dt': 11.993869, 'sns': [823, 757, 858, 670, 690]}
{'dt': 11.987887, 'sns': [824, 757, 858, 670, 689]}
{'dt': 11.984721, 'sns': [824, 757, 858, 670, 690]}
{'dt': 12.051665, 'sns': [824, 757, 858, 670, 690]}
{'dt': 11.994628, 'sns': [823, 757, 858, 670, 689]}
{'dt': 11.97935, 'sns': [823, 757, 857, 670, 690]}
{'dt': 11.996906, 'sns': [824, 757, 858, 670, 690]}
{'dt': 11.992165, 'sns': [823, 757, 858, 670, 690]}
{'dt': 12.016276, 'sns': [821, 756, 858, 670, 690]}
{'dt': 11.99898, 'sns': [824, 757, 858, 670, 690]}
{'dt': 11.984166, 'sns': [823, 757, 857, 670, 690]}
{'dt': 11.983294, 'sns': [824, 757, 858, 670, 689]}
{'dt': 12.017369, 'sns': [823, 752, 856, 670, 689]}
{'dt': 12.01661, 'sns': [824, 757, 858, 670, 690]}
{'dt': 11.98248, 'sns': [823, 757, 858, 670, 689]}
{'dt': 11.99772, 'sns': [824, 757, 857, 670, 690]}
{'dt': 11.987703, 'sns': [823, 757, 858, 670, 689]}
{'dt': 11.988054, 'sns': [824, 757, 858, 670, 689]}
{'dt': 12.044331, 'sns': [823, 757, 858, 670, 690]}
{'dt': 11.995628, 'sns': [824, 757, 858, 670, 690]}
{'dt': 11.987518, 'sns': [823, 757, 858, 670, 690]}
{'dt': 12.026683, 'sns': [824, 757, 858, 670, 689]}
{'dt': 12.015036, 'sns': [824, 757, 858, 670, 689]}
{'dt': 12.000479, 'sns': [824, 757, 857, 670, 690]}
{'dt': 11.997962, 'sns': [824, 757, 858, 670, 690]}
{'dt': 11.996554, 'sns': [823, 757, 858, 670, 690]}
{'dt': 11.979239, 'sns': [823, 757, 858, 670, 690]}
{'dt': 11.975962, 'sns': [823, 757, 858, 670, 689]}
{'dt': 12.009091, 'sns': [824, 757, 858, 670, 690]}
{'dt': 11.983072, 'sns': [824, 757, 858, 670, 690]}
{'dt': 12.028647, 'sns': [824, 749, 855, 670, 690]}
{'dt': 11.987035, 'sns': [823, 757, 858, 670, 689]}
{'dt': 11.974758, 'sns': [824, 757, 858, 670, 690]}
{'dt': 12.019961, 'sns': [824, 757, 858, 670, 690]}
{'dt': 11.993499, 'sns': [824, 757, 858, 670, 689]}
{'dt': 11.996184, 'sns': [824, 757, 858, 670, 690]}
{'dt': 11.98035, 'sns': [824, 757, 858, 670, 690]}
{'dt': 11.982313, 'sns': [823, 757, 858, 670, 690]}
{'dt': 12.006073, 'sns': [823, 757, 858, 670, 690]}
{'dt': 12.016646, 'sns': [823, 757, 858, 670, 690]}
{'dt': 11.976351, 'sns': [823, 757, 857, 670, 690]}
{'dt': 11.984943, 'sns': [824, 757, 858, 670, 690]}
{'dt': 11.984646, 'sns': [823, 757, 858, 670, 690]}
{'dt': 12.009017, 'sns': [823, 757, 858, 670, 690]}
{'dt': 11.994147, 'sns': [824, 757, 858, 670, 690]}
{'dt': 11.982739, 'sns': [823, 757, 858, 670, 690]}
{'dt': 11.976814, 'sns': [824, 757, 858, 670, 690]}
{'dt': 11.984905, 'sns': [824, 757, 858, 670, 690]}
{'dt': 11.987443, 'sns': [824, 757, 858, 670, 690]}
{'dt': 11.998517, 'sns': [824, 757, 858, 670, 690]}
{'dt': 11.980221, 'sns': [823, 757, 858, 670, 690]}
{'dt': 11.98361, 'sns': [824, 757, 799, 670, 690]}
{'dt': 11.975758, 'sns': [824, 757, 858, 670, 690]}
{'dt': 11.990202, 'sns': [823, 757, 858, 670, 690]}
{'dt': 11.982202, 'sns': [824, 757, 858, 670, 689]}
{'dt': 11.976536, 'sns': [823, 757, 858, 670, 690]}
{'dt': 12.017424, 'sns': [824, 757, 858, 670, 689]}
{'dt': 12.000961, 'sns': [823, 757, 858, 670, 686]}
{'dt': 11.974184, 'sns': [824, 757, 858, 670, 690]}
{'dt': 11.981906, 'sns': [824, 757, 858, 670, 690]}
{'dt': 12.024665, 'sns': [823, 757, 858, 670, 690]}
{'dt': 11.991054, 'sns': [824, 757, 858, 670, 689]}
{'dt': 11.993813, 'sns': [824, 757, 839, 670, 690]}
{'dt': 12.014295, 'sns': [824, 757, 858, 670, 689]}
{'dt': 12.017721, 'sns': [823, 757, 858, 670, 690]}
{'dt': 12.064868, 'sns': [823, 757, 858, 670, 690]}
{'dt': 11.991369, 'sns': [823, 757, 858, 670, 690]}
{'dt': 11.98448, 'sns': [824, 757, 858, 670, 690]}
{'dt': 11.968591, 'sns': [823, 757, 858, 670, 690]}
{'dt': 11.985721, 'sns': [824, 757, 858, 670, 689]}
{'dt': 11.972924, 'sns': [823, 757, 857, 669, 690]}
{'dt': 11.975703, 'sns': [824, 757, 858, 670, 689]}
{'dt': 11.977202, 'sns': [823, 757, 858, 670, 689]}
{'dt': 12.014776, 'sns': [823, 757, 858, 670, 689]}
{'dt': 12.013424, 'sns': [824, 757, 858, 670, 690]}
{'dt': 11.982462, 'sns': [823, 757, 857, 670, 690]}
{'dt': 11.996313, 'sns': [824, 732, 851, 670, 690]}
{'dt': 11.985999, 'sns': [824, 757, 858, 670, 690]}
{'dt': 12.039294, 'sns': [823, 757, 858, 670, 690]}
{'dt': 11.983536, 'sns': [824, 757, 858, 670, 690]}
{'dt': 11.978128, 'sns': [823, 757, 857, 670, 690]}
{'dt': 11.979165, 'sns': [824, 757, 858, 669, 689]}
{'dt': 11.97924, 'sns': [823, 757, 858, 670, 690]}
{'dt': 12.041572, 'sns': [824, 757, 858, 670, 690]}
{'dt': 11.984184, 'sns': [824, 757, 858, 670, 689]}
{'dt': 11.981572, 'sns': [824, 757, 857, 670, 690]}
{'dt': 11.982647, 'sns': [824, 755, 857, 670, 689]}
{'dt': 11.984054, 'sns': [823, 757, 858, 670, 690]}
{'dt': 11.997276, 'sns': [824, 757, 858, 670, 690]}
{'dt': 11.980591, 'sns': [823, 757, 858, 670, 690]}
{'dt': 11.979721, 'sns': [823, 756, 857, 670, 690]}
{'dt': 11.976628, 'sns': [824, 757, 858, 670, 689]}
{'dt': 11.981536, 'sns': [824, 757, 858, 670, 690]}
{'dt': 11.97811, 'sns': [823, 757, 858, 670, 689]}
{'dt': 11.984498, 'sns': [823, 757, 858, 670, 690]}
{'dt': 11.992999, 'sns': [824, 757, 857, 670, 690]}
{'dt': 11.979406, 'sns': [824, 757, 858, 670, 690]}
{'dt': 11.987202, 'sns': [823, 757, 858, 670, 690]}
{'dt': 11.974443, 'sns': [823, 757, 858, 670, 690]}
{'dt': 11.988035, 'sns': [824, 757, 858, 670, 690]}
{'dt': 12.014239, 'sns': [823, 757, 858, 670, 690]}
{'dt': 11.98248, 'sns': [824, 757, 858, 670, 689]}
{'dt': 11.983721, 'sns': [823, 757, 858, 670, 690]}
{'dt': 11.981314, 'sns': [823, 757, 858, 670, 690]}
{'dt': 12.009868, 'sns': [824, 757, 858, 670, 690]}
{'dt': 11.986221, 'sns': [823, 757, 858, 670, 690]}
{'dt': 11.975758, 'sns': [824, 757, 858, 670, 690]}
{'dt': 12.022424, 'sns': [824, 757, 858, 670, 690]}
{'dt': 11.987702, 'sns': [823, 757, 858, 670, 690]}
{'dt': 12.058369, 'sns': [824, 757, 858, 670, 690]}
{'dt': 12.032813, 'sns': [823, 757, 857, 670, 690]}
{'dt': 11.999072, 'sns': [824, 757, 858, 670, 690]}
{'dt': 11.986832, 'sns': [819, 756, 857, 670, 690]}
{'dt': 11.985554, 'sns': [823, 757, 858, 670, 690]}
{'dt': 11.982462, 'sns': [823, 757, 858, 670, 689]}
{'dt': 11.975776, 'sns': [823, 756, 858, 670, 690]}
{'dt': 11.985165, 'sns': [823, 757, 858, 670, 690]}
{'dt': 11.984925, 'sns': [824, 757, 858, 670, 690]}
{'dt': 12.021443, 'sns': [823, 757, 858, 669, 690]}
{'dt': 12.027794, 'sns': [824, 757, 858, 670, 690]}
{'dt': 11.987239, 'sns': [823, 756, 857, 670, 690]}
{'dt': 11.989684, 'sns': [824, 757, 858, 670, 690]}
{'dt': 11.985406, 'sns': [823, 757, 858, 670, 690]}
{'dt': 11.984721, 'sns': [823, 757, 858, 670, 690]}
{'dt': 12.015128, 'sns': [824, 757, 858, 670, 689]}
{'dt': 11.987943, 'sns': [824, 757, 857, 669, 690]}
{'dt': 11.992517, 'sns': [824, 757, 858, 670, 690]}
{'dt': 12.012905, 'sns': [824, 757, 858, 670, 690]}
{'dt': 11.97861, 'sns': [824, 757, 858, 670, 690]}
{'dt': 12.016609, 'sns': [823, 757, 858, 670, 690]}
{'dt': 11.979925, 'sns': [823, 756, 858, 670, 690]}
{'dt': 11.982924, 'sns': [824, 757, 858, 670, 689]}
{'dt': 11.98861, 'sns': [823, 757, 858, 670, 690]}
{'dt': 11.98948, 'sns': [823, 757, 858, 670, 690]}
{'dt': 12.015665, 'sns': [823, 757, 858, 670, 690]}
{'dt': 11.997609, 'sns': [823, 757, 858, 670, 690]}
{'dt': 11.988332, 'sns': [824, 757, 858, 670, 690]}
{'dt': 11.994702, 'sns': [823, 757, 858, 670, 689]}
{'dt': 11.98874, 'sns': [823, 739, 853, 670, 690]}
{'dt': 12.030128, 'sns': [824, 757, 858, 670, 690]}
{'dt': 11.983091, 'sns': [824, 757, 858, 670, 690]}
{'dt': 11.993498, 'sns': [824, 757, 858, 670, 689]}
{'dt': 11.987165, 'sns': [823, 757, 858, 670, 689]}
{'dt': 11.989832, 'sns': [823, 757, 858, 670, 690]}
{'dt': 12.01598, 'sns': [823, 757, 858, 670, 689]}
{'dt': 11.992646, 'sns': [823, 756, 857, 670, 690]}
{'dt': 12.007406, 'sns': [823, 757, 858, 670, 690]}
{'dt': 11.99498, 'sns': [823, 757, 858, 670, 690]}
{'dt': 11.985925, 'sns': [823, 757, 858, 670, 690]}
{'dt': 12.054109, 'sns': [823, 757, 858, 670, 690]}
{'dt': 11.99635, 'sns': [823, 757, 858, 670, 690]}
{'dt': 11.993499, 'sns': [823, 757, 858, 670, 689]}
{'dt': 11.988313, 'sns': [823, 757, 858, 670, 690]}
{'dt': 12.022406, 'sns': [823, 756, 857, 670, 690]}
{'dt': 12.027239, 'sns': [824, 757, 858, 670, 689]}
{'dt': 11.984332, 'sns': [823, 757, 857, 670, 690]}
{'dt': 12.088053, 'sns': [823, 757, 858, 670, 689]}
{'dt': 12.115831, 'sns': [823, 757, 858, 670, 690]}
{'dt': 12.139591, 'sns': [824, 757, 858, 670, 690]}
{'dt': 12.104016, 'sns': [824, 757, 857, 670, 690]}
{'dt': 12.044406, 'sns': [823, 756, 858, 670, 690]}
{'dt': 12.01348, 'sns': [824, 757, 857, 670, 689]}
{'dt': 12.002035, 'sns': [824, 757, 858, 670, 689]}
{'dt': 11.995702, 'sns': [824, 757, 858, 670, 690]}
{'dt': 11.995258, 'sns': [824, 757, 858, 670, 690]}
{'dt': 12.001295, 'sns': [823, 756, 857, 670, 690]}
{'dt': 12.001202, 'sns': [824, 757, 858, 670, 689]}
{'dt': 12.008535, 'sns': [823, 757, 858, 670, 690]}
{'dt': 12.01935, 'sns': [823, 757, 858, 670, 690]}
{'dt': 12.001369, 'sns': [824, 757, 858, 670, 689]}
{'dt': 12.035758, 'sns': [824, 757, 857, 670, 690]}
{'dt': 12.010831, 'sns': [823, 757, 858, 670, 689]}
{'dt': 11.990091, 'sns': [823, 757, 858, 670, 690]}
{'dt': 11.996443, 'sns': [823, 757, 858, 670, 690]}
{'dt': 12.004202, 'sns': [823, 757, 858, 670, 689]}
{'dt': 11.991869, 'sns': [824, 757, 858, 670, 690]}
{'dt': 12.003591, 'sns': [824, 757, 858, 670, 689]}
{'dt': 11.996443, 'sns': [824, 757, 858, 670, 690]}
{'dt': 11.987406, 'sns': [823, 757, 858, 670, 690]}
{'dt': 12.024609, 'sns': [823, 757, 858, 670, 689]}
{'dt': 11.981962, 'sns': [823, 756, 800, 669, 690]}
{'dt': 11.990128, 'sns': [823, 757, 857, 670, 689]}
{'dt': 11.982573, 'sns': [824, 757, 857, 670, 690]}
{'dt': 11.99585, 'sns': [823, 757, 858, 670, 690]}
{'dt': 12.006758, 'sns': [823, 757, 858, 671, 690]}
{'dt': 12.004942, 'sns': [823, 756, 857, 670, 690]}
{'dt': 11.990277, 'sns': [824, 757, 858, 670, 690]}
{'dt': 11.998406, 'sns': [823, 757, 858, 670, 689]}
{'dt': 11.985998, 'sns': [824, 757, 858, 670, 690]}
{'dt': 12.005424, 'sns': [824, 757, 858, 670, 690]}
{'dt': 12.001147, 'sns': [824, 757, 858, 670, 690]}
{'dt': 12.018313, 'sns': [824, 757, 858, 670, 689]}
{'dt': 12.003498, 'sns': [824, 757, 858, 670, 690]}
{'dt': 11.992665, 'sns': [823, 757, 858, 670, 689]}
{'dt': 12.000166, 'sns': [824, 757, 858, 670, 690]}
{'dt': 11.991924, 'sns': [824, 757, 858, 670, 690]}
{'dt': 12.029109, 'sns': [823, 757, 858, 670, 690]}
{'dt': 12.009869, 'sns': [823, 757, 858, 670, 690]}
{'dt': 11.995887, 'sns': [823, 757, 858, 670, 690]}
{'dt': 12.005906, 'sns': [824, 757, 858, 670, 690]}
{'dt': 11.994147, 'sns': [823, 757, 857, 670, 690]}
{'dt': 11.997628, 'sns': [823, 757, 858, 670, 689]}
{'dt': 12.020276, 'sns': [824, 757, 858, 670, 689]}
{'dt': 11.99435, 'sns': [823, 757, 858, 670, 690]}
{'dt': 11.998906, 'sns': [823, 757, 858, 670, 690]}
{'dt': 12.039054, 'sns': [823, 756, 858, 669, 690]}
{'dt': 11.993257, 'sns': [824, 757, 857, 670, 690]}
{'dt': 11.994258, 'sns': [824, 757, 858, 670, 690]}
{'dt': 12.019091, 'sns': [823, 757, 858, 670, 690]}
{'dt': 12.004702, 'sns': [823, 757, 858, 670, 690]}
{'dt': 11.990406, 'sns': [823, 757, 833, 669, 690]}
{'dt': 12.003906, 'sns': [823, 757, 858, 670, 689]}
{'dt': 11.998998, 'sns': [823, 757, 858, 670, 690]}
{'dt': 12.022554, 'sns': [823, 757, 858, 670, 690]}
{'dt': 12.006906, 'sns': [824, 757, 858, 671, 689]}
{'dt': 11.997628, 'sns': [823, 757, 858, 670, 690]}
{'dt': 11.986165, 'sns': [824, 757, 858, 670, 690]}
{'dt': 12.000609, 'sns': [824, 757, 858, 670, 690]}
{'dt': 12.027221, 'sns': [823, 757, 790, 669, 689]}
{'dt': 12.003739, 'sns': [824, 757, 858, 670, 690]}
{'dt': 11.995758, 'sns': [824, 757, 858, 670, 690]}
{'dt': 11.998054, 'sns': [823, 757, 858, 670, 690]}
{'dt': 12.031405, 'sns': [823, 757, 858, 670, 689]}
{'dt': 12.030073, 'sns': [824, 757, 858, 670, 689]}
{'dt': 12.019091, 'sns': [823, 757, 858, 670, 690]}
{'dt': 12.008165, 'sns': [823, 757, 857, 670, 690]}
{'dt': 11.987609, 'sns': [824, 757, 858, 670, 690]}
{'dt': 11.993128, 'sns': [823, 757, 858, 670, 690]}
{'dt': 12.012128, 'sns': [823, 757, 858, 670, 689]}
{'dt': 12.003758, 'sns': [823, 757, 858, 670, 690]}
{'dt': 11.984758, 'sns': [823, 756, 857, 670, 690]}
{'dt': 12.027516, 'sns': [824, 757, 858, 670, 690]}
{'dt': 12.000166, 'sns': [824, 757, 858, 670, 690]}
{'dt': 12.008887, 'sns': [824, 757, 858, 670, 690]}
{'dt': 12.028387, 'sns': [824, 757, 858, 670, 690]}
{'dt': 12.010739, 'sns': [823, 757, 858, 670, 690]}
{'dt': 11.976239, 'sns': [824, 757, 858, 670, 689]}
{'dt': 11.98861, 'sns': [823, 757, 858, 670, 690]}
{'dt': 11.996906, 'sns': [823, 757, 858, 670, 690]}
{'dt': 11.986757, 'sns': [822, 757, 858, 670, 690]}
{'dt': 12.024462, 'sns': [823, 752, 856, 670, 690]}
{'dt': 11.996331, 'sns': [823, 757, 858, 670, 690]}
{'dt': 11.981999, 'sns': [823, 757, 858, 670, 690]}
{'dt': 11.992017, 'sns': [824, 757, 858, 670, 690]}
{'dt': 11.987572, 'sns': [824, 757, 858, 670, 690]}
{'dt': 11.992054, 'sns': [823, 757, 858, 670, 690]}
{'dt': 12.023351, 'sns': [824, 757, 858, 670, 689]}
{'dt': 11.995479, 'sns': [823, 757, 858, 670, 690]}
{'dt': 12.01561, 'sns': [824, 757, 858, 670, 690]}
{'dt': 12.033239, 'sns': [823, 757, 858, 670, 690]}
{'dt': 11.972647, 'sns': [823, 756, 858, 670, 690]}
{'dt': 12.001239, 'sns': [824, 757, 857, 670, 690]}
{'dt': 12.024887, 'sns': [823, 757, 858, 670, 690]}
{'dt': 12.032424, 'sns': [823, 757, 858, 670, 690]}
{'dt': 12.018776, 'sns': [824, 757, 858, 670, 690]}
{'dt': 12.002202, 'sns': [824, 757, 858, 670, 690]}
{'dt': 11.983888, 'sns': [824, 757, 858, 670, 690]}
{'dt': 12.001942, 'sns': [823, 757, 858, 670, 690]}
{'dt': 11.986536, 'sns': [823, 757, 858, 670, 690]}
{'dt': 11.989961, 'sns': [824, 757, 858, 670, 690]}
{'dt': 11.978221, 'sns': [823, 757, 857, 670, 690]}
{'dt': 11.979702, 'sns': [823, 757, 858, 670, 689]}
{'dt': 12.010962, 'sns': [824, 757, 858, 670, 690]}
{'dt': 11.993905, 'sns': [823, 757, 858, 670, 690]}
{'dt': 11.99348, 'sns': [823, 757, 858, 670, 690]}
{'dt': 11.997314, 'sns': [823, 757, 857, 670, 690]}
{'dt': 11.978628, 'sns': [823, 757, 858, 670, 690]}
{'dt': 11.98985, 'sns': [823, 757, 858, 670, 689]}
{'dt': 12.015184, 'sns': [823, 757, 858, 670, 690]}
{'dt': 11.98922, 'sns': [824, 757, 858, 670, 690]}
{'dt': 11.983276, 'sns': [823, 757, 858, 670, 690]}
{'dt': 11.982703, 'sns': [824, 757, 858, 670, 690]}
{'dt': 11.977443, 'sns': [823, 757, 857, 670, 690]}
{'dt': 12.005405, 'sns': [823, 757, 858, 670, 690]}
{'dt': 11.979851, 'sns': [823, 757, 858, 670, 690]}
{'dt': 12.001331, 'sns': [823, 757, 857, 670, 690]}
{'dt': 12.017777, 'sns': [823, 757, 858, 670, 690]}
{'dt': 11.994646, 'sns': [824, 757, 858, 670, 690]}
{'dt': 12.015609, 'sns': [823, 757, 858, 670, 690]}
{'dt': 11.989906, 'sns': [823, 757, 858, 670, 690]}
{'dt': 11.970628, 'sns': [823, 756, 858, 670, 689]}
{'dt': 11.990943, 'sns': [823, 757, 858, 670, 690]}
{'dt': 12.001314, 'sns': [824, 730, 850, 670, 690]}
{'dt': 12.055349, 'sns': [824, 757, 858, 670, 690]}
{'dt': 11.986277, 'sns': [824, 757, 858, 670, 690]}
{'dt': 11.972795, 'sns': [824, 757, 857, 670, 690]}
{'dt': 11.997739, 'sns': [823, 757, 858, 670, 690]}
{'dt': 11.984035, 'sns': [824, 757, 858, 670, 690]}
{'dt': 12.018998, 'sns': [823, 757, 858, 670, 690]}
{'dt': 11.985406, 'sns': [824, 757, 858, 670, 690]}
{'dt': 11.990165, 'sns': [823, 757, 858, 670, 690]}
{'dt': 11.983925, 'sns': [823, 757, 858, 670, 689]}
{'dt': 11.980424, 'sns': [824, 757, 858, 670, 690]}
{'dt': 12.015035, 'sns': [824, 757, 858, 670, 690]}
{'dt': 12.012165, 'sns': [824, 757, 858, 670, 690]}
{'dt': 11.98911, 'sns': [824, 757, 858, 670, 690]}
{'dt': 11.969202, 'sns': [823, 757, 858, 670, 690]}
{'dt': 11.981073, 'sns': [823, 757, 858, 670, 690]}
{'dt': 11.974776, 'sns': [824, 757, 858, 670, 690]}
{'dt': 11.980813, 'sns': [824, 757, 858, 670, 690]}
{'dt': 12.009721, 'sns': [824, 721, 849, 670, 690]}
{'dt': 11.993554, 'sns': [824, 757, 858, 670, 689]}
{'dt': 11.980739, 'sns': [823, 757, 858, 670, 690]}
{'dt': 11.983406, 'sns': [824, 757, 858, 670, 690]}
{'dt': 11.983054, 'sns': [824, 757, 858, 670, 690]}
{'dt': 11.979184, 'sns': [823, 757, 858, 670, 690]}
{'dt': 11.979406, 'sns': [823, 756, 858, 670, 690]}
{'dt': 11.990368, 'sns': [823, 757, 858, 670, 689]}
{'dt': 12.010517, 'sns': [823, 757, 858, 670, 690]}
{'dt': 12.004147, 'sns': [824, 757, 858, 670, 690]}
{'dt': 11.980813, 'sns': [823, 757, 857, 670, 690]}
{'dt': 11.981721, 'sns': [823, 757, 858, 670, 690]}
{'dt': 12.00585, 'sns': [823, 757, 858, 670, 690]}
{'dt': 12.008202, 'sns': [823, 757, 858, 670, 690]}
{'dt': 11.978961, 'sns': [824, 757, 858, 670, 690]}
{'dt': 11.973425, 'sns': [823, 756, 858, 670, 690]}
{'dt': 11.998054, 'sns': [823, 757, 858, 670, 689]}
{'dt': 11.984961, 'sns': [824, 729, 847, 670, 690]}
{'dt': 12.079702, 'sns': [824, 757, 858, 670, 690]}
{'dt': 12.023183, 'sns': [824, 757, 858, 670, 689]}
{'dt': 11.99548, 'sns': [823, 757, 857, 670, 690]}
{'dt': 11.989943, 'sns': [823, 757, 858, 670, 690]}
{'dt': 11.999091, 'sns': [823, 757, 858, 670, 689]}
{'dt': 11.998832, 'sns': [823, 757, 858, 670, 690]}
{'dt': 11.990535, 'sns': [824, 757, 858, 670, 690]}
{'dt': 11.987369, 'sns': [823, 757, 858, 670, 690]}
{'dt': 11.984239, 'sns': [823, 757, 858, 670, 689]}
{'dt': 11.98798, 'sns': [824, 757, 858, 670, 690]}
{'dt': 12.083813, 'sns': [823, 757, 858, 670, 690]}
{'dt': 12.002498, 'sns': [823, 757, 858, 670, 690]}
{'dt': 12.022184, 'sns': [823, 757, 857, 670, 690]}
{'dt': 11.982517, 'sns': [823, 757, 858, 670, 689]}
{'dt': 11.996498, 'sns': [824, 757, 858, 670, 690]}
{'dt': 11.990443, 'sns': [824, 757, 858, 670, 690]}
{'dt': 11.983221, 'sns': [824, 757, 858, 670, 690]}
{'dt': 12.014294, 'sns': [823, 756, 857, 670, 690]}
{'dt': 11.989369, 'sns': [823, 757, 857, 670, 689]}
{'dt': 12.025869, 'sns': [824, 757, 858, 670, 690]}
{'dt': 11.99635, 'sns': [824, 757, 858, 670, 690]}
{'dt': 11.99185, 'sns': [824, 757, 858, 670, 690]}
{'dt': 12.014795, 'sns': [824, 757, 858, 670, 690]}
{'dt': 12.189849, 'sns': [823, 757, 858, 670, 690]}
{'dt': 12.002906, 'sns': [824, 757, 858, 670, 689]}
{'dt': 12.025332, 'sns': [823, 757, 858, 670, 690]}
{'dt': 12.023627, 'sns': [824, 757, 858, 670, 690]}
{'dt': 11.984906, 'sns': [823, 757, 857, 670, 690]}
{'dt': 12.005684, 'sns': [824, 757, 858, 670, 690]}
{'dt': 11.990739, 'sns': [824, 757, 858, 670, 690]}
{'dt': 12.016721, 'sns': [824, 757, 858, 670, 690]}
{'dt': 11.994072, 'sns': [824, 757, 858, 670, 690]}
{'dt': 11.994184, 'sns': [823, 757, 857, 670, 690]}
{'dt': 11.993702, 'sns': [823, 757, 858, 670, 690]}
{'dt': 11.984924, 'sns': [823, 757, 858, 670, 690]}
{'dt': 12.05098, 'sns': [824, 757, 858, 670, 690]}
{'dt': 12.005646, 'sns': [824, 757, 858, 670, 689]}
{'dt': 11.980073, 'sns': [823, 757, 857, 670, 690]}
{'dt': 11.975628, 'sns': [823, 757, 858, 670, 690]}
{'dt': 11.972128, 'sns': [824, 757, 858, 670, 689]}
{'dt': 12.025998, 'sns': [824, 757, 858, 670, 690]}
{'dt': 11.996017, 'sns': [824, 757, 858, 670, 690]}
{'dt': 11.991832, 'sns': [824, 757, 858, 670, 690]}
{'dt': 12.014869, 'sns': [824, 757, 858, 670, 690]}
{'dt': 12.024924, 'sns': [824, 757, 858, 670, 690]}
{'dt': 12.025516, 'sns': [824, 757, 858, 670, 690]}
{'dt': 11.990128, 'sns': [824, 757, 858, 670, 690]}
{'dt': 11.998406, 'sns': [816, 755, 857, 670, 690]}
{'dt': 11.990795, 'sns': [824, 757, 858, 670, 689]}
{'dt': 11.989332, 'sns': [824, 757, 858, 670, 690]}
{'dt': 12.019813, 'sns': [823, 757, 857, 670, 690]}
{'dt': 12.00372, 'sns': [824, 757, 858, 670, 690]}
{'dt': 11.983999, 'sns': [823, 757, 858, 670, 690]}
{'dt': 12.013683, 'sns': [823, 757, 858, 670, 689]}
{'dt': 11.990795, 'sns': [824, 757, 858, 670, 689]}
{'dt': 12.02185, 'sns': [806, 754, 856, 670, 690]}
{'dt': 11.993443, 'sns': [824, 757, 858, 670, 689]}
{'dt': 11.976702, 'sns': [823, 757, 858, 670, 690]}
{'dt': 11.988721, 'sns': [823, 757, 858, 670, 690]}
{'dt': 11.975813, 'sns': [823, 757, 858, 670, 690]}
{'dt': 12.02122, 'sns': [824, 757, 858, 670, 690]}
{'dt': 11.986666, 'sns': [823, 757, 858, 670, 690]}
{'dt': 11.97348, 'sns': [823, 757, 858, 669, 690]}
{'dt': 11.983498, 'sns': [824, 757, 858, 670, 690]}
{'dt': 11.98848, 'sns': [824, 757, 858, 670, 690]}
{'dt': 12.008961, 'sns': [824, 757, 858, 670, 689]}
{'dt': 11.968536, 'sns': [824, 746, 854, 670, 690]}
{'dt': 11.984794, 'sns': [823, 757, 858, 669, 690]}
{'dt': 12.013795, 'sns': [823, 757, 858, 670, 690]}
{'dt': 11.979202, 'sns': [823, 757, 858, 670, 690]}
{'dt': 12.032035, 'sns': [823, 757, 858, 670, 690]}
{'dt': 11.992962, 'sns': [824, 757, 858, 670, 689]}
{'dt': 11.992109, 'sns': [823, 757, 858, 670, 690]}
{'dt': 11.975499, 'sns': [823, 757, 858, 670, 690]}
{'dt': 11.991943, 'sns': [823, 757, 858, 670, 690]}
{'dt': 11.982572, 'sns': [823, 757, 858, 670, 689]}
{'dt': 11.983461, 'sns': [824, 757, 858, 670, 690]}
{'dt': 11.980166, 'sns': [824, 757, 858, 670, 690]}
{'dt': 11.976905, 'sns': [823, 757, 858, 670, 690]}
{'dt': 12.01198, 'sns': [824, 757, 858, 670, 690]}
{'dt': 11.996665, 'sns': [823, 757, 858, 670, 690]}
{'dt': 11.994925, 'sns': [823, 757, 858, 670, 690]}
{'dt': 11.99172, 'sns': [824, 757, 858, 670, 690]}
{'dt': 11.98261, 'sns': [823, 757, 858, 670, 690]}
{'dt': 11.991202, 'sns': [823, 757, 858, 670, 690]}
{'dt': 12.01222, 'sns': [824, 757, 858, 670, 690]}
{'dt': 11.988128, 'sns': [824, 757, 858, 670, 690]}
{'dt': 11.975517, 'sns': [824, 757, 857, 670, 690]}
{'dt': 11.970832, 'sns': [823, 757, 858, 670, 689]}
{'dt': 11.977036, 'sns': [823, 757, 858, 670, 690]}
{'dt': 12.075201, 'sns': [824, 757, 858, 670, 690]}
{'dt': 11.984036, 'sns': [824, 757, 858, 670, 690]}
{'dt': 11.978591, 'sns': [823, 757, 858, 670, 690]}
{'dt': 11.977202, 'sns': [823, 757, 858, 670, 689]}
{'dt': 11.98498, 'sns': [824, 757, 858, 670, 690]}
{'dt': 12.000073, 'sns': [823, 757, 858, 670, 690]}
{'dt': 12.043998, 'sns': [824, 757, 858, 670, 690]}
{'dt': 11.982165, 'sns': [823, 757, 858, 670, 690]}
{'dt': 11.985146, 'sns': [823, 757, 858, 670, 690]}
{'dt': 11.974091, 'sns': [824, 757, 858, 670, 690]}
{'dt': 12.014351, 'sns': [823, 757, 858, 670, 690]}
{'dt': 11.97922, 'sns': [824, 757, 858, 670, 690]}
{'dt': 11.975628, 'sns': [824, 757, 858, 670, 690]}
{'dt': 11.971295, 'sns': [823, 757, 857, 670, 690]}
{'dt': 11.972499, 'sns': [824, 757, 858, 670, 689]}
{'dt': 11.997276, 'sns': [823, 757, 858, 670, 690]}
{'dt': 11.993535, 'sns': [823, 757, 858, 670, 690]}
{'dt': 11.990406, 'sns': [823, 757, 857, 670, 690]}
{'dt': 11.975332, 'sns': [823, 757, 858, 670, 690]}
{'dt': 11.971406, 'sns': [824, 757, 858, 670, 690]}
{'dt': 11.983146, 'sns': [824, 757, 858, 670, 690]}
{'dt': 11.980351, 'sns': [824, 757, 858, 670, 689]}
{'dt': 11.97172, 'sns': [823, 757, 858, 670, 690]}
{'dt': 12.004925, 'sns': [823, 757, 858, 670, 690]}
{'dt': 12.023368, 'sns': [823, 757, 858, 670, 690]}
{'dt': 11.985517, 'sns': [812, 754, 857, 670, 690]}
{'dt': 11.988036, 'sns': [824, 757, 858, 670, 690]}
{'dt': 11.974109, 'sns': [823, 757, 858, 670, 690]}
{'dt': 11.974554, 'sns': [823, 757, 858, 670, 689]}
{'dt': 11.972165, 'sns': [824, 757, 858, 670, 689]}
{'dt': 11.983739, 'sns': [823, 757, 858, 670, 690]}
{'dt': 12.010702, 'sns': [824, 757, 858, 670, 690]}
{'dt': 12.018943, 'sns': [823, 757, 858, 670, 690]}
{'dt': 11.99311, 'sns': [824, 757, 858, 670, 690]}
{'dt': 11.97335, 'sns': [824, 757, 858, 670, 690]}
{'dt': 11.978591, 'sns': [823, 757, 858, 670, 690]}
{'dt': 12.009128, 'sns': [824, 757, 858, 670, 690]}
{'dt': 12.010517, 'sns': [824, 757, 858, 670, 690]}
{'dt': 11.997202, 'sns': [823, 757, 858, 670, 689]}
{'dt': 11.969202, 'sns': [823, 757, 858, 670, 690]}
{'dt': 11.982054, 'sns': [824, 757, 858, 670, 690]}
{'dt': 12.016294, 'sns': [824, 757, 858, 670, 690]}
{'dt': 11.979443, 'sns': [823, 757, 858, 670, 690]}
{'dt': 11.98148, 'sns': [823, 757, 858, 670, 690]}
{'dt': 11.96198, 'sns': [824, 757, 858, 670, 689]}
{'dt': 11.982628, 'sns': [823, 757, 858, 670, 690]}
{'dt': 12.009869, 'sns': [824, 757, 858, 670, 690]}
{'dt': 11.971406, 'sns': [823, 757, 858, 670, 690]}
{'dt': 11.973572, 'sns': [823, 757, 858, 670, 689]}
{'dt': 12.011795, 'sns': [823, 757, 858, 670, 690]}
{'dt': 11.992276, 'sns': [823, 757, 858, 670, 690]}
{'dt': 12.016406, 'sns': [818, 756, 857, 670, 690]}
{'dt': 11.990387, 'sns': [823, 757, 858, 670, 690]}
{'dt': 11.97685, 'sns': [824, 757, 858, 670, 689]}
{'dt': 11.98561, 'sns': [823, 757, 858, 670, 690]}
{'dt': 11.982535, 'sns': [823, 757, 858, 670, 690]}
{'dt': 12.029665, 'sns': [824, 757, 858, 670, 690]}
{'dt': 11.990128, 'sns': [823, 757, 857, 670, 690]}
{'dt': 11.991573, 'sns': [823, 757, 858, 670, 690]}
{'dt': 11.987424, 'sns': [823, 757, 858, 670, 690]}
{'dt': 11.971572, 'sns': [824, 757, 858, 670, 690]}
{'dt': 12.018443, 'sns': [823, 757, 858, 670, 690]}
{'dt': 11.983591, 'sns': [823, 757, 858, 670, 689]}
{'dt': 11.990795, 'sns': [823, 757, 858, 670, 689]}
{'dt': 11.978183, 'sns': [824, 757, 858, 670, 689]}
{'dt': 11.969017, 'sns': [824, 757, 858, 670, 690]}
{'dt': 12.015925, 'sns': [824, 757, 858, 670, 690]}
{'dt': 11.992609, 'sns': [823, 757, 858, 670, 690]}
{'dt': 11.990702, 'sns': [823, 757, 858, 670, 690]}
{'dt': 11.981461, 'sns': [824, 757, 858, 670, 690]}
{'dt': 12.003758, 'sns': [823, 757, 858, 670, 690]}
{'dt': 12.003869, 'sns': [824, 757, 858, 670, 690]}
{'dt': 11.981128, 'sns': [823, 757, 858, 670, 690]}
{'dt': 11.983295, 'sns': [824, 757, 858, 670, 690]}
{'dt': 11.971442, 'sns': [823, 757, 858, 670, 690]}
{'dt': 11.978925, 'sns': [824, 757, 858, 670, 690]}
{'dt': 12.022554, 'sns': [824, 757, 858, 670, 689]}
{'dt': 11.980905, 'sns': [823, 757, 857, 670, 690]}
{'dt': 11.979351, 'sns': [824, 757, 857, 670, 689]}
{'dt': 11.98322, 'sns': [823, 757, 858, 670, 690]}
{'dt': 12.017239, 'sns': [824, 757, 858, 670, 690]}
{'dt': 12.017221, 'sns': [824, 757, 858, 670, 690]}
{'dt': 11.994813, 'sns': [824, 756, 858, 670, 690]}
{'dt': 11.975461, 'sns': [824, 757, 858, 670, 690]}
{'dt': 11.997443, 'sns': [824, 757, 858, 670, 690]}
{'dt': 11.990184, 'sns': [824, 732, 852, 669, 690]}
{'dt': 12.067998, 'sns': [824, 757, 858, 670, 690]}
{'dt': 11.989183, 'sns': [824, 757, 858, 670, 690]}
{'dt': 11.986406, 'sns': [824, 757, 858, 670, 690]}
{'dt': 11.986258, 'sns': [823, 757, 858, 670, 690]}
{'dt': 12.013479, 'sns': [823, 756, 858, 670, 690]}
{'dt': 12.062665, 'sns': [824, 757, 858, 670, 690]}
{'dt': 11.990369, 'sns': [824, 756, 857, 670, 690]}
{'dt': 11.984443, 'sns': [823, 757, 857, 670, 689]}
{'dt': 11.986369, 'sns': [823, 757, 858, 670, 690]}
{'dt': 11.969461, 'sns': [824, 757, 858, 670, 690]}
{'dt': 12.007795, 'sns': [824, 757, 859, 670, 690]}
{'dt': 11.984591, 'sns': [823, 757, 858, 670, 690]}
{'dt': 12.013868, 'sns': [824, 757, 858, 670, 690]}
{'dt': 12.000128, 'sns': [824, 757, 858, 670, 690]}
{'dt': 12.02598, 'sns': [824, 757, 858, 670, 690]}
{'dt': 12.016757, 'sns': [824, 757, 858, 670, 690]}
{'dt': 11.991202, 'sns': [824, 757, 858, 670, 690]}
{'dt': 11.980258, 'sns': [824, 757, 858, 670, 690]}
{'dt': 11.974832, 'sns': [823, 757, 858, 670, 689]}
{'dt': 11.972239, 'sns': [824, 757, 858, 670, 690]}
{'dt': 12.005461, 'sns': [824, 757, 858, 670, 690]}
{'dt': 11.980388, 'sns': [823, 756, 858, 670, 690]}
{'dt': 11.988443, 'sns': [823, 757, 858, 670, 690]}
{'dt': 11.978165, 'sns': [824, 757, 858, 670, 690]}
{'dt': 11.994109, 'sns': [824, 757, 858, 670, 690]}
{'dt': 11.982517, 'sns': [824, 757, 858, 670, 690]}
{'dt': 11.984202, 'sns': [823, 757, 858, 670, 690]}
{'dt': 11.984202, 'sns': [823, 757, 858, 670, 689]}
{'dt': 11.983925, 'sns': [823, 757, 858, 670, 690]}
{'dt': 11.976406, 'sns': [824, 757, 858, 670, 690]}
{'dt': 12.012683, 'sns': [824, 757, 858, 670, 690]}
{'dt': 12.005054, 'sns': [824, 757, 858, 669, 690]}
{'dt': 12.036054, 'sns': [823, 757, 858, 670, 690]}
{'dt': 11.991591, 'sns': [823, 757, 858, 670, 690]}
{'dt': 11.985294, 'sns': [824, 757, 858, 670, 690]}
{'dt': 11.98085, 'sns': [824, 757, 858, 670, 689]}
{'dt': 12.03998, 'sns': [823, 757, 858, 669, 690]}
{'dt': 11.995665, 'sns': [824, 757, 858, 670, 690]}
{'dt': 11.985721, 'sns': [824, 757, 858, 670, 690]}
{'dt': 11.979554, 'sns': [823, 757, 858, 670, 690]}
{'dt': 11.976035, 'sns': [824, 757, 858, 670, 690]}
{'dt': 12.024795, 'sns': [823, 757, 857, 670, 690]}
{'dt': 11.987591, 'sns': [823, 757, 858, 670, 689]}
{'dt': 11.983479, 'sns': [823, 757, 858, 670, 689]}
{'dt': 11.970628, 'sns': [823, 757, 858, 670, 690]}
{'dt': 11.979443, 'sns': [824, 758, 858, 670, 689]}
{'dt': 11.973165, 'sns': [824, 756, 858, 669, 690]}
{'dt': 11.974869, 'sns': [824, 757, 858, 670, 690]}
{'dt': 11.982073, 'sns': [823, 757, 858, 670, 690]}
{'dt': 11.973757, 'sns': [823, 757, 858, 670, 690]}
{'dt': 12.027258, 'sns': [823, 757, 858, 670, 689]}
{'dt': 11.989017, 'sns': [823, 757, 858, 670, 690]}
{'dt': 11.996757, 'sns': [823, 757, 857, 670, 690]}
{'dt': 11.978406, 'sns': [823, 757, 858, 670, 690]}
{'dt': 11.992221, 'sns': [823, 757, 858, 670, 690]}
{'dt': 12.013146, 'sns': [824, 757, 858, 670, 690]}
{'dt': 11.984165, 'sns': [823, 756, 858, 670, 690]}
{'dt': 11.979647, 'sns': [824, 757, 858, 670, 690]}
{'dt': 11.967461, 'sns': [823, 757, 858, 670, 690]}
{'dt': 11.977387, 'sns': [823, 757, 858, 670, 690]}
{'dt': 11.977388, 'sns': [824, 757, 858, 670, 690]}
{'dt': 11.988906, 'sns': [823, 757, 858, 669, 690]}
{'dt': 11.97522, 'sns': [824, 757, 858, 670, 690]}
{'dt': 11.980128, 'sns': [823, 757, 858, 670, 690]}
{'dt': 11.97085, 'sns': [824, 757, 858, 670, 690]}
{'dt': 11.983406, 'sns': [823, 757, 858, 670, 690]}
{'dt': 11.989999, 'sns': [824, 757, 857, 670, 690]}
{'dt': 11.98585, 'sns': [824, 756, 858, 670, 689]}
{'dt': 12.02098, 'sns': [823, 757, 858, 670, 690]}
{'dt': 11.974961, 'sns': [823, 757, 858, 670, 690]}
{'dt': 12.017257, 'sns': [824, 757, 858, 670, 690]}
{'dt': 12.015554, 'sns': [823, 757, 857, 670, 690]}
{'dt': 11.986776, 'sns': [824, 757, 858, 670, 690]}
{'dt': 11.981554, 'sns': [823, 757, 858, 670, 690]}
{'dt': 11.997758, 'sns': [823, 757, 858, 670, 690]}
{'dt': 12.016387, 'sns': [824, 757, 858, 670, 690]}
{'dt': 12.021146, 'sns': [823, 757, 857, 670, 690]}
{'dt': 12.018869, 'sns': [823, 756, 858, 670, 690]}
{'dt': 11.998332, 'sns': [824, 757, 858, 670, 690]}
{'dt': 12.017498, 'sns': [824, 757, 857, 670, 690]}
{'dt': 11.981665, 'sns': [823, 757, 858, 670, 690]}
{'dt': 11.981961, 'sns': [823, 757, 857, 670, 690]}
{'dt': 11.973758, 'sns': [824, 757, 858, 670, 689]}
{'dt': 11.98061, 'sns': [824, 757, 858, 670, 690]}
{'dt': 11.986072, 'sns': [823, 757, 858, 670, 690]}
{'dt': 12.062183, 'sns': [824, 757, 858, 671, 690]}
{'dt': 11.983869, 'sns': [823, 757, 858, 670, 690]}
{'dt': 11.987128, 'sns': [823, 757, 858, 670, 690]}
{'dt': 12.00785, 'sns': [823, 757, 858, 670, 690]}
{'dt': 11.975128, 'sns': [824, 757, 858, 670, 690]}
{'dt': 11.997684, 'sns': [824, 757, 858, 670, 690]}
{'dt': 11.987035, 'sns': [823, 757, 858, 670, 690]}
{'dt': 11.983369, 'sns': [823, 757, 858, 670, 690]}
{'dt': 11.981017, 'sns': [824, 757, 858, 670, 690]}
{'dt': 11.972202, 'sns': [823, 757, 858, 670, 690]}
{'dt': 12.015257, 'sns': [824, 757, 858, 670, 690]}
{'dt': 11.986054, 'sns': [823, 757, 858, 670, 690]}
{'dt': 11.974369, 'sns': [824, 757, 858, 670, 690]}
{'dt': 11.993628, 'sns': [824, 757, 858, 670, 690]}
{'dt': 11.976684, 'sns': [824, 757, 858, 670, 690]}
{'dt': 12.012794, 'sns': [824, 757, 858, 670, 690]}
{'dt': 11.999295, 'sns': [823, 757, 858, 670, 690]}
{'dt': 11.977461, 'sns': [823, 757, 801, 669, 690]}
{'dt': 12.025647, 'sns': [817, 755, 858, 670, 690]}
{'dt': 11.987998, 'sns': [823, 757, 858, 670, 690]}
{'dt': 12.009517, 'sns': [824, 757, 858, 670, 689]}
{'dt': 11.986128, 'sns': [823, 757, 858, 670, 690]}
{'dt': 11.982313, 'sns': [824, 757, 858, 670, 690]}
{'dt': 11.986035, 'sns': [823, 757, 858, 670, 690]}
{'dt': 11.986795, 'sns': [823, 757, 858, 670, 690]}
{'dt': 11.980535, 'sns': [824, 746, 855, 670, 690]}
{'dt': 11.989703, 'sns': [823, 757, 858, 670, 690]}
{'dt': 12.014461, 'sns': [824, 757, 858, 670, 689]}
{'dt': 11.994443, 'sns': [823, 757, 858, 670, 690]}
{'dt': 11.987035, 'sns': [824, 757, 858, 670, 690]}
{'dt': 11.978943, 'sns': [824, 757, 858, 670, 690]}
{'dt': 11.988461, 'sns': [823, 757, 857, 670, 690]}
{'dt': 11.969758, 'sns': [823, 757, 858, 670, 689]}
{'dt': 11.985294, 'sns': [824, 757, 858, 670, 690]}
{'dt': 11.977554, 'sns': [824, 757, 858, 670, 690]}
{'dt': 12.02111, 'sns': [823, 757, 858, 670, 690]}
{'dt': 12.038683, 'sns': [823, 757, 857, 670, 690]}
{'dt': 12.015517, 'sns': [823, 757, 858, 670, 690]}
{'dt': 11.983257, 'sns': [823, 757, 858, 670, 689]}
{'dt': 11.972591, 'sns': [823, 757, 858, 670, 690]}
{'dt': 11.988073, 'sns': [823, 757, 858, 670, 690]}
{'dt': 11.988942, 'sns': [823, 757, 858, 670, 690]}
{'dt': 11.978814, 'sns': [824, 757, 858, 670, 689]}
{'dt': 11.983498, 'sns': [824, 757, 858, 670, 690]}
{'dt': 12.002146, 'sns': [823, 757, 858, 670, 690]}
{'dt': 12.024869, 'sns': [823, 757, 858, 670, 689]}
{'dt': 11.990035, 'sns': [823, 757, 858, 670, 690]}
{'dt': 11.985036, 'sns': [823, 757, 858, 670, 689]}
{'dt': 11.990572, 'sns': [823, 757, 858, 670, 690]}
{'dt': 11.986424, 'sns': [823, 757, 858, 670, 690]}
{'dt': 12.004351, 'sns': [824, 757, 858, 670, 690]}
{'dt': 11.982146, 'sns': [823, 757, 857, 670, 690]}
{'dt': 11.978535, 'sns': [824, 747, 855, 670, 690]}
{'dt': 12.018128, 'sns': [823, 757, 858, 670, 690]}
{'dt': 11.972554, 'sns': [823, 757, 858, 670, 690]}
{'dt': 12.017665, 'sns': [824, 757, 858, 670, 690]}
{'dt': 11.979925, 'sns': [823, 757, 858, 670, 690]}
{'dt': 11.975165, 'sns': [824, 757, 858, 670, 689]}
{'dt': 11.967128, 'sns': [824, 757, 858, 670, 690]}
{'dt': 11.978961, 'sns': [823, 757, 858, 670, 690]}
{'dt': 11.969332, 'sns': [824, 757, 858, 670, 690]}
{'dt': 11.981183, 'sns': [823, 757, 858, 670, 690]}
{'dt': 11.978962, 'sns': [823, 757, 858, 670, 690]}
{'dt': 11.987498, 'sns': [823, 757, 858, 670, 690]}
{'dt': 11.970313, 'sns': [824, 757, 858, 670, 690]}
{'dt': 11.978684, 'sns': [823, 757, 858, 670, 690]}
{'dt': 11.982609, 'sns': [823, 757, 858, 670, 690]}
{'dt': 11.975851, 'sns': [823, 757, 858, 670, 690]}
{'dt': 11.976054, 'sns': [824, 757, 858, 670, 689]}
{'dt': 11.976442, 'sns': [824, 757, 858, 670, 690]}
{'dt': 12.047499, 'sns': [824, 757, 858, 670, 690]}
{'dt': 11.992702, 'sns': [823, 757, 857, 670, 690]}
{'dt': 11.980628, 'sns': [824, 757, 858, 670, 690]}
{'dt': 11.984368, 'sns': [824, 757, 858, 670, 690]}
{'dt': 11.974073, 'sns': [823, 757, 858, 670, 690]}
{'dt': 12.010183, 'sns': [824, 757, 858, 670, 690]}
{'dt': 11.979591, 'sns': [824, 756, 858, 670, 690]}
{'dt': 11.97985, 'sns': [824, 757, 858, 670, 689]}
{'dt': 12.002869, 'sns': [824, 757, 858, 670, 690]}
{'dt': 12.020628, 'sns': [824, 757, 858, 670, 690]}
{'dt': 12.068627, 'sns': [824, 757, 858, 670, 690]}
{'dt': 12.005184, 'sns': [824, 757, 857, 670, 690]}
{'dt': 11.985239, 'sns': [824, 757, 858, 670, 689]}
{'dt': 12.009295, 'sns': [824, 757, 858, 670, 690]}
{'dt': 11.981831, 'sns': [824, 757, 858, 670, 690]}
{'dt': 12.007832, 'sns': [824, 757, 858, 671, 690]}
{'dt': 11.989072, 'sns': [823, 757, 857, 670, 690]}
{'dt': 12.030424, 'sns': [824, 757, 858, 670, 690]}
{'dt': 11.983647, 'sns': [823, 757, 858, 670, 690]}
{'dt': 11.98698, 'sns': [824, 757, 858, 670, 690]}
{'dt': 12.009276, 'sns': [824, 757, 858, 670, 690]}
{'dt': 11.984905, 'sns': [823, 757, 857, 670, 690]}
{'dt': 11.979573, 'sns': [823, 757, 858, 670, 690]}
{'dt': 11.991943, 'sns': [824, 757, 858, 670, 690]}
{'dt': 11.980146, 'sns': [824, 757, 858, 670, 690]}
{'dt': 12.007628, 'sns': [823, 757, 858, 670, 689]}
{'dt': 12.063683, 'sns': [823, 757, 858, 670, 690]}
{'dt': 12.001943, 'sns': [823, 757, 858, 670, 690]}
{'dt': 11.988739, 'sns': [824, 757, 858, 670, 690]}
{'dt': 11.986591, 'sns': [824, 757, 858, 670, 690]}
{'dt': 12.015869, 'sns': [824, 757, 858, 670, 690]}
{'dt': 11.991702, 'sns': [823, 757, 858, 670, 690]}
{'dt': 11.978739, 'sns': [823, 757, 858, 670, 690]}
{'dt': 11.983943, 'sns': [823, 757, 858, 670, 690]}
{'dt': 11.974387, 'sns': [824, 757, 858, 670, 690]}
{'dt': 12.09535, 'sns': [824, 757, 858, 670, 690]}
{'dt': 11.999498, 'sns': [824, 757, 857, 670, 690]}
{'dt': 11.986591, 'sns': [824, 757, 858, 670, 690]}
{'dt': 11.985054, 'sns': [824, 757, 858, 670, 690]}
{'dt': 11.986942, 'sns': [823, 757, 858, 670, 690]}
{'dt': 12.007888, 'sns': [823, 757, 858, 670, 690]}
{'dt': 12.198256, 'sns': [823, 757, 858, 670, 690]}
{'dt': 12.00061, 'sns': [823, 757, 858, 670, 690]}
{'dt': 11.983591, 'sns': [823, 757, 858, 670, 690]}
