{'dt': 1.16179, 'sns': [721, 665, 735, 598, 609]}
{'dt': 11.52257, 'sns': [722, 665, 736, 597, 609]}
{'dt': 11.4137, 'sns': [721, 664, 735, 598, 608]}
{'dt': 11.381644, 'sns': [722, 665, 735, 598, 608]}
{'dt': 11.382903, 'sns': [721, 665, 735, 598, 608]}
{'dt': 11.386663, 'sns': [722, 664, 735, 598, 608]}
{'dt': 11.371978, 'sns': [721, 664, 735, 598, 608]}
{'dt': 11.373978, 'sns': [721, 664, 736, 597, 608]}
{'dt': 11.368366, 'sns': [721, 665, 736, 597, 608]}
{'dt': 11.368256, 'sns': [721, 664, 735, 598, 609]}
{'dt': 11.364126, 'sns': [722, 665, 736, 597, 608]}
{'dt': 11.367885, 'sns': [722, 664, 735, 599, 609]}
{'dt': 11.3772, 'sns': [721, 665, 736, 597, 608]}
{'dt': 11.373422, 'sns': [721, 665, 736, 598, 608]}
{'dt': 11.370033, 'sns': [721, 665, 736, 597, 608]}
{'dt': 11.367181, 'sns': [722, 665, 736, 598, 608]}
{'dt': 11.365404, 'sns': [721, 664, 736, 593, 609]}
{'dt': 11.3692, 'sns': [722, 665, 736, 598, 608]}
{'dt': 11.365681, 'sns': [722, 665, 735, 598, 607]}
{'dt': 11.372978, 'sns': [721, 665, 735, 598, 609]}
{'dt': 11.374644, 'sns': [721, 665, 736, 597, 609]}
{'dt': 11.363589, 'sns': [722, 665, 736, 598, 609]}
{'dt': 11.359959, 'sns': [721, 665, 736, 598, 608]}
{'dt': 11.359793, 'sns': [722, 665, 736, 597, 608]}
{'dt': 11.363885, 'sns': [722, 665, 736, 598, 608]}
{'dt': 11.360978, 'sns': [722, 664, 736, 598, 609]}
{'dt': 11.358311, 'sns': [722, 665, 736, 597, 608]}
{'dt': 11.356904, 'sns': [722, 665, 736, 598, 608]}
{'dt': 11.357607, 'sns': [722, 665, 736, 597, 609]}
{'dt': 11.360015, 'sns': [722, 665, 736, 597, 608]}
{'dt': 11.361829, 'sns': [721, 665, 736, 597, 609]}
{'dt': 11.357867, 'sns': [722, 665, 736, 598, 608]}
{'dt': 11.356978, 'sns': [721, 665, 735, 598, 608]}
{'dt': 11.374478, 'sns': [721, 665, 736, 598, 609]}
{'dt': 11.358588, 'sns': [722, 664, 736, 598, 608]}
{'dt': 11.372219, 'sns': [722, 665, 736, 594, 608]}
{'dt': 11.364552, 'sns': [722, 665, 735, 599, 608]}
{'dt': 11.358163, 'sns': [722, 665, 736, 597, 608]}
{'dt': 11.352033, 'sns': [722, 665, 736, 598, 608]}
{'dt': 11.353533, 'sns': [721, 665, 736, 597, 609]}
{'dt': 11.358645, 'sns': [722, 665, 736, 597, 608]}
{'dt': 11.359218, 'sns': [721, 665, 736, 598, 608]}
{'dt': 11.357848, 'sns': [722, 665, 735, 598, 609]}
{'dt': 11.353904, 'sns': [721, 665, 736, 597, 609]}
{'dt': 11.357385, 'sns': [722, 665, 736, 598, 609]}
{'dt': 11.354774, 'sns': [722, 665, 735, 599, 608]}
{'dt': 11.358311, 'sns': [722, 665, 735, 598, 608]}
{'dt': 11.374774, 'sns': [721, 665, 735, 598, 608]}
{'dt': 11.356645, 'sns': [721, 665, 736, 597, 609]}
{'dt': 11.370885, 'sns': [721, 665, 736, 597, 608]}
{'dt': 11.360737, 'sns': [721, 665, 736, 597, 608]}
{'dt': 11.357941, 'sns': [722, 665, 736, 597, 608]}
{'dt': 11.362755, 'sns': [722, 665, 736, 598, 609]}
{'dt': 11.354867, 'sns': [721, 665, 736, 597, 608]}
{'dt': 11.355496, 'sns': [722, 665, 736, 598, 608]}
{'dt': 11.354737, 'sns': [721, 665, 736, 597, 608]}
{'dt': 11.376922, 'sns': [721, 665, 736, 598, 608]}
{'dt': 11.365441, 'sns': [721, 664, 736, 598, 609]}
{'dt': 11.359737, 'sns': [718, 664, 735, 598, 608]}
{'dt': 11.355478, 'sns': [721, 665, 736, 598, 608]}
{'dt': 11.355033, 'sns': [721, 665, 736, 598, 608]}
{'dt': 11.461236, 'sns': [722, 665, 736, 597, 608]}
{'dt': 11.856068, 'sns': [722, 665, 736, 597, 608]}
{'dt': 12.046641, 'sns': [722, 665, 736, 597, 609]}
{'dt': 11.993234, 'sns': [722, 665, 735, 598, 609]}
{'dt': 11.980104, 'sns': [722, 665, 736, 597, 608]}
{'dt': 11.976048, 'sns': [722, 665, 736, 598, 608]}
{'dt': 11.964975, 'sns': [722, 665, 736, 597, 609]}
{'dt': 12.007919, 'sns': [722, 665, 736, 597, 608]}
{'dt': 11.966937, 'sns': [722, 665, 736, 597, 608]}
{'dt': 12.000493, 'sns': [722, 665, 735, 598, 608]}
{'dt': 11.97053, 'sns': [722, 665, 736, 597, 608]}
{'dt': 11.971679, 'sns': [722, 664, 736, 598, 608]}
{'dt': 12.066622, 'sns': [722, 665, 736, 597, 607]}
{'dt': 12.002567, 'sns': [722, 665, 708, 597, 608]}
{'dt': 12.004604, 'sns': [722, 665, 736, 598, 609]}
{'dt': 11.973993, 'sns': [722, 665, 736, 598, 608]}
{'dt': 11.972215, 'sns': [722, 665, 736, 597, 608]}
{'dt': 12.004493, 'sns': [722, 665, 736, 597, 608]}
{'dt': 11.969475, 'sns': [722, 665, 736, 597, 608]}
{'dt': 11.974641, 'sns': [722, 665, 736, 595, 608]}
{'dt': 11.978734, 'sns': [722, 665, 737, 598, 608]}
{'dt': 11.959919, 'sns': [722, 665, 736, 597, 608]}
{'dt': 11.961641, 'sns': [722, 665, 736, 597, 608]}
{'dt': 11.975363, 'sns': [722, 665, 736, 597, 609]}
{'dt': 11.96016, 'sns': [722, 665, 736, 598, 609]}
{'dt': 11.962049, 'sns': [722, 665, 736, 598, 608]}
{'dt': 11.971067, 'sns': [722, 665, 735, 598, 608]}
{'dt': 12.003863, 'sns': [722, 665, 736, 597, 608]}
{'dt': 11.978771, 'sns': [722, 665, 736, 598, 609]}
{'dt': 11.969771, 'sns': [722, 665, 736, 597, 609]}
{'dt': 11.969456, 'sns': [722, 665, 736, 598, 609]}
{'dt': 11.976048, 'sns': [722, 665, 735, 598, 609]}
{'dt': 11.962197, 'sns': [722, 665, 736, 595, 608]}
{'dt': 11.976438, 'sns': [722, 665, 736, 597, 608]}
{'dt': 11.995678, 'sns': [722, 665, 736, 597, 609]}
{'dt': 12.013956, 'sns': [722, 665, 736, 598, 608]}
{'dt': 11.977845, 'sns': [722, 665, 736, 597, 608]}
{'dt': 11.999548, 'sns': [722, 664, 736, 597, 609]}
{'dt': 11.983937, 'sns': [722, 665, 736, 598, 609]}
{'dt': 11.989216, 'sns': [722, 665, 736, 598, 608]}
{'dt': 11.977604, 'sns': [722, 665, 736, 598, 608]}
{'dt': 11.968123, 'sns': [722, 665, 736, 598, 609]}
{'dt': 12.0164, 'sns': [722, 665, 736, 598, 609]}
{'dt': 11.975493, 'sns': [722, 665, 736, 598, 609]}
{'dt': 11.971363, 'sns': [722, 665, 736, 597, 609]}
{'dt': 11.977975, 'sns': [722, 665, 736, 598, 609]}
{'dt': 11.977771, 'sns': [722, 665, 736, 598, 609]}
{'dt': 11.962307, 'sns': [722, 665, 736, 597, 608]}
{'dt': 11.976938, 'sns': [722, 664, 736, 598, 608]}
{'dt': 11.973456, 'sns': [722, 665, 736, 598, 608]}
{'dt': 11.970808, 'sns': [722, 665, 736, 598, 609]}
{'dt': 11.974974, 'sns': [722, 665, 736, 597, 609]}
{'dt': 11.983901, 'sns': [722, 665, 736, 598, 608]}
{'dt': 11.981548, 'sns': [722, 665, 736, 597, 608]}
{'dt': 11.960679, 'sns': [722, 665, 736, 598, 608]}
{'dt': 12.060122, 'sns': [722, 665, 736, 598, 608]}
{'dt': 12.089511, 'sns': [722, 665, 736, 597, 609]}
{'dt': 12.357269, 'sns': [722, 651, 735, 598, 608]}
{'dt': 12.069289, 'sns': [722, 665, 736, 597, 608]}
{'dt': 12.058863, 'sns': [722, 665, 736, 598, 609]}
{'dt': 12.058103, 'sns': [722, 665, 736, 597, 608]}
{'dt': 12.111104, 'sns': [722, 665, 736, 598, 609]}
{'dt': 12.091159, 'sns': [722, 665, 736, 597, 608]}
{'dt': 12.053752, 'sns': [722, 664, 736, 597, 608]}
{'dt': 12.08427, 'sns': [722, 665, 736, 597, 609]}
{'dt': 12.053622, 'sns': [722, 665, 736, 598, 608]}
{'dt': 12.088733, 'sns': [721, 665, 736, 597, 608]}
{'dt': 12.056956, 'sns': [722, 665, 736, 597, 608]}
{'dt': 12.050826, 'sns': [722, 665, 736, 598, 609]}
{'dt': 12.063752, 'sns': [722, 665, 735, 598, 608]}
{'dt': 12.116196, 'sns': [722, 665, 736, 598, 608]}
{'dt': 12.116566, 'sns': [722, 665, 736, 598, 608]}
{'dt': 12.065789, 'sns': [722, 665, 736, 597, 609]}
{'dt': 12.041493, 'sns': [722, 665, 736, 598, 608]}
{'dt': 12.052178, 'sns': [722, 665, 736, 597, 608]}
{'dt': 12.076196, 'sns': [722, 665, 736, 597, 608]}
{'dt': 12.121936, 'sns': [722, 665, 736, 598, 608]}
{'dt': 12.06866, 'sns': [722, 665, 736, 597, 608]}
{'dt': 12.078863, 'sns': [722, 665, 736, 598, 608]}
{'dt': 12.064011, 'sns': [722, 664, 736, 597, 608]}
{'dt': 12.084918, 'sns': [722, 665, 736, 598, 608]}
{'dt': 12.090418, 'sns': [722, 665, 736, 598, 608]}
{'dt': 12.070697, 'sns': [722, 665, 735, 598, 609]}
{'dt': 12.074918, 'sns': [722, 665, 736, 598, 609]}
{'dt': 12.067456, 'sns': [722, 665, 736, 597, 609]}
{'dt': 12.048714, 'sns': [722, 665, 736, 598, 608]}
{'dt': 12.087974, 'sns': [722, 665, 736, 598, 608]}
{'dt': 12.067289, 'sns': [722, 665, 736, 597, 608]}
{'dt': 12.062752, 'sns': [722, 665, 736, 598, 608]}
{'dt': 12.080733, 'sns': [722, 665, 735, 598, 608]}
{'dt': 12.057123, 'sns': [722, 665, 736, 598, 608]}
{'dt': 12.098677, 'sns': [722, 665, 736, 597, 608]}
{'dt': 12.054085, 'sns': [722, 665, 736, 598, 608]}
{'dt': 12.051826, 'sns': [722, 665, 736, 598, 608]}
{'dt': 12.045863, 'sns': [721, 665, 736, 597, 609]}
{'dt': 12.10903, 'sns': [722, 665, 736, 598, 608]}
{'dt': 12.056863, 'sns': [722, 665, 736, 597, 608]}
{'dt': 12.178732, 'sns': [722, 665, 736, 597, 608]}
{'dt': 12.065919, 'sns': [722, 665, 736, 597, 608]}
{'dt': 12.103455, 'sns': [722, 665, 736, 597, 608]}
{'dt': 12.069326, 'sns': [722, 665, 736, 598, 608]}
{'dt': 12.084919, 'sns': [722, 665, 736, 598, 609]}
{'dt': 12.042548, 'sns': [722, 665, 736, 598, 608]}
{'dt': 12.068789, 'sns': [722, 665, 736, 597, 608]}
{'dt': 12.098511, 'sns': [721, 665, 736, 598, 609]}
{'dt': 12.060566, 'sns': [722, 665, 736, 598, 608]}
{'dt': 12.130844, 'sns': [722, 665, 736, 598, 608]}
{'dt': 12.060623, 'sns': [722, 665, 736, 597, 609]}
{'dt': 12.042326, 'sns': [722, 665, 736, 598, 608]}
{'dt': 12.075788, 'sns': [722, 665, 736, 598, 608]}
{'dt': 12.077697, 'sns': [722, 665, 736, 597, 608]}
{'dt': 12.054881, 'sns': [722, 665, 736, 597, 608]}
{'dt': 12.051863, 'sns': [722, 665, 736, 597, 608]}
{'dt': 12.372658, 'sns': [722, 661, 736, 597, 609]}
{'dt': 12.088307, 'sns': [722, 665, 736, 598, 608]}
{'dt': 12.066881, 'sns': [722, 665, 735, 598, 608]}
{'dt': 12.050271, 'sns': [722, 665, 736, 598, 609]}
{'dt': 12.0464, 'sns': [722, 665, 736, 597, 608]}
{'dt': 12.45612, 'sns': [723, 665, 736, 597, 607]}
{'dt': 12.061548, 'sns': [722, 665, 736, 597, 608]}
{'dt': 12.053345, 'sns': [722, 665, 736, 597, 608]}
{'dt': 12.057918, 'sns': [722, 665, 736, 598, 608]}
{'dt': 12.092622, 'sns': [722, 665, 735, 598, 608]}
{'dt': 12.049123, 'sns': [722, 665, 736, 597, 608]}
{'dt': 12.041177, 'sns': [722, 665, 736, 598, 608]}
{'dt': 12.049289, 'sns': [722, 665, 736, 598, 608]}
{'dt': 12.085289, 'sns': [722, 665, 736, 598, 608]}
{'dt': 12.059456, 'sns': [722, 665, 735, 598, 608]}
{'dt': 12.058085, 'sns': [722, 665, 736, 598, 608]}
{'dt': 12.057548, 'sns': [722, 665, 736, 598, 609]}
{'dt': 12.052826, 'sns': [722, 665, 736, 597, 608]}
{'dt': 12.073344, 'sns': [722, 665, 736, 598, 608]}
{'dt': 12.052011, 'sns': [722, 665, 736, 598, 609]}
{'dt': 12.0774, 'sns': [722, 665, 736, 598, 608]}
{'dt': 12.057456, 'sns': [722, 665, 736, 598, 609]}
{'dt': 12.050363, 'sns': [722, 665, 735, 598, 608]}
{'dt': 12.047752, 'sns': [722, 665, 736, 597, 608]}
{'dt': 12.074048, 'sns': [722, 665, 736, 598, 608]}
{'dt': 12.043696, 'sns': [722, 665, 736, 597, 608]}
{'dt': 12.096307, 'sns': [722, 665, 736, 597, 608]}
{'dt': 12.310158, 'sns': [722, 652, 735, 598, 608]}
{'dt': 12.104122, 'sns': [722, 665, 736, 598, 608]}
{'dt': 12.062067, 'sns': [722, 665, 736, 598, 609]}
{'dt': 12.063233, 'sns': [722, 665, 736, 597, 608]}
{'dt': 12.048252, 'sns': [722, 664, 736, 597, 608]}
{'dt': 12.052993, 'sns': [722, 665, 736, 597, 609]}
{'dt': 12.0379, 'sns': [722, 665, 736, 598, 608]}
{'dt': 12.04227, 'sns': [722, 665, 736, 597, 608]}
{'dt': 12.060808, 'sns': [722, 665, 736, 597, 608]}
{'dt': 12.082178, 'sns': [722, 665, 736, 598, 608]}
{'dt': 12.053511, 'sns': [722, 665, 736, 597, 608]}
{'dt': 12.086233, 'sns': [722, 665, 736, 598, 608]}
{'dt': 12.079881, 'sns': [722, 665, 736, 598, 608]}
{'dt': 12.075807, 'sns': [722, 665, 736, 598, 608]}
{'dt': 12.402454, 'sns': [722, 665, 736, 598, 609]}
{'dt': 12.064993, 'sns': [722, 665, 736, 598, 609]}
{'dt': 12.075344, 'sns': [722, 665, 736, 598, 608]}
{'dt': 12.260732, 'sns': [711, 664, 736, 597, 608]}
{'dt': 12.1259, 'sns': [722, 665, 736, 598, 609]}
{'dt': 12.051215, 'sns': [722, 665, 736, 597, 608]}
{'dt': 12.074159, 'sns': [722, 665, 736, 597, 608]}
{'dt': 12.052993, 'sns': [722, 665, 736, 597, 608]}
{'dt': 12.098344, 'sns': [722, 665, 736, 597, 608]}
{'dt': 12.052493, 'sns': [722, 665, 736, 598, 608]}
{'dt': 12.050733, 'sns': [722, 665, 736, 597, 608]}
{'dt': 12.039807, 'sns': [722, 665, 736, 598, 608]}
{'dt': 12.073512, 'sns': [722, 665, 736, 598, 608]}
{'dt': 12.105233, 'sns': [722, 665, 736, 597, 608]}
{'dt': 12.059048, 'sns': [722, 665, 736, 598, 608]}
{'dt': 12.046363, 'sns': [722, 665, 736, 598, 608]}
{'dt': 12.037826, 'sns': [722, 665, 736, 597, 608]}
{'dt': 12.047566, 'sns': [722, 665, 736, 597, 608]}
{'dt': 12.150159, 'sns': [722, 665, 736, 598, 608]}
{'dt': 12.062734, 'sns': [722, 665, 736, 598, 608]}
{'dt': 12.427212, 'sns': [722, 665, 736, 595, 608]}
{'dt': 12.098197, 'sns': [722, 665, 735, 598, 609]}
{'dt': 12.079011, 'sns': [722, 665, 736, 598, 608]}
{'dt': 12.094325, 'sns': [722, 665, 736, 597, 608]}
{'dt': 12.072326, 'sns': [722, 665, 736, 597, 608]}
{'dt': 12.054604, 'sns': [722, 665, 736, 598, 608]}
{'dt': 12.417509, 'sns': [722, 614, 735, 598, 608]}
{'dt': 12.082826, 'sns': [722, 665, 736, 598, 608]}
{'dt': 12.056067, 'sns': [722, 665, 736, 597, 608]}
{'dt': 12.090381, 'sns': [722, 665, 736, 598, 609]}
{'dt': 12.196788, 'sns': [722, 665, 736, 597, 608]}
{'dt': 12.090141, 'sns': [722, 664, 736, 597, 609]}
{'dt': 12.100159, 'sns': [722, 665, 736, 598, 608]}
{'dt': 12.065326, 'sns': [722, 665, 736, 597, 609]}
{'dt': 12.059992, 'sns': [722, 665, 736, 598, 608]}
{'dt': 12.060919, 'sns': [722, 665, 736, 598, 609]}
{'dt': 12.046937, 'sns': [722, 665, 736, 597, 609]}
{'dt': 12.425009, 'sns': [722, 647, 736, 598, 609]}
{'dt': 12.096659, 'sns': [722, 665, 736, 597, 609]}
{'dt': 12.040104, 'sns': [722, 665, 736, 598, 608]}
{'dt': 12.0659, 'sns': [722, 665, 736, 598, 608]}
{'dt': 12.050326, 'sns': [722, 665, 736, 597, 608]}
{'dt': 12.111937, 'sns': [722, 665, 736, 598, 609]}
{'dt': 12.062844, 'sns': [722, 665, 736, 598, 608]}
{'dt': 12.065141, 'sns': [722, 665, 736, 597, 608]}
{'dt': 12.05277, 'sns': [722, 665, 736, 598, 608]}
{'dt': 12.111752, 'sns': [722, 665, 736, 597, 609]}
{'dt': 12.061826, 'sns': [722, 665, 736, 597, 608]}
{'dt': 12.101436, 'sns': [722, 665, 736, 597, 608]}
{'dt': 12.073197, 'sns': [722, 665, 735, 598, 608]}
{'dt': 12.074659, 'sns': [722, 665, 736, 598, 608]}
{'dt': 12.110881, 'sns': [722, 665, 736, 597, 608]}
{'dt': 12.735193, 'sns': [722, 664, 736, 597, 608]}
{'dt': 12.059566, 'sns': [722, 665, 736, 598, 608]}
{'dt': 12.062474, 'sns': [722, 665, 736, 597, 609]}
{'dt': 12.111196, 'sns': [722, 665, 736, 598, 608]}
{'dt': 12.067863, 'sns': [722, 665, 736, 598, 608]}
{'dt': 12.130548, 'sns': [722, 665, 736, 597, 608]}
{'dt': 12.357584, 'sns': [723, 665, 736, 598, 605]}
{'dt': 12.071807, 'sns': [722, 665, 736, 597, 609]}
{'dt': 12.107752, 'sns': [722, 665, 736, 598, 608]}
{'dt': 12.057511, 'sns': [722, 665, 736, 597, 609]}
{'dt': 12.05177, 'sns': [722, 665, 736, 597, 609]}
{'dt': 12.048363, 'sns': [722, 665, 736, 597, 608]}
{'dt': 12.093974, 'sns': [722, 665, 736, 597, 609]}
{'dt': 12.019993, 'sns': [722, 665, 736, 598, 608]}
{'dt': 11.983215, 'sns': [722, 665, 736, 598, 608]}
{'dt': 11.980549, 'sns': [722, 665, 736, 598, 608]}
{'dt': 11.985937, 'sns': [722, 665, 736, 598, 608]}
{'dt': 11.975752, 'sns': [722, 665, 736, 597, 609]}
{'dt': 12.009975, 'sns': [722, 665, 736, 597, 608]}
{'dt': 11.983233, 'sns': [722, 665, 736, 598, 608]}
{'dt': 12.05016, 'sns': [722, 665, 736, 597, 609]}
{'dt': 11.974011, 'sns': [722, 665, 736, 598, 609]}
{'dt': 11.979604, 'sns': [722, 665, 736, 597, 608]}
{'dt': 12.010178, 'sns': [722, 665, 736, 597, 608]}
{'dt': 11.992419, 'sns': [722, 665, 736, 598, 608]}
{'dt': 11.975789, 'sns': [722, 665, 736, 597, 608]}
{'dt': 11.964419, 'sns': [722, 665, 736, 598, 608]}
{'dt': 11.962067, 'sns': [722, 665, 736, 597, 608]}
{'dt': 11.971216, 'sns': [722, 665, 673, 597, 608]}
{'dt': 12.013993, 'sns': [722, 665, 736, 597, 609]}
{'dt': 11.974122, 'sns': [722, 665, 736, 598, 608]}
{'dt': 11.976493, 'sns': [722, 665, 736, 598, 608]}
{'dt': 12.268325, 'sns': [722, 665, 736, 597, 609]}
{'dt': 12.014122, 'sns': [722, 665, 736, 598, 608]}
{'dt': 11.999771, 'sns': [722, 665, 736, 598, 608]}
{'dt': 11.988382, 'sns': [722, 665, 736, 597, 608]}
{'dt': 11.981474, 'sns': [722, 665, 736, 598, 608]}
{'dt': 11.975253, 'sns': [721, 665, 736, 597, 608]}
{'dt': 12.02353, 'sns': [722, 665, 736, 597, 608]}
{'dt': 12.007678, 'sns': [722, 665, 736, 597, 608]}
{'dt': 11.974696, 'sns': [722, 665, 736, 597, 609]}
{'dt': 11.976327, 'sns': [722, 665, 736, 597, 608]}
{'dt': 11.972715, 'sns': [721, 665, 736, 597, 608]}
{'dt': 12.004456, 'sns': [722, 665, 736, 597, 608]}
{'dt': 11.987622, 'sns': [722, 665, 736, 597, 609]}
{'dt': 11.977401, 'sns': [722, 665, 736, 597, 609]}
{'dt': 11.995678, 'sns': [722, 665, 736, 597, 608]}
{'dt': 11.970845, 'sns': [722, 664, 736, 597, 608]}
{'dt': 11.967863, 'sns': [722, 665, 736, 597, 608]}
{'dt': 11.974863, 'sns': [722, 665, 736, 597, 608]}
{'dt': 11.976993, 'sns': [722, 665, 736, 597, 609]}
{'dt': 11.982049, 'sns': [722, 665, 736, 598, 609]}
{'dt': 11.9944, 'sns': [722, 664, 736, 597, 608]}
{'dt': 11.984604, 'sns': [722, 665, 736, 598, 608]}
{'dt': 11.982771, 'sns': [722, 665, 736, 597, 608]}
{'dt': 11.983623, 'sns': [722, 665, 736, 598, 608]}
{'dt': 11.971345, 'sns': [722, 665, 736, 598, 608]}
{'dt': 11.981641, 'sns': [722, 665, 736, 598, 608]}
{'dt': 12.027381, 'sns': [722, 665, 736, 598, 608]}
{'dt': 11.994308, 'sns': [722, 665, 736, 597, 608]}
{'dt': 11.976919, 'sns': [722, 665, 736, 597, 608]}
{'dt': 12.028585, 'sns': [722, 665, 696, 598, 608]}
{'dt': 12.020215, 'sns': [722, 665, 736, 597, 608]}
{'dt': 12.025289, 'sns': [722, 665, 736, 597, 608]}
{'dt': 12.541898, 'sns': [719, 665, 736, 597, 608]}
{'dt': 12.106622, 'sns': [722, 665, 736, 598, 608]}
{'dt': 12.085029, 'sns': [722, 665, 736, 598, 608]}
{'dt': 12.073308, 'sns': [722, 665, 736, 598, 609]}
{'dt': 12.110788, 'sns': [722, 665, 736, 597, 608]}
{'dt': 12.088419, 'sns': [722, 665, 736, 598, 608]}
{'dt': 12.081418, 'sns': [722, 665, 736, 598, 608]}
{'dt': 12.072696, 'sns': [722, 665, 736, 597, 608]}
{'dt': 12.087382, 'sns': [721, 665, 736, 597, 609]}
{'dt': 12.086825, 'sns': [722, 665, 736, 598, 608]}
{'dt': 12.080863, 'sns': [722, 665, 736, 597, 608]}
{'dt': 12.077363, 'sns': [722, 665, 736, 597, 609]}
{'dt': 12.072307, 'sns': [722, 665, 736, 597, 608]}
{'dt': 12.279899, 'sns': [722, 665, 736, 597, 608]}
{'dt': 12.095789, 'sns': [722, 665, 736, 597, 608]}
{'dt': 12.089566, 'sns': [722, 665, 736, 597, 608]}
{'dt': 12.079511, 'sns': [722, 665, 736, 598, 608]}
{'dt': 12.092326, 'sns': [722, 665, 736, 598, 608]}
{'dt': 12.089418, 'sns': [722, 665, 736, 598, 608]}
{'dt': 12.073308, 'sns': [722, 665, 736, 597, 608]}
{'dt': 12.060177, 'sns': [719, 664, 736, 598, 609]}
{'dt': 12.086123, 'sns': [721, 665, 736, 597, 609]}
{'dt': 12.068714, 'sns': [722, 665, 736, 598, 608]}
{'dt': 12.064178, 'sns': [713, 664, 735, 599, 609]}
{'dt': 12.082233, 'sns': [722, 665, 736, 598, 608]}
{'dt': 12.062233, 'sns': [722, 665, 736, 598, 609]}
{'dt': 12.078234, 'sns': [722, 664, 736, 598, 608]}
{'dt': 12.060214, 'sns': [722, 665, 736, 597, 608]}
{'dt': 12.069734, 'sns': [713, 658, 735, 598, 609]}
{'dt': 12.077788, 'sns': [722, 665, 736, 597, 608]}
{'dt': 12.061715, 'sns': [722, 665, 736, 598, 608]}
{'dt': 12.062548, 'sns': [722, 664, 736, 597, 609]}
{'dt': 12.0714, 'sns': [722, 665, 736, 598, 608]}
{'dt': 12.112937, 'sns': [722, 665, 736, 597, 608]}
{'dt': 12.107363, 'sns': [722, 665, 736, 598, 608]}
{'dt': 12.085214, 'sns': [722, 665, 736, 598, 608]}
{'dt': 12.071567, 'sns': [722, 665, 736, 597, 609]}
{'dt': 12.07727, 'sns': [722, 665, 736, 598, 609]}
{'dt': 12.070641, 'sns': [722, 665, 736, 598, 608]}
{'dt': 12.076548, 'sns': [722, 665, 715, 597, 609]}
{'dt': 12.126696, 'sns': [722, 665, 736, 598, 608]}
{'dt': 12.119048, 'sns': [721, 665, 736, 598, 609]}
{'dt': 11.999511, 'sns': [722, 665, 736, 598, 608]}
{'dt': 12.072974, 'sns': [722, 665, 736, 598, 608]}
{'dt': 12.07327, 'sns': [722, 665, 736, 598, 608]}
{'dt': 12.082011, 'sns': [722, 666, 736, 598, 608]}
{'dt': 12.07327, 'sns': [722, 665, 736, 597, 608]}
{'dt': 12.106122, 'sns': [722, 665, 737, 597, 608]}
{'dt': 12.076122, 'sns': [722, 638, 732, 598, 608]}
{'dt': 12.08303, 'sns': [722, 665, 736, 598, 608]}
{'dt': 12.112974, 'sns': [722, 665, 736, 598, 608]}
{'dt': 12.072159, 'sns': [722, 665, 736, 597, 609]}
{'dt': 12.097659, 'sns': [722, 665, 736, 598, 609]}
{'dt': 12.073974, 'sns': [722, 665, 736, 597, 608]}
{'dt': 12.057252, 'sns': [722, 665, 736, 597, 608]}
{'dt': 12.072992, 'sns': [723, 666, 736, 598, 608]}
{'dt': 12.053771, 'sns': [722, 665, 736, 598, 608]}
{'dt': 12.078825, 'sns': [722, 665, 736, 598, 608]}
{'dt': 12.081048, 'sns': [722, 665, 736, 597, 608]}
{'dt': 12.066215, 'sns': [722, 665, 736, 598, 608]}
{'dt': 12.076956, 'sns': [722, 665, 736, 598, 609]}
{'dt': 12.067677, 'sns': [722, 665, 736, 597, 608]}
{'dt': 12.116955, 'sns': [722, 665, 736, 598, 608]}
{'dt': 12.073771, 'sns': [722, 665, 736, 598, 608]}
{'dt': 12.062752, 'sns': [722, 665, 736, 597, 609]}
{'dt': 12.059918, 'sns': [722, 665, 736, 598, 608]}
{'dt': 12.067974, 'sns': [722, 665, 736, 597, 608]}
{'dt': 12.106955, 'sns': [722, 665, 736, 598, 609]}
{'dt': 12.085733, 'sns': [722, 665, 736, 598, 609]}
{'dt': 12.073715, 'sns': [722, 665, 736, 598, 608]}
{'dt': 12.061233, 'sns': [717, 664, 736, 597, 609]}
{'dt': 12.075437, 'sns': [722, 665, 736, 597, 608]}
{'dt': 12.063715, 'sns': [722, 665, 736, 597, 608]}
{'dt': 12.07577, 'sns': [721, 665, 736, 598, 609]}
{'dt': 12.073511, 'sns': [722, 665, 736, 597, 608]}
{'dt': 12.077085, 'sns': [722, 665, 736, 597, 608]}
{'dt': 12.063845, 'sns': [722, 665, 736, 598, 609]}
{'dt': 12.071715, 'sns': [722, 665, 736, 598, 608]}
{'dt': 12.055974, 'sns': [722, 665, 736, 598, 608]}
{'dt': 12.069066, 'sns': [721, 664, 736, 597, 608]}
{'dt': 12.055085, 'sns': [722, 665, 736, 598, 608]}
{'dt': 12.063678, 'sns': [722, 665, 736, 597, 608]}
{'dt': 12.064215, 'sns': [722, 665, 736, 598, 608]}
{'dt': 12.101751, 'sns': [722, 665, 736, 598, 609]}
{'dt': 12.103085, 'sns': [722, 664, 736, 597, 608]}
{'dt': 12.063308, 'sns': [722, 665, 736, 598, 608]}
{'dt': 12.117899, 'sns': [722, 665, 736, 598, 608]}
{'dt': 11.991178, 'sns': [722, 665, 736, 597, 609]}
{'dt': 11.987586, 'sns': [722, 665, 736, 598, 608]}
{'dt': 11.982363, 'sns': [722, 665, 736, 598, 609]}
{'dt': 11.964808, 'sns': [722, 665, 736, 597, 608]}
{'dt': 12.00253, 'sns': [722, 665, 736, 598, 608]}
{'dt': 11.982993, 'sns': [722, 665, 736, 597, 609]}
{'dt': 11.979419, 'sns': [722, 665, 736, 598, 609]}
{'dt': 11.993808, 'sns': [722, 665, 736, 598, 608]}
{'dt': 11.980493, 'sns': [722, 665, 736, 598, 608]}
{'dt': 12.019122, 'sns': [722, 665, 736, 598, 609]}
{'dt': 11.977419, 'sns': [722, 665, 736, 597, 609]}
{'dt': 11.971012, 'sns': [723, 665, 736, 598, 608]}
{'dt': 11.9639, 'sns': [722, 665, 735, 598, 608]}
{'dt': 11.972771, 'sns': [722, 665, 736, 598, 608]}
{'dt': 12.059566, 'sns': [722, 665, 736, 597, 608]}
{'dt': 11.985901, 'sns': [722, 665, 736, 598, 608]}
{'dt': 11.982696, 'sns': [722, 665, 736, 598, 608]}
{'dt': 11.970771, 'sns': [722, 665, 736, 598, 609]}
{'dt': 11.970252, 'sns': [722, 665, 736, 597, 608]}
{'dt': 11.997456, 'sns': [722, 665, 736, 598, 608]}
{'dt': 11.977327, 'sns': [722, 665, 737, 598, 608]}
{'dt': 11.980474, 'sns': [723, 665, 736, 597, 608]}
{'dt': 11.973086, 'sns': [722, 665, 736, 597, 608]}
{'dt': 12.011863, 'sns': [722, 665, 736, 598, 608]}
{'dt': 12.000752, 'sns': [722, 665, 736, 597, 608]}
{'dt': 11.983604, 'sns': [722, 665, 736, 598, 609]}
{'dt': 11.975715, 'sns': [722, 665, 736, 597, 609]}
{'dt': 11.971215, 'sns': [722, 665, 646, 597, 608]}
{'dt': 11.96716, 'sns': [722, 665, 736, 597, 608]}
{'dt': 11.962197, 'sns': [722, 665, 736, 598, 608]}
{'dt': 11.972863, 'sns': [722, 665, 736, 597, 608]}
{'dt': 11.971512, 'sns': [722, 665, 736, 597, 608]}
{'dt': 12.005937, 'sns': [722, 665, 736, 597, 609]}
{'dt': 11.958141, 'sns': [722, 665, 736, 597, 609]}
{'dt': 12.02303, 'sns': [722, 665, 736, 597, 608]}
{'dt': 11.96203, 'sns': [722, 665, 736, 598, 608]}
{'dt': 11.972715, 'sns': [722, 665, 736, 598, 609]}
{'dt': 11.97216, 'sns': [722, 665, 736, 594, 609]}
{'dt': 12.005456, 'sns': [722, 665, 736, 597, 608]}
{'dt': 12.035474, 'sns': [722, 665, 736, 598, 609]}
{'dt': 11.975419, 'sns': [722, 665, 736, 598, 609]}
{'dt': 11.9659, 'sns': [722, 665, 736, 598, 609]}
{'dt': 11.973882, 'sns': [722, 665, 736, 597, 609]}
{'dt': 11.97179, 'sns': [722, 665, 736, 597, 608]}
{'dt': 12.020733, 'sns': [722, 665, 736, 597, 608]}
{'dt': 12.075585, 'sns': [722, 665, 736, 597, 609]}
{'dt': 12.048993, 'sns': [722, 665, 736, 598, 608]}
{'dt': 12.123585, 'sns': [722, 665, 736, 597, 609]}
{'dt': 12.088844, 'sns': [722, 665, 736, 597, 608]}
{'dt': 12.104159, 'sns': [722, 665, 736, 597, 608]}
{'dt': 11.974604, 'sns': [722, 665, 736, 597, 609]}
{'dt': 11.954178, 'sns': [722, 650, 733, 599, 608]}
{'dt': 11.977086, 'sns': [722, 665, 736, 597, 608]}
{'dt': 11.979048, 'sns': [722, 665, 736, 597, 608]}
{'dt': 12.009197, 'sns': [722, 654, 734, 598, 609]}
{'dt': 11.984104, 'sns': [722, 665, 736, 597, 608]}
{'dt': 11.9724, 'sns': [722, 665, 736, 598, 608]}
{'dt': 11.993401, 'sns': [722, 665, 736, 597, 608]}
{'dt': 11.973233, 'sns': [722, 665, 736, 598, 608]}
{'dt': 11.988604, 'sns': [722, 665, 736, 598, 609]}
{'dt': 11.977475, 'sns': [722, 665, 736, 597, 608]}
{'dt': 11.979826, 'sns': [722, 665, 736, 598, 608]}
{'dt': 11.965215, 'sns': [722, 664, 736, 597, 609]}
{'dt': 11.97753, 'sns': [722, 665, 736, 597, 609]}
{'dt': 11.988067, 'sns': [722, 665, 736, 597, 608]}
{'dt': 11.973864, 'sns': [722, 665, 736, 598, 608]}
{'dt': 11.979233, 'sns': [722, 665, 736, 598, 609]}
{'dt': 11.977456, 'sns': [722, 664, 736, 598, 608]}
{'dt': 11.972938, 'sns': [722, 665, 736, 598, 608]}
{'dt': 12.002178, 'sns': [722, 665, 736, 598, 609]}
{'dt': 11.964937, 'sns': [722, 665, 736, 597, 608]}
{'dt': 11.979512, 'sns': [722, 665, 736, 598, 609]}
{'dt': 11.9814, 'sns': [722, 665, 736, 597, 609]}
{'dt': 11.975734, 'sns': [722, 665, 736, 597, 608]}
{'dt': 11.960993, 'sns': [722, 665, 736, 598, 608]}
{'dt': 12.011178, 'sns': [722, 665, 736, 597, 608]}
{'dt': 11.966586, 'sns': [722, 665, 736, 598, 609]}
{'dt': 11.952641, 'sns': [722, 665, 736, 598, 608]}
{'dt': 11.96353, 'sns': [722, 665, 736, 598, 608]}
{'dt': 11.977771, 'sns': [722, 665, 736, 598, 609]}
{'dt': 11.9939, 'sns': [722, 665, 736, 598, 609]}
{'dt': 11.977956, 'sns': [722, 665, 736, 598, 609]}
{'dt': 11.980493, 'sns': [722, 665, 736, 597, 608]}
{'dt': 11.968789, 'sns': [722, 665, 736, 597, 608]}
{'dt': 12.025382, 'sns': [707, 661, 736, 597, 608]}
{'dt': 11.989678, 'sns': [722, 665, 736, 598, 608]}
{'dt': 11.977067, 'sns': [722, 665, 736, 598, 608]}
{'dt': 11.985567, 'sns': [722, 665, 736, 597, 609]}
{'dt': 11.974067, 'sns': [722, 665, 736, 597, 609]}
{'dt': 12.0104, 'sns': [722, 665, 736, 597, 609]}
{'dt': 11.976919, 'sns': [722, 665, 736, 598, 608]}
{'dt': 11.986864, 'sns': [722, 665, 736, 597, 608]}
{'dt': 11.973104, 'sns': [722, 665, 736, 597, 609]}
{'dt': 11.965474, 'sns': [722, 665, 736, 597, 608]}
{'dt': 11.980567, 'sns': [722, 665, 736, 597, 608]}
{'dt': 11.986086, 'sns': [722, 665, 736, 598, 608]}
{'dt': 11.980807, 'sns': [723, 665, 736, 598, 608]}
{'dt': 11.974864, 'sns': [722, 665, 736, 597, 609]}
{'dt': 11.981215, 'sns': [722, 665, 736, 597, 608]}
{'dt': 12.201807, 'sns': [722, 665, 736, 597, 609]}
{'dt': 11.992641, 'sns': [722, 665, 736, 598, 608]}
{'dt': 12.008585, 'sns': [723, 665, 736, 598, 608]}
{'dt': 11.962938, 'sns': [722, 665, 736, 597, 609]}
{'dt': 11.96753, 'sns': [722, 665, 736, 597, 608]}
{'dt': 11.977104, 'sns': [722, 665, 736, 594, 608]}
{'dt': 11.979956, 'sns': [722, 665, 736, 597, 608]}
{'dt': 11.970233, 'sns': [722, 665, 736, 598, 608]}
{'dt': 11.968456, 'sns': [722, 665, 736, 597, 609]}
{'dt': 11.978512, 'sns': [722, 665, 736, 597, 609]}
{'dt': 12.006511, 'sns': [722, 665, 736, 597, 608]}
{'dt': 12.002289, 'sns': [722, 665, 736, 597, 609]}
{'dt': 11.968197, 'sns': [722, 665, 736, 598, 608]}
{'dt': 11.967586, 'sns': [722, 664, 736, 597, 608]}
{'dt': 11.976437, 'sns': [722, 665, 736, 597, 608]}
{'dt': 12.008548, 'sns': [722, 664, 736, 598, 609]}
{'dt': 11.985012, 'sns': [722, 665, 736, 597, 609]}
{'dt': 11.979215, 'sns': [723, 665, 736, 597, 608]}
{'dt': 11.979623, 'sns': [722, 665, 736, 597, 609]}
{'dt': 11.976492, 'sns': [722, 665, 736, 598, 608]}
{'dt': 12.050882, 'sns': [722, 665, 736, 597, 608]}
{'dt': 11.979308, 'sns': [722, 665, 736, 598, 608]}
{'dt': 11.992585, 'sns': [722, 665, 736, 598, 608]}
{'dt': 12.00866, 'sns': [722, 664, 736, 597, 609]}
{'dt': 11.998659, 'sns': [723, 665, 736, 597, 608]}
{'dt': 12.033234, 'sns': [722, 665, 736, 597, 608]}
{'dt': 11.984104, 'sns': [722, 665, 736, 598, 608]}
{'dt': 11.981826, 'sns': [722, 665, 736, 598, 608]}
{'dt': 11.977678, 'sns': [722, 665, 736, 597, 608]}
{'dt': 12.017678, 'sns': [705, 663, 735, 598, 608]}
{'dt': 12.016659, 'sns': [722, 665, 736, 597, 608]}
{'dt': 11.987345, 'sns': [722, 665, 736, 598, 608]}
{'dt': 11.977141, 'sns': [722, 665, 736, 598, 608]}
{'dt': 11.975827, 'sns': [722, 665, 736, 597, 608]}
{'dt': 12.014455, 'sns': [723, 665, 736, 597, 608]}
{'dt': 12.020271, 'sns': [722, 665, 736, 598, 608]}
{'dt': 11.977882, 'sns': [722, 665, 723, 598, 608]}
{'dt': 11.978919, 'sns': [722, 665, 736, 598, 608]}
{'dt': 12.003159, 'sns': [722, 665, 735, 598, 608]}
{'dt': 11.983919, 'sns': [722, 665, 736, 598, 608]}
{'dt': 11.982474, 'sns': [722, 665, 736, 597, 608]}
{'dt': 11.989642, 'sns': [722, 665, 736, 598, 608]}
{'dt': 11.975678, 'sns': [722, 665, 736, 597, 608]}
{'dt': 11.967419, 'sns': [722, 665, 736, 598, 609]}
{'dt': 11.97903, 'sns': [722, 665, 736, 598, 608]}
{'dt': 11.977474, 'sns': [722, 665, 735, 598, 609]}
{'dt': 12.014271, 'sns': [722, 665, 736, 597, 608]}
{'dt': 11.983585, 'sns': [723, 665, 736, 598, 608]}
{'dt': 11.986882, 'sns': [722, 664, 736, 598, 609]}
{'dt': 12.0114, 'sns': [722, 665, 736, 598, 608]}
{'dt': 12.055752, 'sns': [722, 665, 736, 598, 608]}
{'dt': 11.994289, 'sns': [722, 665, 736, 598, 608]}
{'dt': 11.98753, 'sns': [722, 665, 736, 598, 609]}
{'dt': 11.984549, 'sns': [722, 665, 736, 597, 609]}
{'dt': 11.967937, 'sns': [722, 665, 736, 598, 608]}
{'dt': 12.007252, 'sns': [722, 665, 736, 598, 609]}
{'dt': 11.972197, 'sns': [722, 665, 736, 598, 608]}
{'dt': 11.962808, 'sns': [722, 665, 736, 598, 608]}
{'dt': 11.969622, 'sns': [722, 665, 736, 597, 609]}
{'dt': 11.966864, 'sns': [722, 665, 736, 597, 608]}
{'dt': 12.001437, 'sns': [722, 665, 736, 598, 608]}
{'dt': 11.988252, 'sns': [722, 665, 736, 597, 609]}
{'dt': 11.984382, 'sns': [722, 665, 736, 598, 609]}
{'dt': 11.973252, 'sns': [722, 665, 736, 597, 609]}
{'dt': 11.993252, 'sns': [722, 665, 736, 598, 608]}
{'dt': 11.972604, 'sns': [722, 665, 736, 598, 609]}
{'dt': 12.010141, 'sns': [722, 665, 736, 597, 608]}
{'dt': 11.984123, 'sns': [722, 665, 736, 598, 608]}
{'dt': 11.981659, 'sns': [722, 665, 646, 595, 609]}
{'dt': 11.981345, 'sns': [722, 665, 737, 598, 608]}
{'dt': 11.990826, 'sns': [722, 665, 736, 597, 609]}
{'dt': 11.984327, 'sns': [722, 665, 736, 597, 608]}
{'dt': 11.979678, 'sns': [722, 665, 736, 598, 608]}
{'dt': 12.006622, 'sns': [722, 665, 736, 597, 609]}
{'dt': 11.980419, 'sns': [722, 665, 736, 598, 608]}
{'dt': 11.980586, 'sns': [722, 665, 736, 598, 609]}
{'dt': 11.983215, 'sns': [722, 665, 736, 597, 609]}
{'dt': 11.978493, 'sns': [722, 665, 736, 598, 609]}
{'dt': 11.994882, 'sns': [722, 665, 736, 597, 609]}
{'dt': 11.982252, 'sns': [722, 665, 736, 598, 608]}
{'dt': 11.967437, 'sns': [722, 665, 736, 597, 609]}
{'dt': 12.023623, 'sns': [722, 665, 736, 598, 609]}
{'dt': 11.987067, 'sns': [722, 665, 736, 598, 608]}
{'dt': 11.977233, 'sns': [722, 665, 736, 598, 608]}
{'dt': 11.999438, 'sns': [722, 665, 736, 597, 608]}
{'dt': 11.980011, 'sns': [722, 665, 736, 597, 609]}
{'dt': 12.001326, 'sns': [722, 665, 736, 598, 609]}
{'dt': 11.985882, 'sns': [722, 665, 736, 598, 608]}
{'dt': 11.98753, 'sns': [722, 665, 736, 597, 609]}
{'dt': 11.979048, 'sns': [722, 665, 736, 598, 608]}
{'dt': 12.015604, 'sns': [722, 665, 736, 597, 609]}
{'dt': 12.017549, 'sns': [722, 665, 736, 597, 609]}
{'dt': 11.977696, 'sns': [723, 665, 736, 597, 608]}
{'dt': 11.971438, 'sns': [723, 665, 736, 598, 608]}
{'dt': 11.97977, 'sns': [722, 665, 736, 597, 608]}
{'dt': 11.980604, 'sns': [722, 665, 736, 598, 609]}
{'dt': 12.010438, 'sns': [722, 665, 736, 598, 608]}
{'dt': 11.981122, 'sns': [722, 665, 736, 598, 608]}
{'dt': 11.972456, 'sns': [722, 665, 736, 597, 608]}
{'dt': 11.976567, 'sns': [722, 665, 736, 598, 608]}
{'dt': 11.979197, 'sns': [722, 665, 736, 597, 609]}
{'dt': 11.971345, 'sns': [722, 665, 736, 598, 608]}
{'dt': 11.981604, 'sns': [722, 665, 736, 598, 608]}
{'dt': 11.974122, 'sns': [722, 665, 736, 597, 608]}
{'dt': 11.984215, 'sns': [722, 665, 736, 597, 608]}
{'dt': 11.983345, 'sns': [722, 665, 736, 598, 608]}
{'dt': 12.016437, 'sns': [722, 665, 736, 598, 608]}
{'dt': 12.014049, 'sns': [722, 665, 736, 597, 609]}
{'dt': 12.009937, 'sns': [722, 665, 664, 597, 609]}
{'dt': 12.002993, 'sns': [722, 665, 736, 597, 608]}
{'dt': 11.980196, 'sns': [722, 665, 736, 598, 608]}
{'dt': 12.016086, 'sns': [722, 657, 735, 598, 608]}
{'dt': 11.996956, 'sns': [722, 665, 736, 597, 608]}
{'dt': 11.980807, 'sns': [722, 665, 736, 597, 608]}
{'dt': 11.969512, 'sns': [722, 665, 736, 597, 608]}
{'dt': 11.980696, 'sns': [722, 665, 736, 597, 608]}
{'dt': 12.010475, 'sns': [722, 665, 736, 598, 608]}
{'dt': 11.978808, 'sns': [722, 665, 736, 598, 608]}
{'dt': 12.017974, 'sns': [722, 665, 736, 597, 608]}
{'dt': 11.980474, 'sns': [722, 665, 736, 597, 608]}
{'dt': 11.972271, 'sns': [722, 665, 736, 597, 609]}
{'dt': 12.003345, 'sns': [723, 665, 736, 598, 608]}
{'dt': 11.977567, 'sns': [722, 665, 736, 598, 608]}
{'dt': 11.969104, 'sns': [722, 665, 736, 597, 608]}
{'dt': 11.969067, 'sns': [722, 665, 736, 598, 608]}
{'dt': 11.978159, 'sns': [720, 665, 736, 597, 608]}
{'dt': 11.982493, 'sns': [722, 665, 736, 597, 609]}
{'dt': 12.023771, 'sns': [722, 665, 736, 597, 608]}
{'dt': 11.987326, 'sns': [722, 665, 736, 597, 608]}
{'dt': 11.979752, 'sns': [722, 665, 736, 598, 608]}
{'dt': 11.992364, 'sns': [722, 665, 736, 598, 608]}
{'dt': 12.274806, 'sns': [722, 665, 736, 598, 609]}
{'dt': 12.001474, 'sns': [722, 665, 736, 597, 608]}
{'dt': 12.018159, 'sns': [722, 665, 736, 597, 608]}
{'dt': 11.983216, 'sns': [723, 665, 736, 598, 608]}
{'dt': 11.982437, 'sns': [722, 665, 736, 598, 608]}
{'dt': 12.000863, 'sns': [722, 665, 736, 598, 609]}
{'dt': 11.986549, 'sns': [722, 665, 736, 598, 608]}
{'dt': 11.972122, 'sns': [722, 665, 736, 597, 608]}
{'dt': 11.971753, 'sns': [722, 665, 736, 597, 608]}
{'dt': 11.9724, 'sns': [722, 664, 736, 597, 608]}
{'dt': 12.011104, 'sns': [723, 665, 736, 598, 608]}
{'dt': 12.001493, 'sns': [722, 665, 736, 598, 608]}
{'dt': 11.983826, 'sns': [722, 665, 736, 597, 608]}
{'dt': 11.968178, 'sns': [722, 665, 736, 598, 608]}
{'dt': 11.974586, 'sns': [722, 665, 736, 597, 608]}
{'dt': 12.001863, 'sns': [722, 665, 736, 597, 609]}
{'dt': 11.983882, 'sns': [722, 665, 736, 591, 608]}
{'dt': 11.988215, 'sns': [722, 665, 736, 598, 608]}
{'dt': 11.981882, 'sns': [722, 665, 736, 598, 608]}
{'dt': 12.014752, 'sns': [722, 665, 736, 597, 609]}
{'dt': 12.0094, 'sns': [722, 665, 736, 597, 608]}
{'dt': 11.998085, 'sns': [722, 665, 736, 597, 608]}
{'dt': 11.987123, 'sns': [722, 665, 736, 598, 608]}
{'dt': 11.972308, 'sns': [722, 665, 736, 597, 608]}
{'dt': 11.988548, 'sns': [722, 665, 736, 598, 608]}
{'dt': 11.990419, 'sns': [722, 665, 736, 597, 609]}
{'dt': 11.984715, 'sns': [722, 665, 736, 598, 608]}
{'dt': 11.97753, 'sns': [722, 665, 736, 598, 608]}
{'dt': 11.981048, 'sns': [723, 666, 736, 598, 608]}
{'dt': 11.983364, 'sns': [722, 665, 736, 598, 608]}
{'dt': 11.981789, 'sns': [722, 665, 736, 598, 608]}
{'dt': 11.991511, 'sns': [722, 665, 736, 598, 608]}
{'dt': 11.984178, 'sns': [722, 665, 736, 597, 608]}
{'dt': 11.974901, 'sns': [722, 665, 736, 597, 608]}
{'dt': 11.964826, 'sns': [722, 665, 736, 598, 608]}
{'dt': 12.016919, 'sns': [722, 665, 736, 598, 609]}
{'dt': 11.986289, 'sns': [722, 665, 736, 598, 608]}
{'dt': 12.018085, 'sns': [722, 665, 736, 597, 609]}
{'dt': 11.98253, 'sns': [708, 663, 736, 598, 608]}
{'dt': 11.982641, 'sns': [722, 665, 736, 598, 608]}
{'dt': 12.001845, 'sns': [722, 665, 736, 598, 608]}
{'dt': 11.984511, 'sns': [723, 665, 736, 598, 608]}
{'dt': 11.952197, 'sns': [722, 665, 736, 598, 608]}
{'dt': 11.971956, 'sns': [722, 665, 736, 598, 608]}
{'dt': 11.984437, 'sns': [722, 665, 736, 598, 608]}
{'dt': 12.016364, 'sns': [722, 665, 651, 597, 608]}
{'dt': 11.991344, 'sns': [722, 665, 736, 598, 608]}
{'dt': 11.986826, 'sns': [722, 665, 736, 597, 608]}
{'dt': 11.995697, 'sns': [722, 665, 736, 597, 608]}
{'dt': 11.978789, 'sns': [722, 665, 736, 598, 609]}
{'dt': 11.97103, 'sns': [722, 665, 736, 598, 608]}
{'dt': 11.981734, 'sns': [722, 665, 736, 597, 608]}
{'dt': 11.982048, 'sns': [722, 665, 736, 598, 609]}
{'dt': 11.983141, 'sns': [722, 665, 737, 598, 608]}
{'dt': 11.980456, 'sns': [722, 665, 736, 597, 608]}
{'dt': 12.015123, 'sns': [722, 665, 736, 598, 609]}
{'dt': 11.984215, 'sns': [722, 666, 736, 597, 609]}
{'dt': 11.964141, 'sns': [722, 665, 736, 597, 609]}
{'dt': 11.980511, 'sns': [722, 665, 736, 598, 609]}
{'dt': 11.96829, 'sns': [722, 665, 736, 597, 609]}
{'dt': 12.00303, 'sns': [722, 665, 736, 597, 608]}
{'dt': 11.971363, 'sns': [722, 665, 736, 598, 608]}
{'dt': 12.028419, 'sns': [711, 658, 735, 598, 609]}
{'dt': 11.989585, 'sns': [722, 665, 736, 598, 609]}
{'dt': 11.976863, 'sns': [722, 665, 736, 598, 609]}
{'dt': 12.007419, 'sns': [722, 665, 736, 597, 609]}
{'dt': 11.978363, 'sns': [722, 665, 736, 597, 608]}
{'dt': 11.976049, 'sns': [722, 665, 736, 598, 609]}
{'dt': 11.978696, 'sns': [722, 665, 737, 598, 609]}
{'dt': 11.963919, 'sns': [722, 665, 736, 597, 608]}
{'dt': 11.974808, 'sns': [722, 665, 736, 598, 609]}
{'dt': 12.031641, 'sns': [722, 665, 736, 598, 608]}
{'dt': 11.98353, 'sns': [722, 665, 736, 598, 609]}
{'dt': 11.978863, 'sns': [723, 665, 736, 598, 609]}
{'dt': 11.974141, 'sns': [722, 665, 736, 598, 609]}
{'dt': 11.984197, 'sns': [722, 665, 736, 597, 609]}
{'dt': 11.980067, 'sns': [722, 665, 736, 597, 608]}
{'dt': 11.974178, 'sns': [722, 665, 736, 598, 609]}
{'dt': 11.965789, 'sns': [722, 665, 736, 598, 608]}
{'dt': 11.97453, 'sns': [722, 665, 736, 598, 609]}
{'dt': 12.007901, 'sns': [722, 665, 736, 598, 608]}
{'dt': 11.986641, 'sns': [722, 665, 736, 597, 608]}
{'dt': 11.980733, 'sns': [722, 644, 733, 598, 609]}
{'dt': 11.97316, 'sns': [722, 665, 736, 598, 608]}
{'dt': 11.967752, 'sns': [722, 665, 736, 597, 609]}
{'dt': 11.981586, 'sns': [722, 665, 736, 598, 609]}
{'dt': 11.983696, 'sns': [722, 666, 736, 598, 608]}
{'dt': 11.976364, 'sns': [722, 665, 736, 598, 608]}
{'dt': 12.002492, 'sns': [722, 665, 736, 598, 609]}
{'dt': 11.971401, 'sns': [722, 665, 736, 597, 609]}
{'dt': 11.979678, 'sns': [722, 665, 736, 597, 608]}
{'dt': 12.003567, 'sns': [722, 665, 736, 597, 609]}
{'dt': 11.985937, 'sns': [722, 665, 736, 597, 609]}
{'dt': 11.978234, 'sns': [722, 665, 736, 598, 609]}
{'dt': 11.983548, 'sns': [723, 665, 736, 597, 607]}
{'dt': 12.003882, 'sns': [722, 665, 736, 598, 609]}
{'dt': 11.998363, 'sns': [723, 665, 736, 597, 608]}
{'dt': 11.980956, 'sns': [722, 665, 736, 598, 608]}
{'dt': 11.974715, 'sns': [722, 665, 736, 598, 608]}
{'dt': 11.969827, 'sns': [722, 665, 736, 598, 609]}
{'dt': 11.997529, 'sns': [722, 665, 736, 598, 608]}
{'dt': 11.985679, 'sns': [722, 665, 736, 597, 608]}
{'dt': 11.9809, 'sns': [722, 665, 736, 598, 608]}
{'dt': 11.976493, 'sns': [722, 665, 736, 598, 608]}
{'dt': 12.007196, 'sns': [722, 665, 736, 597, 608]}
{'dt': 12.039771, 'sns': [722, 665, 736, 598, 608]}
{'dt': 11.994511, 'sns': [722, 665, 736, 598, 609]}
{'dt': 11.987067, 'sns': [722, 665, 736, 597, 608]}
{'dt': 11.98816, 'sns': [722, 665, 737, 598, 608]}
{'dt': 11.97677, 'sns': [722, 665, 736, 597, 608]}
{'dt': 12.010549, 'sns': [722, 665, 736, 597, 608]}
{'dt': 11.978196, 'sns': [722, 665, 736, 598, 609]}
{'dt': 11.981882, 'sns': [722, 665, 736, 598, 609]}
{'dt': 11.980882, 'sns': [722, 665, 737, 598, 609]}
{'dt': 11.980326, 'sns': [722, 665, 736, 598, 609]}
{'dt': 11.983567, 'sns': [722, 665, 736, 597, 608]}
{'dt': 11.980197, 'sns': [722, 665, 736, 598, 608]}
{'dt': 11.981289, 'sns': [722, 665, 736, 598, 608]}
{'dt': 11.978734, 'sns': [722, 665, 736, 598, 609]}
{'dt': 11.973418, 'sns': [722, 665, 736, 598, 609]}
{'dt': 12.01403, 'sns': [722, 665, 736, 598, 608]}
{'dt': 11.97903, 'sns': [722, 665, 736, 598, 608]}
{'dt': 12.003308, 'sns': [722, 665, 736, 597, 608]}
{'dt': 11.9754, 'sns': [723, 665, 736, 597, 608]}
{'dt': 11.984604, 'sns': [722, 665, 736, 597, 608]}
{'dt': 11.97766, 'sns': [722, 665, 736, 598, 608]}
{'dt': 12.008326, 'sns': [722, 665, 736, 598, 608]}
{'dt': 11.977289, 'sns': [722, 665, 737, 597, 608]}
{'dt': 11.97453, 'sns': [722, 665, 736, 598, 608]}
{'dt': 11.95253, 'sns': [722, 665, 736, 598, 609]}
{'dt': 11.976586, 'sns': [721, 665, 736, 597, 608]}
{'dt': 12.015196, 'sns': [722, 665, 736, 598, 608]}
{'dt': 11.984789, 'sns': [723, 665, 736, 597, 608]}
{'dt': 11.973179, 'sns': [722, 665, 736, 598, 608]}
{'dt': 11.983029, 'sns': [722, 665, 736, 597, 609]}
{'dt': 11.977827, 'sns': [722, 665, 736, 597, 608]}
{'dt': 12.017715, 'sns': [722, 665, 736, 598, 608]}
{'dt': 12.020641, 'sns': [722, 665, 736, 597, 609]}
{'dt': 11.979955, 'sns': [722, 665, 736, 598, 608]}
{'dt': 11.971623, 'sns': [722, 665, 736, 597, 608]}
{'dt': 11.983474, 'sns': [722, 665, 737, 598, 608]}
{'dt': 12.008215, 'sns': [721, 665, 736, 598, 608]}
{'dt': 11.983049, 'sns': [722, 665, 736, 598, 609]}
{'dt': 11.973548, 'sns': [723, 666, 736, 598, 608]}
{'dt': 11.971567, 'sns': [722, 665, 736, 598, 609]}
{'dt': 11.97253, 'sns': [722, 665, 736, 598, 608]}
{'dt': 12.011919, 'sns': [722, 665, 736, 597, 609]}
{'dt': 11.997789, 'sns': [722, 665, 736, 598, 608]}
{'dt': 12.025882, 'sns': [723, 665, 736, 598, 608]}
{'dt': 11.983807, 'sns': [722, 665, 736, 598, 609]}
{'dt': 11.972975, 'sns': [722, 665, 736, 598, 608]}
{'dt': 11.980771, 'sns': [722, 665, 736, 597, 608]}
{'dt': 12.084288, 'sns': [722, 665, 736, 598, 609]}
{'dt': 11.983215, 'sns': [712, 663, 736, 597, 608]}
{'dt': 11.982864, 'sns': [722, 664, 736, 597, 609]}
{'dt': 11.996159, 'sns': [722, 665, 736, 598, 608]}
{'dt': 11.98166, 'sns': [722, 665, 736, 598, 608]}
{'dt': 11.985567, 'sns': [722, 665, 737, 597, 609]}
{'dt': 11.980289, 'sns': [708, 662, 736, 598, 608]}
{'dt': 11.974659, 'sns': [722, 665, 736, 597, 608]}
{'dt': 11.97529, 'sns': [722, 665, 736, 598, 608]}
{'dt': 12.008104, 'sns': [722, 665, 736, 598, 608]}
{'dt': 11.986215, 'sns': [722, 665, 736, 597, 608]}
{'dt': 11.982456, 'sns': [722, 665, 736, 598, 608]}
{'dt': 11.982807, 'sns': [722, 665, 736, 598, 609]}
{'dt': 12.033715, 'sns': [722, 665, 736, 597, 608]}
{'dt': 12.07027, 'sns': [722, 665, 736, 598, 608]}
{'dt': 11.99066, 'sns': [722, 665, 736, 598, 609]}
{'dt': 11.992511, 'sns': [722, 665, 736, 598, 609]}
{'dt': 11.98466, 'sns': [722, 665, 736, 597, 609]}
{'dt': 11.981104, 'sns': [722, 665, 736, 598, 608]}
{'dt': 12.013641, 'sns': [722, 665, 736, 598, 608]}
{'dt': 11.988289, 'sns': [716, 664, 736, 598, 609]}
{'dt': 11.984622, 'sns': [723, 665, 736, 598, 609]}
{'dt': 11.97303, 'sns': [722, 665, 736, 598, 609]}
{'dt': 11.980012, 'sns': [722, 665, 736, 598, 608]}
{'dt': 12.020437, 'sns': [722, 665, 736, 598, 609]}
{'dt': 11.985752, 'sns': [722, 665, 736, 598, 608]}
{'dt': 12.002252, 'sns': [722, 665, 736, 597, 608]}
{'dt': 11.985271, 'sns': [722, 665, 736, 598, 609]}
{'dt': 11.980345, 'sns': [722, 665, 736, 597, 608]}
{'dt': 11.998678, 'sns': [723, 665, 736, 598, 608]}
{'dt': 11.975104, 'sns': [722, 664, 736, 597, 609]}
{'dt': 12.014344, 'sns': [723, 665, 737, 598, 609]}
{'dt': 11.983641, 'sns': [722, 665, 736, 597, 609]}
{'dt': 11.973623, 'sns': [722, 665, 736, 597, 608]}
{'dt': 11.978122, 'sns': [722, 665, 736, 597, 609]}
{'dt': 11.983141, 'sns': [723, 665, 736, 597, 608]}
{'dt': 11.984604, 'sns': [722, 665, 736, 598, 608]}
{'dt': 12.028567, 'sns': [722, 665, 736, 597, 609]}
{'dt': 11.980789, 'sns': [722, 665, 736, 598, 608]}
{'dt': 11.98616, 'sns': [722, 665, 736, 597, 608]}
{'dt': 11.979789, 'sns': [722, 665, 736, 598, 609]}
{'dt': 11.980326, 'sns': [722, 665, 736, 598, 608]}
{'dt': 11.973271, 'sns': [722, 665, 736, 597, 608]}
{'dt': 11.975049, 'sns': [722, 665, 736, 597, 608]}
{'dt': 12.000844, 'sns': [722, 665, 736, 598, 608]}
{'dt': 11.987252, 'sns': [722, 665, 736, 598, 608]}
{'dt': 11.978919, 'sns': [722, 665, 737, 598, 608]}
{'dt': 11.985993, 'sns': [722, 665, 736, 597, 609]}
{'dt': 11.975623, 'sns': [722, 665, 736, 598, 608]}
{'dt': 12.013622, 'sns': [722, 665, 736, 598, 609]}
{'dt': 11.983308, 'sns': [722, 665, 736, 598, 609]}
{'dt': 11.981196, 'sns': [723, 665, 736, 598, 608]}
{'dt': 11.989178, 'sns': [722, 665, 736, 597, 609]}
{'dt': 11.983364, 'sns': [722, 665, 736, 597, 608]}
{'dt': 12.014844, 'sns': [722, 665, 736, 598, 609]}
{'dt': 11.985049, 'sns': [722, 665, 736, 598, 609]}
{'dt': 11.97553, 'sns': [722, 665, 736, 597, 608]}
{'dt': 11.976381, 'sns': [722, 665, 736, 597, 609]}
{'dt': 11.97429, 'sns': [722, 665, 736, 597, 608]}
{'dt': 11.9924, 'sns': [722, 665, 736, 598, 608]}
{'dt': 11.984622, 'sns': [722, 665, 736, 598, 609]}
{'dt': 11.966623, 'sns': [722, 665, 736, 598, 608]}
{'dt': 11.984567, 'sns': [722, 665, 736, 597, 609]}
{'dt': 11.976326, 'sns': [722, 665, 736, 597, 608]}
{'dt': 12.173196, 'sns': [722, 665, 737, 598, 608]}
{'dt': 12.024955, 'sns': [722, 665, 736, 597, 608]}
{'dt': 11.976827, 'sns': [722, 665, 736, 597, 608]}
{'dt': 11.983956, 'sns': [722, 665, 736, 597, 609]}
{'dt': 11.978752, 'sns': [722, 665, 736, 597, 608]}
{'dt': 12.045696, 'sns': [722, 665, 736, 598, 608]}
{'dt': 11.986845, 'sns': [722, 665, 737, 597, 609]}
{'dt': 11.976437, 'sns': [722, 665, 736, 598, 608]}
{'dt': 11.986067, 'sns': [722, 665, 736, 598, 608]}
{'dt': 11.967086, 'sns': [717, 664, 736, 598, 608]}
{'dt': 12.007029, 'sns': [722, 665, 737, 594, 608]}
{'dt': 11.989197, 'sns': [722, 665, 736, 598, 608]}
{'dt': 11.992585, 'sns': [723, 665, 736, 597, 608]}
{'dt': 12.003104, 'sns': [722, 665, 736, 597, 608]}
{'dt': 11.987604, 'sns': [722, 665, 736, 597, 608]}
{'dt': 11.980456, 'sns': [722, 665, 737, 597, 608]}
{'dt': 12.025789, 'sns': [723, 665, 736, 598, 609]}
{'dt': 11.989363, 'sns': [722, 665, 736, 598, 608]}
{'dt': 11.969067, 'sns': [722, 664, 736, 598, 608]}
{'dt': 11.971419, 'sns': [722, 665, 736, 597, 608]}
{'dt': 11.969697, 'sns': [722, 665, 736, 598, 609]}
{'dt': 11.98427, 'sns': [722, 665, 737, 598, 608]}
{'dt': 11.975567, 'sns': [722, 665, 736, 598, 609]}
{'dt': 12.003049, 'sns': [722, 665, 736, 598, 608]}
{'dt': 11.973289, 'sns': [722, 665, 736, 597, 608]}
{'dt': 12.009845, 'sns': [722, 665, 736, 598, 608]}
{'dt': 11.983104, 'sns': [722, 665, 736, 598, 609]}
{'dt': 12.013233, 'sns': [722, 666, 736, 598, 609]}
{'dt': 11.984919, 'sns': [722, 665, 736, 597, 608]}
{'dt': 11.976585, 'sns': [722, 665, 736, 597, 608]}
{'dt': 11.997549, 'sns': [722, 665, 736, 597, 608]}
{'dt': 11.972548, 'sns': [722, 665, 736, 597, 608]}
{'dt': 11.973752, 'sns': [722, 665, 736, 598, 608]}
{'dt': 11.964345, 'sns': [722, 665, 736, 597, 608]}
{'dt': 11.964641, 'sns': [722, 665, 736, 597, 608]}
{'dt': 11.966512, 'sns': [722, 665, 736, 597, 608]}
{'dt': 11.969104, 'sns': [722, 665, 736, 597, 609]}
{'dt': 11.975067, 'sns': [722, 665, 737, 598, 608]}
{'dt': 11.962771, 'sns': [722, 664, 736, 597, 608]}
{'dt': 11.979345, 'sns': [722, 665, 736, 598, 608]}
{'dt': 12.068918, 'sns': [723, 665, 736, 597, 609]}
{'dt': 11.983511, 'sns': [722, 665, 736, 594, 608]}
{'dt': 11.98353, 'sns': [723, 665, 736, 598, 609]}
{'dt': 11.980901, 'sns': [722, 665, 736, 597, 609]}
{'dt': 11.967807, 'sns': [722, 665, 736, 597, 608]}
{'dt': 12.011326, 'sns': [722, 665, 736, 598, 608]}
{'dt': 11.991623, 'sns': [722, 665, 736, 594, 608]}
{'dt': 11.967974, 'sns': [722, 665, 736, 597, 608]}
{'dt': 11.981475, 'sns': [722, 665, 736, 598, 608]}
{'dt': 11.980604, 'sns': [722, 665, 736, 598, 608]}
{'dt': 11.998807, 'sns': [722, 665, 736, 598, 608]}
{'dt': 11.981345, 'sns': [722, 665, 736, 598, 609]}
{'dt': 11.975956, 'sns': [722, 665, 736, 598, 608]}
{'dt': 11.972919, 'sns': [722, 665, 736, 597, 609]}
{'dt': 11.980196, 'sns': [722, 665, 736, 598, 608]}
{'dt': 11.969253, 'sns': [722, 665, 736, 598, 609]}
{'dt': 11.966326, 'sns': [722, 665, 736, 598, 609]}
{'dt': 11.996085, 'sns': [722, 665, 736, 597, 608]}
{'dt': 11.99616, 'sns': [722, 665, 736, 597, 609]}
{'dt': 12.002437, 'sns': [722, 665, 736, 597, 608]}
{'dt': 11.990956, 'sns': [722, 665, 736, 597, 608]}
{'dt': 11.986826, 'sns': [722, 665, 736, 597, 609]}
{'dt': 11.975808, 'sns': [723, 665, 736, 598, 608]}
{'dt': 11.984993, 'sns': [722, 665, 736, 597, 608]}
{'dt': 11.971085, 'sns': [723, 665, 736, 598, 608]}
{'dt': 12.015345, 'sns': [722, 665, 736, 597, 609]}
{'dt': 11.986345, 'sns': [722, 665, 736, 598, 608]}
{'dt': 11.974215, 'sns': [722, 665, 736, 597, 608]}
{'dt': 11.992641, 'sns': [722, 665, 736, 597, 609]}
{'dt': 11.975085, 'sns': [722, 665, 736, 597, 608]}
{'dt': 12.100511, 'sns': [721, 665, 736, 598, 608]}
{'dt': 11.978752, 'sns': [722, 665, 736, 598, 609]}
{'dt': 11.9739, 'sns': [722, 665, 736, 598, 608]}
{'dt': 11.983401, 'sns': [722, 665, 736, 597, 608]}
{'dt': 11.961678, 'sns': [722, 665, 736, 597, 608]}
{'dt': 12.051622, 'sns': [722, 665, 736, 597, 608]}
{'dt': 11.9814, 'sns': [722, 665, 736, 597, 608]}
{'dt': 11.975215, 'sns': [722, 665, 736, 598, 608]}
{'dt': 11.973993, 'sns': [722, 665, 736, 597, 609]}
{'dt': 11.970549, 'sns': [722, 665, 736, 597, 608]}
{'dt': 12.008419, 'sns': [722, 665, 736, 598, 608]}
{'dt': 11.994289, 'sns': [722, 665, 736, 597, 608]}
{'dt': 11.989455, 'sns': [722, 665, 736, 598, 608]}
{'dt': 11.974734, 'sns': [722, 665, 736, 597, 609]}
{'dt': 11.991345, 'sns': [722, 665, 736, 598, 608]}
{'dt': 11.974141, 'sns': [722, 665, 736, 597, 608]}
{'dt': 11.957845, 'sns': [722, 665, 736, 597, 609]}
{'dt': 11.980104, 'sns': [723, 666, 736, 598, 608]}
{'dt': 11.985863, 'sns': [722, 665, 736, 598, 608]}
{'dt': 11.988974, 'sns': [722, 665, 736, 598, 608]}
{'dt': 11.989808, 'sns': [722, 665, 736, 597, 608]}
{'dt': 11.971215, 'sns': [722, 665, 736, 598, 609]}
{'dt': 12.073418, 'sns': [722, 665, 736, 597, 608]}
{'dt': 11.976512, 'sns': [722, 664, 736, 597, 608]}
{'dt': 11.977289, 'sns': [722, 665, 736, 598, 608]}
{'dt': 11.98503, 'sns': [722, 665, 736, 598, 609]}
{'dt': 11.981604, 'sns': [722, 665, 736, 597, 609]}
{'dt': 11.979122, 'sns': [722, 665, 736, 598, 608]}
{'dt': 11.971364, 'sns': [722, 665, 736, 597, 609]}
{'dt': 11.98803, 'sns': [722, 666, 736, 597, 608]}
{'dt': 12.007992, 'sns': [722, 665, 736, 597, 609]}
{'dt': 12.023789, 'sns': [722, 665, 737, 598, 608]}
{'dt': 11.983382, 'sns': [722, 665, 737, 598, 608]}
{'dt': 11.973141, 'sns': [722, 664, 736, 597, 609]}
{'dt': 11.975382, 'sns': [722, 665, 736, 598, 608]}
{'dt': 12.01153, 'sns': [722, 665, 736, 598, 609]}
{'dt': 12.017252, 'sns': [722, 665, 736, 597, 608]}
{'dt': 12.007844, 'sns': [722, 665, 736, 598, 608]}
{'dt': 12.008623, 'sns': [722, 665, 736, 598, 609]}
{'dt': 11.986307, 'sns': [722, 665, 736, 597, 608]}
{'dt': 11.968327, 'sns': [722, 665, 736, 598, 608]}
{'dt': 12.025789, 'sns': [722, 617, 730, 598, 609]}
{'dt': 11.981252, 'sns': [722, 665, 736, 597, 608]}
{'dt': 11.975233, 'sns': [722, 665, 736, 598, 608]}
{'dt': 11.979197, 'sns': [722, 665, 736, 598, 608]}
{'dt': 11.965549, 'sns': [722, 665, 736, 597, 608]}
{'dt': 12.086992, 'sns': [722, 665, 736, 598, 609]}
{'dt': 11.996752, 'sns': [723, 665, 736, 598, 608]}
{'dt': 12.01377, 'sns': [723, 665, 736, 598, 608]}
{'dt': 11.991382, 'sns': [722, 665, 736, 598, 608]}
{'dt': 11.971956, 'sns': [723, 665, 736, 597, 608]}
{'dt': 12.050178, 'sns': [722, 665, 736, 598, 608]}
{'dt': 11.991474, 'sns': [722, 665, 736, 597, 608]}
{'dt': 12.013215, 'sns': [722, 665, 736, 597, 608]}
{'dt': 11.984197, 'sns': [722, 665, 736, 598, 608]}
{'dt': 11.976974, 'sns': [722, 665, 736, 598, 608]}
{'dt': 12.020993, 'sns': [722, 666, 736, 597, 608]}
{'dt': 11.993085, 'sns': [722, 665, 736, 598, 609]}
{'dt': 11.976586, 'sns': [722, 665, 736, 597, 609]}
{'dt': 11.974567, 'sns': [722, 665, 736, 597, 608]}
{'dt': 11.977474, 'sns': [722, 665, 736, 598, 608]}
{'dt': 12.01203, 'sns': [723, 665, 736, 598, 608]}
{'dt': 11.967011, 'sns': [722, 665, 736, 598, 609]}
{'dt': 12.182325, 'sns': [722, 665, 736, 598, 609]}
{'dt': 11.990308, 'sns': [723, 665, 736, 598, 608]}
{'dt': 12.012697, 'sns': [722, 665, 736, 597, 609]}
