{'dt': 1.166787, 'sns': [241, 246, 265, 259, 241]}
{'dt': 11.968075, 'sns': [241, 246, 265, 259, 241]}
{'dt': 11.744337, 'sns': [241, 246, 265, 260, 241]}
{'dt': 11.709688, 'sns': [241, 246, 265, 259, 241]}
{'dt': 11.693985, 'sns': [241, 246, 265, 259, 241]}
{'dt': 11.708003, 'sns': [241, 246, 265, 260, 241]}
{'dt': 11.71417, 'sns': [241, 246, 265, 259, 241]}
{'dt': 11.688763, 'sns': [241, 246, 265, 259, 241]}
{'dt': 11.684466, 'sns': [241, 246, 264, 259, 241]}
{'dt': 11.691948, 'sns': [241, 246, 265, 259, 241]}
{'dt': 11.679541, 'sns': [241, 246, 265, 259, 241]}
{'dt': 11.676577, 'sns': [241, 246, 265, 259, 241]}
{'dt': 11.683004, 'sns': [241, 246, 265, 259, 241]}
{'dt': 11.681744, 'sns': [241, 246, 265, 259, 241]}
{'dt': 11.680522, 'sns': [241, 246, 265, 260, 241]}
{'dt': 11.682837, 'sns': [241, 246, 265, 259, 241]}
{'dt': 11.683355, 'sns': [241, 246, 265, 260, 241]}
{'dt': 11.679133, 'sns': [241, 246, 265, 259, 241]}
{'dt': 11.688318, 'sns': [241, 246, 265, 259, 241]}
{'dt': 11.695411, 'sns': [241, 246, 265, 260, 241]}
{'dt': 11.68117, 'sns': [241, 246, 265, 259, 241]}
{'dt': 11.682596, 'sns': [241, 246, 265, 259, 241]}
{'dt': 11.675763, 'sns': [241, 246, 265, 259, 241]}
{'dt': 11.683929, 'sns': [241, 246, 265, 259, 241]}
{'dt': 11.67367, 'sns': [242, 246, 265, 259, 241]}
{'dt': 11.682022, 'sns': [241, 246, 265, 259, 241]}
{'dt': 11.699226, 'sns': [241, 246, 265, 259, 241]}
{'dt': 11.682781, 'sns': [241, 246, 264, 259, 241]}
{'dt': 11.681189, 'sns': [241, 246, 265, 259, 241]}
{'dt': 11.683374, 'sns': [241, 246, 265, 259, 241]}
{'dt': 11.678373, 'sns': [241, 246, 265, 259, 241]}
{'dt': 11.698115, 'sns': [241, 246, 265, 259, 241]}
{'dt': 11.6813, 'sns': [241, 245, 264, 259, 241]}
{'dt': 11.676003, 'sns': [241, 246, 264, 259, 241]}
{'dt': 11.682448, 'sns': [241, 246, 265, 259, 241]}
{'dt': 11.683115, 'sns': [241, 246, 265, 259, 241]}
{'dt': 11.683355, 'sns': [241, 246, 265, 259, 241]}
{'dt': 11.678614, 'sns': [241, 246, 264, 259, 241]}
{'dt': 11.67943, 'sns': [241, 246, 265, 259, 241]}
{'dt': 11.677763, 'sns': [241, 246, 264, 259, 241]}
{'dt': 11.680003, 'sns': [241, 246, 265, 260, 241]}
{'dt': 11.677244, 'sns': [241, 246, 265, 259, 241]}
{'dt': 11.673782, 'sns': [241, 246, 265, 259, 241]}
{'dt': 11.685447, 'sns': [241, 246, 265, 259, 241]}
{'dt': 11.680541, 'sns': [241, 246, 264, 259, 241]}
{'dt': 11.678541, 'sns': [241, 246, 265, 260, 241]}
{'dt': 11.680059, 'sns': [241, 246, 265, 259, 241]}
{'dt': 11.709558, 'sns': [241, 246, 265, 259, 241]}
{'dt': 11.688874, 'sns': [241, 246, 265, 259, 241]}
{'dt': 11.703096, 'sns': [241, 245, 264, 259, 241]}
{'dt': 11.683466, 'sns': [241, 246, 265, 260, 241]}
{'dt': 11.684152, 'sns': [241, 246, 265, 259, 241]}
{'dt': 11.768262, 'sns': [241, 246, 265, 259, 241]}
{'dt': 12.60357, 'sns': [241, 246, 265, 260, 241]}
{'dt': 12.624812, 'sns': [241, 246, 265, 259, 241]}
{'dt': 12.610237, 'sns': [241, 246, 265, 259, 241]}
{'dt': 12.590941, 'sns': [241, 246, 265, 260, 241]}
{'dt': 12.567533, 'sns': [241, 246, 265, 259, 241]}
{'dt': 12.629126, 'sns': [241, 246, 265, 260, 241]}
{'dt': 12.620978, 'sns': [241, 246, 265, 259, 241]}
{'dt': 12.724329, 'sns': [241, 246, 265, 260, 241]}
{'dt': 12.520127, 'sns': [241, 246, 265, 259, 241]}
{'dt': 12.444942, 'sns': [241, 245, 265, 259, 241]}
{'dt': 12.372609, 'sns': [241, 246, 264, 259, 241]}
{'dt': 12.369294, 'sns': [241, 246, 265, 260, 241]}
{'dt': 12.374017, 'sns': [241, 246, 265, 259, 241]}
{'dt': 12.458498, 'sns': [242, 246, 265, 260, 241]}
{'dt': 12.398072, 'sns': [241, 245, 265, 259, 241]}
{'dt': 12.356998, 'sns': [241, 246, 265, 259, 241]}
{'dt': 12.526775, 'sns': [241, 246, 265, 259, 241]}
{'dt': 12.5967, 'sns': [241, 246, 265, 260, 241]}
{'dt': 12.584885, 'sns': [241, 246, 265, 259, 241]}
{'dt': 12.254314, 'sns': [241, 246, 265, 260, 241]}
{'dt': 12.262518, 'sns': [241, 246, 265, 259, 241]}
{'dt': 12.244499, 'sns': [241, 246, 265, 260, 241]}
{'dt': 12.233944, 'sns': [241, 246, 265, 259, 241]}
{'dt': 12.236129, 'sns': [241, 246, 265, 260, 241]}
{'dt': 12.23448, 'sns': [241, 246, 264, 259, 241]}
{'dt': 12.227037, 'sns': [241, 246, 265, 260, 241]}
{'dt': 12.283461, 'sns': [241, 246, 265, 259, 241]}
{'dt': 12.232778, 'sns': [241, 246, 265, 259, 241]}
{'dt': 12.230963, 'sns': [241, 246, 265, 260, 241]}
{'dt': 12.23663, 'sns': [241, 246, 265, 259, 241]}
{'dt': 12.25713, 'sns': [241, 246, 265, 260, 241]}
{'dt': 12.226167, 'sns': [241, 246, 265, 259, 241]}
{'dt': 12.269259, 'sns': [241, 246, 265, 260, 241]}
{'dt': 12.221574, 'sns': [241, 246, 265, 259, 241]}
{'dt': 12.224853, 'sns': [242, 246, 265, 260, 241]}
{'dt': 12.229148, 'sns': [241, 246, 265, 259, 242]}
{'dt': 12.230093, 'sns': [241, 246, 265, 259, 241]}
{'dt': 12.212686, 'sns': [241, 246, 265, 259, 241]}
{'dt': 12.224463, 'sns': [241, 246, 265, 260, 241]}
{'dt': 12.251074, 'sns': [242, 246, 265, 260, 241]}
{'dt': 12.230056, 'sns': [241, 245, 265, 259, 241]}
{'dt': 12.225649, 'sns': [241, 246, 265, 260, 241]}
{'dt': 12.284333, 'sns': [241, 246, 265, 260, 241]}
{'dt': 12.255259, 'sns': [241, 246, 265, 259, 241]}
{'dt': 12.244463, 'sns': [242, 246, 265, 260, 241]}
{'dt': 12.227519, 'sns': [241, 245, 265, 260, 241]}
{'dt': 12.233167, 'sns': [241, 246, 265, 259, 241]}
{'dt': 12.208279, 'sns': [241, 246, 265, 259, 241]}
{'dt': 12.215463, 'sns': [241, 245, 264, 259, 241]}
{'dt': 12.218945, 'sns': [242, 246, 265, 260, 241]}
{'dt': 12.242945, 'sns': [241, 246, 265, 259, 241]}
{'dt': 12.225093, 'sns': [241, 246, 265, 259, 241]}
{'dt': 12.234926, 'sns': [241, 246, 265, 260, 241]}
{'dt': 12.224426, 'sns': [241, 246, 264, 259, 241]}
{'dt': 12.228871, 'sns': [241, 246, 265, 259, 241]}
{'dt': 12.212259, 'sns': [241, 246, 265, 260, 241]}
{'dt': 12.237445, 'sns': [241, 246, 265, 259, 241]}
{'dt': 12.285963, 'sns': [241, 246, 265, 260, 241]}
{'dt': 12.227741, 'sns': [241, 246, 265, 259, 241]}
{'dt': 12.239797, 'sns': [241, 246, 265, 259, 241]}
{'dt': 12.230056, 'sns': [241, 246, 265, 260, 241]}
{'dt': 12.2195, 'sns': [241, 246, 265, 259, 241]}
{'dt': 12.23376, 'sns': [241, 246, 265, 259, 241]}
{'dt': 12.228833, 'sns': [241, 246, 265, 258, 241]}
{'dt': 12.221612, 'sns': [241, 246, 265, 260, 241]}
{'dt': 12.210759, 'sns': [241, 246, 265, 260, 241]}
{'dt': 12.319019, 'sns': [241, 245, 265, 259, 241]}
{'dt': 12.231093, 'sns': [241, 246, 265, 260, 241]}
{'dt': 12.221778, 'sns': [241, 246, 264, 260, 241]}
{'dt': 12.210685, 'sns': [241, 246, 265, 260, 241]}
{'dt': 12.248852, 'sns': [241, 246, 265, 260, 241]}
{'dt': 12.221427, 'sns': [241, 246, 264, 259, 242]}
{'dt': 12.211815, 'sns': [241, 246, 265, 260, 241]}
{'dt': 12.222926, 'sns': [241, 246, 265, 260, 241]}
{'dt': 12.233241, 'sns': [241, 246, 265, 260, 241]}
{'dt': 12.234223, 'sns': [241, 246, 265, 260, 241]}
{'dt': 12.247667, 'sns': [241, 245, 265, 259, 241]}
{'dt': 12.221408, 'sns': [241, 246, 265, 259, 241]}
{'dt': 12.275277, 'sns': [241, 246, 265, 260, 241]}
{'dt': 12.220242, 'sns': [241, 246, 265, 259, 241]}
{'dt': 12.231278, 'sns': [241, 246, 265, 259, 241]}
{'dt': 12.218185, 'sns': [241, 246, 265, 259, 241]}
{'dt': 12.270611, 'sns': [241, 246, 265, 260, 241]}
{'dt': 12.225464, 'sns': [241, 246, 265, 260, 241]}
{'dt': 12.280444, 'sns': [241, 246, 264, 259, 241]}
{'dt': 12.242982, 'sns': [241, 246, 265, 260, 241]}
{'dt': 12.219185, 'sns': [241, 246, 265, 259, 241]}
{'dt': 12.211927, 'sns': [241, 246, 265, 259, 241]}
{'dt': 12.295037, 'sns': [241, 246, 265, 260, 241]}
{'dt': 12.239037, 'sns': [241, 245, 264, 259, 241]}
{'dt': 12.231704, 'sns': [241, 246, 265, 259, 241]}
{'dt': 12.260908, 'sns': [241, 246, 265, 260, 241]}
{'dt': 12.211389, 'sns': [241, 246, 265, 260, 241]}
{'dt': 12.26137, 'sns': [241, 236, 264, 259, 241]}
{'dt': 12.221964, 'sns': [241, 246, 264, 259, 241]}
{'dt': 12.215093, 'sns': [241, 246, 265, 260, 241]}
{'dt': 12.22913, 'sns': [241, 246, 265, 260, 241]}
{'dt': 12.252741, 'sns': [241, 246, 265, 259, 241]}
{'dt': 12.267907, 'sns': [241, 246, 265, 260, 241]}
{'dt': 12.210019, 'sns': [241, 246, 265, 259, 241]}
{'dt': 12.233741, 'sns': [241, 246, 265, 259, 241]}
{'dt': 12.216445, 'sns': [241, 246, 265, 260, 241]}
{'dt': 12.264111, 'sns': [241, 246, 264, 259, 241]}
{'dt': 12.232649, 'sns': [241, 246, 265, 259, 241]}
{'dt': 12.230833, 'sns': [241, 246, 265, 260, 241]}
{'dt': 12.226075, 'sns': [241, 246, 265, 259, 241]}
{'dt': 12.229333, 'sns': [241, 246, 265, 260, 241]}
{'dt': 12.259519, 'sns': [241, 246, 264, 259, 241]}
{'dt': 12.215945, 'sns': [241, 246, 265, 260, 241]}
{'dt': 12.265482, 'sns': [242, 246, 265, 260, 241]}
{'dt': 12.221205, 'sns': [241, 246, 265, 259, 241]}
{'dt': 12.220001, 'sns': [241, 246, 265, 259, 241]}
{'dt': 12.231131, 'sns': [241, 246, 265, 260, 241]}
{'dt': 12.227187, 'sns': [241, 246, 265, 259, 241]}
{'dt': 12.222649, 'sns': [241, 246, 265, 259, 241]}
{'dt': 12.256576, 'sns': [241, 245, 265, 259, 241]}
{'dt': 12.220964, 'sns': [241, 246, 265, 259, 241]}
{'dt': 12.240649, 'sns': [241, 246, 265, 259, 239]}
{'dt': 12.222613, 'sns': [241, 246, 265, 259, 241]}
{'dt': 12.225668, 'sns': [241, 246, 265, 259, 241]}
{'dt': 12.213298, 'sns': [241, 245, 265, 259, 241]}
{'dt': 12.213279, 'sns': [241, 246, 265, 259, 241]}
{'dt': 12.202428, 'sns': [241, 246, 265, 259, 241]}
{'dt': 12.205649, 'sns': [241, 246, 265, 259, 241]}
{'dt': 12.265242, 'sns': [241, 246, 265, 260, 241]}
{'dt': 12.225964, 'sns': [241, 246, 265, 259, 241]}
{'dt': 12.217169, 'sns': [242, 246, 265, 260, 241]}
{'dt': 12.220353, 'sns': [241, 246, 251, 260, 241]}
{'dt': 12.220779, 'sns': [241, 246, 265, 259, 241]}
{'dt': 12.222224, 'sns': [242, 242, 264, 259, 241]}
{'dt': 12.221686, 'sns': [241, 246, 265, 259, 241]}
{'dt': 12.202539, 'sns': [241, 246, 265, 259, 241]}
{'dt': 12.206261, 'sns': [241, 246, 265, 260, 241]}
{'dt': 12.247019, 'sns': [241, 245, 265, 259, 241]}
{'dt': 12.251168, 'sns': [241, 246, 265, 260, 241]}
{'dt': 12.225409, 'sns': [241, 246, 265, 259, 241]}
{'dt': 12.21365, 'sns': [241, 246, 265, 259, 241]}
{'dt': 12.217038, 'sns': [241, 246, 265, 260, 241]}
{'dt': 12.220983, 'sns': [241, 246, 265, 260, 241]}
{'dt': 12.208279, 'sns': [241, 246, 265, 260, 241]}
{'dt': 12.218835, 'sns': [241, 246, 265, 259, 241]}
{'dt': 12.239076, 'sns': [241, 246, 265, 260, 241]}
{'dt': 12.250242, 'sns': [241, 246, 265, 260, 241]}
{'dt': 12.214094, 'sns': [241, 246, 265, 260, 241]}
{'dt': 12.238279, 'sns': [241, 246, 265, 260, 241]}
{'dt': 12.219686, 'sns': [241, 246, 265, 259, 241]}
{'dt': 12.215557, 'sns': [241, 246, 265, 260, 241]}
{'dt': 12.212243, 'sns': [242, 246, 265, 259, 241]}
{'dt': 12.209094, 'sns': [241, 246, 265, 259, 241]}
{'dt': 12.216686, 'sns': [241, 246, 265, 260, 241]}
{'dt': 12.213057, 'sns': [241, 246, 265, 260, 241]}
{'dt': 12.253761, 'sns': [241, 246, 265, 259, 241]}
{'dt': 12.240353, 'sns': [241, 246, 265, 260, 241]}
{'dt': 12.223631, 'sns': [241, 246, 265, 259, 241]}
{'dt': 12.214335, 'sns': [241, 246, 265, 259, 241]}
{'dt': 12.22102, 'sns': [241, 246, 265, 260, 241]}
{'dt': 12.219186, 'sns': [241, 246, 265, 259, 241]}
{'dt': 12.222391, 'sns': [241, 246, 265, 259, 241]}
{'dt': 12.249353, 'sns': [241, 246, 265, 259, 241]}
{'dt': 12.224964, 'sns': [241, 246, 265, 259, 241]}
{'dt': 12.239705, 'sns': [241, 246, 265, 260, 241]}
{'dt': 12.22052, 'sns': [241, 246, 265, 259, 241]}
{'dt': 12.254427, 'sns': [241, 246, 265, 260, 241]}
{'dt': 12.214872, 'sns': [241, 246, 265, 260, 241]}
{'dt': 12.254131, 'sns': [241, 246, 264, 259, 241]}
{'dt': 12.219335, 'sns': [241, 246, 265, 260, 241]}
{'dt': 12.210612, 'sns': [241, 246, 265, 259, 241]}
{'dt': 12.203317, 'sns': [241, 246, 265, 259, 241]}
{'dt': 12.206131, 'sns': [241, 246, 265, 260, 241]}
{'dt': 12.234057, 'sns': [241, 246, 265, 259, 241]}
{'dt': 12.213242, 'sns': [241, 246, 265, 260, 241]}
{'dt': 12.215613, 'sns': [241, 246, 265, 259, 241]}
{'dt': 12.223612, 'sns': [242, 246, 265, 259, 241]}
{'dt': 12.247001, 'sns': [241, 246, 265, 260, 241]}
{'dt': 12.227965, 'sns': [241, 246, 265, 259, 241]}
{'dt': 12.216372, 'sns': [241, 246, 265, 259, 241]}
{'dt': 12.217594, 'sns': [241, 246, 265, 259, 241]}
{'dt': 12.213168, 'sns': [241, 246, 265, 259, 241]}
{'dt': 12.222279, 'sns': [241, 246, 265, 260, 241]}
{'dt': 12.229057, 'sns': [241, 246, 265, 259, 241]}
{'dt': 12.259168, 'sns': [241, 246, 265, 260, 241]}
{'dt': 12.233538, 'sns': [241, 246, 265, 260, 241]}
{'dt': 12.257001, 'sns': [241, 246, 265, 259, 241]}
{'dt': 12.268668, 'sns': [241, 246, 265, 260, 241]}
{'dt': 12.242297, 'sns': [241, 246, 265, 260, 241]}
{'dt': 12.231483, 'sns': [241, 246, 265, 260, 241]}
{'dt': 12.211391, 'sns': [241, 246, 265, 260, 241]}
{'dt': 12.22052, 'sns': [241, 246, 264, 259, 241]}
{'dt': 12.227205, 'sns': [241, 246, 265, 259, 241]}
{'dt': 12.20402, 'sns': [241, 246, 265, 260, 241]}
{'dt': 12.212446, 'sns': [241, 246, 265, 260, 241]}
{'dt': 12.255409, 'sns': [242, 246, 265, 260, 241]}
{'dt': 12.234521, 'sns': [241, 246, 265, 260, 241]}
{'dt': 12.221002, 'sns': [242, 246, 265, 260, 241]}
{'dt': 12.224521, 'sns': [241, 246, 265, 259, 241]}
{'dt': 12.211503, 'sns': [241, 246, 265, 260, 242]}
{'dt': 12.212984, 'sns': [242, 246, 265, 260, 241]}
{'dt': 12.237187, 'sns': [241, 246, 256, 259, 241]}
{'dt': 12.216429, 'sns': [241, 246, 265, 259, 241]}
{'dt': 12.20891, 'sns': [241, 246, 265, 260, 241]}
{'dt': 12.213909, 'sns': [241, 246, 264, 259, 241]}
{'dt': 12.210188, 'sns': [241, 246, 265, 259, 241]}
{'dt': 12.216225, 'sns': [241, 246, 265, 259, 241]}
{'dt': 12.212799, 'sns': [241, 246, 265, 259, 241]}
{'dt': 12.202613, 'sns': [241, 246, 265, 259, 241]}
{'dt': 12.21254, 'sns': [241, 246, 265, 259, 241]}
{'dt': 12.218984, 'sns': [241, 246, 265, 259, 241]}
{'dt': 12.22478, 'sns': [241, 246, 265, 259, 241]}
{'dt': 12.264687, 'sns': [241, 246, 265, 259, 241]}
{'dt': 12.239762, 'sns': [242, 246, 265, 259, 241]}
{'dt': 12.278076, 'sns': [241, 246, 265, 260, 241]}
{'dt': 12.225632, 'sns': [241, 246, 265, 259, 241]}
{'dt': 12.222539, 'sns': [241, 246, 265, 260, 241]}
{'dt': 12.209021, 'sns': [242, 246, 265, 260, 241]}
{'dt': 12.248669, 'sns': [242, 246, 265, 260, 241]}
{'dt': 12.223651, 'sns': [241, 246, 265, 259, 241]}
{'dt': 12.215706, 'sns': [241, 246, 265, 260, 241]}
{'dt': 12.216521, 'sns': [242, 246, 265, 260, 241]}
{'dt': 12.225706, 'sns': [241, 246, 265, 259, 241]}
{'dt': 12.223836, 'sns': [241, 246, 265, 259, 241]}
{'dt': 12.233947, 'sns': [241, 246, 265, 260, 241]}
{'dt': 12.21865, 'sns': [241, 246, 265, 260, 241]}
{'dt': 12.229428, 'sns': [241, 246, 265, 260, 241]}
{'dt': 12.256262, 'sns': [241, 246, 264, 260, 241]}
{'dt': 12.225687, 'sns': [241, 246, 265, 259, 241]}
{'dt': 12.257577, 'sns': [241, 246, 265, 260, 241]}
{'dt': 12.257465, 'sns': [241, 246, 265, 259, 241]}
{'dt': 12.248687, 'sns': [242, 246, 265, 260, 241]}
{'dt': 12.229595, 'sns': [241, 245, 265, 259, 241]}
{'dt': 12.252039, 'sns': [242, 246, 265, 260, 241]}
{'dt': 12.23654, 'sns': [241, 246, 265, 259, 241]}
{'dt': 12.214169, 'sns': [241, 246, 265, 259, 241]}
{'dt': 12.207928, 'sns': [241, 246, 265, 259, 241]}
{'dt': 12.212521, 'sns': [241, 246, 265, 260, 241]}
{'dt': 12.208781, 'sns': [241, 246, 265, 259, 241]}
{'dt': 12.216613, 'sns': [241, 246, 265, 260, 241]}
{'dt': 12.249669, 'sns': [241, 246, 264, 259, 241]}
{'dt': 12.224928, 'sns': [241, 246, 265, 259, 241]}
{'dt': 12.212429, 'sns': [241, 246, 265, 259, 241]}
{'dt': 12.210373, 'sns': [241, 246, 265, 259, 241]}
{'dt': 12.206076, 'sns': [242, 246, 265, 260, 241]}
{'dt': 12.234892, 'sns': [241, 246, 264, 259, 241]}
{'dt': 12.224632, 'sns': [241, 246, 265, 259, 241]}
{'dt': 12.251261, 'sns': [241, 246, 265, 260, 241]}
{'dt': 12.221891, 'sns': [241, 246, 265, 259, 241]}
{'dt': 12.257391, 'sns': [241, 246, 265, 260, 241]}
{'dt': 12.546019, 'sns': [241, 246, 265, 259, 241]}
{'dt': 12.262169, 'sns': [241, 246, 265, 259, 241]}
{'dt': 12.234206, 'sns': [241, 246, 265, 260, 241]}
{'dt': 12.226502, 'sns': [241, 246, 265, 259, 241]}
{'dt': 12.304983, 'sns': [241, 246, 265, 260, 241]}
{'dt': 12.236818, 'sns': [241, 246, 265, 259, 241]}
{'dt': 12.222965, 'sns': [241, 246, 265, 260, 241]}
{'dt': 12.228465, 'sns': [241, 246, 265, 259, 241]}
{'dt': 12.223188, 'sns': [241, 246, 265, 259, 241]}
{'dt': 12.224187, 'sns': [242, 246, 265, 259, 241]}
{'dt': 12.217133, 'sns': [241, 246, 265, 260, 241]}
{'dt': 12.258705, 'sns': [241, 246, 265, 259, 241]}
{'dt': 12.221484, 'sns': [241, 246, 265, 260, 241]}
{'dt': 12.232743, 'sns': [241, 246, 264, 259, 241]}
{'dt': 12.229688, 'sns': [241, 246, 264, 260, 241]}
{'dt': 12.207965, 'sns': [242, 246, 265, 259, 241]}
{'dt': 12.208799, 'sns': [241, 246, 265, 260, 241]}
{'dt': 12.223077, 'sns': [241, 246, 265, 260, 241]}
{'dt': 12.225928, 'sns': [238, 245, 265, 259, 241]}
{'dt': 12.226299, 'sns': [241, 246, 265, 260, 241]}
{'dt': 12.217484, 'sns': [241, 246, 265, 259, 241]}
{'dt': 12.308594, 'sns': [237, 246, 265, 259, 241]}
{'dt': 12.242891, 'sns': [241, 246, 265, 259, 241]}
{'dt': 12.223021, 'sns': [241, 246, 265, 259, 241]}
{'dt': 12.227151, 'sns': [241, 246, 265, 259, 241]}
{'dt': 12.208428, 'sns': [242, 246, 265, 260, 241]}
{'dt': 12.297465, 'sns': [241, 246, 265, 259, 241]}
{'dt': 12.23567, 'sns': [241, 246, 265, 260, 241]}
{'dt': 12.245485, 'sns': [241, 246, 265, 259, 241]}
{'dt': 12.217336, 'sns': [241, 246, 265, 260, 241]}
{'dt': 12.256115, 'sns': [241, 246, 265, 260, 241]}
{'dt': 12.222114, 'sns': [241, 246, 265, 260, 241]}
{'dt': 12.21867, 'sns': [241, 246, 265, 260, 241]}
{'dt': 12.230022, 'sns': [241, 246, 265, 259, 241]}
{'dt': 12.231929, 'sns': [242, 246, 265, 259, 241]}
{'dt': 12.232596, 'sns': [241, 246, 265, 260, 241]}
{'dt': 12.21993, 'sns': [241, 246, 265, 259, 241]}
{'dt': 12.225318, 'sns': [241, 246, 265, 259, 241]}
{'dt': 12.207226, 'sns': [241, 246, 265, 260, 241]}
{'dt': 12.242225, 'sns': [241, 246, 264, 259, 241]}
{'dt': 12.228226, 'sns': [241, 246, 265, 260, 241]}
{'dt': 12.223077, 'sns': [241, 246, 265, 259, 241]}
{'dt': 12.223559, 'sns': [241, 246, 265, 259, 241]}
{'dt': 12.230429, 'sns': [241, 246, 265, 260, 241]}
{'dt': 12.219115, 'sns': [241, 246, 265, 259, 241]}
{'dt': 12.219522, 'sns': [241, 246, 265, 260, 241]}
{'dt': 12.253355, 'sns': [241, 246, 265, 260, 241]}
{'dt': 12.219373, 'sns': [241, 246, 265, 260, 241]}
{'dt': 12.239541, 'sns': [241, 246, 265, 260, 241]}
{'dt': 12.224855, 'sns': [241, 246, 265, 259, 241]}
{'dt': 12.234244, 'sns': [241, 246, 265, 260, 241]}
{'dt': 12.222392, 'sns': [241, 246, 265, 259, 241]}
{'dt': 12.226541, 'sns': [241, 246, 265, 259, 241]}
{'dt': 12.242114, 'sns': [241, 246, 265, 259, 241]}
{'dt': 12.229133, 'sns': [241, 246, 265, 259, 241]}
{'dt': 12.221985, 'sns': [241, 246, 265, 259, 241]}
{'dt': 12.233762, 'sns': [241, 246, 265, 259, 241]}
{'dt': 12.236041, 'sns': [241, 245, 265, 259, 241]}
{'dt': 12.226484, 'sns': [241, 246, 265, 259, 241]}
{'dt': 12.212134, 'sns': [241, 246, 265, 260, 241]}
{'dt': 12.210725, 'sns': [241, 246, 265, 260, 241]}
{'dt': 12.212522, 'sns': [241, 246, 265, 260, 241]}
{'dt': 12.253281, 'sns': [241, 246, 264, 259, 241]}
{'dt': 12.221189, 'sns': [241, 246, 265, 259, 241]}
{'dt': 12.232966, 'sns': [241, 246, 265, 260, 241]}
{'dt': 12.258596, 'sns': [241, 246, 265, 260, 241]}
{'dt': 12.218244, 'sns': [241, 246, 265, 260, 241]}
{'dt': 12.235337, 'sns': [241, 246, 265, 259, 241]}
{'dt': 12.235707, 'sns': [241, 246, 265, 259, 241]}
{'dt': 12.21804, 'sns': [241, 246, 265, 260, 241]}
{'dt': 12.218763, 'sns': [241, 246, 265, 260, 241]}
{'dt': 12.27554, 'sns': [241, 246, 265, 260, 241]}
{'dt': 12.260503, 'sns': [241, 246, 265, 259, 241]}
{'dt': 12.223466, 'sns': [241, 246, 265, 260, 241]}
{'dt': 12.225374, 'sns': [241, 246, 265, 260, 241]}
{'dt': 12.287392, 'sns': [241, 246, 264, 260, 241]}
{'dt': 12.227355, 'sns': [241, 246, 265, 260, 241]}
{'dt': 12.227948, 'sns': [241, 246, 265, 259, 241]}
{'dt': 12.222392, 'sns': [241, 246, 265, 260, 241]}
{'dt': 12.212651, 'sns': [241, 246, 265, 260, 241]}
{'dt': 12.262855, 'sns': [241, 246, 265, 259, 242]}
{'dt': 12.225633, 'sns': [241, 246, 265, 259, 241]}
{'dt': 12.223133, 'sns': [241, 246, 265, 259, 241]}
{'dt': 12.220948, 'sns': [241, 246, 265, 260, 241]}
{'dt': 12.269244, 'sns': [242, 246, 265, 260, 241]}
{'dt': 12.227429, 'sns': [241, 246, 265, 259, 241]}
{'dt': 12.21793, 'sns': [241, 246, 265, 259, 241]}
{'dt': 12.216318, 'sns': [241, 246, 265, 260, 241]}
{'dt': 12.226559, 'sns': [241, 246, 265, 259, 241]}
{'dt': 12.253947, 'sns': [241, 246, 265, 260, 241]}
{'dt': 12.238744, 'sns': [241, 246, 118, 256, 241]}
{'dt': 12.223096, 'sns': [241, 246, 265, 260, 241]}
{'dt': 12.226689, 'sns': [242, 246, 265, 260, 241]}
{'dt': 12.216614, 'sns': [241, 246, 264, 259, 241]}
{'dt': 12.221485, 'sns': [241, 246, 265, 259, 241]}
{'dt': 12.223374, 'sns': [241, 246, 265, 260, 241]}
{'dt': 12.2508, 'sns': [241, 246, 265, 259, 241]}
{'dt': 12.226355, 'sns': [241, 246, 265, 260, 241]}
{'dt': 12.083245, 'sns': [241, 245, 265, 259, 242]}
{'dt': 12.032856, 'sns': [240, 246, 265, 260, 241]}
{'dt': 12.024635, 'sns': [241, 246, 265, 260, 241]}
{'dt': 12.017505, 'sns': [241, 246, 265, 259, 241]}
{'dt': 12.007653, 'sns': [242, 246, 265, 260, 241]}
{'dt': 12.053671, 'sns': [241, 246, 265, 259, 242]}
{'dt': 12.015357, 'sns': [241, 246, 265, 260, 241]}
{'dt': 12.011468, 'sns': [241, 246, 265, 260, 241]}
{'dt': 12.021338, 'sns': [241, 246, 265, 260, 241]}
{'dt': 12.071134, 'sns': [241, 246, 265, 260, 241]}
{'dt': 12.016709, 'sns': [241, 246, 265, 259, 241]}
{'dt': 12.02282, 'sns': [241, 246, 265, 259, 241]}
{'dt': 12.014414, 'sns': [241, 246, 265, 260, 241]}
{'dt': 12.016876, 'sns': [241, 246, 264, 259, 241]}
{'dt': 12.014209, 'sns': [242, 246, 265, 260, 241]}
{'dt': 12.014469, 'sns': [241, 245, 264, 259, 241]}
{'dt': 12.016302, 'sns': [241, 246, 265, 259, 241]}
{'dt': 12.00871, 'sns': [241, 246, 265, 259, 241]}
{'dt': 12.023357, 'sns': [241, 246, 265, 260, 241]}
{'dt': 12.035562, 'sns': [241, 246, 265, 260, 241]}
{'dt': 12.037116, 'sns': [241, 246, 265, 260, 241]}
{'dt': 12.013951, 'sns': [241, 246, 265, 260, 241]}
{'dt': 12.01332, 'sns': [241, 246, 265, 259, 241]}
{'dt': 12.021951, 'sns': [241, 246, 265, 260, 241]}
{'dt': 12.016061, 'sns': [241, 246, 265, 260, 241]}
{'dt': 12.013654, 'sns': [241, 246, 265, 260, 241]}
{'dt': 12.016283, 'sns': [241, 246, 265, 259, 241]}
{'dt': 12.007692, 'sns': [241, 246, 265, 259, 241]}
{'dt': 12.007579, 'sns': [241, 246, 265, 259, 241]}
{'dt': 12.006821, 'sns': [241, 246, 265, 260, 241]}
{'dt': 12.002654, 'sns': [241, 246, 265, 259, 241]}
{'dt': 12.017247, 'sns': [241, 246, 265, 259, 241]}
{'dt': 12.005358, 'sns': [241, 246, 265, 260, 241]}
{'dt': 12.00395, 'sns': [242, 246, 265, 260, 241]}
{'dt': 12.016191, 'sns': [242, 246, 265, 260, 241]}
{'dt': 12.027098, 'sns': [241, 246, 265, 259, 241]}
{'dt': 12.016599, 'sns': [241, 246, 265, 259, 241]}
{'dt': 12.023876, 'sns': [241, 246, 265, 260, 241]}
{'dt': 12.019431, 'sns': [241, 246, 265, 259, 241]}
{'dt': 12.047413, 'sns': [242, 246, 265, 260, 241]}
{'dt': 12.020895, 'sns': [241, 246, 265, 259, 241]}
{'dt': 12.014932, 'sns': [241, 246, 265, 260, 241]}
{'dt': 12.019228, 'sns': [241, 246, 265, 260, 241]}
{'dt': 12.006709, 'sns': [241, 246, 265, 259, 241]}
{'dt': 12.07745, 'sns': [241, 246, 265, 260, 241]}
{'dt': 12.014247, 'sns': [241, 246, 265, 259, 241]}
{'dt': 12.005876, 'sns': [241, 246, 265, 259, 241]}
{'dt': 12.004173, 'sns': [242, 246, 265, 260, 241]}
{'dt': 12.003302, 'sns': [242, 246, 265, 259, 241]}
{'dt': 12.041468, 'sns': [242, 246, 265, 260, 241]}
{'dt': 12.015673, 'sns': [241, 245, 265, 259, 241]}
{'dt': 12.009339, 'sns': [241, 246, 265, 259, 241]}
{'dt': 12.014728, 'sns': [242, 246, 265, 260, 241]}
{'dt': 12.031784, 'sns': [241, 246, 265, 260, 241]}
{'dt': 12.049042, 'sns': [241, 246, 265, 260, 241]}
{'dt': 12.018487, 'sns': [241, 246, 265, 259, 242]}
{'dt': 12.019469, 'sns': [241, 246, 265, 260, 241]}
{'dt': 12.022265, 'sns': [241, 246, 265, 260, 241]}
{'dt': 12.017599, 'sns': [241, 246, 265, 259, 241]}
{'dt': 12.02782, 'sns': [241, 246, 265, 259, 241]}
{'dt': 12.017006, 'sns': [241, 246, 265, 259, 241]}
{'dt': 12.009247, 'sns': [241, 246, 265, 259, 241]}
{'dt': 12.011968, 'sns': [241, 246, 265, 260, 241]}
{'dt': 12.017302, 'sns': [242, 246, 265, 259, 241]}
{'dt': 12.00884, 'sns': [241, 246, 265, 259, 241]}
{'dt': 12.007635, 'sns': [241, 246, 265, 259, 241]}
{'dt': 12.089505, 'sns': [241, 246, 265, 260, 241]}
{'dt': 12.016284, 'sns': [242, 246, 265, 260, 242]}
{'dt': 12.019191, 'sns': [241, 246, 265, 260, 242]}
{'dt': 12.085505, 'sns': [241, 246, 265, 259, 241]}
{'dt': 12.048598, 'sns': [241, 246, 265, 260, 241]}
{'dt': 12.015691, 'sns': [242, 246, 265, 259, 241]}
{'dt': 12.006692, 'sns': [241, 246, 265, 260, 241]}
{'dt': 11.998672, 'sns': [241, 246, 265, 259, 241]}
{'dt': 12.00308, 'sns': [241, 246, 265, 260, 241]}
{'dt': 12.042858, 'sns': [241, 246, 265, 259, 241]}
{'dt': 12.010061, 'sns': [241, 246, 265, 260, 241]}
{'dt': 12.014765, 'sns': [241, 246, 265, 260, 241]}
{'dt': 12.009043, 'sns': [241, 246, 265, 259, 241]}
{'dt': 12.009098, 'sns': [242, 246, 265, 260, 241]}
{'dt': 12.004599, 'sns': [241, 246, 265, 260, 241]}
{'dt': 12.010821, 'sns': [241, 246, 265, 260, 241]}
{'dt': 12.036746, 'sns': [241, 246, 265, 260, 241]}
{'dt': 12.014672, 'sns': [241, 246, 264, 259, 241]}
{'dt': 12.04945, 'sns': [242, 246, 265, 259, 241]}
{'dt': 12.018617, 'sns': [241, 246, 265, 259, 241]}
{'dt': 12.003469, 'sns': [241, 246, 265, 259, 241]}
{'dt': 12.018969, 'sns': [241, 246, 265, 260, 241]}
{'dt': 12.009061, 'sns': [241, 246, 265, 259, 241]}
{'dt': 12.033191, 'sns': [240, 246, 265, 260, 241]}
{'dt': 12.009265, 'sns': [241, 246, 265, 259, 241]}
{'dt': 12.005747, 'sns': [241, 246, 265, 259, 241]}
{'dt': 12.036876, 'sns': [241, 246, 265, 260, 241]}
{'dt': 12.048135, 'sns': [241, 246, 265, 259, 241]}
{'dt': 12.067155, 'sns': [241, 246, 265, 259, 241]}
{'dt': 12.079932, 'sns': [241, 246, 265, 259, 241]}
{'dt': 12.060006, 'sns': [241, 246, 265, 259, 241]}
{'dt': 12.047599, 'sns': [241, 246, 265, 260, 241]}
{'dt': 12.08684, 'sns': [241, 246, 265, 259, 241]}
{'dt': 12.066062, 'sns': [241, 246, 265, 259, 241]}
{'dt': 12.064858, 'sns': [241, 246, 265, 259, 241]}
{'dt': 12.060543, 'sns': [241, 246, 265, 260, 241]}
{'dt': 12.084766, 'sns': [241, 246, 265, 260, 241]}
{'dt': 12.068636, 'sns': [241, 246, 264, 259, 241]}
{'dt': 12.053395, 'sns': [242, 246, 265, 259, 241]}
{'dt': 12.064173, 'sns': [241, 246, 265, 259, 241]}
{'dt': 12.059229, 'sns': [241, 246, 265, 259, 241]}
{'dt': 12.052284, 'sns': [241, 246, 265, 260, 241]}
{'dt': 12.048636, 'sns': [241, 246, 265, 259, 241]}
{'dt': 12.091099, 'sns': [241, 246, 265, 260, 241]}
{'dt': 12.055284, 'sns': [241, 246, 265, 259, 241]}
{'dt': 12.062136, 'sns': [241, 246, 265, 260, 241]}
{'dt': 12.10808, 'sns': [241, 246, 265, 260, 241]}
{'dt': 12.08534, 'sns': [241, 246, 265, 260, 242]}
{'dt': 12.065543, 'sns': [241, 246, 265, 259, 241]}
{'dt': 12.31369, 'sns': [241, 246, 265, 259, 241]}
{'dt': 12.092913, 'sns': [241, 246, 265, 260, 241]}
{'dt': 12.054785, 'sns': [241, 246, 265, 260, 241]}
{'dt': 12.138487, 'sns': [241, 246, 265, 259, 242]}
{'dt': 12.083265, 'sns': [241, 246, 265, 260, 241]}
{'dt': 12.082062, 'sns': [241, 246, 265, 259, 241]}
{'dt': 12.081617, 'sns': [241, 246, 265, 260, 241]}
{'dt': 12.089858, 'sns': [242, 246, 265, 260, 241]}
{'dt': 12.062618, 'sns': [241, 246, 265, 260, 241]}
{'dt': 12.333782, 'sns': [241, 246, 265, 259, 241]}
{'dt': 12.08208, 'sns': [241, 246, 265, 259, 241]}
{'dt': 12.084007, 'sns': [241, 246, 265, 260, 241]}
{'dt': 12.107672, 'sns': [241, 246, 265, 259, 241]}
{'dt': 12.057599, 'sns': [241, 246, 265, 260, 241]}
{'dt': 12.071618, 'sns': [241, 246, 265, 259, 241]}
{'dt': 12.079395, 'sns': [241, 246, 265, 259, 241]}
{'dt': 12.088358, 'sns': [241, 246, 265, 260, 241]}
{'dt': 12.166209, 'sns': [241, 246, 265, 260, 241]}
{'dt': 12.071488, 'sns': [241, 246, 265, 259, 241]}
{'dt': 12.059673, 'sns': [241, 246, 265, 260, 241]}
{'dt': 12.063581, 'sns': [242, 246, 265, 260, 241]}
{'dt': 12.078987, 'sns': [241, 246, 265, 259, 241]}
{'dt': 12.127062, 'sns': [242, 246, 265, 259, 241]}
{'dt': 12.262597, 'sns': [241, 246, 265, 260, 241]}
{'dt': 12.033174, 'sns': [241, 246, 265, 260, 241]}
{'dt': 12.022969, 'sns': [238, 246, 265, 260, 241]}
{'dt': 12.028211, 'sns': [241, 246, 264, 259, 241]}
{'dt': 12.026747, 'sns': [241, 246, 265, 259, 241]}
{'dt': 12.019118, 'sns': [241, 246, 265, 259, 241]}
{'dt': 12.027043, 'sns': [241, 246, 265, 259, 241]}
{'dt': 12.0216, 'sns': [241, 246, 265, 260, 241]}
{'dt': 12.025951, 'sns': [241, 246, 265, 259, 241]}
{'dt': 12.020988, 'sns': [241, 246, 265, 259, 241]}
{'dt': 12.004895, 'sns': [241, 246, 265, 260, 241]}
{'dt': 12.001378, 'sns': [241, 246, 265, 259, 241]}
{'dt': 11.997932, 'sns': [242, 246, 265, 260, 241]}
{'dt': 12.002674, 'sns': [241, 246, 265, 259, 241]}
{'dt': 12.013118, 'sns': [241, 246, 265, 259, 241]}
{'dt': 12.030469, 'sns': [241, 246, 265, 260, 242]}
{'dt': 12.19608, 'sns': [241, 246, 265, 260, 241]}
{'dt': 12.068988, 'sns': [242, 246, 265, 260, 241]}
{'dt': 12.012173, 'sns': [241, 246, 265, 259, 242]}
{'dt': 12.017655, 'sns': [241, 246, 265, 260, 241]}
{'dt': 12.049673, 'sns': [241, 246, 265, 259, 241]}
{'dt': 12.009155, 'sns': [241, 246, 265, 260, 241]}
{'dt': 12.019266, 'sns': [241, 246, 265, 260, 241]}
{'dt': 12.035247, 'sns': [241, 246, 265, 259, 241]}
{'dt': 12.020192, 'sns': [241, 246, 265, 259, 241]}
{'dt': 12.015525, 'sns': [241, 246, 265, 260, 241]}
{'dt': 12.017303, 'sns': [241, 246, 265, 260, 241]}
{'dt': 12.017118, 'sns': [241, 246, 265, 260, 241]}
{'dt': 12.013118, 'sns': [241, 246, 265, 260, 241]}
{'dt': 12.021321, 'sns': [241, 246, 265, 260, 241]}
{'dt': 12.014377, 'sns': [241, 246, 265, 259, 241]}
{'dt': 12.054988, 'sns': [241, 246, 265, 260, 241]}
{'dt': 12.036433, 'sns': [241, 246, 265, 260, 241]}
{'dt': 12.038062, 'sns': [241, 246, 265, 260, 242]}
{'dt': 12.012877, 'sns': [241, 246, 265, 260, 241]}
{'dt': 11.997951, 'sns': [241, 246, 265, 259, 241]}
{'dt': 12.002507, 'sns': [241, 242, 264, 260, 241]}
{'dt': 12.006729, 'sns': [241, 246, 265, 260, 241]}
{'dt': 12.036321, 'sns': [241, 246, 265, 260, 241]}
{'dt': 12.015712, 'sns': [242, 246, 265, 259, 241]}
{'dt': 12.03434, 'sns': [241, 246, 265, 259, 241]}
{'dt': 12.006619, 'sns': [241, 246, 265, 259, 241]}
{'dt': 12.012656, 'sns': [242, 246, 265, 259, 241]}
{'dt': 12.013008, 'sns': [241, 246, 265, 259, 241]}
{'dt': 11.997229, 'sns': [241, 246, 265, 260, 241]}
{'dt': 12.000286, 'sns': [241, 246, 265, 259, 241]}
{'dt': 12.002508, 'sns': [241, 246, 265, 259, 241]}
{'dt': 11.996933, 'sns': [241, 246, 265, 260, 241]}
{'dt': 11.99923, 'sns': [241, 246, 265, 260, 241]}
{'dt': 12.039582, 'sns': [241, 246, 265, 260, 241]}
{'dt': 12.017322, 'sns': [241, 246, 265, 259, 241]}
{'dt': 12.006841, 'sns': [241, 246, 265, 259, 241]}
{'dt': 12.004026, 'sns': [242, 246, 265, 260, 241]}
{'dt': 12.008045, 'sns': [241, 246, 264, 259, 241]}
{'dt': 12.011952, 'sns': [241, 246, 265, 259, 241]}
{'dt': 12.010248, 'sns': [241, 246, 265, 260, 241]}
{'dt': 12.011063, 'sns': [241, 246, 265, 260, 241]}
{'dt': 12.016212, 'sns': [241, 246, 265, 259, 241]}
{'dt': 12.009378, 'sns': [241, 246, 264, 259, 241]}
{'dt': 12.014378, 'sns': [241, 246, 265, 260, 241]}
{'dt': 11.9981, 'sns': [241, 246, 265, 260, 241]}
{'dt': 12.011193, 'sns': [241, 246, 265, 260, 241]}
{'dt': 12.02184, 'sns': [241, 246, 265, 260, 241]}
{'dt': 12.114137, 'sns': [241, 246, 265, 260, 241]}
{'dt': 12.017007, 'sns': [241, 246, 265, 259, 241]}
{'dt': 12.018564, 'sns': [241, 246, 265, 260, 241]}
{'dt': 12.077877, 'sns': [241, 246, 265, 260, 241]}
{'dt': 12.019267, 'sns': [241, 246, 265, 260, 241]}
{'dt': 12.015452, 'sns': [241, 246, 265, 259, 241]}
{'dt': 12.016656, 'sns': [241, 246, 265, 259, 241]}
{'dt': 12.004563, 'sns': [241, 246, 265, 260, 241]}
{'dt': 12.012396, 'sns': [241, 246, 265, 259, 241]}
{'dt': 12.005249, 'sns': [241, 246, 265, 260, 241]}
{'dt': 12.085914, 'sns': [241, 246, 265, 260, 241]}
{'dt': 12.022934, 'sns': [241, 246, 265, 260, 241]}
{'dt': 12.012655, 'sns': [241, 246, 265, 259, 241]}
{'dt': 12.018675, 'sns': [241, 246, 265, 260, 241]}
{'dt': 12.008618, 'sns': [241, 246, 265, 260, 241]}
{'dt': 12.048211, 'sns': [241, 246, 265, 259, 241]}
{'dt': 12.020341, 'sns': [241, 246, 265, 260, 241]}
{'dt': 12.014693, 'sns': [241, 246, 265, 259, 241]}
{'dt': 12.00873, 'sns': [241, 246, 265, 260, 241]}
{'dt': 11.997267, 'sns': [241, 246, 265, 260, 241]}
{'dt': 12.041692, 'sns': [241, 246, 265, 259, 241]}
{'dt': 12.016508, 'sns': [241, 246, 265, 260, 241]}
{'dt': 12.008563, 'sns': [239, 246, 265, 260, 241]}
{'dt': 12.011341, 'sns': [241, 246, 265, 260, 241]}
{'dt': 12.003804, 'sns': [242, 246, 265, 260, 241]}
{'dt': 12.113025, 'sns': [241, 246, 265, 260, 240]}
{'dt': 12.024063, 'sns': [241, 246, 265, 260, 241]}
{'dt': 12.009026, 'sns': [241, 246, 265, 260, 241]}
{'dt': 12.014138, 'sns': [241, 246, 265, 259, 241]}
{'dt': 12.004748, 'sns': [242, 246, 265, 260, 241]}
{'dt': 12.04623, 'sns': [241, 246, 265, 260, 241]}
{'dt': 12.013655, 'sns': [242, 246, 265, 260, 241]}
{'dt': 12.009693, 'sns': [241, 246, 265, 260, 241]}
{'dt': 11.996471, 'sns': [241, 246, 265, 260, 241]}
{'dt': 12.005174, 'sns': [242, 246, 265, 260, 241]}
{'dt': 12.010804, 'sns': [241, 246, 265, 259, 241]}
{'dt': 11.999545, 'sns': [241, 246, 265, 260, 241]}
{'dt': 12.070748, 'sns': [241, 246, 265, 260, 241]}
{'dt': 12.019581, 'sns': [241, 246, 265, 259, 241]}
{'dt': 12.018193, 'sns': [241, 246, 265, 260, 241]}
{'dt': 12.015471, 'sns': [241, 246, 265, 259, 241]}
{'dt': 12.018192, 'sns': [241, 246, 238, 260, 241]}
{'dt': 12.0116, 'sns': [241, 246, 265, 259, 241]}
{'dt': 12.012897, 'sns': [241, 246, 265, 260, 241]}
{'dt': 12.039137, 'sns': [241, 246, 265, 260, 241]}
{'dt': 12.007285, 'sns': [241, 246, 265, 259, 241]}
{'dt': 12.020434, 'sns': [241, 246, 265, 259, 241]}
{'dt': 12.014211, 'sns': [241, 246, 265, 260, 241]}
{'dt': 12.000304, 'sns': [241, 246, 265, 259, 241]}
{'dt': 12.060526, 'sns': [242, 246, 265, 260, 241]}
{'dt': 12.224802, 'sns': [241, 246, 265, 260, 241]}
{'dt': 12.021156, 'sns': [241, 246, 265, 259, 241]}
{'dt': 12.12234, 'sns': [241, 246, 265, 259, 241]}
{'dt': 12.333339, 'sns': [241, 246, 265, 259, 241]}
{'dt': 12.112081, 'sns': [241, 246, 265, 260, 241]}
{'dt': 12.083729, 'sns': [241, 246, 265, 260, 241]}
{'dt': 12.089989, 'sns': [241, 246, 265, 260, 241]}
{'dt': 12.061988, 'sns': [241, 246, 265, 260, 241]}
{'dt': 12.068767, 'sns': [240, 245, 265, 260, 241]}
{'dt': 12.096674, 'sns': [242, 246, 265, 260, 241]}
{'dt': 12.079471, 'sns': [241, 246, 265, 259, 241]}
{'dt': 12.05786, 'sns': [242, 246, 265, 260, 241]}
{'dt': 12.103063, 'sns': [241, 246, 265, 260, 241]}
{'dt': 12.099823, 'sns': [241, 246, 265, 259, 241]}
{'dt': 12.103286, 'sns': [241, 246, 265, 259, 241]}
{'dt': 12.072304, 'sns': [241, 246, 265, 260, 241]}
{'dt': 12.074341, 'sns': [241, 246, 265, 259, 241]}
{'dt': 12.078434, 'sns': [241, 246, 265, 260, 241]}
{'dt': 12.101082, 'sns': [241, 246, 265, 259, 241]}
{'dt': 12.098304, 'sns': [241, 246, 265, 260, 241]}
{'dt': 12.070378, 'sns': [242, 246, 265, 260, 241]}
{'dt': 12.104156, 'sns': [241, 246, 265, 260, 241]}
{'dt': 12.090805, 'sns': [241, 246, 265, 260, 241]}
{'dt': 12.079637, 'sns': [241, 246, 264, 259, 241]}
{'dt': 12.067212, 'sns': [241, 246, 265, 259, 241]}
{'dt': 12.067804, 'sns': [241, 246, 265, 259, 241]}
{'dt': 12.092119, 'sns': [241, 246, 265, 260, 241]}
{'dt': 12.084304, 'sns': [242, 246, 265, 260, 241]}
{'dt': 12.104767, 'sns': [241, 246, 264, 259, 241]}
{'dt': 12.095601, 'sns': [241, 246, 265, 260, 241]}
{'dt': 12.06373, 'sns': [241, 246, 265, 260, 241]}
{'dt': 12.083045, 'sns': [241, 246, 265, 260, 241]}
{'dt': 12.086508, 'sns': [242, 246, 265, 260, 241]}
{'dt': 12.079527, 'sns': [241, 246, 265, 259, 241]}
{'dt': 12.060137, 'sns': [241, 246, 265, 260, 241]}
{'dt': 12.067823, 'sns': [241, 246, 265, 260, 241]}
{'dt': 12.054397, 'sns': [241, 246, 265, 259, 241]}
{'dt': 12.092452, 'sns': [242, 246, 265, 260, 241]}
{'dt': 12.104453, 'sns': [241, 246, 265, 259, 241]}
{'dt': 12.070119, 'sns': [242, 246, 265, 259, 241]}
{'dt': 12.077286, 'sns': [241, 246, 265, 260, 241]}
{'dt': 12.083156, 'sns': [241, 246, 265, 259, 241]}
{'dt': 12.105415, 'sns': [242, 246, 265, 260, 241]}
{'dt': 12.063323, 'sns': [241, 246, 265, 260, 241]}
{'dt': 12.059045, 'sns': [241, 246, 265, 259, 241]}
{'dt': 12.095397, 'sns': [241, 246, 265, 259, 241]}
{'dt': 12.102767, 'sns': [241, 246, 265, 259, 241]}
{'dt': 12.085174, 'sns': [241, 246, 265, 260, 241]}
{'dt': 12.066082, 'sns': [241, 246, 265, 259, 241]}
{'dt': 12.048934, 'sns': [241, 246, 265, 260, 241]}
{'dt': 12.050805, 'sns': [241, 246, 265, 260, 241]}
{'dt': 12.079804, 'sns': [241, 246, 265, 259, 241]}
{'dt': 12.076119, 'sns': [241, 246, 265, 260, 241]}
{'dt': 12.057175, 'sns': [241, 246, 265, 260, 241]}
{'dt': 12.059897, 'sns': [242, 246, 265, 260, 241]}
{'dt': 12.052471, 'sns': [242, 246, 265, 260, 241]}
{'dt': 12.089175, 'sns': [241, 246, 265, 259, 241]}
{'dt': 12.072267, 'sns': [241, 246, 265, 260, 241]}
{'dt': 12.060934, 'sns': [242, 246, 265, 260, 241]}
{'dt': 12.05623, 'sns': [241, 246, 265, 260, 241]}
{'dt': 12.053897, 'sns': [242, 246, 265, 260, 241]}
{'dt': 12.08086, 'sns': [241, 246, 265, 259, 242]}
{'dt': 12.054323, 'sns': [241, 246, 265, 260, 241]}
{'dt': 12.054397, 'sns': [241, 246, 265, 260, 241]}
{'dt': 12.065027, 'sns': [241, 246, 265, 259, 241]}
{'dt': 12.069563, 'sns': [241, 246, 265, 260, 241]}
{'dt': 12.076304, 'sns': [241, 246, 265, 259, 241]}
{'dt': 12.154971, 'sns': [241, 246, 265, 259, 241]}
{'dt': 12.056138, 'sns': [241, 246, 265, 259, 241]}
{'dt': 12.06086, 'sns': [241, 246, 265, 259, 241]}
{'dt': 12.04886, 'sns': [241, 246, 265, 260, 241]}
{'dt': 12.118396, 'sns': [241, 246, 265, 259, 242]}
{'dt': 12.071823, 'sns': [241, 246, 265, 260, 241]}
{'dt': 12.059267, 'sns': [241, 246, 265, 260, 241]}
{'dt': 12.052471, 'sns': [241, 246, 265, 259, 241]}
{'dt': 12.071249, 'sns': [242, 246, 265, 260, 241]}
{'dt': 12.080212, 'sns': [241, 246, 265, 260, 242]}
{'dt': 12.05386, 'sns': [241, 246, 265, 259, 241]}
{'dt': 12.060304, 'sns': [242, 246, 265, 260, 241]}
{'dt': 12.049379, 'sns': [241, 246, 265, 260, 241]}
{'dt': 12.083582, 'sns': [241, 246, 265, 260, 241]}
{'dt': 12.085137, 'sns': [241, 246, 265, 260, 242]}
{'dt': 12.070082, 'sns': [241, 246, 265, 260, 241]}
{'dt': 12.074027, 'sns': [241, 246, 265, 260, 241]}
{'dt': 12.060675, 'sns': [241, 246, 265, 260, 241]}
{'dt': 12.07973, 'sns': [242, 246, 265, 260, 241]}
{'dt': 12.071563, 'sns': [241, 246, 265, 260, 241]}
{'dt': 12.05486, 'sns': [241, 246, 265, 260, 241]}
{'dt': 12.070564, 'sns': [241, 246, 265, 260, 241]}
{'dt': 12.05336, 'sns': [242, 246, 265, 260, 241]}
{'dt': 12.09236, 'sns': [242, 246, 265, 260, 241]}
{'dt': 12.132748, 'sns': [241, 246, 265, 259, 241]}
{'dt': 12.060879, 'sns': [241, 246, 265, 259, 241]}
{'dt': 12.078528, 'sns': [241, 246, 265, 260, 241]}
{'dt': 12.056323, 'sns': [241, 246, 265, 259, 241]}
{'dt': 12.084194, 'sns': [241, 246, 265, 260, 241]}
{'dt': 12.055583, 'sns': [241, 246, 265, 259, 241]}
{'dt': 12.126175, 'sns': [242, 246, 265, 260, 241]}
{'dt': 12.06912, 'sns': [241, 246, 265, 260, 241]}
{'dt': 12.087268, 'sns': [241, 246, 265, 259, 241]}
{'dt': 12.11225, 'sns': [241, 246, 265, 260, 241]}
{'dt': 12.061749, 'sns': [241, 246, 265, 259, 241]}
{'dt': 12.053065, 'sns': [241, 246, 265, 260, 241]}
{'dt': 12.041898, 'sns': [241, 246, 265, 260, 241]}
{'dt': 12.048212, 'sns': [242, 246, 265, 259, 241]}
{'dt': 12.097139, 'sns': [242, 246, 265, 260, 241]}
{'dt': 12.060564, 'sns': [241, 246, 265, 260, 241]}
{'dt': 12.072861, 'sns': [241, 246, 265, 259, 241]}
{'dt': 12.075638, 'sns': [241, 246, 265, 260, 241]}
{'dt': 12.081342, 'sns': [241, 246, 265, 260, 241]}
{'dt': 12.096472, 'sns': [241, 246, 265, 260, 241]}
{'dt': 12.060861, 'sns': [241, 246, 265, 260, 241]}
{'dt': 12.048286, 'sns': [241, 246, 265, 260, 241]}
{'dt': 12.06612, 'sns': [241, 246, 265, 260, 241]}
{'dt': 12.072194, 'sns': [241, 246, 264, 259, 241]}
{'dt': 12.096639, 'sns': [241, 246, 265, 260, 241]}
{'dt': 12.069583, 'sns': [241, 246, 265, 259, 241]}
{'dt': 12.076712, 'sns': [241, 246, 265, 259, 241]}
{'dt': 12.052472, 'sns': [242, 246, 265, 260, 241]}
{'dt': 12.08499, 'sns': [241, 246, 265, 259, 242]}
{'dt': 12.146342, 'sns': [242, 246, 265, 260, 241]}
{'dt': 12.060398, 'sns': [241, 246, 265, 260, 241]}
{'dt': 12.066342, 'sns': [241, 246, 265, 260, 241]}
{'dt': 12.058546, 'sns': [242, 246, 265, 260, 241]}
{'dt': 12.113953, 'sns': [241, 246, 265, 259, 241]}
{'dt': 12.061435, 'sns': [241, 246, 265, 260, 241]}
{'dt': 12.055749, 'sns': [241, 246, 265, 260, 241]}
{'dt': 12.05938, 'sns': [241, 246, 265, 260, 241]}
{'dt': 12.051583, 'sns': [241, 246, 265, 260, 241]}
{'dt': 12.110749, 'sns': [241, 246, 265, 259, 242]}
{'dt': 12.063453, 'sns': [241, 246, 265, 260, 241]}
{'dt': 12.053213, 'sns': [241, 246, 265, 260, 241]}
{'dt': 12.063638, 'sns': [241, 246, 265, 260, 241]}
{'dt': 12.071731, 'sns': [241, 246, 265, 260, 241]}
{'dt': 12.092324, 'sns': [241, 246, 265, 259, 241]}
{'dt': 12.05162, 'sns': [242, 246, 265, 260, 241]}
{'dt': 12.053639, 'sns': [241, 246, 265, 260, 241]}
{'dt': 12.080119, 'sns': [241, 246, 265, 260, 241]}
{'dt': 12.042121, 'sns': [241, 246, 265, 259, 241]}
{'dt': 12.132212, 'sns': [241, 246, 265, 259, 241]}
{'dt': 12.067527, 'sns': [241, 246, 265, 260, 241]}
{'dt': 12.099064, 'sns': [242, 246, 265, 260, 241]}
{'dt': 12.065398, 'sns': [242, 246, 265, 260, 241]}
{'dt': 12.09462, 'sns': [242, 246, 265, 260, 241]}
{'dt': 12.111694, 'sns': [241, 246, 265, 260, 241]}
{'dt': 12.077416, 'sns': [242, 246, 265, 260, 241]}
{'dt': 12.07212, 'sns': [241, 246, 265, 260, 241]}
{'dt': 12.087971, 'sns': [241, 246, 265, 259, 241]}
{'dt': 12.125324, 'sns': [241, 246, 265, 260, 241]}
{'dt': 12.077564, 'sns': [241, 246, 265, 260, 241]}
{'dt': 12.083268, 'sns': [241, 246, 265, 260, 241]}
{'dt': 12.089342, 'sns': [241, 246, 265, 259, 241]}
{'dt': 12.067453, 'sns': [241, 246, 265, 259, 241]}
{'dt': 12.115638, 'sns': [241, 246, 265, 260, 241]}
{'dt': 12.064509, 'sns': [241, 246, 265, 260, 241]}
{'dt': 12.099416, 'sns': [241, 246, 265, 260, 241]}
{'dt': 12.066083, 'sns': [241, 246, 265, 260, 241]}
{'dt': 12.09425, 'sns': [241, 246, 265, 260, 241]}
{'dt': 12.086046, 'sns': [241, 246, 265, 259, 241]}
{'dt': 12.061064, 'sns': [241, 246, 265, 260, 241]}
{'dt': 12.055176, 'sns': [241, 246, 265, 259, 241]}
{'dt': 12.061508, 'sns': [241, 246, 265, 260, 241]}
{'dt': 12.065269, 'sns': [242, 246, 265, 259, 242]}
{'dt': 12.104156, 'sns': [241, 246, 265, 259, 241]}
{'dt': 12.07662, 'sns': [242, 246, 265, 259, 241]}
{'dt': 12.094046, 'sns': [241, 246, 265, 260, 241]}
{'dt': 12.082712, 'sns': [242, 246, 265, 260, 241]}
{'dt': 12.08325, 'sns': [241, 246, 265, 260, 242]}
{'dt': 12.093194, 'sns': [241, 246, 265, 260, 241]}
{'dt': 12.083934, 'sns': [242, 246, 265, 259, 241]}
{'dt': 12.070713, 'sns': [241, 246, 265, 260, 240]}
{'dt': 12.069138, 'sns': [242, 246, 265, 260, 241]}
{'dt': 12.097676, 'sns': [241, 246, 265, 260, 242]}
{'dt': 12.061305, 'sns': [241, 246, 265, 260, 241]}
{'dt': 12.071713, 'sns': [241, 246, 265, 259, 241]}
{'dt': 12.057102, 'sns': [241, 246, 265, 260, 241]}
{'dt': 12.079972, 'sns': [242, 246, 265, 260, 241]}
{'dt': 12.081806, 'sns': [241, 246, 265, 259, 241]}
{'dt': 12.073788, 'sns': [241, 246, 265, 259, 241]}
{'dt': 12.055676, 'sns': [242, 246, 265, 260, 241]}
{'dt': 12.052139, 'sns': [241, 246, 265, 260, 241]}
{'dt': 12.121917, 'sns': [242, 246, 265, 260, 241]}
{'dt': 12.146935, 'sns': [241, 246, 265, 259, 242]}
{'dt': 12.229249, 'sns': [241, 246, 265, 260, 241]}
{'dt': 12.085639, 'sns': [242, 246, 265, 259, 241]}
{'dt': 12.064436, 'sns': [241, 246, 265, 259, 241]}
{'dt': 12.065528, 'sns': [242, 246, 217, 260, 241]}
{'dt': 12.097973, 'sns': [241, 246, 265, 260, 242]}
{'dt': 12.070639, 'sns': [242, 246, 265, 260, 241]}
{'dt': 12.068806, 'sns': [241, 246, 265, 260, 241]}
{'dt': 12.066972, 'sns': [241, 246, 265, 260, 241]}
{'dt': 12.056251, 'sns': [241, 246, 265, 259, 241]}
{'dt': 12.105028, 'sns': [241, 246, 265, 260, 241]}
{'dt': 12.062602, 'sns': [241, 246, 265, 259, 241]}
{'dt': 12.04801, 'sns': [241, 246, 265, 260, 242]}
{'dt': 12.376896, 'sns': [241, 246, 265, 260, 241]}
{'dt': 12.138306, 'sns': [241, 246, 265, 260, 241]}
{'dt': 12.08662, 'sns': [241, 246, 265, 259, 241]}
{'dt': 12.062251, 'sns': [241, 246, 265, 260, 241]}
{'dt': 12.098176, 'sns': [241, 246, 265, 260, 242]}
{'dt': 12.063584, 'sns': [241, 246, 265, 259, 241]}
{'dt': 12.073657, 'sns': [241, 246, 265, 260, 241]}
{'dt': 12.068047, 'sns': [241, 246, 265, 259, 241]}
{'dt': 12.05651, 'sns': [241, 246, 265, 260, 241]}
{'dt': 12.072102, 'sns': [241, 246, 265, 260, 241]}
{'dt': 12.058954, 'sns': [241, 246, 265, 259, 241]}
{'dt': 12.101361, 'sns': [241, 246, 265, 260, 241]}
{'dt': 12.065695, 'sns': [241, 246, 265, 260, 241]}
{'dt': 12.080102, 'sns': [241, 246, 265, 260, 241]}
{'dt': 12.059177, 'sns': [242, 246, 265, 260, 241]}
{'dt': 12.086768, 'sns': [241, 246, 264, 259, 241]}
{'dt': 12.083195, 'sns': [241, 246, 265, 260, 241]}
{'dt': 12.07051, 'sns': [241, 246, 265, 259, 241]}
{'dt': 12.055547, 'sns': [241, 246, 265, 260, 241]}
{'dt': 12.058972, 'sns': [242, 246, 265, 260, 241]}
{'dt': 12.073973, 'sns': [241, 246, 265, 260, 241]}
{'dt': 12.093305, 'sns': [241, 246, 265, 260, 241]}
{'dt': 12.065029, 'sns': [241, 246, 265, 259, 241]}
{'dt': 12.059769, 'sns': [241, 246, 265, 260, 241]}
{'dt': 12.05638, 'sns': [241, 246, 265, 260, 241]}
{'dt': 12.076028, 'sns': [241, 245, 265, 259, 242]}
{'dt': 12.097991, 'sns': [241, 246, 265, 259, 241]}
{'dt': 12.058824, 'sns': [241, 246, 265, 260, 241]}
{'dt': 12.054362, 'sns': [241, 246, 265, 260, 241]}
{'dt': 12.078102, 'sns': [241, 246, 265, 260, 241]}
{'dt': 12.133935, 'sns': [241, 246, 265, 259, 241]}
{'dt': 12.069325, 'sns': [241, 246, 265, 260, 241]}
{'dt': 12.070361, 'sns': [242, 246, 265, 260, 241]}
{'dt': 12.063584, 'sns': [242, 246, 265, 260, 241]}
{'dt': 12.096324, 'sns': [241, 246, 265, 260, 241]}
{'dt': 12.102732, 'sns': [241, 246, 265, 260, 241]}
{'dt': 12.061009, 'sns': [241, 246, 265, 260, 241]}
{'dt': 12.074751, 'sns': [241, 246, 265, 260, 241]}
{'dt': 12.072139, 'sns': [241, 246, 265, 260, 241]}
{'dt': 12.056158, 'sns': [242, 246, 265, 260, 241]}
{'dt': 12.078213, 'sns': [241, 246, 265, 260, 241]}
{'dt': 12.066436, 'sns': [242, 246, 265, 260, 241]}
{'dt': 12.060565, 'sns': [241, 246, 265, 260, 241]}
{'dt': 12.060473, 'sns': [241, 246, 265, 259, 241]}
{'dt': 12.101509, 'sns': [242, 246, 265, 260, 241]}
{'dt': 12.058084, 'sns': [241, 246, 264, 260, 241]}
{'dt': 12.061676, 'sns': [241, 246, 265, 259, 241]}
{'dt': 12.094047, 'sns': [242, 246, 265, 259, 241]}
{'dt': 12.28636, 'sns': [241, 246, 265, 258, 241]}
{'dt': 12.12399, 'sns': [242, 246, 265, 259, 241]}
{'dt': 12.079788, 'sns': [241, 246, 265, 259, 241]}
{'dt': 12.074176, 'sns': [241, 246, 265, 260, 241]}
{'dt': 12.071398, 'sns': [241, 246, 265, 260, 241]}
{'dt': 12.065084, 'sns': [241, 246, 265, 259, 241]}
{'dt': 12.103139, 'sns': [241, 246, 265, 260, 241]}
{'dt': 12.045232, 'sns': [241, 246, 265, 259, 241]}
{'dt': 12.052473, 'sns': [241, 246, 265, 260, 241]}
{'dt': 12.242953, 'sns': [241, 238, 265, 259, 241]}
{'dt': 12.064806, 'sns': [241, 246, 265, 260, 241]}
{'dt': 12.075435, 'sns': [241, 246, 265, 259, 241]}
{'dt': 12.06351, 'sns': [241, 246, 265, 260, 241]}
{'dt': 12.051917, 'sns': [241, 246, 265, 260, 241]}
{'dt': 12.056788, 'sns': [241, 246, 265, 260, 241]}
{'dt': 12.06614, 'sns': [241, 246, 265, 259, 241]}
{'dt': 12.093936, 'sns': [241, 246, 265, 260, 241]}
{'dt': 12.07564, 'sns': [241, 246, 265, 260, 241]}
{'dt': 12.066677, 'sns': [241, 246, 265, 260, 241]}
{'dt': 12.058918, 'sns': [242, 246, 265, 260, 241]}
{'dt': 12.081399, 'sns': [241, 246, 265, 259, 241]}
{'dt': 12.096788, 'sns': [241, 246, 265, 259, 241]}
{'dt': 12.063084, 'sns': [242, 246, 265, 260, 241]}
{'dt': 12.100825, 'sns': [241, 246, 265, 259, 241]}
{'dt': 12.066011, 'sns': [241, 246, 265, 260, 241]}
{'dt': 12.082103, 'sns': [241, 245, 265, 259, 242]}
{'dt': 12.050158, 'sns': [241, 246, 265, 259, 241]}
{'dt': 12.047604, 'sns': [241, 246, 265, 260, 241]}
{'dt': 12.045788, 'sns': [241, 246, 265, 259, 241]}
{'dt': 12.052566, 'sns': [241, 246, 265, 260, 241]}
{'dt': 12.070918, 'sns': [241, 246, 265, 259, 241]}
{'dt': 12.053899, 'sns': [242, 246, 265, 259, 241]}
{'dt': 12.066955, 'sns': [242, 246, 265, 259, 241]}
{'dt': 12.08414, 'sns': [241, 246, 265, 260, 241]}
{'dt': 12.072973, 'sns': [242, 246, 265, 260, 241]}
{'dt': 12.077955, 'sns': [241, 246, 265, 260, 241]}
{'dt': 12.047511, 'sns': [241, 246, 265, 260, 241]}
{'dt': 12.090676, 'sns': [241, 246, 265, 260, 241]}
{'dt': 12.117733, 'sns': [241, 246, 265, 260, 241]}
{'dt': 12.083195, 'sns': [242, 246, 265, 260, 241]}
{'dt': 12.099862, 'sns': [241, 246, 265, 259, 241]}
{'dt': 12.061529, 'sns': [241, 246, 265, 260, 241]}
{'dt': 12.060622, 'sns': [241, 246, 265, 259, 241]}
{'dt': 12.057473, 'sns': [241, 246, 265, 260, 241]}
{'dt': 12.081733, 'sns': [242, 246, 265, 260, 241]}
{'dt': 12.160528, 'sns': [241, 246, 265, 260, 241]}
{'dt': 12.071029, 'sns': [241, 246, 265, 260, 241]}
{'dt': 12.060214, 'sns': [241, 246, 265, 260, 241]}
{'dt': 12.076696, 'sns': [241, 246, 265, 259, 241]}
{'dt': 12.076899, 'sns': [242, 246, 265, 259, 241]}
{'dt': 12.122825, 'sns': [242, 246, 265, 259, 241]}
{'dt': 12.063455, 'sns': [241, 246, 265, 260, 241]}
{'dt': 12.064806, 'sns': [241, 246, 265, 260, 241]}
{'dt': 12.054511, 'sns': [241, 246, 265, 259, 241]}
{'dt': 12.099084, 'sns': [241, 246, 265, 260, 241]}
{'dt': 12.060492, 'sns': [241, 246, 265, 259, 241]}
{'dt': 12.063362, 'sns': [241, 246, 265, 259, 241]}
{'dt': 12.056233, 'sns': [241, 246, 265, 260, 241]}
{'dt': 12.063585, 'sns': [241, 246, 265, 259, 241]}
{'dt': 12.111621, 'sns': [242, 246, 265, 259, 241]}
{'dt': 12.070899, 'sns': [241, 246, 265, 260, 241]}
{'dt': 12.055029, 'sns': [241, 246, 265, 260, 241]}
{'dt': 12.056455, 'sns': [241, 246, 265, 260, 241]}
{'dt': 12.061788, 'sns': [241, 246, 265, 259, 241]}
{'dt': 12.07027, 'sns': [241, 246, 265, 260, 241]}
{'dt': 12.051029, 'sns': [241, 246, 265, 259, 241]}
{'dt': 12.05814, 'sns': [242, 246, 265, 259, 241]}
{'dt': 12.088251, 'sns': [241, 246, 265, 259, 241]}
{'dt': 12.084344, 'sns': [241, 246, 265, 259, 241]}
{'dt': 12.070788, 'sns': [242, 246, 265, 260, 241]}
{'dt': 12.071436, 'sns': [241, 246, 265, 260, 241]}
{'dt': 12.059122, 'sns': [241, 246, 265, 259, 241]}
{'dt': 12.071232, 'sns': [241, 246, 265, 260, 241]}
{'dt': 12.050492, 'sns': [241, 246, 265, 260, 241]}
{'dt': 12.069548, 'sns': [241, 246, 265, 260, 241]}
{'dt': 12.063232, 'sns': [241, 246, 265, 260, 241]}
{'dt': 12.060826, 'sns': [241, 246, 265, 260, 241]}
{'dt': 12.055436, 'sns': [241, 246, 265, 260, 241]}
{'dt': 12.083621, 'sns': [241, 246, 265, 260, 242]}
{'dt': 12.105677, 'sns': [241, 246, 265, 260, 241]}
{'dt': 12.205417, 'sns': [241, 246, 265, 260, 241]}
{'dt': 12.100177, 'sns': [241, 246, 265, 259, 241]}
{'dt': 12.081251, 'sns': [241, 246, 265, 260, 241]}
{'dt': 12.11138, 'sns': [241, 246, 265, 259, 242]}
{'dt': 12.077492, 'sns': [242, 246, 265, 259, 241]}
{'dt': 12.077288, 'sns': [241, 246, 265, 259, 241]}
{'dt': 12.081492, 'sns': [242, 246, 265, 260, 241]}
{'dt': 12.075585, 'sns': [241, 246, 265, 260, 241]}
{'dt': 12.107732, 'sns': [241, 246, 265, 260, 241]}
{'dt': 12.469063, 'sns': [241, 246, 265, 260, 240]}
{'dt': 12.077048, 'sns': [241, 246, 265, 259, 241]}
{'dt': 12.055084, 'sns': [242, 246, 265, 259, 241]}
{'dt': 12.103547, 'sns': [242, 246, 265, 260, 241]}
{'dt': 12.069326, 'sns': [241, 246, 265, 260, 241]}
{'dt': 12.080677, 'sns': [242, 246, 265, 260, 241]}
{'dt': 12.098676, 'sns': [241, 246, 265, 260, 241]}
{'dt': 12.091233, 'sns': [241, 246, 265, 259, 241]}
{'dt': 12.055603, 'sns': [242, 246, 265, 260, 241]}
{'dt': 12.084067, 'sns': [241, 246, 265, 260, 241]}
{'dt': 12.084955, 'sns': [241, 246, 265, 260, 241]}
{'dt': 12.085844, 'sns': [241, 246, 265, 260, 241]}
{'dt': 12.097715, 'sns': [241, 246, 265, 260, 241]}
{'dt': 12.083233, 'sns': [241, 246, 265, 260, 241]}
{'dt': 12.072271, 'sns': [241, 246, 265, 259, 241]}
{'dt': 12.065474, 'sns': [241, 246, 265, 259, 241]}
{'dt': 12.095215, 'sns': [241, 246, 265, 260, 241]}
{'dt': 12.276602, 'sns': [241, 246, 265, 259, 241]}
{'dt': 12.098011, 'sns': [241, 246, 265, 259, 241]}
{'dt': 12.123881, 'sns': [241, 246, 265, 259, 241]}
